[2024-10-16T09:53:50.656+0000] {taskinstance.py:1087} INFO - Dependencies all met for <TaskInstance: exchange_rate_usd_kzt_dag.get_rate scheduled__2024-01-27T00:00:00+00:00 [queued]>
[2024-10-16T09:53:50.700+0000] {taskinstance.py:1087} INFO - Dependencies all met for <TaskInstance: exchange_rate_usd_kzt_dag.get_rate scheduled__2024-01-27T00:00:00+00:00 [queued]>
[2024-10-16T09:53:50.700+0000] {taskinstance.py:1283} INFO - 
--------------------------------------------------------------------------------
[2024-10-16T09:53:50.701+0000] {taskinstance.py:1284} INFO - Starting attempt 1 of 1
[2024-10-16T09:53:50.703+0000] {taskinstance.py:1285} INFO - 
--------------------------------------------------------------------------------
[2024-10-16T09:53:50.738+0000] {taskinstance.py:1304} INFO - Executing <Task(CurrencyScoopOperator): get_rate> on 2024-01-27 00:00:00+00:00
[2024-10-16T09:53:50.748+0000] {standard_task_runner.py:55} INFO - Started process 7897 to run task
[2024-10-16T09:53:50.755+0000] {standard_task_runner.py:82} INFO - Running: ['***', 'tasks', 'run', 'exchange_rate_usd_kzt_dag', 'get_rate', 'scheduled__2024-01-27T00:00:00+00:00', '--job-id', '1420', '--raw', '--subdir', 'DAGS_FOLDER/exchange_rates/__init__.py', '--cfg-path', '/tmp/tmp1hj1qd_m']
[2024-10-16T09:53:50.756+0000] {standard_task_runner.py:83} INFO - Job 1420: Subtask get_rate
[2024-10-16T09:53:50.933+0000] {task_command.py:389} INFO - Running <TaskInstance: exchange_rate_usd_kzt_dag.get_rate scheduled__2024-01-27T00:00:00+00:00 [running]> on host 63ee4fa64e74
[2024-10-16T09:53:51.124+0000] {taskinstance.py:1513} INFO - Exporting the following env vars:
AIRFLOW_CTX_DAG_OWNER=***
AIRFLOW_CTX_DAG_ID=exchange_rate_usd_kzt_dag
AIRFLOW_CTX_TASK_ID=get_rate
AIRFLOW_CTX_EXECUTION_DATE=2024-01-27T00:00:00+00:00
AIRFLOW_CTX_TRY_NUMBER=1
AIRFLOW_CTX_DAG_RUN_ID=scheduled__2024-01-27T00:00:00+00:00
[2024-10-16T09:53:51.128+0000] {warnings.py:110} WARNING - /home/***/.local/lib/python3.7/site-packages/***/utils/context.py:205: AirflowContextDeprecationWarning: Accessing 'execution_date' from the template is deprecated and will be removed in a future version. Please use 'data_interval_start' or 'logical_date' instead.
  warnings.warn(_create_deprecation_warning(key, self._deprecation_replacements[key]))

[2024-10-16T09:53:51.157+0000] {base.py:73} INFO - Using connection ID 'cur_scoop_conn_id' for task execution.
[2024-10-16T09:53:53.114+0000] {taskinstance.py:1327} INFO - Marking task as SUCCESS. dag_id=exchange_rate_usd_kzt_dag, task_id=get_rate, execution_date=20240127T000000, start_date=20241016T095350, end_date=20241016T095353
[2024-10-16T09:53:53.185+0000] {local_task_job.py:159} INFO - Task exited with return code 0
[2024-10-16T09:53:53.229+0000] {taskinstance.py:2582} INFO - 1 downstream tasks scheduled from follow-on schedule check
[2024-10-16T10:03:52.494+0000] {taskinstance.py:1087} INFO - Dependencies all met for <TaskInstance: exchange_rate_usd_kzt_dag.get_rate scheduled__2024-01-27T00:00:00+00:00 [queued]>
[2024-10-16T10:03:52.521+0000] {taskinstance.py:1087} INFO - Dependencies all met for <TaskInstance: exchange_rate_usd_kzt_dag.get_rate scheduled__2024-01-27T00:00:00+00:00 [queued]>
[2024-10-16T10:03:52.526+0000] {taskinstance.py:1283} INFO - 
--------------------------------------------------------------------------------
[2024-10-16T10:03:52.527+0000] {taskinstance.py:1284} INFO - Starting attempt 1 of 1
[2024-10-16T10:03:52.527+0000] {taskinstance.py:1285} INFO - 
--------------------------------------------------------------------------------
[2024-10-16T10:03:52.554+0000] {taskinstance.py:1304} INFO - Executing <Task(CurrencyScoopOperator): get_rate> on 2024-01-27 00:00:00+00:00
[2024-10-16T10:03:52.564+0000] {standard_task_runner.py:55} INFO - Started process 10486 to run task
[2024-10-16T10:03:52.571+0000] {standard_task_runner.py:82} INFO - Running: ['***', 'tasks', 'run', 'exchange_rate_usd_kzt_dag', 'get_rate', 'scheduled__2024-01-27T00:00:00+00:00', '--job-id', '2151', '--raw', '--subdir', 'DAGS_FOLDER/exchange_rates/__init__.py', '--cfg-path', '/tmp/tmp6afi_cbb']
[2024-10-16T10:03:52.576+0000] {standard_task_runner.py:83} INFO - Job 2151: Subtask get_rate
[2024-10-16T10:03:52.726+0000] {task_command.py:389} INFO - Running <TaskInstance: exchange_rate_usd_kzt_dag.get_rate scheduled__2024-01-27T00:00:00+00:00 [running]> on host 63ee4fa64e74
[2024-10-16T10:03:53.016+0000] {taskinstance.py:1513} INFO - Exporting the following env vars:
AIRFLOW_CTX_DAG_OWNER=***
AIRFLOW_CTX_DAG_ID=exchange_rate_usd_kzt_dag
AIRFLOW_CTX_TASK_ID=get_rate
AIRFLOW_CTX_EXECUTION_DATE=2024-01-27T00:00:00+00:00
AIRFLOW_CTX_TRY_NUMBER=1
AIRFLOW_CTX_DAG_RUN_ID=scheduled__2024-01-27T00:00:00+00:00
[2024-10-16T10:03:53.018+0000] {warnings.py:110} WARNING - /home/***/.local/lib/python3.7/site-packages/***/utils/context.py:205: AirflowContextDeprecationWarning: Accessing 'execution_date' from the template is deprecated and will be removed in a future version. Please use 'data_interval_start' or 'logical_date' instead.
  warnings.warn(_create_deprecation_warning(key, self._deprecation_replacements[key]))

[2024-10-16T10:03:53.040+0000] {base.py:73} INFO - Using connection ID 'cur_scoop_conn_id' for task execution.
[2024-10-16T10:03:55.071+0000] {taskinstance.py:1327} INFO - Marking task as SUCCESS. dag_id=exchange_rate_usd_kzt_dag, task_id=get_rate, execution_date=20240127T000000, start_date=20241016T100352, end_date=20241016T100355
[2024-10-16T10:03:55.275+0000] {local_task_job.py:159} INFO - Task exited with return code 0
[2024-10-16T10:03:55.334+0000] {taskinstance.py:2582} INFO - 1 downstream tasks scheduled from follow-on schedule check
