[2024-10-16T09:12:19.943+0000] {taskinstance.py:1087} INFO - Dependencies all met for <TaskInstance: exchange_rate_usd_kzt_dag.get_rate scheduled__2024-10-01T00:00:00+00:00 [queued]>
[2024-10-16T09:12:20.079+0000] {taskinstance.py:1087} INFO - Dependencies all met for <TaskInstance: exchange_rate_usd_kzt_dag.get_rate scheduled__2024-10-01T00:00:00+00:00 [queued]>
[2024-10-16T09:12:20.092+0000] {taskinstance.py:1283} INFO - 
--------------------------------------------------------------------------------
[2024-10-16T09:12:20.102+0000] {taskinstance.py:1284} INFO - Starting attempt 1 of 1
[2024-10-16T09:12:20.103+0000] {taskinstance.py:1285} INFO - 
--------------------------------------------------------------------------------
[2024-10-16T09:12:20.464+0000] {taskinstance.py:1304} INFO - Executing <Task(CurrencyScoopOperator): get_rate> on 2024-10-01 00:00:00+00:00
[2024-10-16T09:12:20.779+0000] {standard_task_runner.py:55} INFO - Started process 354 to run task
[2024-10-16T09:12:21.153+0000] {standard_task_runner.py:82} INFO - Running: ['***', 'tasks', 'run', 'exchange_rate_usd_kzt_dag', 'get_rate', 'scheduled__2024-10-01T00:00:00+00:00', '--job-id', '58', '--raw', '--subdir', 'DAGS_FOLDER/exchange_rates/__init__.py', '--cfg-path', '/tmp/tmpzpexvyz7']
[2024-10-16T09:12:21.181+0000] {standard_task_runner.py:83} INFO - Job 58: Subtask get_rate
[2024-10-16T09:12:21.603+0000] {task_command.py:389} INFO - Running <TaskInstance: exchange_rate_usd_kzt_dag.get_rate scheduled__2024-10-01T00:00:00+00:00 [running]> on host 63ee4fa64e74
[2024-10-16T09:12:21.788+0000] {taskinstance.py:1513} INFO - Exporting the following env vars:
AIRFLOW_CTX_DAG_OWNER=***
AIRFLOW_CTX_DAG_ID=exchange_rate_usd_kzt_dag
AIRFLOW_CTX_TASK_ID=get_rate
AIRFLOW_CTX_EXECUTION_DATE=2024-10-01T00:00:00+00:00
AIRFLOW_CTX_TRY_NUMBER=1
AIRFLOW_CTX_DAG_RUN_ID=scheduled__2024-10-01T00:00:00+00:00
[2024-10-16T09:12:21.790+0000] {warnings.py:110} WARNING - /home/***/.local/lib/python3.7/site-packages/***/utils/context.py:205: AirflowContextDeprecationWarning: Accessing 'execution_date' from the template is deprecated and will be removed in a future version. Please use 'data_interval_start' or 'logical_date' instead.
  warnings.warn(_create_deprecation_warning(key, self._deprecation_replacements[key]))

[2024-10-16T09:12:21.807+0000] {base.py:73} INFO - Using connection ID 'cur_scoop_conn_id' for task execution.
[2024-10-16T09:12:22.784+0000] {taskinstance.py:1327} INFO - Marking task as SUCCESS. dag_id=exchange_rate_usd_kzt_dag, task_id=get_rate, execution_date=20241001T000000, start_date=20241016T091219, end_date=20241016T091222
[2024-10-16T09:12:23.099+0000] {local_task_job.py:159} INFO - Task exited with return code 0
[2024-10-16T09:12:23.188+0000] {taskinstance.py:2582} INFO - 1 downstream tasks scheduled from follow-on schedule check
[2024-10-16T10:07:45.139+0000] {taskinstance.py:1087} INFO - Dependencies all met for <TaskInstance: exchange_rate_usd_kzt_dag.get_rate scheduled__2024-10-01T00:00:00+00:00 [queued]>
[2024-10-16T10:07:45.165+0000] {taskinstance.py:1087} INFO - Dependencies all met for <TaskInstance: exchange_rate_usd_kzt_dag.get_rate scheduled__2024-10-01T00:00:00+00:00 [queued]>
[2024-10-16T10:07:45.166+0000] {taskinstance.py:1283} INFO - 
--------------------------------------------------------------------------------
[2024-10-16T10:07:45.167+0000] {taskinstance.py:1284} INFO - Starting attempt 1 of 1
[2024-10-16T10:07:45.168+0000] {taskinstance.py:1285} INFO - 
--------------------------------------------------------------------------------
[2024-10-16T10:07:45.202+0000] {taskinstance.py:1304} INFO - Executing <Task(CurrencyScoopOperator): get_rate> on 2024-10-01 00:00:00+00:00
[2024-10-16T10:07:45.210+0000] {standard_task_runner.py:55} INFO - Started process 12239 to run task
[2024-10-16T10:07:45.217+0000] {standard_task_runner.py:82} INFO - Running: ['***', 'tasks', 'run', 'exchange_rate_usd_kzt_dag', 'get_rate', 'scheduled__2024-10-01T00:00:00+00:00', '--job-id', '2844', '--raw', '--subdir', 'DAGS_FOLDER/exchange_rates/__init__.py', '--cfg-path', '/tmp/tmpk4yfiefv']
[2024-10-16T10:07:45.219+0000] {standard_task_runner.py:83} INFO - Job 2844: Subtask get_rate
[2024-10-16T10:07:45.397+0000] {task_command.py:389} INFO - Running <TaskInstance: exchange_rate_usd_kzt_dag.get_rate scheduled__2024-10-01T00:00:00+00:00 [running]> on host 63ee4fa64e74
[2024-10-16T10:07:45.616+0000] {taskinstance.py:1513} INFO - Exporting the following env vars:
AIRFLOW_CTX_DAG_OWNER=***
AIRFLOW_CTX_DAG_ID=exchange_rate_usd_kzt_dag
AIRFLOW_CTX_TASK_ID=get_rate
AIRFLOW_CTX_EXECUTION_DATE=2024-10-01T00:00:00+00:00
AIRFLOW_CTX_TRY_NUMBER=1
AIRFLOW_CTX_DAG_RUN_ID=scheduled__2024-10-01T00:00:00+00:00
[2024-10-16T10:07:45.620+0000] {warnings.py:110} WARNING - /home/***/.local/lib/python3.7/site-packages/***/utils/context.py:205: AirflowContextDeprecationWarning: Accessing 'execution_date' from the template is deprecated and will be removed in a future version. Please use 'data_interval_start' or 'logical_date' instead.
  warnings.warn(_create_deprecation_warning(key, self._deprecation_replacements[key]))

[2024-10-16T10:07:45.639+0000] {base.py:73} INFO - Using connection ID 'cur_scoop_conn_id' for task execution.
[2024-10-16T10:07:47.675+0000] {taskinstance.py:1327} INFO - Marking task as SUCCESS. dag_id=exchange_rate_usd_kzt_dag, task_id=get_rate, execution_date=20241001T000000, start_date=20241016T100745, end_date=20241016T100747
[2024-10-16T10:07:47.749+0000] {local_task_job.py:159} INFO - Task exited with return code 0
[2024-10-16T10:07:47.796+0000] {taskinstance.py:2582} INFO - 1 downstream tasks scheduled from follow-on schedule check
