[2024-10-16T09:57:12.853+0000] {taskinstance.py:1087} INFO - Dependencies all met for <TaskInstance: exchange_rate_usd_kzt_dag.get_rate scheduled__2024-08-21T00:00:00+00:00 [queued]>
[2024-10-16T09:57:12.871+0000] {taskinstance.py:1087} INFO - Dependencies all met for <TaskInstance: exchange_rate_usd_kzt_dag.get_rate scheduled__2024-08-21T00:00:00+00:00 [queued]>
[2024-10-16T09:57:12.871+0000] {taskinstance.py:1283} INFO - 
--------------------------------------------------------------------------------
[2024-10-16T09:57:12.872+0000] {taskinstance.py:1284} INFO - Starting attempt 1 of 1
[2024-10-16T09:57:12.873+0000] {taskinstance.py:1285} INFO - 
--------------------------------------------------------------------------------
[2024-10-16T09:57:12.901+0000] {taskinstance.py:1304} INFO - Executing <Task(CurrencyScoopOperator): get_rate> on 2024-08-21 00:00:00+00:00
[2024-10-16T09:57:12.910+0000] {standard_task_runner.py:55} INFO - Started process 9387 to run task
[2024-10-16T09:57:12.919+0000] {standard_task_runner.py:82} INFO - Running: ['***', 'tasks', 'run', 'exchange_rate_usd_kzt_dag', 'get_rate', 'scheduled__2024-08-21T00:00:00+00:00', '--job-id', '1993', '--raw', '--subdir', 'DAGS_FOLDER/exchange_rates/__init__.py', '--cfg-path', '/tmp/tmp60ahnz1u']
[2024-10-16T09:57:12.921+0000] {standard_task_runner.py:83} INFO - Job 1993: Subtask get_rate
[2024-10-16T09:57:13.066+0000] {task_command.py:389} INFO - Running <TaskInstance: exchange_rate_usd_kzt_dag.get_rate scheduled__2024-08-21T00:00:00+00:00 [running]> on host 63ee4fa64e74
[2024-10-16T09:57:13.226+0000] {taskinstance.py:1513} INFO - Exporting the following env vars:
AIRFLOW_CTX_DAG_OWNER=***
AIRFLOW_CTX_DAG_ID=exchange_rate_usd_kzt_dag
AIRFLOW_CTX_TASK_ID=get_rate
AIRFLOW_CTX_EXECUTION_DATE=2024-08-21T00:00:00+00:00
AIRFLOW_CTX_TRY_NUMBER=1
AIRFLOW_CTX_DAG_RUN_ID=scheduled__2024-08-21T00:00:00+00:00
[2024-10-16T09:57:13.228+0000] {warnings.py:110} WARNING - /home/***/.local/lib/python3.7/site-packages/***/utils/context.py:205: AirflowContextDeprecationWarning: Accessing 'execution_date' from the template is deprecated and will be removed in a future version. Please use 'data_interval_start' or 'logical_date' instead.
  warnings.warn(_create_deprecation_warning(key, self._deprecation_replacements[key]))

[2024-10-16T09:57:13.245+0000] {base.py:73} INFO - Using connection ID 'cur_scoop_conn_id' for task execution.
[2024-10-16T09:57:14.198+0000] {taskinstance.py:1327} INFO - Marking task as SUCCESS. dag_id=exchange_rate_usd_kzt_dag, task_id=get_rate, execution_date=20240821T000000, start_date=20241016T095712, end_date=20241016T095714
[2024-10-16T09:57:14.262+0000] {local_task_job.py:159} INFO - Task exited with return code 0
[2024-10-16T09:57:14.316+0000] {taskinstance.py:2582} INFO - 1 downstream tasks scheduled from follow-on schedule check
[2024-10-16T10:07:10.718+0000] {taskinstance.py:1087} INFO - Dependencies all met for <TaskInstance: exchange_rate_usd_kzt_dag.get_rate scheduled__2024-08-21T00:00:00+00:00 [queued]>
[2024-10-16T10:07:10.735+0000] {taskinstance.py:1087} INFO - Dependencies all met for <TaskInstance: exchange_rate_usd_kzt_dag.get_rate scheduled__2024-08-21T00:00:00+00:00 [queued]>
[2024-10-16T10:07:10.739+0000] {taskinstance.py:1283} INFO - 
--------------------------------------------------------------------------------
[2024-10-16T10:07:10.740+0000] {taskinstance.py:1284} INFO - Starting attempt 1 of 1
[2024-10-16T10:07:10.740+0000] {taskinstance.py:1285} INFO - 
--------------------------------------------------------------------------------
[2024-10-16T10:07:10.759+0000] {taskinstance.py:1304} INFO - Executing <Task(CurrencyScoopOperator): get_rate> on 2024-08-21 00:00:00+00:00
[2024-10-16T10:07:10.767+0000] {standard_task_runner.py:55} INFO - Started process 11951 to run task
[2024-10-16T10:07:10.773+0000] {standard_task_runner.py:82} INFO - Running: ['***', 'tasks', 'run', 'exchange_rate_usd_kzt_dag', 'get_rate', 'scheduled__2024-08-21T00:00:00+00:00', '--job-id', '2730', '--raw', '--subdir', 'DAGS_FOLDER/exchange_rates/__init__.py', '--cfg-path', '/tmp/tmpmnp7gesx']
[2024-10-16T10:07:10.775+0000] {standard_task_runner.py:83} INFO - Job 2730: Subtask get_rate
[2024-10-16T10:07:10.899+0000] {task_command.py:389} INFO - Running <TaskInstance: exchange_rate_usd_kzt_dag.get_rate scheduled__2024-08-21T00:00:00+00:00 [running]> on host 63ee4fa64e74
[2024-10-16T10:07:11.099+0000] {taskinstance.py:1513} INFO - Exporting the following env vars:
AIRFLOW_CTX_DAG_OWNER=***
AIRFLOW_CTX_DAG_ID=exchange_rate_usd_kzt_dag
AIRFLOW_CTX_TASK_ID=get_rate
AIRFLOW_CTX_EXECUTION_DATE=2024-08-21T00:00:00+00:00
AIRFLOW_CTX_TRY_NUMBER=1
AIRFLOW_CTX_DAG_RUN_ID=scheduled__2024-08-21T00:00:00+00:00
[2024-10-16T10:07:11.102+0000] {warnings.py:110} WARNING - /home/***/.local/lib/python3.7/site-packages/***/utils/context.py:205: AirflowContextDeprecationWarning: Accessing 'execution_date' from the template is deprecated and will be removed in a future version. Please use 'data_interval_start' or 'logical_date' instead.
  warnings.warn(_create_deprecation_warning(key, self._deprecation_replacements[key]))

[2024-10-16T10:07:11.133+0000] {base.py:73} INFO - Using connection ID 'cur_scoop_conn_id' for task execution.
[2024-10-16T10:07:13.139+0000] {taskinstance.py:1327} INFO - Marking task as SUCCESS. dag_id=exchange_rate_usd_kzt_dag, task_id=get_rate, execution_date=20240821T000000, start_date=20241016T100710, end_date=20241016T100713
[2024-10-16T10:07:13.178+0000] {local_task_job.py:159} INFO - Task exited with return code 0
[2024-10-16T10:07:13.224+0000] {taskinstance.py:2582} INFO - 1 downstream tasks scheduled from follow-on schedule check
