[2024-10-16T09:53:52.681+0000] {taskinstance.py:1087} INFO - Dependencies all met for <TaskInstance: exchange_rate_usd_kzt_dag.get_rate scheduled__2024-01-30T00:00:00+00:00 [queued]>
[2024-10-16T09:53:52.700+0000] {taskinstance.py:1087} INFO - Dependencies all met for <TaskInstance: exchange_rate_usd_kzt_dag.get_rate scheduled__2024-01-30T00:00:00+00:00 [queued]>
[2024-10-16T09:53:52.701+0000] {taskinstance.py:1283} INFO - 
--------------------------------------------------------------------------------
[2024-10-16T09:53:52.702+0000] {taskinstance.py:1284} INFO - Starting attempt 1 of 1
[2024-10-16T09:53:52.702+0000] {taskinstance.py:1285} INFO - 
--------------------------------------------------------------------------------
[2024-10-16T09:53:52.728+0000] {taskinstance.py:1304} INFO - Executing <Task(CurrencyScoopOperator): get_rate> on 2024-01-30 00:00:00+00:00
[2024-10-16T09:53:52.738+0000] {standard_task_runner.py:55} INFO - Started process 7912 to run task
[2024-10-16T09:53:52.746+0000] {standard_task_runner.py:82} INFO - Running: ['***', 'tasks', 'run', 'exchange_rate_usd_kzt_dag', 'get_rate', 'scheduled__2024-01-30T00:00:00+00:00', '--job-id', '1430', '--raw', '--subdir', 'DAGS_FOLDER/RUS_DAG.py', '--cfg-path', '/tmp/tmpwi1lxkfs']
[2024-10-16T09:53:52.751+0000] {standard_task_runner.py:83} INFO - Job 1430: Subtask get_rate
[2024-10-16T09:53:52.948+0000] {task_command.py:389} INFO - Running <TaskInstance: exchange_rate_usd_kzt_dag.get_rate scheduled__2024-01-30T00:00:00+00:00 [running]> on host 63ee4fa64e74
[2024-10-16T09:53:53.069+0000] {taskinstance.py:1513} INFO - Exporting the following env vars:
AIRFLOW_CTX_DAG_OWNER=***
AIRFLOW_CTX_DAG_ID=exchange_rate_usd_kzt_dag
AIRFLOW_CTX_TASK_ID=get_rate
AIRFLOW_CTX_EXECUTION_DATE=2024-01-30T00:00:00+00:00
AIRFLOW_CTX_TRY_NUMBER=1
AIRFLOW_CTX_DAG_RUN_ID=scheduled__2024-01-30T00:00:00+00:00
[2024-10-16T09:53:53.071+0000] {warnings.py:110} WARNING - /home/***/.local/lib/python3.7/site-packages/***/utils/context.py:205: AirflowContextDeprecationWarning: Accessing 'execution_date' from the template is deprecated and will be removed in a future version. Please use 'data_interval_start' or 'logical_date' instead.
  warnings.warn(_create_deprecation_warning(key, self._deprecation_replacements[key]))

[2024-10-16T09:53:53.085+0000] {base.py:73} INFO - Using connection ID 'cur_scoop_conn_id' for task execution.
[2024-10-16T09:53:53.565+0000] {taskinstance.py:1327} INFO - Marking task as SUCCESS. dag_id=exchange_rate_usd_kzt_dag, task_id=get_rate, execution_date=20240130T000000, start_date=20241016T095352, end_date=20241016T095353
[2024-10-16T09:53:53.636+0000] {local_task_job.py:159} INFO - Task exited with return code 0
[2024-10-16T09:53:53.682+0000] {taskinstance.py:2582} INFO - 1 downstream tasks scheduled from follow-on schedule check
[2024-10-16T10:03:53.783+0000] {taskinstance.py:1087} INFO - Dependencies all met for <TaskInstance: exchange_rate_usd_kzt_dag.get_rate scheduled__2024-01-30T00:00:00+00:00 [queued]>
[2024-10-16T10:03:53.808+0000] {taskinstance.py:1087} INFO - Dependencies all met for <TaskInstance: exchange_rate_usd_kzt_dag.get_rate scheduled__2024-01-30T00:00:00+00:00 [queued]>
[2024-10-16T10:03:53.809+0000] {taskinstance.py:1283} INFO - 
--------------------------------------------------------------------------------
[2024-10-16T10:03:53.810+0000] {taskinstance.py:1284} INFO - Starting attempt 1 of 1
[2024-10-16T10:03:53.812+0000] {taskinstance.py:1285} INFO - 
--------------------------------------------------------------------------------
[2024-10-16T10:03:53.854+0000] {taskinstance.py:1304} INFO - Executing <Task(CurrencyScoopOperator): get_rate> on 2024-01-30 00:00:00+00:00
[2024-10-16T10:03:53.862+0000] {standard_task_runner.py:55} INFO - Started process 10497 to run task
[2024-10-16T10:03:53.871+0000] {standard_task_runner.py:82} INFO - Running: ['***', 'tasks', 'run', 'exchange_rate_usd_kzt_dag', 'get_rate', 'scheduled__2024-01-30T00:00:00+00:00', '--job-id', '2157', '--raw', '--subdir', 'DAGS_FOLDER/exchange_rates/__init__.py', '--cfg-path', '/tmp/tmp9cj_e6bd']
[2024-10-16T10:03:53.873+0000] {standard_task_runner.py:83} INFO - Job 2157: Subtask get_rate
[2024-10-16T10:03:53.998+0000] {task_command.py:389} INFO - Running <TaskInstance: exchange_rate_usd_kzt_dag.get_rate scheduled__2024-01-30T00:00:00+00:00 [running]> on host 63ee4fa64e74
[2024-10-16T10:03:54.122+0000] {taskinstance.py:1513} INFO - Exporting the following env vars:
AIRFLOW_CTX_DAG_OWNER=***
AIRFLOW_CTX_DAG_ID=exchange_rate_usd_kzt_dag
AIRFLOW_CTX_TASK_ID=get_rate
AIRFLOW_CTX_EXECUTION_DATE=2024-01-30T00:00:00+00:00
AIRFLOW_CTX_TRY_NUMBER=1
AIRFLOW_CTX_DAG_RUN_ID=scheduled__2024-01-30T00:00:00+00:00
[2024-10-16T10:03:54.125+0000] {warnings.py:110} WARNING - /home/***/.local/lib/python3.7/site-packages/***/utils/context.py:205: AirflowContextDeprecationWarning: Accessing 'execution_date' from the template is deprecated and will be removed in a future version. Please use 'data_interval_start' or 'logical_date' instead.
  warnings.warn(_create_deprecation_warning(key, self._deprecation_replacements[key]))

[2024-10-16T10:03:54.139+0000] {base.py:73} INFO - Using connection ID 'cur_scoop_conn_id' for task execution.
[2024-10-16T10:03:54.624+0000] {taskinstance.py:1327} INFO - Marking task as SUCCESS. dag_id=exchange_rate_usd_kzt_dag, task_id=get_rate, execution_date=20240130T000000, start_date=20241016T100353, end_date=20241016T100354
[2024-10-16T10:03:54.832+0000] {local_task_job.py:159} INFO - Task exited with return code 0
[2024-10-16T10:03:54.894+0000] {taskinstance.py:2582} INFO - 1 downstream tasks scheduled from follow-on schedule check
