[2024-10-16T09:46:02.074+0000] {taskinstance.py:1087} INFO - Dependencies all met for <TaskInstance: exchange_rate_usd_rus_dag.insert_rate scheduled__2024-01-10T00:00:00+00:00 [queued]>
[2024-10-16T09:46:02.092+0000] {taskinstance.py:1087} INFO - Dependencies all met for <TaskInstance: exchange_rate_usd_rus_dag.insert_rate scheduled__2024-01-10T00:00:00+00:00 [queued]>
[2024-10-16T09:46:02.093+0000] {taskinstance.py:1283} INFO - 
--------------------------------------------------------------------------------
[2024-10-16T09:46:02.093+0000] {taskinstance.py:1284} INFO - Starting attempt 1 of 1
[2024-10-16T09:46:02.094+0000] {taskinstance.py:1285} INFO - 
--------------------------------------------------------------------------------
[2024-10-16T09:46:02.115+0000] {taskinstance.py:1304} INFO - Executing <Task(PostgresOperator): insert_rate> on 2024-01-10 00:00:00+00:00
[2024-10-16T09:46:02.120+0000] {standard_task_runner.py:55} INFO - Started process 5203 to run task
[2024-10-16T09:46:02.125+0000] {standard_task_runner.py:82} INFO - Running: ['***', 'tasks', 'run', 'exchange_rate_usd_rus_dag', 'insert_rate', 'scheduled__2024-01-10T00:00:00+00:00', '--job-id', '519', '--raw', '--subdir', 'DAGS_FOLDER/RUS_DAG.py', '--cfg-path', '/tmp/tmp59_6shq3']
[2024-10-16T09:46:02.126+0000] {standard_task_runner.py:83} INFO - Job 519: Subtask insert_rate
[2024-10-16T09:46:02.211+0000] {task_command.py:389} INFO - Running <TaskInstance: exchange_rate_usd_rus_dag.insert_rate scheduled__2024-01-10T00:00:00+00:00 [running]> on host 63ee4fa64e74
[2024-10-16T09:46:02.261+0000] {warnings.py:110} WARNING - /home/***/.local/lib/python3.7/site-packages/***/utils/context.py:205: AirflowContextDeprecationWarning: Accessing 'execution_date' from the template is deprecated and will be removed in a future version. Please use 'data_interval_start' or 'logical_date' instead.
  warnings.warn(_create_deprecation_warning(key, self._deprecation_replacements[key]))

[2024-10-16T09:46:02.336+0000] {taskinstance.py:1513} INFO - Exporting the following env vars:
AIRFLOW_CTX_DAG_OWNER=***
AIRFLOW_CTX_DAG_ID=exchange_rate_usd_rus_dag
AIRFLOW_CTX_TASK_ID=insert_rate
AIRFLOW_CTX_EXECUTION_DATE=2024-01-10T00:00:00+00:00
AIRFLOW_CTX_TRY_NUMBER=1
AIRFLOW_CTX_DAG_RUN_ID=scheduled__2024-01-10T00:00:00+00:00
[2024-10-16T09:46:02.337+0000] {sql.py:253} INFO - Executing: INSERT INTO
    currency_exchange_rates
VALUES ('USD', 'RUB', 89.34380435, '2024-01-10')
ON CONFLICT (base, currency, date) DO
    UPDATE
        SET rate = excluded.rate;
[2024-10-16T09:46:02.350+0000] {base.py:73} INFO - Using connection ID 'postgres_default' for task execution.
[2024-10-16T09:46:02.622+0000] {base.py:73} INFO - Using connection ID 'postgres_default' for task execution.
[2024-10-16T09:46:02.635+0000] {sql.py:364} INFO - Running statement: INSERT INTO
    currency_exchange_rates
VALUES ('USD', 'RUB', 89.34380435, '2024-01-10')
ON CONFLICT (base, currency, date) DO
    UPDATE
        SET rate = excluded.rate;, parameters: None
[2024-10-16T09:46:02.638+0000] {sql.py:373} INFO - Rows affected: 1
[2024-10-16T09:46:02.652+0000] {taskinstance.py:1327} INFO - Marking task as SUCCESS. dag_id=exchange_rate_usd_rus_dag, task_id=insert_rate, execution_date=20240110T000000, start_date=20241016T094602, end_date=20241016T094602
[2024-10-16T09:46:02.673+0000] {local_task_job.py:159} INFO - Task exited with return code 0
[2024-10-16T09:46:02.701+0000] {taskinstance.py:2582} INFO - 0 downstream tasks scheduled from follow-on schedule check
