[2024-10-16T09:57:16.004+0000] {taskinstance.py:1087} INFO - Dependencies all met for <TaskInstance: exchange_rate_usd_kzt_dag.get_rate scheduled__2024-08-29T00:00:00+00:00 [queued]>
[2024-10-16T09:57:16.025+0000] {taskinstance.py:1087} INFO - Dependencies all met for <TaskInstance: exchange_rate_usd_kzt_dag.get_rate scheduled__2024-08-29T00:00:00+00:00 [queued]>
[2024-10-16T09:57:16.026+0000] {taskinstance.py:1283} INFO - 
--------------------------------------------------------------------------------
[2024-10-16T09:57:16.027+0000] {taskinstance.py:1284} INFO - Starting attempt 1 of 1
[2024-10-16T09:57:16.028+0000] {taskinstance.py:1285} INFO - 
--------------------------------------------------------------------------------
[2024-10-16T09:57:16.061+0000] {taskinstance.py:1304} INFO - Executing <Task(CurrencyScoopOperator): get_rate> on 2024-08-29 00:00:00+00:00
[2024-10-16T09:57:16.074+0000] {standard_task_runner.py:55} INFO - Started process 9429 to run task
[2024-10-16T09:57:16.085+0000] {standard_task_runner.py:82} INFO - Running: ['***', 'tasks', 'run', 'exchange_rate_usd_kzt_dag', 'get_rate', 'scheduled__2024-08-29T00:00:00+00:00', '--job-id', '2007', '--raw', '--subdir', 'DAGS_FOLDER/exchange_rates/__init__.py', '--cfg-path', '/tmp/tmpzzllz21m']
[2024-10-16T09:57:16.087+0000] {standard_task_runner.py:83} INFO - Job 2007: Subtask get_rate
[2024-10-16T09:57:16.257+0000] {task_command.py:389} INFO - Running <TaskInstance: exchange_rate_usd_kzt_dag.get_rate scheduled__2024-08-29T00:00:00+00:00 [running]> on host 63ee4fa64e74
[2024-10-16T09:57:16.431+0000] {taskinstance.py:1513} INFO - Exporting the following env vars:
AIRFLOW_CTX_DAG_OWNER=***
AIRFLOW_CTX_DAG_ID=exchange_rate_usd_kzt_dag
AIRFLOW_CTX_TASK_ID=get_rate
AIRFLOW_CTX_EXECUTION_DATE=2024-08-29T00:00:00+00:00
AIRFLOW_CTX_TRY_NUMBER=1
AIRFLOW_CTX_DAG_RUN_ID=scheduled__2024-08-29T00:00:00+00:00
[2024-10-16T09:57:16.437+0000] {warnings.py:110} WARNING - /home/***/.local/lib/python3.7/site-packages/***/utils/context.py:205: AirflowContextDeprecationWarning: Accessing 'execution_date' from the template is deprecated and will be removed in a future version. Please use 'data_interval_start' or 'logical_date' instead.
  warnings.warn(_create_deprecation_warning(key, self._deprecation_replacements[key]))

[2024-10-16T09:57:16.455+0000] {base.py:73} INFO - Using connection ID 'cur_scoop_conn_id' for task execution.
[2024-10-16T09:57:18.526+0000] {taskinstance.py:1327} INFO - Marking task as SUCCESS. dag_id=exchange_rate_usd_kzt_dag, task_id=get_rate, execution_date=20240829T000000, start_date=20241016T095716, end_date=20241016T095718
[2024-10-16T09:57:18.591+0000] {local_task_job.py:159} INFO - Task exited with return code 0
[2024-10-16T09:57:18.640+0000] {taskinstance.py:2582} INFO - 1 downstream tasks scheduled from follow-on schedule check
[2024-10-16T10:07:14.650+0000] {taskinstance.py:1087} INFO - Dependencies all met for <TaskInstance: exchange_rate_usd_kzt_dag.get_rate scheduled__2024-08-29T00:00:00+00:00 [queued]>
[2024-10-16T10:07:14.674+0000] {taskinstance.py:1087} INFO - Dependencies all met for <TaskInstance: exchange_rate_usd_kzt_dag.get_rate scheduled__2024-08-29T00:00:00+00:00 [queued]>
[2024-10-16T10:07:14.675+0000] {taskinstance.py:1283} INFO - 
--------------------------------------------------------------------------------
[2024-10-16T10:07:14.675+0000] {taskinstance.py:1284} INFO - Starting attempt 1 of 1
[2024-10-16T10:07:14.676+0000] {taskinstance.py:1285} INFO - 
--------------------------------------------------------------------------------
[2024-10-16T10:07:14.703+0000] {taskinstance.py:1304} INFO - Executing <Task(CurrencyScoopOperator): get_rate> on 2024-08-29 00:00:00+00:00
[2024-10-16T10:07:14.711+0000] {standard_task_runner.py:55} INFO - Started process 11995 to run task
[2024-10-16T10:07:14.717+0000] {standard_task_runner.py:82} INFO - Running: ['***', 'tasks', 'run', 'exchange_rate_usd_kzt_dag', 'get_rate', 'scheduled__2024-08-29T00:00:00+00:00', '--job-id', '2747', '--raw', '--subdir', 'DAGS_FOLDER/exchange_rates/__init__.py', '--cfg-path', '/tmp/tmpub_6xd5_']
[2024-10-16T10:07:14.718+0000] {standard_task_runner.py:83} INFO - Job 2747: Subtask get_rate
[2024-10-16T10:07:14.830+0000] {task_command.py:389} INFO - Running <TaskInstance: exchange_rate_usd_kzt_dag.get_rate scheduled__2024-08-29T00:00:00+00:00 [running]> on host 63ee4fa64e74
[2024-10-16T10:07:15.022+0000] {taskinstance.py:1513} INFO - Exporting the following env vars:
AIRFLOW_CTX_DAG_OWNER=***
AIRFLOW_CTX_DAG_ID=exchange_rate_usd_kzt_dag
AIRFLOW_CTX_TASK_ID=get_rate
AIRFLOW_CTX_EXECUTION_DATE=2024-08-29T00:00:00+00:00
AIRFLOW_CTX_TRY_NUMBER=1
AIRFLOW_CTX_DAG_RUN_ID=scheduled__2024-08-29T00:00:00+00:00
[2024-10-16T10:07:15.025+0000] {warnings.py:110} WARNING - /home/***/.local/lib/python3.7/site-packages/***/utils/context.py:205: AirflowContextDeprecationWarning: Accessing 'execution_date' from the template is deprecated and will be removed in a future version. Please use 'data_interval_start' or 'logical_date' instead.
  warnings.warn(_create_deprecation_warning(key, self._deprecation_replacements[key]))

[2024-10-16T10:07:15.049+0000] {base.py:73} INFO - Using connection ID 'cur_scoop_conn_id' for task execution.
[2024-10-16T10:07:15.552+0000] {taskinstance.py:1327} INFO - Marking task as SUCCESS. dag_id=exchange_rate_usd_kzt_dag, task_id=get_rate, execution_date=20240829T000000, start_date=20241016T100714, end_date=20241016T100715
[2024-10-16T10:07:15.644+0000] {local_task_job.py:159} INFO - Task exited with return code 0
[2024-10-16T10:07:15.734+0000] {taskinstance.py:2582} INFO - 1 downstream tasks scheduled from follow-on schedule check
