[2024-10-16T09:53:36.547+0000] {taskinstance.py:1087} INFO - Dependencies all met for <TaskInstance: exchange_rate_usd_kzt_dag.create_table_task scheduled__2024-01-15T00:00:00+00:00 [queued]>
[2024-10-16T09:53:36.567+0000] {taskinstance.py:1087} INFO - Dependencies all met for <TaskInstance: exchange_rate_usd_kzt_dag.create_table_task scheduled__2024-01-15T00:00:00+00:00 [queued]>
[2024-10-16T09:53:36.568+0000] {taskinstance.py:1283} INFO - 
--------------------------------------------------------------------------------
[2024-10-16T09:53:36.569+0000] {taskinstance.py:1284} INFO - Starting attempt 1 of 1
[2024-10-16T09:53:36.570+0000] {taskinstance.py:1285} INFO - 
--------------------------------------------------------------------------------
[2024-10-16T09:53:36.608+0000] {taskinstance.py:1304} INFO - Executing <Task(PostgresOperator): create_table_task> on 2024-01-15 00:00:00+00:00
[2024-10-16T09:53:36.618+0000] {standard_task_runner.py:55} INFO - Started process 7770 to run task
[2024-10-16T09:53:36.625+0000] {standard_task_runner.py:82} INFO - Running: ['***', 'tasks', 'run', 'exchange_rate_usd_kzt_dag', 'create_table_task', 'scheduled__2024-01-15T00:00:00+00:00', '--job-id', '1369', '--raw', '--subdir', 'DAGS_FOLDER/exchange_rates/__init__.py', '--cfg-path', '/tmp/tmp3hxwctz0']
[2024-10-16T09:53:36.627+0000] {standard_task_runner.py:83} INFO - Job 1369: Subtask create_table_task
[2024-10-16T09:53:36.800+0000] {task_command.py:389} INFO - Running <TaskInstance: exchange_rate_usd_kzt_dag.create_table_task scheduled__2024-01-15T00:00:00+00:00 [running]> on host 63ee4fa64e74
[2024-10-16T09:53:36.973+0000] {taskinstance.py:1513} INFO - Exporting the following env vars:
AIRFLOW_CTX_DAG_OWNER=***
AIRFLOW_CTX_DAG_ID=exchange_rate_usd_kzt_dag
AIRFLOW_CTX_TASK_ID=create_table_task
AIRFLOW_CTX_EXECUTION_DATE=2024-01-15T00:00:00+00:00
AIRFLOW_CTX_TRY_NUMBER=1
AIRFLOW_CTX_DAG_RUN_ID=scheduled__2024-01-15T00:00:00+00:00
[2024-10-16T09:53:36.976+0000] {sql.py:253} INFO - Executing: CREATE TABLE IF NOT EXISTS currency_exchange_rates (
    base VARCHAR(3) NOT NULL,
    currency VARCHAR(3) NOT NULL,
    rate NUMERIC(12, 3) NOT NULL,
    date DATE NOT NULL,
    UNIQUE (base, currency, date)
);
[2024-10-16T09:53:37.005+0000] {base.py:73} INFO - Using connection ID 'postgres_default' for task execution.
[2024-10-16T09:53:37.513+0000] {base.py:73} INFO - Using connection ID 'postgres_default' for task execution.
[2024-10-16T09:53:37.529+0000] {sql.py:364} INFO - Running statement: CREATE TABLE IF NOT EXISTS currency_exchange_rates (
    base VARCHAR(3) NOT NULL,
    currency VARCHAR(3) NOT NULL,
    rate NUMERIC(12, 3) NOT NULL,
    date DATE NOT NULL,
    UNIQUE (base, currency, date)
);, parameters: None
[2024-10-16T09:53:37.562+0000] {taskinstance.py:1327} INFO - Marking task as SUCCESS. dag_id=exchange_rate_usd_kzt_dag, task_id=create_table_task, execution_date=20240115T000000, start_date=20241016T095336, end_date=20241016T095337
[2024-10-16T09:53:37.634+0000] {local_task_job.py:159} INFO - Task exited with return code 0
[2024-10-16T09:53:37.718+0000] {taskinstance.py:2582} INFO - 1 downstream tasks scheduled from follow-on schedule check
[2024-10-16T10:03:38.149+0000] {taskinstance.py:1087} INFO - Dependencies all met for <TaskInstance: exchange_rate_usd_kzt_dag.create_table_task scheduled__2024-01-15T00:00:00+00:00 [queued]>
[2024-10-16T10:03:38.172+0000] {taskinstance.py:1087} INFO - Dependencies all met for <TaskInstance: exchange_rate_usd_kzt_dag.create_table_task scheduled__2024-01-15T00:00:00+00:00 [queued]>
[2024-10-16T10:03:38.173+0000] {taskinstance.py:1283} INFO - 
--------------------------------------------------------------------------------
[2024-10-16T10:03:38.173+0000] {taskinstance.py:1284} INFO - Starting attempt 1 of 1
[2024-10-16T10:03:38.174+0000] {taskinstance.py:1285} INFO - 
--------------------------------------------------------------------------------
[2024-10-16T10:03:38.200+0000] {taskinstance.py:1304} INFO - Executing <Task(PostgresOperator): create_table_task> on 2024-01-15 00:00:00+00:00
[2024-10-16T10:03:38.207+0000] {standard_task_runner.py:55} INFO - Started process 10353 to run task
[2024-10-16T10:03:38.212+0000] {standard_task_runner.py:82} INFO - Running: ['***', 'tasks', 'run', 'exchange_rate_usd_kzt_dag', 'create_table_task', 'scheduled__2024-01-15T00:00:00+00:00', '--job-id', '2104', '--raw', '--subdir', 'DAGS_FOLDER/exchange_rates/__init__.py', '--cfg-path', '/tmp/tmpo1k_s8w9']
[2024-10-16T10:03:38.226+0000] {standard_task_runner.py:83} INFO - Job 2104: Subtask create_table_task
[2024-10-16T10:03:38.360+0000] {task_command.py:389} INFO - Running <TaskInstance: exchange_rate_usd_kzt_dag.create_table_task scheduled__2024-01-15T00:00:00+00:00 [running]> on host 63ee4fa64e74
[2024-10-16T10:03:38.515+0000] {taskinstance.py:1513} INFO - Exporting the following env vars:
AIRFLOW_CTX_DAG_OWNER=***
AIRFLOW_CTX_DAG_ID=exchange_rate_usd_kzt_dag
AIRFLOW_CTX_TASK_ID=create_table_task
AIRFLOW_CTX_EXECUTION_DATE=2024-01-15T00:00:00+00:00
AIRFLOW_CTX_TRY_NUMBER=1
AIRFLOW_CTX_DAG_RUN_ID=scheduled__2024-01-15T00:00:00+00:00
[2024-10-16T10:03:38.516+0000] {sql.py:253} INFO - Executing: CREATE TABLE IF NOT EXISTS currency_exchange_rates (
    base VARCHAR(3) NOT NULL,
    currency VARCHAR(3) NOT NULL,
    rate NUMERIC(12, 3) NOT NULL,
    date DATE NOT NULL,
    UNIQUE (base, currency, date)
);
[2024-10-16T10:03:38.532+0000] {base.py:73} INFO - Using connection ID 'postgres_default' for task execution.
[2024-10-16T10:03:39.055+0000] {base.py:73} INFO - Using connection ID 'postgres_default' for task execution.
[2024-10-16T10:03:39.070+0000] {sql.py:364} INFO - Running statement: CREATE TABLE IF NOT EXISTS currency_exchange_rates (
    base VARCHAR(3) NOT NULL,
    currency VARCHAR(3) NOT NULL,
    rate NUMERIC(12, 3) NOT NULL,
    date DATE NOT NULL,
    UNIQUE (base, currency, date)
);, parameters: None
[2024-10-16T10:03:39.099+0000] {taskinstance.py:1327} INFO - Marking task as SUCCESS. dag_id=exchange_rate_usd_kzt_dag, task_id=create_table_task, execution_date=20240115T000000, start_date=20241016T100338, end_date=20241016T100339
[2024-10-16T10:03:39.361+0000] {local_task_job.py:159} INFO - Task exited with return code 0
[2024-10-16T10:03:39.443+0000] {taskinstance.py:2582} INFO - 1 downstream tasks scheduled from follow-on schedule check
