[2024-10-15T22:18:59.093+0000] {taskinstance.py:1087} INFO - Dependencies all met for <TaskInstance: exchange_rate_usd_kzt_dag.get_rate manual__2024-10-15T22:18:55.762980+00:00 [queued]>
[2024-10-15T22:18:59.104+0000] {taskinstance.py:1087} INFO - Dependencies all met for <TaskInstance: exchange_rate_usd_kzt_dag.get_rate manual__2024-10-15T22:18:55.762980+00:00 [queued]>
[2024-10-15T22:18:59.104+0000] {taskinstance.py:1283} INFO - 
--------------------------------------------------------------------------------
[2024-10-15T22:18:59.105+0000] {taskinstance.py:1284} INFO - Starting attempt 1 of 1
[2024-10-15T22:18:59.105+0000] {taskinstance.py:1285} INFO - 
--------------------------------------------------------------------------------
[2024-10-15T22:18:59.119+0000] {taskinstance.py:1304} INFO - Executing <Task(CurrencyScoopOperator): get_rate> on 2024-10-15 22:18:55.762980+00:00
[2024-10-15T22:18:59.123+0000] {standard_task_runner.py:55} INFO - Started process 75795 to run task
[2024-10-15T22:18:59.127+0000] {standard_task_runner.py:82} INFO - Running: ['***', 'tasks', 'run', 'exchange_rate_usd_kzt_dag', 'get_rate', 'manual__2024-10-15T22:18:55.762980+00:00', '--job-id', '34', '--raw', '--subdir', 'DAGS_FOLDER/exchange_rates/__init__.py', '--cfg-path', '/tmp/tmphthc2ysv']
[2024-10-15T22:18:59.128+0000] {standard_task_runner.py:83} INFO - Job 34: Subtask get_rate
[2024-10-15T22:18:59.190+0000] {task_command.py:389} INFO - Running <TaskInstance: exchange_rate_usd_kzt_dag.get_rate manual__2024-10-15T22:18:55.762980+00:00 [running]> on host 63ee4fa64e74
[2024-10-15T22:18:59.258+0000] {taskinstance.py:1513} INFO - Exporting the following env vars:
AIRFLOW_CTX_DAG_OWNER=***
AIRFLOW_CTX_DAG_ID=exchange_rate_usd_kzt_dag
AIRFLOW_CTX_TASK_ID=get_rate
AIRFLOW_CTX_EXECUTION_DATE=2024-10-15T22:18:55.762980+00:00
AIRFLOW_CTX_TRY_NUMBER=1
AIRFLOW_CTX_DAG_RUN_ID=manual__2024-10-15T22:18:55.762980+00:00
[2024-10-15T22:18:59.262+0000] {warnings.py:110} WARNING - /home/***/.local/lib/python3.7/site-packages/***/utils/context.py:205: AirflowContextDeprecationWarning: Accessing 'execution_date' from the template is deprecated and will be removed in a future version. Please use 'data_interval_start' or 'logical_date' instead.
  warnings.warn(_create_deprecation_warning(key, self._deprecation_replacements[key]))

[2024-10-15T22:18:59.272+0000] {base.py:73} INFO - Using connection ID 'cur_scoop_conn_id' for task execution.
[2024-10-15T22:19:01.814+0000] {taskinstance.py:1327} INFO - Marking task as SUCCESS. dag_id=exchange_rate_usd_kzt_dag, task_id=get_rate, execution_date=20241015T221855, start_date=20241015T221859, end_date=20241015T221901
[2024-10-15T22:19:01.849+0000] {local_task_job.py:159} INFO - Task exited with return code 0
[2024-10-15T22:19:01.876+0000] {taskinstance.py:2582} INFO - 0 downstream tasks scheduled from follow-on schedule check
