[2024-10-16T09:53:48.446+0000] {taskinstance.py:1087} INFO - Dependencies all met for <TaskInstance: exchange_rate_usd_kzt_dag.get_rate scheduled__2024-01-22T00:00:00+00:00 [queued]>
[2024-10-16T09:53:48.467+0000] {taskinstance.py:1087} INFO - Dependencies all met for <TaskInstance: exchange_rate_usd_kzt_dag.get_rate scheduled__2024-01-22T00:00:00+00:00 [queued]>
[2024-10-16T09:53:48.467+0000] {taskinstance.py:1283} INFO - 
--------------------------------------------------------------------------------
[2024-10-16T09:53:48.468+0000] {taskinstance.py:1284} INFO - Starting attempt 1 of 1
[2024-10-16T09:53:48.469+0000] {taskinstance.py:1285} INFO - 
--------------------------------------------------------------------------------
[2024-10-16T09:53:48.502+0000] {taskinstance.py:1304} INFO - Executing <Task(CurrencyScoopOperator): get_rate> on 2024-01-22 00:00:00+00:00
[2024-10-16T09:53:48.509+0000] {standard_task_runner.py:55} INFO - Started process 7861 to run task
[2024-10-16T09:53:48.517+0000] {standard_task_runner.py:82} INFO - Running: ['***', 'tasks', 'run', 'exchange_rate_usd_kzt_dag', 'get_rate', 'scheduled__2024-01-22T00:00:00+00:00', '--job-id', '1411', '--raw', '--subdir', 'DAGS_FOLDER/exchange_rates/__init__.py', '--cfg-path', '/tmp/tmp82i2yks1']
[2024-10-16T09:53:48.519+0000] {standard_task_runner.py:83} INFO - Job 1411: Subtask get_rate
[2024-10-16T09:53:48.702+0000] {task_command.py:389} INFO - Running <TaskInstance: exchange_rate_usd_kzt_dag.get_rate scheduled__2024-01-22T00:00:00+00:00 [running]> on host 63ee4fa64e74
[2024-10-16T09:53:48.901+0000] {taskinstance.py:1513} INFO - Exporting the following env vars:
AIRFLOW_CTX_DAG_OWNER=***
AIRFLOW_CTX_DAG_ID=exchange_rate_usd_kzt_dag
AIRFLOW_CTX_TASK_ID=get_rate
AIRFLOW_CTX_EXECUTION_DATE=2024-01-22T00:00:00+00:00
AIRFLOW_CTX_TRY_NUMBER=1
AIRFLOW_CTX_DAG_RUN_ID=scheduled__2024-01-22T00:00:00+00:00
[2024-10-16T09:53:48.904+0000] {warnings.py:110} WARNING - /home/***/.local/lib/python3.7/site-packages/***/utils/context.py:205: AirflowContextDeprecationWarning: Accessing 'execution_date' from the template is deprecated and will be removed in a future version. Please use 'data_interval_start' or 'logical_date' instead.
  warnings.warn(_create_deprecation_warning(key, self._deprecation_replacements[key]))

[2024-10-16T09:53:48.922+0000] {base.py:73} INFO - Using connection ID 'cur_scoop_conn_id' for task execution.
[2024-10-16T09:53:50.166+0000] {taskinstance.py:1327} INFO - Marking task as SUCCESS. dag_id=exchange_rate_usd_kzt_dag, task_id=get_rate, execution_date=20240122T000000, start_date=20241016T095348, end_date=20241016T095350
[2024-10-16T09:53:50.224+0000] {local_task_job.py:159} INFO - Task exited with return code 0
[2024-10-16T09:53:50.326+0000] {taskinstance.py:2582} INFO - 1 downstream tasks scheduled from follow-on schedule check
[2024-10-16T10:03:48.261+0000] {taskinstance.py:1087} INFO - Dependencies all met for <TaskInstance: exchange_rate_usd_kzt_dag.get_rate scheduled__2024-01-22T00:00:00+00:00 [queued]>
[2024-10-16T10:03:48.271+0000] {taskinstance.py:1087} INFO - Dependencies all met for <TaskInstance: exchange_rate_usd_kzt_dag.get_rate scheduled__2024-01-22T00:00:00+00:00 [queued]>
[2024-10-16T10:03:48.272+0000] {taskinstance.py:1283} INFO - 
--------------------------------------------------------------------------------
[2024-10-16T10:03:48.272+0000] {taskinstance.py:1284} INFO - Starting attempt 1 of 1
[2024-10-16T10:03:48.273+0000] {taskinstance.py:1285} INFO - 
--------------------------------------------------------------------------------
[2024-10-16T10:03:48.288+0000] {taskinstance.py:1304} INFO - Executing <Task(CurrencyScoopOperator): get_rate> on 2024-01-22 00:00:00+00:00
[2024-10-16T10:03:48.292+0000] {standard_task_runner.py:55} INFO - Started process 10424 to run task
[2024-10-16T10:03:48.297+0000] {standard_task_runner.py:82} INFO - Running: ['***', 'tasks', 'run', 'exchange_rate_usd_kzt_dag', 'get_rate', 'scheduled__2024-01-22T00:00:00+00:00', '--job-id', '2135', '--raw', '--subdir', 'DAGS_FOLDER/exchange_rates/__init__.py', '--cfg-path', '/tmp/tmpdqfbxs29']
[2024-10-16T10:03:48.298+0000] {standard_task_runner.py:83} INFO - Job 2135: Subtask get_rate
[2024-10-16T10:03:48.380+0000] {task_command.py:389} INFO - Running <TaskInstance: exchange_rate_usd_kzt_dag.get_rate scheduled__2024-01-22T00:00:00+00:00 [running]> on host 63ee4fa64e74
[2024-10-16T10:03:48.456+0000] {taskinstance.py:1513} INFO - Exporting the following env vars:
AIRFLOW_CTX_DAG_OWNER=***
AIRFLOW_CTX_DAG_ID=exchange_rate_usd_kzt_dag
AIRFLOW_CTX_TASK_ID=get_rate
AIRFLOW_CTX_EXECUTION_DATE=2024-01-22T00:00:00+00:00
AIRFLOW_CTX_TRY_NUMBER=1
AIRFLOW_CTX_DAG_RUN_ID=scheduled__2024-01-22T00:00:00+00:00
[2024-10-16T10:03:48.457+0000] {warnings.py:110} WARNING - /home/***/.local/lib/python3.7/site-packages/***/utils/context.py:205: AirflowContextDeprecationWarning: Accessing 'execution_date' from the template is deprecated and will be removed in a future version. Please use 'data_interval_start' or 'logical_date' instead.
  warnings.warn(_create_deprecation_warning(key, self._deprecation_replacements[key]))

[2024-10-16T10:03:48.466+0000] {base.py:73} INFO - Using connection ID 'cur_scoop_conn_id' for task execution.
[2024-10-16T10:03:50.682+0000] {taskinstance.py:1327} INFO - Marking task as SUCCESS. dag_id=exchange_rate_usd_kzt_dag, task_id=get_rate, execution_date=20240122T000000, start_date=20241016T100348, end_date=20241016T100350
[2024-10-16T10:03:50.735+0000] {local_task_job.py:159} INFO - Task exited with return code 0
[2024-10-16T10:03:50.768+0000] {taskinstance.py:2582} INFO - 1 downstream tasks scheduled from follow-on schedule check
