[2024-10-16T10:07:43.630+0000] {taskinstance.py:1087} INFO - Dependencies all met for <TaskInstance: exchange_rate_usd_kzt_dag.insert_rate scheduled__2024-09-23T00:00:00+00:00 [queued]>
[2024-10-16T10:07:43.656+0000] {taskinstance.py:1087} INFO - Dependencies all met for <TaskInstance: exchange_rate_usd_kzt_dag.insert_rate scheduled__2024-09-23T00:00:00+00:00 [queued]>
[2024-10-16T10:07:43.657+0000] {taskinstance.py:1283} INFO - 
--------------------------------------------------------------------------------
[2024-10-16T10:07:43.657+0000] {taskinstance.py:1284} INFO - Starting attempt 1 of 1
[2024-10-16T10:07:43.658+0000] {taskinstance.py:1285} INFO - 
--------------------------------------------------------------------------------
[2024-10-16T10:07:43.694+0000] {taskinstance.py:1304} INFO - Executing <Task(PostgresOperator): insert_rate> on 2024-09-23 00:00:00+00:00
[2024-10-16T10:07:43.704+0000] {standard_task_runner.py:55} INFO - Started process 12226 to run task
[2024-10-16T10:07:43.715+0000] {standard_task_runner.py:82} INFO - Running: ['***', 'tasks', 'run', 'exchange_rate_usd_kzt_dag', 'insert_rate', 'scheduled__2024-09-23T00:00:00+00:00', '--job-id', '2838', '--raw', '--subdir', 'DAGS_FOLDER/exchange_rates/__init__.py', '--cfg-path', '/tmp/tmpvmhhnj8c']
[2024-10-16T10:07:43.717+0000] {standard_task_runner.py:83} INFO - Job 2838: Subtask insert_rate
[2024-10-16T10:07:43.865+0000] {task_command.py:389} INFO - Running <TaskInstance: exchange_rate_usd_kzt_dag.insert_rate scheduled__2024-09-23T00:00:00+00:00 [running]> on host 63ee4fa64e74
[2024-10-16T10:07:43.967+0000] {warnings.py:110} WARNING - /home/***/.local/lib/python3.7/site-packages/***/utils/context.py:205: AirflowContextDeprecationWarning: Accessing 'execution_date' from the template is deprecated and will be removed in a future version. Please use 'data_interval_start' or 'logical_date' instead.
  warnings.warn(_create_deprecation_warning(key, self._deprecation_replacements[key]))

[2024-10-16T10:07:44.106+0000] {taskinstance.py:1513} INFO - Exporting the following env vars:
AIRFLOW_CTX_DAG_OWNER=***
AIRFLOW_CTX_DAG_ID=exchange_rate_usd_kzt_dag
AIRFLOW_CTX_TASK_ID=insert_rate
AIRFLOW_CTX_EXECUTION_DATE=2024-09-23T00:00:00+00:00
AIRFLOW_CTX_TRY_NUMBER=1
AIRFLOW_CTX_DAG_RUN_ID=scheduled__2024-09-23T00:00:00+00:00
[2024-10-16T10:07:44.112+0000] {sql.py:253} INFO - Executing: INSERT INTO
    currency_exchange_rates
VALUES ('USD', 'KZT', 480.89097859, '2024-09-23')
ON CONFLICT (base, currency, date) DO
    UPDATE
        SET rate = excluded.rate;
[2024-10-16T10:07:44.134+0000] {base.py:73} INFO - Using connection ID 'postgres_default' for task execution.
[2024-10-16T10:07:44.678+0000] {base.py:73} INFO - Using connection ID 'postgres_default' for task execution.
[2024-10-16T10:07:44.693+0000] {sql.py:364} INFO - Running statement: INSERT INTO
    currency_exchange_rates
VALUES ('USD', 'KZT', 480.89097859, '2024-09-23')
ON CONFLICT (base, currency, date) DO
    UPDATE
        SET rate = excluded.rate;, parameters: None
[2024-10-16T10:07:44.698+0000] {sql.py:373} INFO - Rows affected: 1
[2024-10-16T10:07:44.721+0000] {taskinstance.py:1327} INFO - Marking task as SUCCESS. dag_id=exchange_rate_usd_kzt_dag, task_id=insert_rate, execution_date=20240923T000000, start_date=20241016T100743, end_date=20241016T100744
[2024-10-16T10:07:44.773+0000] {local_task_job.py:159} INFO - Task exited with return code 0
[2024-10-16T10:07:44.972+0000] {taskinstance.py:2582} INFO - 0 downstream tasks scheduled from follow-on schedule check
