[2024-10-16T09:56:29.539+0000] {taskinstance.py:1087} INFO - Dependencies all met for <TaskInstance: exchange_rate_usd_kzt_dag.create_table_task scheduled__2024-07-21T00:00:00+00:00 [queued]>
[2024-10-16T09:56:29.563+0000] {taskinstance.py:1087} INFO - Dependencies all met for <TaskInstance: exchange_rate_usd_kzt_dag.create_table_task scheduled__2024-07-21T00:00:00+00:00 [queued]>
[2024-10-16T09:56:29.564+0000] {taskinstance.py:1283} INFO - 
--------------------------------------------------------------------------------
[2024-10-16T09:56:29.565+0000] {taskinstance.py:1284} INFO - Starting attempt 1 of 1
[2024-10-16T09:56:29.565+0000] {taskinstance.py:1285} INFO - 
--------------------------------------------------------------------------------
[2024-10-16T09:56:29.592+0000] {taskinstance.py:1304} INFO - Executing <Task(PostgresOperator): create_table_task> on 2024-07-21 00:00:00+00:00
[2024-10-16T09:56:29.604+0000] {standard_task_runner.py:55} INFO - Started process 9124 to run task
[2024-10-16T09:56:29.611+0000] {standard_task_runner.py:82} INFO - Running: ['***', 'tasks', 'run', 'exchange_rate_usd_kzt_dag', 'create_table_task', 'scheduled__2024-07-21T00:00:00+00:00', '--job-id', '1898', '--raw', '--subdir', 'DAGS_FOLDER/exchange_rates/__init__.py', '--cfg-path', '/tmp/tmphr8s9xx8']
[2024-10-16T09:56:29.613+0000] {standard_task_runner.py:83} INFO - Job 1898: Subtask create_table_task
[2024-10-16T09:56:29.813+0000] {task_command.py:389} INFO - Running <TaskInstance: exchange_rate_usd_kzt_dag.create_table_task scheduled__2024-07-21T00:00:00+00:00 [running]> on host 63ee4fa64e74
[2024-10-16T09:56:29.983+0000] {taskinstance.py:1513} INFO - Exporting the following env vars:
AIRFLOW_CTX_DAG_OWNER=***
AIRFLOW_CTX_DAG_ID=exchange_rate_usd_kzt_dag
AIRFLOW_CTX_TASK_ID=create_table_task
AIRFLOW_CTX_EXECUTION_DATE=2024-07-21T00:00:00+00:00
AIRFLOW_CTX_TRY_NUMBER=1
AIRFLOW_CTX_DAG_RUN_ID=scheduled__2024-07-21T00:00:00+00:00
[2024-10-16T09:56:29.984+0000] {sql.py:253} INFO - Executing: CREATE TABLE IF NOT EXISTS currency_exchange_rates (
    base VARCHAR(3) NOT NULL,
    currency VARCHAR(3) NOT NULL,
    rate NUMERIC(12, 3) NOT NULL,
    date DATE NOT NULL,
    UNIQUE (base, currency, date)
);
[2024-10-16T09:56:30.003+0000] {base.py:73} INFO - Using connection ID 'postgres_default' for task execution.
[2024-10-16T09:56:30.514+0000] {base.py:73} INFO - Using connection ID 'postgres_default' for task execution.
[2024-10-16T09:56:30.530+0000] {sql.py:364} INFO - Running statement: CREATE TABLE IF NOT EXISTS currency_exchange_rates (
    base VARCHAR(3) NOT NULL,
    currency VARCHAR(3) NOT NULL,
    rate NUMERIC(12, 3) NOT NULL,
    date DATE NOT NULL,
    UNIQUE (base, currency, date)
);, parameters: None
[2024-10-16T09:56:30.556+0000] {taskinstance.py:1327} INFO - Marking task as SUCCESS. dag_id=exchange_rate_usd_kzt_dag, task_id=create_table_task, execution_date=20240721T000000, start_date=20241016T095629, end_date=20241016T095630
[2024-10-16T09:56:30.737+0000] {local_task_job.py:159} INFO - Task exited with return code 0
[2024-10-16T09:56:30.819+0000] {taskinstance.py:2582} INFO - 1 downstream tasks scheduled from follow-on schedule check
[2024-10-16T10:06:26.531+0000] {taskinstance.py:1087} INFO - Dependencies all met for <TaskInstance: exchange_rate_usd_kzt_dag.create_table_task scheduled__2024-07-21T00:00:00+00:00 [queued]>
[2024-10-16T10:06:26.557+0000] {taskinstance.py:1087} INFO - Dependencies all met for <TaskInstance: exchange_rate_usd_kzt_dag.create_table_task scheduled__2024-07-21T00:00:00+00:00 [queued]>
[2024-10-16T10:06:26.558+0000] {taskinstance.py:1283} INFO - 
--------------------------------------------------------------------------------
[2024-10-16T10:06:26.559+0000] {taskinstance.py:1284} INFO - Starting attempt 1 of 1
[2024-10-16T10:06:26.560+0000] {taskinstance.py:1285} INFO - 
--------------------------------------------------------------------------------
[2024-10-16T10:06:26.598+0000] {taskinstance.py:1304} INFO - Executing <Task(PostgresOperator): create_table_task> on 2024-07-21 00:00:00+00:00
[2024-10-16T10:06:26.608+0000] {standard_task_runner.py:55} INFO - Started process 11679 to run task
[2024-10-16T10:06:26.620+0000] {standard_task_runner.py:82} INFO - Running: ['***', 'tasks', 'run', 'exchange_rate_usd_kzt_dag', 'create_table_task', 'scheduled__2024-07-21T00:00:00+00:00', '--job-id', '2624', '--raw', '--subdir', 'DAGS_FOLDER/exchange_rates/__init__.py', '--cfg-path', '/tmp/tmp59geed4d']
[2024-10-16T10:06:26.621+0000] {standard_task_runner.py:83} INFO - Job 2624: Subtask create_table_task
[2024-10-16T10:06:26.770+0000] {task_command.py:389} INFO - Running <TaskInstance: exchange_rate_usd_kzt_dag.create_table_task scheduled__2024-07-21T00:00:00+00:00 [running]> on host 63ee4fa64e74
[2024-10-16T10:06:26.922+0000] {taskinstance.py:1513} INFO - Exporting the following env vars:
AIRFLOW_CTX_DAG_OWNER=***
AIRFLOW_CTX_DAG_ID=exchange_rate_usd_kzt_dag
AIRFLOW_CTX_TASK_ID=create_table_task
AIRFLOW_CTX_EXECUTION_DATE=2024-07-21T00:00:00+00:00
AIRFLOW_CTX_TRY_NUMBER=1
AIRFLOW_CTX_DAG_RUN_ID=scheduled__2024-07-21T00:00:00+00:00
[2024-10-16T10:06:26.924+0000] {sql.py:253} INFO - Executing: CREATE TABLE IF NOT EXISTS currency_exchange_rates (
    base VARCHAR(3) NOT NULL,
    currency VARCHAR(3) NOT NULL,
    rate NUMERIC(12, 3) NOT NULL,
    date DATE NOT NULL,
    UNIQUE (base, currency, date)
);
[2024-10-16T10:06:26.944+0000] {base.py:73} INFO - Using connection ID 'postgres_default' for task execution.
[2024-10-16T10:06:27.447+0000] {base.py:73} INFO - Using connection ID 'postgres_default' for task execution.
[2024-10-16T10:06:27.463+0000] {sql.py:364} INFO - Running statement: CREATE TABLE IF NOT EXISTS currency_exchange_rates (
    base VARCHAR(3) NOT NULL,
    currency VARCHAR(3) NOT NULL,
    rate NUMERIC(12, 3) NOT NULL,
    date DATE NOT NULL,
    UNIQUE (base, currency, date)
);, parameters: None
[2024-10-16T10:06:27.491+0000] {taskinstance.py:1327} INFO - Marking task as SUCCESS. dag_id=exchange_rate_usd_kzt_dag, task_id=create_table_task, execution_date=20240721T000000, start_date=20241016T100626, end_date=20241016T100627
[2024-10-16T10:06:27.584+0000] {local_task_job.py:159} INFO - Task exited with return code 0
[2024-10-16T10:06:27.695+0000] {taskinstance.py:2582} INFO - 1 downstream tasks scheduled from follow-on schedule check
