[2024-10-16T09:12:33.445+0000] {taskinstance.py:1087} INFO - Dependencies all met for <TaskInstance: exchange_rate_usd_kzt_dag.insert_rate scheduled__2024-10-14T00:00:00+00:00 [queued]>
[2024-10-16T09:12:33.456+0000] {taskinstance.py:1087} INFO - Dependencies all met for <TaskInstance: exchange_rate_usd_kzt_dag.insert_rate scheduled__2024-10-14T00:00:00+00:00 [queued]>
[2024-10-16T09:12:33.456+0000] {taskinstance.py:1283} INFO - 
--------------------------------------------------------------------------------
[2024-10-16T09:12:33.457+0000] {taskinstance.py:1284} INFO - Starting attempt 1 of 1
[2024-10-16T09:12:33.457+0000] {taskinstance.py:1285} INFO - 
--------------------------------------------------------------------------------
[2024-10-16T09:12:33.474+0000] {taskinstance.py:1304} INFO - Executing <Task(PostgresOperator): insert_rate> on 2024-10-14 00:00:00+00:00
[2024-10-16T09:12:33.479+0000] {standard_task_runner.py:55} INFO - Started process 439 to run task
[2024-10-16T09:12:33.488+0000] {standard_task_runner.py:82} INFO - Running: ['***', 'tasks', 'run', 'exchange_rate_usd_kzt_dag', 'insert_rate', 'scheduled__2024-10-14T00:00:00+00:00', '--job-id', '91', '--raw', '--subdir', 'DAGS_FOLDER/exchange_rates/__init__.py', '--cfg-path', '/tmp/tmpjv8gwfdm']
[2024-10-16T09:12:33.488+0000] {standard_task_runner.py:83} INFO - Job 91: Subtask insert_rate
[2024-10-16T09:12:33.562+0000] {task_command.py:389} INFO - Running <TaskInstance: exchange_rate_usd_kzt_dag.insert_rate scheduled__2024-10-14T00:00:00+00:00 [running]> on host 63ee4fa64e74
[2024-10-16T09:12:33.602+0000] {warnings.py:110} WARNING - /home/***/.local/lib/python3.7/site-packages/***/utils/context.py:205: AirflowContextDeprecationWarning: Accessing 'execution_date' from the template is deprecated and will be removed in a future version. Please use 'data_interval_start' or 'logical_date' instead.
  warnings.warn(_create_deprecation_warning(key, self._deprecation_replacements[key]))

[2024-10-16T09:12:33.689+0000] {taskinstance.py:1513} INFO - Exporting the following env vars:
AIRFLOW_CTX_DAG_OWNER=***
AIRFLOW_CTX_DAG_ID=exchange_rate_usd_kzt_dag
AIRFLOW_CTX_TASK_ID=insert_rate
AIRFLOW_CTX_EXECUTION_DATE=2024-10-14T00:00:00+00:00
AIRFLOW_CTX_TRY_NUMBER=1
AIRFLOW_CTX_DAG_RUN_ID=scheduled__2024-10-14T00:00:00+00:00
[2024-10-16T09:12:33.691+0000] {sql.py:253} INFO - Executing: INSERT INTO
    currency_exchange_rates
VALUES ('USD', 'KZT', 486.0554852, '2024-10-14')
ON CONFLICT (base, currency, date) DO
    UPDATE
        SET rate = excluded.rate;
[2024-10-16T09:12:33.710+0000] {base.py:73} INFO - Using connection ID 'postgres_default' for task execution.
[2024-10-16T09:12:33.982+0000] {base.py:73} INFO - Using connection ID 'postgres_default' for task execution.
[2024-10-16T09:12:33.996+0000] {sql.py:364} INFO - Running statement: INSERT INTO
    currency_exchange_rates
VALUES ('USD', 'KZT', 486.0554852, '2024-10-14')
ON CONFLICT (base, currency, date) DO
    UPDATE
        SET rate = excluded.rate;, parameters: None
[2024-10-16T09:12:33.998+0000] {sql.py:373} INFO - Rows affected: 1
[2024-10-16T09:12:34.013+0000] {taskinstance.py:1327} INFO - Marking task as SUCCESS. dag_id=exchange_rate_usd_kzt_dag, task_id=insert_rate, execution_date=20241014T000000, start_date=20241016T091233, end_date=20241016T091234
[2024-10-16T09:12:34.072+0000] {local_task_job.py:159} INFO - Task exited with return code 0
[2024-10-16T09:12:34.094+0000] {taskinstance.py:2582} INFO - 0 downstream tasks scheduled from follow-on schedule check
[2024-10-16T10:08:00.268+0000] {taskinstance.py:1087} INFO - Dependencies all met for <TaskInstance: exchange_rate_usd_kzt_dag.insert_rate scheduled__2024-10-14T00:00:00+00:00 [queued]>
[2024-10-16T10:08:00.282+0000] {taskinstance.py:1087} INFO - Dependencies all met for <TaskInstance: exchange_rate_usd_kzt_dag.insert_rate scheduled__2024-10-14T00:00:00+00:00 [queued]>
[2024-10-16T10:08:00.283+0000] {taskinstance.py:1283} INFO - 
--------------------------------------------------------------------------------
[2024-10-16T10:08:00.283+0000] {taskinstance.py:1284} INFO - Starting attempt 1 of 1
[2024-10-16T10:08:00.284+0000] {taskinstance.py:1285} INFO - 
--------------------------------------------------------------------------------
[2024-10-16T10:08:00.302+0000] {taskinstance.py:1304} INFO - Executing <Task(PostgresOperator): insert_rate> on 2024-10-14 00:00:00+00:00
[2024-10-16T10:08:00.308+0000] {standard_task_runner.py:55} INFO - Started process 12354 to run task
[2024-10-16T10:08:00.313+0000] {standard_task_runner.py:82} INFO - Running: ['***', 'tasks', 'run', 'exchange_rate_usd_kzt_dag', 'insert_rate', 'scheduled__2024-10-14T00:00:00+00:00', '--job-id', '2885', '--raw', '--subdir', 'DAGS_FOLDER/exchange_rates/__init__.py', '--cfg-path', '/tmp/tmp4mjk2mt_']
[2024-10-16T10:08:00.314+0000] {standard_task_runner.py:83} INFO - Job 2885: Subtask insert_rate
[2024-10-16T10:08:00.402+0000] {task_command.py:389} INFO - Running <TaskInstance: exchange_rate_usd_kzt_dag.insert_rate scheduled__2024-10-14T00:00:00+00:00 [running]> on host 63ee4fa64e74
[2024-10-16T10:08:00.453+0000] {warnings.py:110} WARNING - /home/***/.local/lib/python3.7/site-packages/***/utils/context.py:205: AirflowContextDeprecationWarning: Accessing 'execution_date' from the template is deprecated and will be removed in a future version. Please use 'data_interval_start' or 'logical_date' instead.
  warnings.warn(_create_deprecation_warning(key, self._deprecation_replacements[key]))

[2024-10-16T10:08:00.511+0000] {taskinstance.py:1513} INFO - Exporting the following env vars:
AIRFLOW_CTX_DAG_OWNER=***
AIRFLOW_CTX_DAG_ID=exchange_rate_usd_kzt_dag
AIRFLOW_CTX_TASK_ID=insert_rate
AIRFLOW_CTX_EXECUTION_DATE=2024-10-14T00:00:00+00:00
AIRFLOW_CTX_TRY_NUMBER=1
AIRFLOW_CTX_DAG_RUN_ID=scheduled__2024-10-14T00:00:00+00:00
[2024-10-16T10:08:00.512+0000] {sql.py:253} INFO - Executing: INSERT INTO
    currency_exchange_rates
VALUES ('USD', 'KZT', 486.0554852, '2024-10-14')
ON CONFLICT (base, currency, date) DO
    UPDATE
        SET rate = excluded.rate;
[2024-10-16T10:08:00.522+0000] {base.py:73} INFO - Using connection ID 'postgres_default' for task execution.
[2024-10-16T10:08:00.739+0000] {base.py:73} INFO - Using connection ID 'postgres_default' for task execution.
[2024-10-16T10:08:00.748+0000] {sql.py:364} INFO - Running statement: INSERT INTO
    currency_exchange_rates
VALUES ('USD', 'KZT', 486.0554852, '2024-10-14')
ON CONFLICT (base, currency, date) DO
    UPDATE
        SET rate = excluded.rate;, parameters: None
[2024-10-16T10:08:00.750+0000] {sql.py:373} INFO - Rows affected: 1
[2024-10-16T10:08:00.762+0000] {taskinstance.py:1327} INFO - Marking task as SUCCESS. dag_id=exchange_rate_usd_kzt_dag, task_id=insert_rate, execution_date=20241014T000000, start_date=20241016T100800, end_date=20241016T100800
[2024-10-16T10:08:00.819+0000] {local_task_job.py:159} INFO - Task exited with return code 0
[2024-10-16T10:08:00.840+0000] {taskinstance.py:2582} INFO - 0 downstream tasks scheduled from follow-on schedule check
