[2024-10-16T09:40:37.848+0000] {taskinstance.py:1087} INFO - Dependencies all met for <TaskInstance: exchange_rate_usd_rus_dag.insert_rate scheduled__2024-10-05T00:00:00+00:00 [queued]>
[2024-10-16T09:40:37.869+0000] {taskinstance.py:1087} INFO - Dependencies all met for <TaskInstance: exchange_rate_usd_rus_dag.insert_rate scheduled__2024-10-05T00:00:00+00:00 [queued]>
[2024-10-16T09:40:37.870+0000] {taskinstance.py:1283} INFO - 
--------------------------------------------------------------------------------
[2024-10-16T09:40:37.870+0000] {taskinstance.py:1284} INFO - Starting attempt 1 of 1
[2024-10-16T09:40:37.871+0000] {taskinstance.py:1285} INFO - 
--------------------------------------------------------------------------------
[2024-10-16T09:40:37.896+0000] {taskinstance.py:1304} INFO - Executing <Task(PostgresOperator): insert_rate> on 2024-10-05 00:00:00+00:00
[2024-10-16T09:40:37.904+0000] {standard_task_runner.py:55} INFO - Started process 4455 to run task
[2024-10-16T09:40:37.912+0000] {standard_task_runner.py:82} INFO - Running: ['***', 'tasks', 'run', 'exchange_rate_usd_rus_dag', 'insert_rate', 'scheduled__2024-10-05T00:00:00+00:00', '--job-id', '454', '--raw', '--subdir', 'DAGS_FOLDER/RUS_DAG.py', '--cfg-path', '/tmp/tmppy2dzoyr']
[2024-10-16T09:40:37.913+0000] {standard_task_runner.py:83} INFO - Job 454: Subtask insert_rate
[2024-10-16T09:40:38.027+0000] {task_command.py:389} INFO - Running <TaskInstance: exchange_rate_usd_rus_dag.insert_rate scheduled__2024-10-05T00:00:00+00:00 [running]> on host 63ee4fa64e74
[2024-10-16T09:40:38.096+0000] {warnings.py:110} WARNING - /home/***/.local/lib/python3.7/site-packages/***/utils/context.py:205: AirflowContextDeprecationWarning: Accessing 'execution_date' from the template is deprecated and will be removed in a future version. Please use 'data_interval_start' or 'logical_date' instead.
  warnings.warn(_create_deprecation_warning(key, self._deprecation_replacements[key]))

[2024-10-16T09:40:38.205+0000] {taskinstance.py:1513} INFO - Exporting the following env vars:
AIRFLOW_CTX_DAG_OWNER=***
AIRFLOW_CTX_DAG_ID=exchange_rate_usd_rus_dag
AIRFLOW_CTX_TASK_ID=insert_rate
AIRFLOW_CTX_EXECUTION_DATE=2024-10-05T00:00:00+00:00
AIRFLOW_CTX_TRY_NUMBER=1
AIRFLOW_CTX_DAG_RUN_ID=scheduled__2024-10-05T00:00:00+00:00
[2024-10-16T09:40:38.207+0000] {sql.py:253} INFO - Executing: INSERT INTO
    currency_exchange_rates
VALUES ('USD', 'RUS', None, '2024-10-05')
ON CONFLICT (base, currency, date) DO
    UPDATE
        SET rate = excluded.rate;
[2024-10-16T09:40:38.226+0000] {base.py:73} INFO - Using connection ID 'postgres_default' for task execution.
[2024-10-16T09:40:38.631+0000] {base.py:73} INFO - Using connection ID 'postgres_default' for task execution.
[2024-10-16T09:40:38.644+0000] {sql.py:364} INFO - Running statement: INSERT INTO
    currency_exchange_rates
VALUES ('USD', 'RUS', None, '2024-10-05')
ON CONFLICT (base, currency, date) DO
    UPDATE
        SET rate = excluded.rate;, parameters: None
[2024-10-16T09:40:38.648+0000] {taskinstance.py:1772} ERROR - Task failed with exception
Traceback (most recent call last):
  File "/home/airflow/.local/lib/python3.7/site-packages/airflow/providers/common/sql/operators/sql.py", line 261, in execute
    return_last=self.return_last,
  File "/home/airflow/.local/lib/python3.7/site-packages/airflow/providers/common/sql/hooks/sql.py", line 338, in run
    self._run_command(cur, sql_statement, parameters)
  File "/home/airflow/.local/lib/python3.7/site-packages/airflow/providers/common/sql/hooks/sql.py", line 369, in _run_command
    cur.execute(sql_statement)
psycopg2.errors.UndefinedColumn: column "none" does not exist
LINE 3: VALUES ('USD', 'RUS', None, '2024-10-05')
                              ^

[2024-10-16T09:40:38.663+0000] {taskinstance.py:1327} INFO - Marking task as FAILED. dag_id=exchange_rate_usd_rus_dag, task_id=insert_rate, execution_date=20241005T000000, start_date=20241016T094037, end_date=20241016T094038
[2024-10-16T09:40:38.689+0000] {standard_task_runner.py:105} ERROR - Failed to execute job 454 for task insert_rate (column "none" does not exist
LINE 3: VALUES ('USD', 'RUS', None, '2024-10-05')
                              ^
; 4455)
[2024-10-16T09:40:38.708+0000] {local_task_job.py:159} INFO - Task exited with return code 1
[2024-10-16T09:40:38.749+0000] {taskinstance.py:2582} INFO - 0 downstream tasks scheduled from follow-on schedule check
[2024-10-16T09:50:27.407+0000] {taskinstance.py:1087} INFO - Dependencies all met for <TaskInstance: exchange_rate_usd_rus_dag.insert_rate scheduled__2024-10-05T00:00:00+00:00 [queued]>
[2024-10-16T09:50:27.432+0000] {taskinstance.py:1087} INFO - Dependencies all met for <TaskInstance: exchange_rate_usd_rus_dag.insert_rate scheduled__2024-10-05T00:00:00+00:00 [queued]>
[2024-10-16T09:50:27.433+0000] {taskinstance.py:1283} INFO - 
--------------------------------------------------------------------------------
[2024-10-16T09:50:27.433+0000] {taskinstance.py:1284} INFO - Starting attempt 1 of 1
[2024-10-16T09:50:27.434+0000] {taskinstance.py:1285} INFO - 
--------------------------------------------------------------------------------
[2024-10-16T09:50:27.463+0000] {taskinstance.py:1304} INFO - Executing <Task(PostgresOperator): insert_rate> on 2024-10-05 00:00:00+00:00
[2024-10-16T09:50:27.472+0000] {standard_task_runner.py:55} INFO - Started process 7294 to run task
[2024-10-16T09:50:27.480+0000] {standard_task_runner.py:82} INFO - Running: ['***', 'tasks', 'run', 'exchange_rate_usd_rus_dag', 'insert_rate', 'scheduled__2024-10-05T00:00:00+00:00', '--job-id', '1325', '--raw', '--subdir', 'DAGS_FOLDER/RUS_DAG.py', '--cfg-path', '/tmp/tmp0nr3cccx']
[2024-10-16T09:50:27.482+0000] {standard_task_runner.py:83} INFO - Job 1325: Subtask insert_rate
[2024-10-16T09:50:27.641+0000] {task_command.py:389} INFO - Running <TaskInstance: exchange_rate_usd_rus_dag.insert_rate scheduled__2024-10-05T00:00:00+00:00 [running]> on host 63ee4fa64e74
[2024-10-16T09:50:27.711+0000] {warnings.py:110} WARNING - /home/***/.local/lib/python3.7/site-packages/***/utils/context.py:205: AirflowContextDeprecationWarning: Accessing 'execution_date' from the template is deprecated and will be removed in a future version. Please use 'data_interval_start' or 'logical_date' instead.
  warnings.warn(_create_deprecation_warning(key, self._deprecation_replacements[key]))

[2024-10-16T09:50:27.813+0000] {taskinstance.py:1513} INFO - Exporting the following env vars:
AIRFLOW_CTX_DAG_OWNER=***
AIRFLOW_CTX_DAG_ID=exchange_rate_usd_rus_dag
AIRFLOW_CTX_TASK_ID=insert_rate
AIRFLOW_CTX_EXECUTION_DATE=2024-10-05T00:00:00+00:00
AIRFLOW_CTX_TRY_NUMBER=1
AIRFLOW_CTX_DAG_RUN_ID=scheduled__2024-10-05T00:00:00+00:00
[2024-10-16T09:50:27.815+0000] {sql.py:253} INFO - Executing: INSERT INTO
    currency_exchange_rates
VALUES ('USD', 'RUB', 94.99633328, '2024-10-05')
ON CONFLICT (base, currency, date) DO
    UPDATE
        SET rate = excluded.rate;
[2024-10-16T09:50:27.828+0000] {base.py:73} INFO - Using connection ID 'postgres_default' for task execution.
[2024-10-16T09:50:28.111+0000] {base.py:73} INFO - Using connection ID 'postgres_default' for task execution.
[2024-10-16T09:50:28.123+0000] {sql.py:364} INFO - Running statement: INSERT INTO
    currency_exchange_rates
VALUES ('USD', 'RUB', 94.99633328, '2024-10-05')
ON CONFLICT (base, currency, date) DO
    UPDATE
        SET rate = excluded.rate;, parameters: None
[2024-10-16T09:50:28.128+0000] {sql.py:373} INFO - Rows affected: 1
[2024-10-16T09:50:28.144+0000] {taskinstance.py:1327} INFO - Marking task as SUCCESS. dag_id=exchange_rate_usd_rus_dag, task_id=insert_rate, execution_date=20241005T000000, start_date=20241016T095027, end_date=20241016T095028
[2024-10-16T09:50:28.193+0000] {local_task_job.py:159} INFO - Task exited with return code 0
[2024-10-16T09:50:28.214+0000] {taskinstance.py:2582} INFO - 0 downstream tasks scheduled from follow-on schedule check
