[2024-10-16T09:40:19.947+0000] {taskinstance.py:1087} INFO - Dependencies all met for <TaskInstance: exchange_rate_usd_rus_dag.create_table_task scheduled__2024-09-22T00:00:00+00:00 [queued]>
[2024-10-16T09:40:19.965+0000] {taskinstance.py:1087} INFO - Dependencies all met for <TaskInstance: exchange_rate_usd_rus_dag.create_table_task scheduled__2024-09-22T00:00:00+00:00 [queued]>
[2024-10-16T09:40:19.966+0000] {taskinstance.py:1283} INFO - 
--------------------------------------------------------------------------------
[2024-10-16T09:40:19.967+0000] {taskinstance.py:1284} INFO - Starting attempt 1 of 1
[2024-10-16T09:40:19.967+0000] {taskinstance.py:1285} INFO - 
--------------------------------------------------------------------------------
[2024-10-16T09:40:19.991+0000] {taskinstance.py:1304} INFO - Executing <Task(PostgresOperator): create_table_task> on 2024-09-22 00:00:00+00:00
[2024-10-16T09:40:19.996+0000] {standard_task_runner.py:55} INFO - Started process 4296 to run task
[2024-10-16T09:40:20.001+0000] {standard_task_runner.py:82} INFO - Running: ['***', 'tasks', 'run', 'exchange_rate_usd_rus_dag', 'create_table_task', 'scheduled__2024-09-22T00:00:00+00:00', '--job-id', '394', '--raw', '--subdir', 'DAGS_FOLDER/RUS_DAG.py', '--cfg-path', '/tmp/tmps2ow1yhb']
[2024-10-16T09:40:20.002+0000] {standard_task_runner.py:83} INFO - Job 394: Subtask create_table_task
[2024-10-16T09:40:20.089+0000] {task_command.py:389} INFO - Running <TaskInstance: exchange_rate_usd_rus_dag.create_table_task scheduled__2024-09-22T00:00:00+00:00 [running]> on host 63ee4fa64e74
[2024-10-16T09:40:20.226+0000] {taskinstance.py:1513} INFO - Exporting the following env vars:
AIRFLOW_CTX_DAG_OWNER=***
AIRFLOW_CTX_DAG_ID=exchange_rate_usd_rus_dag
AIRFLOW_CTX_TASK_ID=create_table_task
AIRFLOW_CTX_EXECUTION_DATE=2024-09-22T00:00:00+00:00
AIRFLOW_CTX_TRY_NUMBER=1
AIRFLOW_CTX_DAG_RUN_ID=scheduled__2024-09-22T00:00:00+00:00
[2024-10-16T09:40:20.228+0000] {sql.py:253} INFO - Executing: CREATE TABLE IF NOT EXISTS currency_exchange_rates (
    base VARCHAR(3) NOT NULL,
    currency VARCHAR(3) NOT NULL,
    rate NUMERIC(12, 3) NOT NULL,
    date DATE NOT NULL,
    UNIQUE (base, currency, date)
);
[2024-10-16T09:40:20.248+0000] {base.py:73} INFO - Using connection ID 'postgres_default' for task execution.
[2024-10-16T09:40:20.666+0000] {base.py:73} INFO - Using connection ID 'postgres_default' for task execution.
[2024-10-16T09:40:20.680+0000] {sql.py:364} INFO - Running statement: CREATE TABLE IF NOT EXISTS currency_exchange_rates (
    base VARCHAR(3) NOT NULL,
    currency VARCHAR(3) NOT NULL,
    rate NUMERIC(12, 3) NOT NULL,
    date DATE NOT NULL,
    UNIQUE (base, currency, date)
);, parameters: None
[2024-10-16T09:40:20.707+0000] {taskinstance.py:1327} INFO - Marking task as SUCCESS. dag_id=exchange_rate_usd_rus_dag, task_id=create_table_task, execution_date=20240922T000000, start_date=20241016T094019, end_date=20241016T094020
[2024-10-16T09:40:20.755+0000] {local_task_job.py:159} INFO - Task exited with return code 0
[2024-10-16T09:40:20.828+0000] {taskinstance.py:2582} INFO - 1 downstream tasks scheduled from follow-on schedule check
[2024-10-16T09:50:08.824+0000] {taskinstance.py:1087} INFO - Dependencies all met for <TaskInstance: exchange_rate_usd_rus_dag.create_table_task scheduled__2024-09-22T00:00:00+00:00 [queued]>
[2024-10-16T09:50:08.840+0000] {taskinstance.py:1087} INFO - Dependencies all met for <TaskInstance: exchange_rate_usd_rus_dag.create_table_task scheduled__2024-09-22T00:00:00+00:00 [queued]>
[2024-10-16T09:50:08.841+0000] {taskinstance.py:1283} INFO - 
--------------------------------------------------------------------------------
[2024-10-16T09:50:08.841+0000] {taskinstance.py:1284} INFO - Starting attempt 1 of 1
[2024-10-16T09:50:08.842+0000] {taskinstance.py:1285} INFO - 
--------------------------------------------------------------------------------
[2024-10-16T09:50:08.862+0000] {taskinstance.py:1304} INFO - Executing <Task(PostgresOperator): create_table_task> on 2024-09-22 00:00:00+00:00
[2024-10-16T09:50:08.867+0000] {standard_task_runner.py:55} INFO - Started process 7168 to run task
[2024-10-16T09:50:08.873+0000] {standard_task_runner.py:82} INFO - Running: ['***', 'tasks', 'run', 'exchange_rate_usd_rus_dag', 'create_table_task', 'scheduled__2024-09-22T00:00:00+00:00', '--job-id', '1273', '--raw', '--subdir', 'DAGS_FOLDER/RUS_DAG.py', '--cfg-path', '/tmp/tmptm7lk_x0']
[2024-10-16T09:50:08.874+0000] {standard_task_runner.py:83} INFO - Job 1273: Subtask create_table_task
[2024-10-16T09:50:08.965+0000] {task_command.py:389} INFO - Running <TaskInstance: exchange_rate_usd_rus_dag.create_table_task scheduled__2024-09-22T00:00:00+00:00 [running]> on host 63ee4fa64e74
[2024-10-16T09:50:09.065+0000] {taskinstance.py:1513} INFO - Exporting the following env vars:
AIRFLOW_CTX_DAG_OWNER=***
AIRFLOW_CTX_DAG_ID=exchange_rate_usd_rus_dag
AIRFLOW_CTX_TASK_ID=create_table_task
AIRFLOW_CTX_EXECUTION_DATE=2024-09-22T00:00:00+00:00
AIRFLOW_CTX_TRY_NUMBER=1
AIRFLOW_CTX_DAG_RUN_ID=scheduled__2024-09-22T00:00:00+00:00
[2024-10-16T09:50:09.067+0000] {sql.py:253} INFO - Executing: CREATE TABLE IF NOT EXISTS currency_exchange_rates (
    base VARCHAR(3) NOT NULL,
    currency VARCHAR(3) NOT NULL,
    rate NUMERIC(12, 3) NOT NULL,
    date DATE NOT NULL,
    UNIQUE (base, currency, date)
);
[2024-10-16T09:50:09.081+0000] {base.py:73} INFO - Using connection ID 'postgres_default' for task execution.
[2024-10-16T09:50:09.428+0000] {base.py:73} INFO - Using connection ID 'postgres_default' for task execution.
[2024-10-16T09:50:09.448+0000] {sql.py:364} INFO - Running statement: CREATE TABLE IF NOT EXISTS currency_exchange_rates (
    base VARCHAR(3) NOT NULL,
    currency VARCHAR(3) NOT NULL,
    rate NUMERIC(12, 3) NOT NULL,
    date DATE NOT NULL,
    UNIQUE (base, currency, date)
);, parameters: None
[2024-10-16T09:50:09.476+0000] {taskinstance.py:1327} INFO - Marking task as SUCCESS. dag_id=exchange_rate_usd_rus_dag, task_id=create_table_task, execution_date=20240922T000000, start_date=20241016T095008, end_date=20241016T095009
[2024-10-16T09:50:09.542+0000] {local_task_job.py:159} INFO - Task exited with return code 0
[2024-10-16T09:50:09.591+0000] {taskinstance.py:2582} INFO - 1 downstream tasks scheduled from follow-on schedule check
