[2024-10-14T21:35:55.581+0000] {processor.py:153} INFO - Started process (PID=31678) to work on /opt/airflow/dags/first_dag.py
[2024-10-14T21:35:55.583+0000] {processor.py:743} INFO - Processing file /opt/airflow/dags/first_dag.py for tasks to queue
[2024-10-14T21:35:55.584+0000] {logging_mixin.py:137} INFO - [2024-10-14T21:35:55.584+0000] {dagbag.py:538} INFO - Filling up the DagBag from /opt/airflow/dags/first_dag.py
[2024-10-14T21:35:55.609+0000] {processor.py:753} INFO - DAG(s) dict_keys(['first_dag']) retrieved from /opt/airflow/dags/first_dag.py
[2024-10-14T21:35:55.820+0000] {logging_mixin.py:137} INFO - [2024-10-14T21:35:55.820+0000] {manager.py:504} INFO - Created Permission View: can read on DAG:first_dag
[2024-10-14T21:35:55.829+0000] {logging_mixin.py:137} INFO - [2024-10-14T21:35:55.829+0000] {manager.py:504} INFO - Created Permission View: can delete on DAG:first_dag
[2024-10-14T21:35:55.836+0000] {logging_mixin.py:137} INFO - [2024-10-14T21:35:55.836+0000] {manager.py:504} INFO - Created Permission View: can edit on DAG:first_dag
[2024-10-14T21:35:55.836+0000] {logging_mixin.py:137} INFO - [2024-10-14T21:35:55.836+0000] {dag.py:2676} INFO - Sync 1 DAGs
[2024-10-14T21:35:55.849+0000] {logging_mixin.py:137} INFO - [2024-10-14T21:35:55.849+0000] {dag.py:2697} INFO - Creating ORM DAG for first_dag
[2024-10-14T21:35:55.860+0000] {logging_mixin.py:137} INFO - [2024-10-14T21:35:55.860+0000] {dag.py:3427} INFO - Setting next_dagrun for first_dag to 2024-10-15T00:00:00+00:00, run_after=2024-10-16T00:00:00+00:00
[2024-10-14T21:35:55.879+0000] {processor.py:175} INFO - Processing /opt/airflow/dags/first_dag.py took 0.301 seconds
[2024-10-14T21:36:26.770+0000] {processor.py:153} INFO - Started process (PID=31765) to work on /opt/airflow/dags/first_dag.py
[2024-10-14T21:36:26.771+0000] {processor.py:743} INFO - Processing file /opt/airflow/dags/first_dag.py for tasks to queue
[2024-10-14T21:36:26.773+0000] {logging_mixin.py:137} INFO - [2024-10-14T21:36:26.773+0000] {dagbag.py:538} INFO - Filling up the DagBag from /opt/airflow/dags/first_dag.py
[2024-10-14T21:36:26.796+0000] {processor.py:753} INFO - DAG(s) dict_keys(['first_dag']) retrieved from /opt/airflow/dags/first_dag.py
[2024-10-14T21:36:26.855+0000] {logging_mixin.py:137} INFO - [2024-10-14T21:36:26.855+0000] {dag.py:2676} INFO - Sync 1 DAGs
[2024-10-14T21:36:26.895+0000] {logging_mixin.py:137} INFO - [2024-10-14T21:36:26.894+0000] {dag.py:3427} INFO - Setting next_dagrun for first_dag to 2024-10-15T00:00:00+00:00, run_after=2024-10-16T00:00:00+00:00
[2024-10-14T21:36:26.922+0000] {processor.py:175} INFO - Processing /opt/airflow/dags/first_dag.py took 0.158 seconds
[2024-10-14T21:36:56.960+0000] {processor.py:153} INFO - Started process (PID=31876) to work on /opt/airflow/dags/first_dag.py
[2024-10-14T21:36:56.961+0000] {processor.py:743} INFO - Processing file /opt/airflow/dags/first_dag.py for tasks to queue
[2024-10-14T21:36:56.962+0000] {logging_mixin.py:137} INFO - [2024-10-14T21:36:56.962+0000] {dagbag.py:538} INFO - Filling up the DagBag from /opt/airflow/dags/first_dag.py
[2024-10-14T21:36:56.985+0000] {processor.py:753} INFO - DAG(s) dict_keys(['first_dag']) retrieved from /opt/airflow/dags/first_dag.py
[2024-10-14T21:36:57.029+0000] {logging_mixin.py:137} INFO - [2024-10-14T21:36:57.028+0000] {dag.py:2676} INFO - Sync 1 DAGs
[2024-10-14T21:36:57.069+0000] {logging_mixin.py:137} INFO - [2024-10-14T21:36:57.069+0000] {dag.py:3427} INFO - Setting next_dagrun for first_dag to 2024-10-15T00:00:00+00:00, run_after=2024-10-16T00:00:00+00:00
[2024-10-14T21:36:57.100+0000] {processor.py:175} INFO - Processing /opt/airflow/dags/first_dag.py took 0.143 seconds
[2024-10-14T21:37:27.900+0000] {processor.py:153} INFO - Started process (PID=31963) to work on /opt/airflow/dags/first_dag.py
[2024-10-14T21:37:27.901+0000] {processor.py:743} INFO - Processing file /opt/airflow/dags/first_dag.py for tasks to queue
[2024-10-14T21:37:27.902+0000] {logging_mixin.py:137} INFO - [2024-10-14T21:37:27.902+0000] {dagbag.py:538} INFO - Filling up the DagBag from /opt/airflow/dags/first_dag.py
[2024-10-14T21:37:27.930+0000] {processor.py:753} INFO - DAG(s) dict_keys(['first_dag']) retrieved from /opt/airflow/dags/first_dag.py
[2024-10-14T21:37:27.973+0000] {logging_mixin.py:137} INFO - [2024-10-14T21:37:27.973+0000] {dag.py:2676} INFO - Sync 1 DAGs
[2024-10-14T21:37:28.004+0000] {logging_mixin.py:137} INFO - [2024-10-14T21:37:28.004+0000] {dag.py:3427} INFO - Setting next_dagrun for first_dag to 2024-10-15T00:00:00+00:00, run_after=2024-10-16T00:00:00+00:00
[2024-10-14T21:37:28.023+0000] {processor.py:175} INFO - Processing /opt/airflow/dags/first_dag.py took 0.127 seconds
[2024-10-14T21:37:58.238+0000] {processor.py:153} INFO - Started process (PID=32074) to work on /opt/airflow/dags/first_dag.py
[2024-10-14T21:37:58.240+0000] {processor.py:743} INFO - Processing file /opt/airflow/dags/first_dag.py for tasks to queue
[2024-10-14T21:37:58.241+0000] {logging_mixin.py:137} INFO - [2024-10-14T21:37:58.241+0000] {dagbag.py:538} INFO - Filling up the DagBag from /opt/airflow/dags/first_dag.py
[2024-10-14T21:37:58.261+0000] {processor.py:753} INFO - DAG(s) dict_keys(['first_dag']) retrieved from /opt/airflow/dags/first_dag.py
[2024-10-14T21:37:58.300+0000] {logging_mixin.py:137} INFO - [2024-10-14T21:37:58.300+0000] {dag.py:2676} INFO - Sync 1 DAGs
[2024-10-14T21:37:58.328+0000] {logging_mixin.py:137} INFO - [2024-10-14T21:37:58.328+0000] {dag.py:3427} INFO - Setting next_dagrun for first_dag to 2024-10-15T00:00:00+00:00, run_after=2024-10-16T00:00:00+00:00
[2024-10-14T21:37:58.347+0000] {processor.py:175} INFO - Processing /opt/airflow/dags/first_dag.py took 0.111 seconds
[2024-10-14T21:38:28.696+0000] {processor.py:153} INFO - Started process (PID=32161) to work on /opt/airflow/dags/first_dag.py
[2024-10-14T21:38:28.697+0000] {processor.py:743} INFO - Processing file /opt/airflow/dags/first_dag.py for tasks to queue
[2024-10-14T21:38:28.699+0000] {logging_mixin.py:137} INFO - [2024-10-14T21:38:28.699+0000] {dagbag.py:538} INFO - Filling up the DagBag from /opt/airflow/dags/first_dag.py
[2024-10-14T21:38:28.722+0000] {processor.py:753} INFO - DAG(s) dict_keys(['first_dag']) retrieved from /opt/airflow/dags/first_dag.py
[2024-10-14T21:38:28.764+0000] {logging_mixin.py:137} INFO - [2024-10-14T21:38:28.763+0000] {dag.py:2676} INFO - Sync 1 DAGs
[2024-10-14T21:38:28.792+0000] {logging_mixin.py:137} INFO - [2024-10-14T21:38:28.792+0000] {dag.py:3427} INFO - Setting next_dagrun for first_dag to 2024-10-15T00:00:00+00:00, run_after=2024-10-16T00:00:00+00:00
[2024-10-14T21:38:28.811+0000] {processor.py:175} INFO - Processing /opt/airflow/dags/first_dag.py took 0.119 seconds
[2024-10-14T21:38:59.105+0000] {processor.py:153} INFO - Started process (PID=32272) to work on /opt/airflow/dags/first_dag.py
[2024-10-14T21:38:59.110+0000] {processor.py:743} INFO - Processing file /opt/airflow/dags/first_dag.py for tasks to queue
[2024-10-14T21:38:59.112+0000] {logging_mixin.py:137} INFO - [2024-10-14T21:38:59.112+0000] {dagbag.py:538} INFO - Filling up the DagBag from /opt/airflow/dags/first_dag.py
[2024-10-14T21:38:59.152+0000] {processor.py:753} INFO - DAG(s) dict_keys(['first_dag']) retrieved from /opt/airflow/dags/first_dag.py
[2024-10-14T21:38:59.192+0000] {logging_mixin.py:137} INFO - [2024-10-14T21:38:59.192+0000] {dag.py:2676} INFO - Sync 1 DAGs
[2024-10-14T21:38:59.220+0000] {logging_mixin.py:137} INFO - [2024-10-14T21:38:59.220+0000] {dag.py:3427} INFO - Setting next_dagrun for first_dag to 2024-10-15T00:00:00+00:00, run_after=2024-10-16T00:00:00+00:00
[2024-10-14T21:38:59.240+0000] {processor.py:175} INFO - Processing /opt/airflow/dags/first_dag.py took 0.142 seconds
[2024-10-14T21:39:29.357+0000] {processor.py:153} INFO - Started process (PID=32359) to work on /opt/airflow/dags/first_dag.py
[2024-10-14T21:39:29.371+0000] {processor.py:743} INFO - Processing file /opt/airflow/dags/first_dag.py for tasks to queue
[2024-10-14T21:39:29.372+0000] {logging_mixin.py:137} INFO - [2024-10-14T21:39:29.372+0000] {dagbag.py:538} INFO - Filling up the DagBag from /opt/airflow/dags/first_dag.py
[2024-10-14T21:39:29.397+0000] {processor.py:753} INFO - DAG(s) dict_keys(['first_dag']) retrieved from /opt/airflow/dags/first_dag.py
[2024-10-14T21:39:29.440+0000] {logging_mixin.py:137} INFO - [2024-10-14T21:39:29.440+0000] {dag.py:2676} INFO - Sync 1 DAGs
[2024-10-14T21:39:29.477+0000] {logging_mixin.py:137} INFO - [2024-10-14T21:39:29.477+0000] {dag.py:3427} INFO - Setting next_dagrun for first_dag to 2024-10-15T00:00:00+00:00, run_after=2024-10-16T00:00:00+00:00
[2024-10-14T21:39:29.495+0000] {processor.py:175} INFO - Processing /opt/airflow/dags/first_dag.py took 0.143 seconds
[2024-10-14T21:39:59.881+0000] {processor.py:153} INFO - Started process (PID=32452) to work on /opt/airflow/dags/first_dag.py
[2024-10-14T21:39:59.882+0000] {processor.py:743} INFO - Processing file /opt/airflow/dags/first_dag.py for tasks to queue
[2024-10-14T21:39:59.883+0000] {logging_mixin.py:137} INFO - [2024-10-14T21:39:59.883+0000] {dagbag.py:538} INFO - Filling up the DagBag from /opt/airflow/dags/first_dag.py
[2024-10-14T21:39:59.908+0000] {processor.py:753} INFO - DAG(s) dict_keys(['first_dag']) retrieved from /opt/airflow/dags/first_dag.py
[2024-10-14T21:39:59.957+0000] {logging_mixin.py:137} INFO - [2024-10-14T21:39:59.957+0000] {dag.py:2676} INFO - Sync 1 DAGs
[2024-10-14T21:39:59.993+0000] {logging_mixin.py:137} INFO - [2024-10-14T21:39:59.993+0000] {dag.py:3427} INFO - Setting next_dagrun for first_dag to 2024-10-15T00:00:00+00:00, run_after=2024-10-16T00:00:00+00:00
[2024-10-14T21:40:00.015+0000] {processor.py:175} INFO - Processing /opt/airflow/dags/first_dag.py took 0.138 seconds
[2024-10-14T21:40:30.720+0000] {processor.py:153} INFO - Started process (PID=32555) to work on /opt/airflow/dags/first_dag.py
[2024-10-14T21:40:30.722+0000] {processor.py:743} INFO - Processing file /opt/airflow/dags/first_dag.py for tasks to queue
[2024-10-14T21:40:30.723+0000] {logging_mixin.py:137} INFO - [2024-10-14T21:40:30.722+0000] {dagbag.py:538} INFO - Filling up the DagBag from /opt/airflow/dags/first_dag.py
[2024-10-14T21:40:30.742+0000] {processor.py:753} INFO - DAG(s) dict_keys(['first_dag']) retrieved from /opt/airflow/dags/first_dag.py
[2024-10-14T21:40:30.780+0000] {logging_mixin.py:137} INFO - [2024-10-14T21:40:30.780+0000] {dag.py:2676} INFO - Sync 1 DAGs
[2024-10-14T21:40:30.806+0000] {logging_mixin.py:137} INFO - [2024-10-14T21:40:30.805+0000] {dag.py:3427} INFO - Setting next_dagrun for first_dag to 2024-10-15T00:00:00+00:00, run_after=2024-10-16T00:00:00+00:00
[2024-10-14T21:40:30.822+0000] {processor.py:175} INFO - Processing /opt/airflow/dags/first_dag.py took 0.105 seconds
[2024-10-14T21:41:01.127+0000] {processor.py:153} INFO - Started process (PID=32651) to work on /opt/airflow/dags/first_dag.py
[2024-10-14T21:41:01.129+0000] {processor.py:743} INFO - Processing file /opt/airflow/dags/first_dag.py for tasks to queue
[2024-10-14T21:41:01.131+0000] {logging_mixin.py:137} INFO - [2024-10-14T21:41:01.130+0000] {dagbag.py:538} INFO - Filling up the DagBag from /opt/airflow/dags/first_dag.py
[2024-10-14T21:41:01.154+0000] {processor.py:753} INFO - DAG(s) dict_keys(['first_dag']) retrieved from /opt/airflow/dags/first_dag.py
[2024-10-14T21:41:01.203+0000] {logging_mixin.py:137} INFO - [2024-10-14T21:41:01.203+0000] {dag.py:2676} INFO - Sync 1 DAGs
[2024-10-14T21:41:01.233+0000] {logging_mixin.py:137} INFO - [2024-10-14T21:41:01.233+0000] {dag.py:3427} INFO - Setting next_dagrun for first_dag to 2024-10-15T00:00:00+00:00, run_after=2024-10-16T00:00:00+00:00
[2024-10-14T21:41:01.253+0000] {processor.py:175} INFO - Processing /opt/airflow/dags/first_dag.py took 0.131 seconds
[2024-10-14T21:41:31.282+0000] {processor.py:153} INFO - Started process (PID=32753) to work on /opt/airflow/dags/first_dag.py
[2024-10-14T21:41:31.283+0000] {processor.py:743} INFO - Processing file /opt/airflow/dags/first_dag.py for tasks to queue
[2024-10-14T21:41:31.284+0000] {logging_mixin.py:137} INFO - [2024-10-14T21:41:31.284+0000] {dagbag.py:538} INFO - Filling up the DagBag from /opt/airflow/dags/first_dag.py
[2024-10-14T21:41:31.310+0000] {processor.py:753} INFO - DAG(s) dict_keys(['first_dag']) retrieved from /opt/airflow/dags/first_dag.py
[2024-10-14T21:41:31.354+0000] {logging_mixin.py:137} INFO - [2024-10-14T21:41:31.354+0000] {dag.py:2676} INFO - Sync 1 DAGs
[2024-10-14T21:41:31.383+0000] {logging_mixin.py:137} INFO - [2024-10-14T21:41:31.383+0000] {dag.py:3427} INFO - Setting next_dagrun for first_dag to 2024-10-15T00:00:00+00:00, run_after=2024-10-16T00:00:00+00:00
[2024-10-14T21:41:31.404+0000] {processor.py:175} INFO - Processing /opt/airflow/dags/first_dag.py took 0.126 seconds
[2024-10-14T21:42:01.620+0000] {processor.py:153} INFO - Started process (PID=32840) to work on /opt/airflow/dags/first_dag.py
[2024-10-14T21:42:01.622+0000] {processor.py:743} INFO - Processing file /opt/airflow/dags/first_dag.py for tasks to queue
[2024-10-14T21:42:01.623+0000] {logging_mixin.py:137} INFO - [2024-10-14T21:42:01.623+0000] {dagbag.py:538} INFO - Filling up the DagBag from /opt/airflow/dags/first_dag.py
[2024-10-14T21:42:01.648+0000] {processor.py:753} INFO - DAG(s) dict_keys(['first_dag']) retrieved from /opt/airflow/dags/first_dag.py
[2024-10-14T21:42:01.703+0000] {logging_mixin.py:137} INFO - [2024-10-14T21:42:01.702+0000] {dag.py:2676} INFO - Sync 1 DAGs
[2024-10-14T21:42:01.742+0000] {logging_mixin.py:137} INFO - [2024-10-14T21:42:01.742+0000] {dag.py:3427} INFO - Setting next_dagrun for first_dag to 2024-10-15T00:00:00+00:00, run_after=2024-10-16T00:00:00+00:00
[2024-10-14T21:42:01.770+0000] {processor.py:175} INFO - Processing /opt/airflow/dags/first_dag.py took 0.155 seconds
[2024-10-14T21:42:32.040+0000] {processor.py:153} INFO - Started process (PID=32951) to work on /opt/airflow/dags/first_dag.py
[2024-10-14T21:42:32.041+0000] {processor.py:743} INFO - Processing file /opt/airflow/dags/first_dag.py for tasks to queue
[2024-10-14T21:42:32.042+0000] {logging_mixin.py:137} INFO - [2024-10-14T21:42:32.042+0000] {dagbag.py:538} INFO - Filling up the DagBag from /opt/airflow/dags/first_dag.py
[2024-10-14T21:42:32.067+0000] {processor.py:753} INFO - DAG(s) dict_keys(['first_dag']) retrieved from /opt/airflow/dags/first_dag.py
[2024-10-14T21:42:32.108+0000] {logging_mixin.py:137} INFO - [2024-10-14T21:42:32.108+0000] {dag.py:2676} INFO - Sync 1 DAGs
[2024-10-14T21:42:32.138+0000] {logging_mixin.py:137} INFO - [2024-10-14T21:42:32.138+0000] {dag.py:3427} INFO - Setting next_dagrun for first_dag to 2024-10-15T00:00:00+00:00, run_after=2024-10-16T00:00:00+00:00
[2024-10-14T21:42:32.174+0000] {processor.py:175} INFO - Processing /opt/airflow/dags/first_dag.py took 0.139 seconds
[2024-10-14T21:43:02.255+0000] {processor.py:153} INFO - Started process (PID=33038) to work on /opt/airflow/dags/first_dag.py
[2024-10-14T21:43:02.257+0000] {processor.py:743} INFO - Processing file /opt/airflow/dags/first_dag.py for tasks to queue
[2024-10-14T21:43:02.258+0000] {logging_mixin.py:137} INFO - [2024-10-14T21:43:02.258+0000] {dagbag.py:538} INFO - Filling up the DagBag from /opt/airflow/dags/first_dag.py
[2024-10-14T21:43:02.295+0000] {processor.py:753} INFO - DAG(s) dict_keys(['first_dag']) retrieved from /opt/airflow/dags/first_dag.py
[2024-10-14T21:43:02.365+0000] {logging_mixin.py:137} INFO - [2024-10-14T21:43:02.365+0000] {dag.py:2676} INFO - Sync 1 DAGs
[2024-10-14T21:43:02.414+0000] {logging_mixin.py:137} INFO - [2024-10-14T21:43:02.414+0000] {dag.py:3427} INFO - Setting next_dagrun for first_dag to 2024-10-15T00:00:00+00:00, run_after=2024-10-16T00:00:00+00:00
[2024-10-14T21:43:02.441+0000] {processor.py:175} INFO - Processing /opt/airflow/dags/first_dag.py took 0.192 seconds
[2024-10-14T21:43:04.451+0000] {processor.py:153} INFO - Started process (PID=33039) to work on /opt/airflow/dags/first_dag.py
[2024-10-14T21:43:04.452+0000] {processor.py:743} INFO - Processing file /opt/airflow/dags/first_dag.py for tasks to queue
[2024-10-14T21:43:04.453+0000] {logging_mixin.py:137} INFO - [2024-10-14T21:43:04.453+0000] {dagbag.py:538} INFO - Filling up the DagBag from /opt/airflow/dags/first_dag.py
[2024-10-14T21:43:04.482+0000] {processor.py:753} INFO - DAG(s) dict_keys(['first_dag']) retrieved from /opt/airflow/dags/first_dag.py
[2024-10-14T21:43:04.586+0000] {logging_mixin.py:137} INFO - [2024-10-14T21:43:04.586+0000] {dag.py:2676} INFO - Sync 1 DAGs
[2024-10-14T21:43:04.624+0000] {logging_mixin.py:137} INFO - [2024-10-14T21:43:04.624+0000] {dag.py:3427} INFO - Setting next_dagrun for first_dag to 2024-10-10T00:00:00+00:00, run_after=2024-10-11T00:00:00+00:00
[2024-10-14T21:43:04.657+0000] {processor.py:175} INFO - Processing /opt/airflow/dags/first_dag.py took 0.211 seconds
[2024-10-14T21:43:35.606+0000] {processor.py:153} INFO - Started process (PID=33150) to work on /opt/airflow/dags/first_dag.py
[2024-10-14T21:43:35.608+0000] {processor.py:743} INFO - Processing file /opt/airflow/dags/first_dag.py for tasks to queue
[2024-10-14T21:43:35.609+0000] {logging_mixin.py:137} INFO - [2024-10-14T21:43:35.609+0000] {dagbag.py:538} INFO - Filling up the DagBag from /opt/airflow/dags/first_dag.py
[2024-10-14T21:43:35.638+0000] {processor.py:753} INFO - DAG(s) dict_keys(['first_dag']) retrieved from /opt/airflow/dags/first_dag.py
[2024-10-14T21:43:35.703+0000] {logging_mixin.py:137} INFO - [2024-10-14T21:43:35.703+0000] {dag.py:2676} INFO - Sync 1 DAGs
[2024-10-14T21:43:35.767+0000] {logging_mixin.py:137} INFO - [2024-10-14T21:43:35.767+0000] {dag.py:3427} INFO - Setting next_dagrun for first_dag to 2024-10-10T00:00:00+00:00, run_after=2024-10-11T00:00:00+00:00
[2024-10-14T21:43:35.811+0000] {processor.py:175} INFO - Processing /opt/airflow/dags/first_dag.py took 0.208 seconds
[2024-10-14T21:44:06.505+0000] {processor.py:153} INFO - Started process (PID=33237) to work on /opt/airflow/dags/first_dag.py
[2024-10-14T21:44:06.507+0000] {processor.py:743} INFO - Processing file /opt/airflow/dags/first_dag.py for tasks to queue
[2024-10-14T21:44:06.508+0000] {logging_mixin.py:137} INFO - [2024-10-14T21:44:06.508+0000] {dagbag.py:538} INFO - Filling up the DagBag from /opt/airflow/dags/first_dag.py
[2024-10-14T21:44:06.532+0000] {processor.py:753} INFO - DAG(s) dict_keys(['first_dag']) retrieved from /opt/airflow/dags/first_dag.py
[2024-10-14T21:44:06.574+0000] {logging_mixin.py:137} INFO - [2024-10-14T21:44:06.574+0000] {dag.py:2676} INFO - Sync 1 DAGs
[2024-10-14T21:44:06.606+0000] {logging_mixin.py:137} INFO - [2024-10-14T21:44:06.605+0000] {dag.py:3427} INFO - Setting next_dagrun for first_dag to 2024-10-14T00:00:00+00:00, run_after=2024-10-15T00:00:00+00:00
[2024-10-14T21:44:06.625+0000] {processor.py:175} INFO - Processing /opt/airflow/dags/first_dag.py took 0.125 seconds
[2024-10-14T21:44:37.208+0000] {processor.py:153} INFO - Started process (PID=33327) to work on /opt/airflow/dags/first_dag.py
[2024-10-14T21:44:37.209+0000] {processor.py:743} INFO - Processing file /opt/airflow/dags/first_dag.py for tasks to queue
[2024-10-14T21:44:37.210+0000] {logging_mixin.py:137} INFO - [2024-10-14T21:44:37.210+0000] {dagbag.py:538} INFO - Filling up the DagBag from /opt/airflow/dags/first_dag.py
[2024-10-14T21:44:37.237+0000] {processor.py:753} INFO - DAG(s) dict_keys(['first_dag']) retrieved from /opt/airflow/dags/first_dag.py
[2024-10-14T21:44:37.286+0000] {logging_mixin.py:137} INFO - [2024-10-14T21:44:37.286+0000] {dag.py:2676} INFO - Sync 1 DAGs
[2024-10-14T21:44:37.326+0000] {logging_mixin.py:137} INFO - [2024-10-14T21:44:37.326+0000] {dag.py:3427} INFO - Setting next_dagrun for first_dag to 2024-10-14T00:00:00+00:00, run_after=2024-10-15T00:00:00+00:00
[2024-10-14T21:44:37.357+0000] {processor.py:175} INFO - Processing /opt/airflow/dags/first_dag.py took 0.155 seconds
[2024-10-14T21:45:08.187+0000] {processor.py:153} INFO - Started process (PID=33438) to work on /opt/airflow/dags/first_dag.py
[2024-10-14T21:45:08.188+0000] {processor.py:743} INFO - Processing file /opt/airflow/dags/first_dag.py for tasks to queue
[2024-10-14T21:45:08.189+0000] {logging_mixin.py:137} INFO - [2024-10-14T21:45:08.189+0000] {dagbag.py:538} INFO - Filling up the DagBag from /opt/airflow/dags/first_dag.py
[2024-10-14T21:45:08.213+0000] {processor.py:753} INFO - DAG(s) dict_keys(['first_dag']) retrieved from /opt/airflow/dags/first_dag.py
[2024-10-14T21:45:08.256+0000] {logging_mixin.py:137} INFO - [2024-10-14T21:45:08.256+0000] {dag.py:2676} INFO - Sync 1 DAGs
[2024-10-14T21:45:08.286+0000] {logging_mixin.py:137} INFO - [2024-10-14T21:45:08.286+0000] {dag.py:3427} INFO - Setting next_dagrun for first_dag to 2024-10-14T00:00:00+00:00, run_after=2024-10-15T00:00:00+00:00
[2024-10-14T21:45:08.306+0000] {processor.py:175} INFO - Processing /opt/airflow/dags/first_dag.py took 0.124 seconds
[2024-10-14T21:45:38.788+0000] {processor.py:153} INFO - Started process (PID=33525) to work on /opt/airflow/dags/first_dag.py
[2024-10-14T21:45:38.789+0000] {processor.py:743} INFO - Processing file /opt/airflow/dags/first_dag.py for tasks to queue
[2024-10-14T21:45:38.790+0000] {logging_mixin.py:137} INFO - [2024-10-14T21:45:38.790+0000] {dagbag.py:538} INFO - Filling up the DagBag from /opt/airflow/dags/first_dag.py
[2024-10-14T21:45:38.813+0000] {processor.py:753} INFO - DAG(s) dict_keys(['first_dag']) retrieved from /opt/airflow/dags/first_dag.py
[2024-10-14T21:45:38.858+0000] {logging_mixin.py:137} INFO - [2024-10-14T21:45:38.857+0000] {dag.py:2676} INFO - Sync 1 DAGs
[2024-10-14T21:45:38.890+0000] {logging_mixin.py:137} INFO - [2024-10-14T21:45:38.890+0000] {dag.py:3427} INFO - Setting next_dagrun for first_dag to 2024-10-14T00:00:00+00:00, run_after=2024-10-15T00:00:00+00:00
[2024-10-14T21:45:38.910+0000] {processor.py:175} INFO - Processing /opt/airflow/dags/first_dag.py took 0.127 seconds
[2024-10-14T21:46:09.557+0000] {processor.py:153} INFO - Started process (PID=33636) to work on /opt/airflow/dags/first_dag.py
[2024-10-14T21:46:09.558+0000] {processor.py:743} INFO - Processing file /opt/airflow/dags/first_dag.py for tasks to queue
[2024-10-14T21:46:09.559+0000] {logging_mixin.py:137} INFO - [2024-10-14T21:46:09.559+0000] {dagbag.py:538} INFO - Filling up the DagBag from /opt/airflow/dags/first_dag.py
[2024-10-14T21:46:09.586+0000] {processor.py:753} INFO - DAG(s) dict_keys(['first_dag']) retrieved from /opt/airflow/dags/first_dag.py
[2024-10-14T21:46:09.636+0000] {logging_mixin.py:137} INFO - [2024-10-14T21:46:09.636+0000] {dag.py:2676} INFO - Sync 1 DAGs
[2024-10-14T21:46:09.676+0000] {logging_mixin.py:137} INFO - [2024-10-14T21:46:09.676+0000] {dag.py:3427} INFO - Setting next_dagrun for first_dag to 2024-10-14T00:00:00+00:00, run_after=2024-10-15T00:00:00+00:00
[2024-10-14T21:46:09.699+0000] {processor.py:175} INFO - Processing /opt/airflow/dags/first_dag.py took 0.147 seconds
[2024-10-14T21:46:39.965+0000] {processor.py:153} INFO - Started process (PID=33723) to work on /opt/airflow/dags/first_dag.py
[2024-10-14T21:46:39.966+0000] {processor.py:743} INFO - Processing file /opt/airflow/dags/first_dag.py for tasks to queue
[2024-10-14T21:46:39.968+0000] {logging_mixin.py:137} INFO - [2024-10-14T21:46:39.967+0000] {dagbag.py:538} INFO - Filling up the DagBag from /opt/airflow/dags/first_dag.py
[2024-10-14T21:46:39.990+0000] {processor.py:753} INFO - DAG(s) dict_keys(['first_dag']) retrieved from /opt/airflow/dags/first_dag.py
[2024-10-14T21:46:40.030+0000] {logging_mixin.py:137} INFO - [2024-10-14T21:46:40.030+0000] {dag.py:2676} INFO - Sync 1 DAGs
[2024-10-14T21:46:40.061+0000] {logging_mixin.py:137} INFO - [2024-10-14T21:46:40.061+0000] {dag.py:3427} INFO - Setting next_dagrun for first_dag to 2024-10-14T00:00:00+00:00, run_after=2024-10-15T00:00:00+00:00
[2024-10-14T21:46:40.081+0000] {processor.py:175} INFO - Processing /opt/airflow/dags/first_dag.py took 0.119 seconds
[2024-10-14T21:47:10.761+0000] {processor.py:153} INFO - Started process (PID=33819) to work on /opt/airflow/dags/first_dag.py
[2024-10-14T21:47:10.762+0000] {processor.py:743} INFO - Processing file /opt/airflow/dags/first_dag.py for tasks to queue
[2024-10-14T21:47:10.763+0000] {logging_mixin.py:137} INFO - [2024-10-14T21:47:10.763+0000] {dagbag.py:538} INFO - Filling up the DagBag from /opt/airflow/dags/first_dag.py
[2024-10-14T21:47:10.783+0000] {processor.py:753} INFO - DAG(s) dict_keys(['first_dag']) retrieved from /opt/airflow/dags/first_dag.py
[2024-10-14T21:47:10.822+0000] {logging_mixin.py:137} INFO - [2024-10-14T21:47:10.822+0000] {dag.py:2676} INFO - Sync 1 DAGs
[2024-10-14T21:47:10.854+0000] {logging_mixin.py:137} INFO - [2024-10-14T21:47:10.854+0000] {dag.py:3427} INFO - Setting next_dagrun for first_dag to 2024-10-14T00:00:00+00:00, run_after=2024-10-15T00:00:00+00:00
[2024-10-14T21:47:10.874+0000] {processor.py:175} INFO - Processing /opt/airflow/dags/first_dag.py took 0.115 seconds
[2024-10-14T21:47:41.089+0000] {processor.py:153} INFO - Started process (PID=33921) to work on /opt/airflow/dags/first_dag.py
[2024-10-14T21:47:41.091+0000] {processor.py:743} INFO - Processing file /opt/airflow/dags/first_dag.py for tasks to queue
[2024-10-14T21:47:41.092+0000] {logging_mixin.py:137} INFO - [2024-10-14T21:47:41.092+0000] {dagbag.py:538} INFO - Filling up the DagBag from /opt/airflow/dags/first_dag.py
[2024-10-14T21:47:41.114+0000] {processor.py:753} INFO - DAG(s) dict_keys(['first_dag']) retrieved from /opt/airflow/dags/first_dag.py
[2024-10-14T21:47:41.153+0000] {logging_mixin.py:137} INFO - [2024-10-14T21:47:41.153+0000] {dag.py:2676} INFO - Sync 1 DAGs
[2024-10-14T21:47:41.183+0000] {logging_mixin.py:137} INFO - [2024-10-14T21:47:41.183+0000] {dag.py:3427} INFO - Setting next_dagrun for first_dag to 2024-10-14T00:00:00+00:00, run_after=2024-10-15T00:00:00+00:00
[2024-10-14T21:47:41.203+0000] {processor.py:175} INFO - Processing /opt/airflow/dags/first_dag.py took 0.117 seconds
[2024-10-14T21:48:11.658+0000] {processor.py:153} INFO - Started process (PID=34008) to work on /opt/airflow/dags/first_dag.py
[2024-10-14T21:48:11.659+0000] {processor.py:743} INFO - Processing file /opt/airflow/dags/first_dag.py for tasks to queue
[2024-10-14T21:48:11.661+0000] {logging_mixin.py:137} INFO - [2024-10-14T21:48:11.660+0000] {dagbag.py:538} INFO - Filling up the DagBag from /opt/airflow/dags/first_dag.py
[2024-10-14T21:48:11.689+0000] {processor.py:753} INFO - DAG(s) dict_keys(['first_dag']) retrieved from /opt/airflow/dags/first_dag.py
[2024-10-14T21:48:11.751+0000] {logging_mixin.py:137} INFO - [2024-10-14T21:48:11.751+0000] {dag.py:2676} INFO - Sync 1 DAGs
[2024-10-14T21:48:11.785+0000] {logging_mixin.py:137} INFO - [2024-10-14T21:48:11.785+0000] {dag.py:3427} INFO - Setting next_dagrun for first_dag to 2024-10-14T00:00:00+00:00, run_after=2024-10-15T00:00:00+00:00
[2024-10-14T21:48:11.809+0000] {processor.py:175} INFO - Processing /opt/airflow/dags/first_dag.py took 0.157 seconds
[2024-10-14T21:48:41.840+0000] {processor.py:153} INFO - Started process (PID=34119) to work on /opt/airflow/dags/first_dag.py
[2024-10-14T21:48:41.842+0000] {processor.py:743} INFO - Processing file /opt/airflow/dags/first_dag.py for tasks to queue
[2024-10-14T21:48:41.843+0000] {logging_mixin.py:137} INFO - [2024-10-14T21:48:41.843+0000] {dagbag.py:538} INFO - Filling up the DagBag from /opt/airflow/dags/first_dag.py
[2024-10-14T21:48:41.867+0000] {processor.py:753} INFO - DAG(s) dict_keys(['first_dag']) retrieved from /opt/airflow/dags/first_dag.py
[2024-10-14T21:48:41.911+0000] {logging_mixin.py:137} INFO - [2024-10-14T21:48:41.911+0000] {dag.py:2676} INFO - Sync 1 DAGs
[2024-10-14T21:48:41.939+0000] {logging_mixin.py:137} INFO - [2024-10-14T21:48:41.939+0000] {dag.py:3427} INFO - Setting next_dagrun for first_dag to 2024-10-14T00:00:00+00:00, run_after=2024-10-15T00:00:00+00:00
[2024-10-14T21:48:41.956+0000] {processor.py:175} INFO - Processing /opt/airflow/dags/first_dag.py took 0.120 seconds
[2024-10-14T21:49:12.577+0000] {processor.py:153} INFO - Started process (PID=34206) to work on /opt/airflow/dags/first_dag.py
[2024-10-14T21:49:12.578+0000] {processor.py:743} INFO - Processing file /opt/airflow/dags/first_dag.py for tasks to queue
[2024-10-14T21:49:12.580+0000] {logging_mixin.py:137} INFO - [2024-10-14T21:49:12.579+0000] {dagbag.py:538} INFO - Filling up the DagBag from /opt/airflow/dags/first_dag.py
[2024-10-14T21:49:12.602+0000] {processor.py:753} INFO - DAG(s) dict_keys(['first_dag']) retrieved from /opt/airflow/dags/first_dag.py
[2024-10-14T21:49:12.640+0000] {logging_mixin.py:137} INFO - [2024-10-14T21:49:12.640+0000] {dag.py:2676} INFO - Sync 1 DAGs
[2024-10-14T21:49:12.668+0000] {logging_mixin.py:137} INFO - [2024-10-14T21:49:12.668+0000] {dag.py:3427} INFO - Setting next_dagrun for first_dag to 2024-10-14T00:00:00+00:00, run_after=2024-10-15T00:00:00+00:00
[2024-10-14T21:49:12.686+0000] {processor.py:175} INFO - Processing /opt/airflow/dags/first_dag.py took 0.112 seconds
[2024-10-14T21:49:42.751+0000] {processor.py:153} INFO - Started process (PID=34317) to work on /opt/airflow/dags/first_dag.py
[2024-10-14T21:49:42.752+0000] {processor.py:743} INFO - Processing file /opt/airflow/dags/first_dag.py for tasks to queue
[2024-10-14T21:49:42.754+0000] {logging_mixin.py:137} INFO - [2024-10-14T21:49:42.753+0000] {dagbag.py:538} INFO - Filling up the DagBag from /opt/airflow/dags/first_dag.py
[2024-10-14T21:49:42.779+0000] {processor.py:753} INFO - DAG(s) dict_keys(['first_dag']) retrieved from /opt/airflow/dags/first_dag.py
[2024-10-14T21:49:42.826+0000] {logging_mixin.py:137} INFO - [2024-10-14T21:49:42.825+0000] {dag.py:2676} INFO - Sync 1 DAGs
[2024-10-14T21:49:42.867+0000] {logging_mixin.py:137} INFO - [2024-10-14T21:49:42.867+0000] {dag.py:3427} INFO - Setting next_dagrun for first_dag to 2024-10-14T00:00:00+00:00, run_after=2024-10-15T00:00:00+00:00
[2024-10-14T21:49:42.890+0000] {processor.py:175} INFO - Processing /opt/airflow/dags/first_dag.py took 0.146 seconds
[2024-10-14T21:50:13.198+0000] {processor.py:153} INFO - Started process (PID=34403) to work on /opt/airflow/dags/first_dag.py
[2024-10-14T21:50:13.200+0000] {processor.py:743} INFO - Processing file /opt/airflow/dags/first_dag.py for tasks to queue
[2024-10-14T21:50:13.201+0000] {logging_mixin.py:137} INFO - [2024-10-14T21:50:13.200+0000] {dagbag.py:538} INFO - Filling up the DagBag from /opt/airflow/dags/first_dag.py
[2024-10-14T21:50:13.224+0000] {processor.py:753} INFO - DAG(s) dict_keys(['first_dag']) retrieved from /opt/airflow/dags/first_dag.py
[2024-10-14T21:50:13.264+0000] {logging_mixin.py:137} INFO - [2024-10-14T21:50:13.264+0000] {dag.py:2676} INFO - Sync 1 DAGs
[2024-10-14T21:50:13.292+0000] {logging_mixin.py:137} INFO - [2024-10-14T21:50:13.292+0000] {dag.py:3427} INFO - Setting next_dagrun for first_dag to 2024-10-14T00:00:00+00:00, run_after=2024-10-15T00:00:00+00:00
[2024-10-14T21:50:13.313+0000] {processor.py:175} INFO - Processing /opt/airflow/dags/first_dag.py took 0.118 seconds
[2024-10-14T21:50:43.608+0000] {processor.py:153} INFO - Started process (PID=34514) to work on /opt/airflow/dags/first_dag.py
[2024-10-14T21:50:43.610+0000] {processor.py:743} INFO - Processing file /opt/airflow/dags/first_dag.py for tasks to queue
[2024-10-14T21:50:43.612+0000] {logging_mixin.py:137} INFO - [2024-10-14T21:50:43.611+0000] {dagbag.py:538} INFO - Filling up the DagBag from /opt/airflow/dags/first_dag.py
[2024-10-14T21:50:43.635+0000] {processor.py:753} INFO - DAG(s) dict_keys(['first_dag']) retrieved from /opt/airflow/dags/first_dag.py
[2024-10-14T21:50:43.673+0000] {logging_mixin.py:137} INFO - [2024-10-14T21:50:43.673+0000] {dag.py:2676} INFO - Sync 1 DAGs
[2024-10-14T21:50:43.703+0000] {logging_mixin.py:137} INFO - [2024-10-14T21:50:43.703+0000] {dag.py:3427} INFO - Setting next_dagrun for first_dag to 2024-10-14T00:00:00+00:00, run_after=2024-10-15T00:00:00+00:00
[2024-10-14T21:50:43.733+0000] {processor.py:175} INFO - Processing /opt/airflow/dags/first_dag.py took 0.130 seconds
[2024-10-14T21:51:13.802+0000] {processor.py:153} INFO - Started process (PID=34601) to work on /opt/airflow/dags/first_dag.py
[2024-10-14T21:51:13.804+0000] {processor.py:743} INFO - Processing file /opt/airflow/dags/first_dag.py for tasks to queue
[2024-10-14T21:51:13.805+0000] {logging_mixin.py:137} INFO - [2024-10-14T21:51:13.805+0000] {dagbag.py:538} INFO - Filling up the DagBag from /opt/airflow/dags/first_dag.py
[2024-10-14T21:51:13.828+0000] {processor.py:753} INFO - DAG(s) dict_keys(['first_dag']) retrieved from /opt/airflow/dags/first_dag.py
[2024-10-14T21:51:13.868+0000] {logging_mixin.py:137} INFO - [2024-10-14T21:51:13.868+0000] {dag.py:2676} INFO - Sync 1 DAGs
[2024-10-14T21:51:13.897+0000] {logging_mixin.py:137} INFO - [2024-10-14T21:51:13.897+0000] {dag.py:3427} INFO - Setting next_dagrun for first_dag to 2024-10-14T00:00:00+00:00, run_after=2024-10-15T00:00:00+00:00
[2024-10-14T21:51:13.914+0000] {processor.py:175} INFO - Processing /opt/airflow/dags/first_dag.py took 0.116 seconds
[2024-10-14T21:51:44.322+0000] {processor.py:153} INFO - Started process (PID=34712) to work on /opt/airflow/dags/first_dag.py
[2024-10-14T21:51:44.323+0000] {processor.py:743} INFO - Processing file /opt/airflow/dags/first_dag.py for tasks to queue
[2024-10-14T21:51:44.324+0000] {logging_mixin.py:137} INFO - [2024-10-14T21:51:44.324+0000] {dagbag.py:538} INFO - Filling up the DagBag from /opt/airflow/dags/first_dag.py
[2024-10-14T21:51:44.347+0000] {processor.py:753} INFO - DAG(s) dict_keys(['first_dag']) retrieved from /opt/airflow/dags/first_dag.py
[2024-10-14T21:51:44.388+0000] {logging_mixin.py:137} INFO - [2024-10-14T21:51:44.387+0000] {dag.py:2676} INFO - Sync 1 DAGs
[2024-10-14T21:51:44.416+0000] {logging_mixin.py:137} INFO - [2024-10-14T21:51:44.416+0000] {dag.py:3427} INFO - Setting next_dagrun for first_dag to 2024-10-14T00:00:00+00:00, run_after=2024-10-15T00:00:00+00:00
[2024-10-14T21:51:44.433+0000] {processor.py:175} INFO - Processing /opt/airflow/dags/first_dag.py took 0.116 seconds
[2024-10-14T21:52:14.529+0000] {processor.py:153} INFO - Started process (PID=34799) to work on /opt/airflow/dags/first_dag.py
[2024-10-14T21:52:14.530+0000] {processor.py:743} INFO - Processing file /opt/airflow/dags/first_dag.py for tasks to queue
[2024-10-14T21:52:14.531+0000] {logging_mixin.py:137} INFO - [2024-10-14T21:52:14.531+0000] {dagbag.py:538} INFO - Filling up the DagBag from /opt/airflow/dags/first_dag.py
[2024-10-14T21:52:14.555+0000] {processor.py:753} INFO - DAG(s) dict_keys(['first_dag']) retrieved from /opt/airflow/dags/first_dag.py
[2024-10-14T21:52:14.599+0000] {logging_mixin.py:137} INFO - [2024-10-14T21:52:14.599+0000] {dag.py:2676} INFO - Sync 1 DAGs
[2024-10-14T21:52:14.627+0000] {logging_mixin.py:137} INFO - [2024-10-14T21:52:14.627+0000] {dag.py:3427} INFO - Setting next_dagrun for first_dag to 2024-10-14T00:00:00+00:00, run_after=2024-10-15T00:00:00+00:00
[2024-10-14T21:52:14.646+0000] {processor.py:175} INFO - Processing /opt/airflow/dags/first_dag.py took 0.120 seconds
[2024-10-14T21:52:44.759+0000] {processor.py:153} INFO - Started process (PID=34910) to work on /opt/airflow/dags/first_dag.py
[2024-10-14T21:52:44.760+0000] {processor.py:743} INFO - Processing file /opt/airflow/dags/first_dag.py for tasks to queue
[2024-10-14T21:52:44.761+0000] {logging_mixin.py:137} INFO - [2024-10-14T21:52:44.761+0000] {dagbag.py:538} INFO - Filling up the DagBag from /opt/airflow/dags/first_dag.py
[2024-10-14T21:52:44.787+0000] {processor.py:753} INFO - DAG(s) dict_keys(['first_dag']) retrieved from /opt/airflow/dags/first_dag.py
[2024-10-14T21:52:44.835+0000] {logging_mixin.py:137} INFO - [2024-10-14T21:52:44.835+0000] {dag.py:2676} INFO - Sync 1 DAGs
[2024-10-14T21:52:44.872+0000] {logging_mixin.py:137} INFO - [2024-10-14T21:52:44.872+0000] {dag.py:3427} INFO - Setting next_dagrun for first_dag to 2024-10-14T00:00:00+00:00, run_after=2024-10-15T00:00:00+00:00
[2024-10-14T21:52:44.893+0000] {processor.py:175} INFO - Processing /opt/airflow/dags/first_dag.py took 0.138 seconds
[2024-10-14T21:53:15.558+0000] {processor.py:153} INFO - Started process (PID=34997) to work on /opt/airflow/dags/first_dag.py
[2024-10-14T21:53:15.560+0000] {processor.py:743} INFO - Processing file /opt/airflow/dags/first_dag.py for tasks to queue
[2024-10-14T21:53:15.561+0000] {logging_mixin.py:137} INFO - [2024-10-14T21:53:15.561+0000] {dagbag.py:538} INFO - Filling up the DagBag from /opt/airflow/dags/first_dag.py
[2024-10-14T21:53:15.585+0000] {processor.py:753} INFO - DAG(s) dict_keys(['first_dag']) retrieved from /opt/airflow/dags/first_dag.py
[2024-10-14T21:53:15.638+0000] {logging_mixin.py:137} INFO - [2024-10-14T21:53:15.638+0000] {dag.py:2676} INFO - Sync 1 DAGs
[2024-10-14T21:53:15.671+0000] {logging_mixin.py:137} INFO - [2024-10-14T21:53:15.671+0000] {dag.py:3427} INFO - Setting next_dagrun for first_dag to 2024-10-14T00:00:00+00:00, run_after=2024-10-15T00:00:00+00:00
[2024-10-14T21:53:15.692+0000] {processor.py:175} INFO - Processing /opt/airflow/dags/first_dag.py took 0.138 seconds
[2024-10-14T21:53:46.153+0000] {processor.py:153} INFO - Started process (PID=35093) to work on /opt/airflow/dags/first_dag.py
[2024-10-14T21:53:46.155+0000] {processor.py:743} INFO - Processing file /opt/airflow/dags/first_dag.py for tasks to queue
[2024-10-14T21:53:46.156+0000] {logging_mixin.py:137} INFO - [2024-10-14T21:53:46.156+0000] {dagbag.py:538} INFO - Filling up the DagBag from /opt/airflow/dags/first_dag.py
[2024-10-14T21:53:46.222+0000] {processor.py:753} INFO - DAG(s) dict_keys(['first_dag']) retrieved from /opt/airflow/dags/first_dag.py
[2024-10-14T21:53:46.274+0000] {logging_mixin.py:137} INFO - [2024-10-14T21:53:46.274+0000] {dag.py:2676} INFO - Sync 1 DAGs
[2024-10-14T21:53:46.335+0000] {logging_mixin.py:137} INFO - [2024-10-14T21:53:46.334+0000] {dag.py:3427} INFO - Setting next_dagrun for first_dag to 2024-10-14T00:00:00+00:00, run_after=2024-10-15T00:00:00+00:00
[2024-10-14T21:53:46.387+0000] {processor.py:175} INFO - Processing /opt/airflow/dags/first_dag.py took 0.237 seconds
[2024-10-14T21:54:16.642+0000] {processor.py:153} INFO - Started process (PID=35195) to work on /opt/airflow/dags/first_dag.py
[2024-10-14T21:54:16.643+0000] {processor.py:743} INFO - Processing file /opt/airflow/dags/first_dag.py for tasks to queue
[2024-10-14T21:54:16.644+0000] {logging_mixin.py:137} INFO - [2024-10-14T21:54:16.644+0000] {dagbag.py:538} INFO - Filling up the DagBag from /opt/airflow/dags/first_dag.py
[2024-10-14T21:54:16.668+0000] {processor.py:753} INFO - DAG(s) dict_keys(['first_dag']) retrieved from /opt/airflow/dags/first_dag.py
[2024-10-14T21:54:16.711+0000] {logging_mixin.py:137} INFO - [2024-10-14T21:54:16.711+0000] {dag.py:2676} INFO - Sync 1 DAGs
[2024-10-14T21:54:16.739+0000] {logging_mixin.py:137} INFO - [2024-10-14T21:54:16.739+0000] {dag.py:3427} INFO - Setting next_dagrun for first_dag to 2024-10-14T00:00:00+00:00, run_after=2024-10-15T00:00:00+00:00
[2024-10-14T21:54:16.759+0000] {processor.py:175} INFO - Processing /opt/airflow/dags/first_dag.py took 0.121 seconds
[2024-10-14T21:54:46.886+0000] {processor.py:153} INFO - Started process (PID=35282) to work on /opt/airflow/dags/first_dag.py
[2024-10-14T21:54:46.888+0000] {processor.py:743} INFO - Processing file /opt/airflow/dags/first_dag.py for tasks to queue
[2024-10-14T21:54:46.889+0000] {logging_mixin.py:137} INFO - [2024-10-14T21:54:46.889+0000] {dagbag.py:538} INFO - Filling up the DagBag from /opt/airflow/dags/first_dag.py
[2024-10-14T21:54:46.912+0000] {processor.py:753} INFO - DAG(s) dict_keys(['first_dag']) retrieved from /opt/airflow/dags/first_dag.py
[2024-10-14T21:54:46.957+0000] {logging_mixin.py:137} INFO - [2024-10-14T21:54:46.957+0000] {dag.py:2676} INFO - Sync 1 DAGs
[2024-10-14T21:54:46.990+0000] {logging_mixin.py:137} INFO - [2024-10-14T21:54:46.990+0000] {dag.py:3427} INFO - Setting next_dagrun for first_dag to 2024-10-14T00:00:00+00:00, run_after=2024-10-15T00:00:00+00:00
[2024-10-14T21:54:47.013+0000] {processor.py:175} INFO - Processing /opt/airflow/dags/first_dag.py took 0.131 seconds
[2024-10-14T21:55:17.424+0000] {processor.py:153} INFO - Started process (PID=35392) to work on /opt/airflow/dags/first_dag.py
[2024-10-14T21:55:17.425+0000] {processor.py:743} INFO - Processing file /opt/airflow/dags/first_dag.py for tasks to queue
[2024-10-14T21:55:17.427+0000] {logging_mixin.py:137} INFO - [2024-10-14T21:55:17.426+0000] {dagbag.py:538} INFO - Filling up the DagBag from /opt/airflow/dags/first_dag.py
[2024-10-14T21:55:17.450+0000] {processor.py:753} INFO - DAG(s) dict_keys(['first_dag']) retrieved from /opt/airflow/dags/first_dag.py
[2024-10-14T21:55:17.495+0000] {logging_mixin.py:137} INFO - [2024-10-14T21:55:17.495+0000] {dag.py:2676} INFO - Sync 1 DAGs
[2024-10-14T21:55:17.524+0000] {logging_mixin.py:137} INFO - [2024-10-14T21:55:17.524+0000] {dag.py:3427} INFO - Setting next_dagrun for first_dag to 2024-10-14T00:00:00+00:00, run_after=2024-10-15T00:00:00+00:00
[2024-10-14T21:55:17.544+0000] {processor.py:175} INFO - Processing /opt/airflow/dags/first_dag.py took 0.123 seconds
[2024-10-14T21:55:47.911+0000] {processor.py:153} INFO - Started process (PID=35479) to work on /opt/airflow/dags/first_dag.py
[2024-10-14T21:55:47.912+0000] {processor.py:743} INFO - Processing file /opt/airflow/dags/first_dag.py for tasks to queue
[2024-10-14T21:55:47.914+0000] {logging_mixin.py:137} INFO - [2024-10-14T21:55:47.913+0000] {dagbag.py:538} INFO - Filling up the DagBag from /opt/airflow/dags/first_dag.py
[2024-10-14T21:55:47.937+0000] {processor.py:753} INFO - DAG(s) dict_keys(['first_dag']) retrieved from /opt/airflow/dags/first_dag.py
[2024-10-14T21:55:47.983+0000] {logging_mixin.py:137} INFO - [2024-10-14T21:55:47.982+0000] {dag.py:2676} INFO - Sync 1 DAGs
[2024-10-14T21:55:48.013+0000] {logging_mixin.py:137} INFO - [2024-10-14T21:55:48.013+0000] {dag.py:3427} INFO - Setting next_dagrun for first_dag to 2024-10-14T00:00:00+00:00, run_after=2024-10-15T00:00:00+00:00
[2024-10-14T21:55:48.032+0000] {processor.py:175} INFO - Processing /opt/airflow/dags/first_dag.py took 0.126 seconds
[2024-10-14T21:56:18.359+0000] {processor.py:153} INFO - Started process (PID=35590) to work on /opt/airflow/dags/first_dag.py
[2024-10-14T21:56:18.360+0000] {processor.py:743} INFO - Processing file /opt/airflow/dags/first_dag.py for tasks to queue
[2024-10-14T21:56:18.361+0000] {logging_mixin.py:137} INFO - [2024-10-14T21:56:18.361+0000] {dagbag.py:538} INFO - Filling up the DagBag from /opt/airflow/dags/first_dag.py
[2024-10-14T21:56:18.384+0000] {processor.py:753} INFO - DAG(s) dict_keys(['first_dag']) retrieved from /opt/airflow/dags/first_dag.py
[2024-10-14T21:56:18.426+0000] {logging_mixin.py:137} INFO - [2024-10-14T21:56:18.426+0000] {dag.py:2676} INFO - Sync 1 DAGs
[2024-10-14T21:56:18.455+0000] {logging_mixin.py:137} INFO - [2024-10-14T21:56:18.455+0000] {dag.py:3427} INFO - Setting next_dagrun for first_dag to 2024-10-14T00:00:00+00:00, run_after=2024-10-15T00:00:00+00:00
[2024-10-14T21:56:18.475+0000] {processor.py:175} INFO - Processing /opt/airflow/dags/first_dag.py took 0.120 seconds
[2024-10-14T21:56:48.725+0000] {processor.py:153} INFO - Started process (PID=35677) to work on /opt/airflow/dags/first_dag.py
[2024-10-14T21:56:48.726+0000] {processor.py:743} INFO - Processing file /opt/airflow/dags/first_dag.py for tasks to queue
[2024-10-14T21:56:48.728+0000] {logging_mixin.py:137} INFO - [2024-10-14T21:56:48.728+0000] {dagbag.py:538} INFO - Filling up the DagBag from /opt/airflow/dags/first_dag.py
[2024-10-14T21:56:48.750+0000] {processor.py:753} INFO - DAG(s) dict_keys(['first_dag']) retrieved from /opt/airflow/dags/first_dag.py
[2024-10-14T21:56:48.790+0000] {logging_mixin.py:137} INFO - [2024-10-14T21:56:48.790+0000] {dag.py:2676} INFO - Sync 1 DAGs
[2024-10-14T21:56:48.818+0000] {logging_mixin.py:137} INFO - [2024-10-14T21:56:48.818+0000] {dag.py:3427} INFO - Setting next_dagrun for first_dag to 2024-10-14T00:00:00+00:00, run_after=2024-10-15T00:00:00+00:00
[2024-10-14T21:56:48.836+0000] {processor.py:175} INFO - Processing /opt/airflow/dags/first_dag.py took 0.115 seconds
[2024-10-14T21:57:19.096+0000] {processor.py:153} INFO - Started process (PID=35787) to work on /opt/airflow/dags/first_dag.py
[2024-10-14T21:57:19.097+0000] {processor.py:743} INFO - Processing file /opt/airflow/dags/first_dag.py for tasks to queue
[2024-10-14T21:57:19.098+0000] {logging_mixin.py:137} INFO - [2024-10-14T21:57:19.098+0000] {dagbag.py:538} INFO - Filling up the DagBag from /opt/airflow/dags/first_dag.py
[2024-10-14T21:57:19.122+0000] {processor.py:753} INFO - DAG(s) dict_keys(['first_dag']) retrieved from /opt/airflow/dags/first_dag.py
[2024-10-14T21:57:19.161+0000] {logging_mixin.py:137} INFO - [2024-10-14T21:57:19.161+0000] {dag.py:2676} INFO - Sync 1 DAGs
[2024-10-14T21:57:19.191+0000] {logging_mixin.py:137} INFO - [2024-10-14T21:57:19.191+0000] {dag.py:3427} INFO - Setting next_dagrun for first_dag to 2024-10-14T00:00:00+00:00, run_after=2024-10-15T00:00:00+00:00
[2024-10-14T21:57:19.209+0000] {processor.py:175} INFO - Processing /opt/airflow/dags/first_dag.py took 0.118 seconds
[2024-10-14T21:57:49.476+0000] {processor.py:153} INFO - Started process (PID=35872) to work on /opt/airflow/dags/first_dag.py
[2024-10-14T21:57:49.478+0000] {processor.py:743} INFO - Processing file /opt/airflow/dags/first_dag.py for tasks to queue
[2024-10-14T21:57:49.479+0000] {logging_mixin.py:137} INFO - [2024-10-14T21:57:49.479+0000] {dagbag.py:538} INFO - Filling up the DagBag from /opt/airflow/dags/first_dag.py
[2024-10-14T21:57:49.503+0000] {processor.py:753} INFO - DAG(s) dict_keys(['first_dag']) retrieved from /opt/airflow/dags/first_dag.py
[2024-10-14T21:57:49.544+0000] {logging_mixin.py:137} INFO - [2024-10-14T21:57:49.544+0000] {dag.py:2676} INFO - Sync 1 DAGs
[2024-10-14T21:57:49.572+0000] {logging_mixin.py:137} INFO - [2024-10-14T21:57:49.572+0000] {dag.py:3427} INFO - Setting next_dagrun for first_dag to 2024-10-14T00:00:00+00:00, run_after=2024-10-15T00:00:00+00:00
[2024-10-14T21:57:49.590+0000] {processor.py:175} INFO - Processing /opt/airflow/dags/first_dag.py took 0.118 seconds
[2024-10-14T21:58:20.402+0000] {processor.py:153} INFO - Started process (PID=35983) to work on /opt/airflow/dags/first_dag.py
[2024-10-14T21:58:20.403+0000] {processor.py:743} INFO - Processing file /opt/airflow/dags/first_dag.py for tasks to queue
[2024-10-14T21:58:20.404+0000] {logging_mixin.py:137} INFO - [2024-10-14T21:58:20.403+0000] {dagbag.py:538} INFO - Filling up the DagBag from /opt/airflow/dags/first_dag.py
[2024-10-14T21:58:20.424+0000] {processor.py:753} INFO - DAG(s) dict_keys(['first_dag']) retrieved from /opt/airflow/dags/first_dag.py
[2024-10-14T21:58:20.466+0000] {logging_mixin.py:137} INFO - [2024-10-14T21:58:20.466+0000] {dag.py:2676} INFO - Sync 1 DAGs
[2024-10-14T21:58:20.499+0000] {logging_mixin.py:137} INFO - [2024-10-14T21:58:20.499+0000] {dag.py:3427} INFO - Setting next_dagrun for first_dag to 2024-10-14T00:00:00+00:00, run_after=2024-10-15T00:00:00+00:00
[2024-10-14T21:58:20.520+0000] {processor.py:175} INFO - Processing /opt/airflow/dags/first_dag.py took 0.122 seconds
[2024-10-14T21:58:51.243+0000] {processor.py:153} INFO - Started process (PID=36069) to work on /opt/airflow/dags/first_dag.py
[2024-10-14T21:58:51.244+0000] {processor.py:743} INFO - Processing file /opt/airflow/dags/first_dag.py for tasks to queue
[2024-10-14T21:58:51.245+0000] {logging_mixin.py:137} INFO - [2024-10-14T21:58:51.245+0000] {dagbag.py:538} INFO - Filling up the DagBag from /opt/airflow/dags/first_dag.py
[2024-10-14T21:58:51.276+0000] {processor.py:753} INFO - DAG(s) dict_keys(['first_dag']) retrieved from /opt/airflow/dags/first_dag.py
[2024-10-14T21:58:51.335+0000] {logging_mixin.py:137} INFO - [2024-10-14T21:58:51.335+0000] {dag.py:2676} INFO - Sync 1 DAGs
[2024-10-14T21:58:51.378+0000] {logging_mixin.py:137} INFO - [2024-10-14T21:58:51.378+0000] {dag.py:3427} INFO - Setting next_dagrun for first_dag to 2024-10-14T00:00:00+00:00, run_after=2024-10-15T00:00:00+00:00
[2024-10-14T21:58:51.408+0000] {processor.py:175} INFO - Processing /opt/airflow/dags/first_dag.py took 0.170 seconds
[2024-10-14T21:59:21.477+0000] {processor.py:153} INFO - Started process (PID=36180) to work on /opt/airflow/dags/first_dag.py
[2024-10-14T21:59:21.479+0000] {processor.py:743} INFO - Processing file /opt/airflow/dags/first_dag.py for tasks to queue
[2024-10-14T21:59:21.480+0000] {logging_mixin.py:137} INFO - [2024-10-14T21:59:21.480+0000] {dagbag.py:538} INFO - Filling up the DagBag from /opt/airflow/dags/first_dag.py
[2024-10-14T21:59:21.508+0000] {processor.py:753} INFO - DAG(s) dict_keys(['first_dag']) retrieved from /opt/airflow/dags/first_dag.py
[2024-10-14T21:59:21.557+0000] {logging_mixin.py:137} INFO - [2024-10-14T21:59:21.557+0000] {dag.py:2676} INFO - Sync 1 DAGs
[2024-10-14T21:59:21.592+0000] {logging_mixin.py:137} INFO - [2024-10-14T21:59:21.592+0000] {dag.py:3427} INFO - Setting next_dagrun for first_dag to 2024-10-14T00:00:00+00:00, run_after=2024-10-15T00:00:00+00:00
[2024-10-14T21:59:21.612+0000] {processor.py:175} INFO - Processing /opt/airflow/dags/first_dag.py took 0.141 seconds
[2024-10-14T21:59:52.060+0000] {processor.py:153} INFO - Started process (PID=36267) to work on /opt/airflow/dags/first_dag.py
[2024-10-14T21:59:52.062+0000] {processor.py:743} INFO - Processing file /opt/airflow/dags/first_dag.py for tasks to queue
[2024-10-14T21:59:52.063+0000] {logging_mixin.py:137} INFO - [2024-10-14T21:59:52.063+0000] {dagbag.py:538} INFO - Filling up the DagBag from /opt/airflow/dags/first_dag.py
[2024-10-14T21:59:52.087+0000] {processor.py:753} INFO - DAG(s) dict_keys(['first_dag']) retrieved from /opt/airflow/dags/first_dag.py
[2024-10-14T21:59:52.131+0000] {logging_mixin.py:137} INFO - [2024-10-14T21:59:52.131+0000] {dag.py:2676} INFO - Sync 1 DAGs
[2024-10-14T21:59:52.162+0000] {logging_mixin.py:137} INFO - [2024-10-14T21:59:52.162+0000] {dag.py:3427} INFO - Setting next_dagrun for first_dag to 2024-10-14T00:00:00+00:00, run_after=2024-10-15T00:00:00+00:00
[2024-10-14T21:59:52.182+0000] {processor.py:175} INFO - Processing /opt/airflow/dags/first_dag.py took 0.128 seconds
[2024-10-14T22:00:22.803+0000] {processor.py:153} INFO - Started process (PID=36378) to work on /opt/airflow/dags/first_dag.py
[2024-10-14T22:00:22.805+0000] {processor.py:743} INFO - Processing file /opt/airflow/dags/first_dag.py for tasks to queue
[2024-10-14T22:00:22.806+0000] {logging_mixin.py:137} INFO - [2024-10-14T22:00:22.806+0000] {dagbag.py:538} INFO - Filling up the DagBag from /opt/airflow/dags/first_dag.py
[2024-10-14T22:00:22.826+0000] {processor.py:753} INFO - DAG(s) dict_keys(['first_dag']) retrieved from /opt/airflow/dags/first_dag.py
[2024-10-14T22:00:22.870+0000] {logging_mixin.py:137} INFO - [2024-10-14T22:00:22.870+0000] {dag.py:2676} INFO - Sync 1 DAGs
[2024-10-14T22:00:22.904+0000] {logging_mixin.py:137} INFO - [2024-10-14T22:00:22.904+0000] {dag.py:3427} INFO - Setting next_dagrun for first_dag to 2024-10-14T00:00:00+00:00, run_after=2024-10-15T00:00:00+00:00
[2024-10-14T22:00:22.928+0000] {processor.py:175} INFO - Processing /opt/airflow/dags/first_dag.py took 0.128 seconds
[2024-10-14T22:00:53.276+0000] {processor.py:153} INFO - Started process (PID=36465) to work on /opt/airflow/dags/first_dag.py
[2024-10-14T22:00:53.277+0000] {processor.py:743} INFO - Processing file /opt/airflow/dags/first_dag.py for tasks to queue
[2024-10-14T22:00:53.278+0000] {logging_mixin.py:137} INFO - [2024-10-14T22:00:53.278+0000] {dagbag.py:538} INFO - Filling up the DagBag from /opt/airflow/dags/first_dag.py
[2024-10-14T22:00:53.302+0000] {processor.py:753} INFO - DAG(s) dict_keys(['first_dag']) retrieved from /opt/airflow/dags/first_dag.py
[2024-10-14T22:00:53.341+0000] {logging_mixin.py:137} INFO - [2024-10-14T22:00:53.341+0000] {dag.py:2676} INFO - Sync 1 DAGs
[2024-10-14T22:00:53.369+0000] {logging_mixin.py:137} INFO - [2024-10-14T22:00:53.369+0000] {dag.py:3427} INFO - Setting next_dagrun for first_dag to 2024-10-14T00:00:00+00:00, run_after=2024-10-15T00:00:00+00:00
[2024-10-14T22:00:53.387+0000] {processor.py:175} INFO - Processing /opt/airflow/dags/first_dag.py took 0.115 seconds
[2024-10-14T22:01:23.694+0000] {processor.py:153} INFO - Started process (PID=36575) to work on /opt/airflow/dags/first_dag.py
[2024-10-14T22:01:23.695+0000] {processor.py:743} INFO - Processing file /opt/airflow/dags/first_dag.py for tasks to queue
[2024-10-14T22:01:23.696+0000] {logging_mixin.py:137} INFO - [2024-10-14T22:01:23.696+0000] {dagbag.py:538} INFO - Filling up the DagBag from /opt/airflow/dags/first_dag.py
[2024-10-14T22:01:23.724+0000] {processor.py:753} INFO - DAG(s) dict_keys(['first_dag']) retrieved from /opt/airflow/dags/first_dag.py
[2024-10-14T22:01:23.774+0000] {logging_mixin.py:137} INFO - [2024-10-14T22:01:23.774+0000] {dag.py:2676} INFO - Sync 1 DAGs
[2024-10-14T22:01:23.815+0000] {logging_mixin.py:137} INFO - [2024-10-14T22:01:23.815+0000] {dag.py:3427} INFO - Setting next_dagrun for first_dag to 2024-10-14T00:00:00+00:00, run_after=2024-10-15T00:00:00+00:00
[2024-10-14T22:01:23.839+0000] {processor.py:175} INFO - Processing /opt/airflow/dags/first_dag.py took 0.148 seconds
[2024-10-14T22:01:54.264+0000] {processor.py:153} INFO - Started process (PID=36662) to work on /opt/airflow/dags/first_dag.py
[2024-10-14T22:01:54.266+0000] {processor.py:743} INFO - Processing file /opt/airflow/dags/first_dag.py for tasks to queue
[2024-10-14T22:01:54.267+0000] {logging_mixin.py:137} INFO - [2024-10-14T22:01:54.267+0000] {dagbag.py:538} INFO - Filling up the DagBag from /opt/airflow/dags/first_dag.py
[2024-10-14T22:01:54.294+0000] {processor.py:753} INFO - DAG(s) dict_keys(['first_dag']) retrieved from /opt/airflow/dags/first_dag.py
[2024-10-14T22:01:54.348+0000] {logging_mixin.py:137} INFO - [2024-10-14T22:01:54.348+0000] {dag.py:2676} INFO - Sync 1 DAGs
[2024-10-14T22:01:54.386+0000] {logging_mixin.py:137} INFO - [2024-10-14T22:01:54.386+0000] {dag.py:3427} INFO - Setting next_dagrun for first_dag to 2024-10-14T00:00:00+00:00, run_after=2024-10-15T00:00:00+00:00
[2024-10-14T22:01:54.414+0000] {processor.py:175} INFO - Processing /opt/airflow/dags/first_dag.py took 0.155 seconds
[2024-10-14T22:02:24.737+0000] {processor.py:153} INFO - Started process (PID=36773) to work on /opt/airflow/dags/first_dag.py
[2024-10-14T22:02:24.739+0000] {processor.py:743} INFO - Processing file /opt/airflow/dags/first_dag.py for tasks to queue
[2024-10-14T22:02:24.740+0000] {logging_mixin.py:137} INFO - [2024-10-14T22:02:24.740+0000] {dagbag.py:538} INFO - Filling up the DagBag from /opt/airflow/dags/first_dag.py
[2024-10-14T22:02:24.764+0000] {processor.py:753} INFO - DAG(s) dict_keys(['first_dag']) retrieved from /opt/airflow/dags/first_dag.py
[2024-10-14T22:02:24.815+0000] {logging_mixin.py:137} INFO - [2024-10-14T22:02:24.815+0000] {dag.py:2676} INFO - Sync 1 DAGs
[2024-10-14T22:02:24.856+0000] {logging_mixin.py:137} INFO - [2024-10-14T22:02:24.856+0000] {dag.py:3427} INFO - Setting next_dagrun for first_dag to 2024-10-14T00:00:00+00:00, run_after=2024-10-15T00:00:00+00:00
[2024-10-14T22:02:24.881+0000] {processor.py:175} INFO - Processing /opt/airflow/dags/first_dag.py took 0.148 seconds
[2024-10-14T22:02:57.611+0000] {processor.py:153} INFO - Started process (PID=36860) to work on /opt/airflow/dags/first_dag.py
[2024-10-14T22:02:57.615+0000] {processor.py:743} INFO - Processing file /opt/airflow/dags/first_dag.py for tasks to queue
[2024-10-14T22:02:57.618+0000] {logging_mixin.py:137} INFO - [2024-10-14T22:02:57.618+0000] {dagbag.py:538} INFO - Filling up the DagBag from /opt/airflow/dags/first_dag.py
[2024-10-14T22:02:57.742+0000] {processor.py:753} INFO - DAG(s) dict_keys(['first_dag']) retrieved from /opt/airflow/dags/first_dag.py
[2024-10-14T22:02:58.702+0000] {logging_mixin.py:137} INFO - [2024-10-14T22:02:58.701+0000] {dag.py:2676} INFO - Sync 1 DAGs
[2024-10-14T22:02:58.967+0000] {logging_mixin.py:137} INFO - [2024-10-14T22:02:58.961+0000] {dag.py:3427} INFO - Setting next_dagrun for first_dag to 2024-10-14T00:00:00+00:00, run_after=2024-10-15T00:00:00+00:00
[2024-10-14T22:02:59.186+0000] {processor.py:175} INFO - Processing /opt/airflow/dags/first_dag.py took 1.598 seconds
[2024-10-14T22:03:29.929+0000] {processor.py:153} INFO - Started process (PID=36947) to work on /opt/airflow/dags/first_dag.py
[2024-10-14T22:03:29.930+0000] {processor.py:743} INFO - Processing file /opt/airflow/dags/first_dag.py for tasks to queue
[2024-10-14T22:03:29.931+0000] {logging_mixin.py:137} INFO - [2024-10-14T22:03:29.931+0000] {dagbag.py:538} INFO - Filling up the DagBag from /opt/airflow/dags/first_dag.py
[2024-10-14T22:03:29.951+0000] {processor.py:753} INFO - DAG(s) dict_keys(['first_dag']) retrieved from /opt/airflow/dags/first_dag.py
[2024-10-14T22:03:29.990+0000] {logging_mixin.py:137} INFO - [2024-10-14T22:03:29.990+0000] {dag.py:2676} INFO - Sync 1 DAGs
[2024-10-14T22:03:30.021+0000] {logging_mixin.py:137} INFO - [2024-10-14T22:03:30.020+0000] {dag.py:3427} INFO - Setting next_dagrun for first_dag to 2024-10-14T00:00:00+00:00, run_after=2024-10-15T00:00:00+00:00
[2024-10-14T22:03:30.047+0000] {processor.py:175} INFO - Processing /opt/airflow/dags/first_dag.py took 0.122 seconds
[2024-10-14T22:04:00.849+0000] {processor.py:153} INFO - Started process (PID=37057) to work on /opt/airflow/dags/first_dag.py
[2024-10-14T22:04:00.850+0000] {processor.py:743} INFO - Processing file /opt/airflow/dags/first_dag.py for tasks to queue
[2024-10-14T22:04:00.851+0000] {logging_mixin.py:137} INFO - [2024-10-14T22:04:00.851+0000] {dagbag.py:538} INFO - Filling up the DagBag from /opt/airflow/dags/first_dag.py
[2024-10-14T22:04:00.873+0000] {processor.py:753} INFO - DAG(s) dict_keys(['first_dag']) retrieved from /opt/airflow/dags/first_dag.py
[2024-10-14T22:04:00.915+0000] {logging_mixin.py:137} INFO - [2024-10-14T22:04:00.915+0000] {dag.py:2676} INFO - Sync 1 DAGs
[2024-10-14T22:04:00.948+0000] {logging_mixin.py:137} INFO - [2024-10-14T22:04:00.948+0000] {dag.py:3427} INFO - Setting next_dagrun for first_dag to 2024-10-14T00:00:00+00:00, run_after=2024-10-15T00:00:00+00:00
[2024-10-14T22:04:00.969+0000] {processor.py:175} INFO - Processing /opt/airflow/dags/first_dag.py took 0.125 seconds
[2024-10-14T22:04:31.131+0000] {processor.py:153} INFO - Started process (PID=37144) to work on /opt/airflow/dags/first_dag.py
[2024-10-14T22:04:31.132+0000] {processor.py:743} INFO - Processing file /opt/airflow/dags/first_dag.py for tasks to queue
[2024-10-14T22:04:31.133+0000] {logging_mixin.py:137} INFO - [2024-10-14T22:04:31.133+0000] {dagbag.py:538} INFO - Filling up the DagBag from /opt/airflow/dags/first_dag.py
[2024-10-14T22:04:31.158+0000] {processor.py:753} INFO - DAG(s) dict_keys(['first_dag']) retrieved from /opt/airflow/dags/first_dag.py
[2024-10-14T22:04:31.207+0000] {logging_mixin.py:137} INFO - [2024-10-14T22:04:31.207+0000] {dag.py:2676} INFO - Sync 1 DAGs
[2024-10-14T22:04:31.247+0000] {logging_mixin.py:137} INFO - [2024-10-14T22:04:31.247+0000] {dag.py:3427} INFO - Setting next_dagrun for first_dag to 2024-10-14T00:00:00+00:00, run_after=2024-10-15T00:00:00+00:00
[2024-10-14T22:04:31.274+0000] {processor.py:175} INFO - Processing /opt/airflow/dags/first_dag.py took 0.147 seconds
[2024-10-14T22:05:01.651+0000] {processor.py:153} INFO - Started process (PID=37255) to work on /opt/airflow/dags/first_dag.py
[2024-10-14T22:05:01.652+0000] {processor.py:743} INFO - Processing file /opt/airflow/dags/first_dag.py for tasks to queue
[2024-10-14T22:05:01.653+0000] {logging_mixin.py:137} INFO - [2024-10-14T22:05:01.653+0000] {dagbag.py:538} INFO - Filling up the DagBag from /opt/airflow/dags/first_dag.py
[2024-10-14T22:05:01.673+0000] {processor.py:753} INFO - DAG(s) dict_keys(['first_dag']) retrieved from /opt/airflow/dags/first_dag.py
[2024-10-14T22:05:01.712+0000] {logging_mixin.py:137} INFO - [2024-10-14T22:05:01.711+0000] {dag.py:2676} INFO - Sync 1 DAGs
[2024-10-14T22:05:01.741+0000] {logging_mixin.py:137} INFO - [2024-10-14T22:05:01.741+0000] {dag.py:3427} INFO - Setting next_dagrun for first_dag to 2024-10-14T00:00:00+00:00, run_after=2024-10-15T00:00:00+00:00
[2024-10-14T22:05:01.761+0000] {processor.py:175} INFO - Processing /opt/airflow/dags/first_dag.py took 0.113 seconds
[2024-10-14T22:05:32.050+0000] {processor.py:153} INFO - Started process (PID=37342) to work on /opt/airflow/dags/first_dag.py
[2024-10-14T22:05:32.051+0000] {processor.py:743} INFO - Processing file /opt/airflow/dags/first_dag.py for tasks to queue
[2024-10-14T22:05:32.052+0000] {logging_mixin.py:137} INFO - [2024-10-14T22:05:32.052+0000] {dagbag.py:538} INFO - Filling up the DagBag from /opt/airflow/dags/first_dag.py
[2024-10-14T22:05:32.071+0000] {processor.py:753} INFO - DAG(s) dict_keys(['first_dag']) retrieved from /opt/airflow/dags/first_dag.py
[2024-10-14T22:05:32.117+0000] {logging_mixin.py:137} INFO - [2024-10-14T22:05:32.117+0000] {dag.py:2676} INFO - Sync 1 DAGs
[2024-10-14T22:05:32.148+0000] {logging_mixin.py:137} INFO - [2024-10-14T22:05:32.148+0000] {dag.py:3427} INFO - Setting next_dagrun for first_dag to 2024-10-14T00:00:00+00:00, run_after=2024-10-15T00:00:00+00:00
[2024-10-14T22:05:32.165+0000] {processor.py:175} INFO - Processing /opt/airflow/dags/first_dag.py took 0.119 seconds
[2024-10-14T22:05:43.426+0000] {processor.py:153} INFO - Started process (PID=37369) to work on /opt/airflow/dags/first_dag.py
[2024-10-14T22:05:43.432+0000] {processor.py:743} INFO - Processing file /opt/airflow/dags/first_dag.py for tasks to queue
[2024-10-14T22:05:43.433+0000] {logging_mixin.py:137} INFO - [2024-10-14T22:05:43.433+0000] {dagbag.py:538} INFO - Filling up the DagBag from /opt/airflow/dags/first_dag.py
[2024-10-14T22:05:43.467+0000] {processor.py:753} INFO - DAG(s) dict_keys(['dag_with_two_tasks']) retrieved from /opt/airflow/dags/first_dag.py
[2024-10-14T22:05:43.643+0000] {logging_mixin.py:137} INFO - [2024-10-14T22:05:43.643+0000] {manager.py:504} INFO - Created Permission View: can read on DAG:dag_with_two_tasks
[2024-10-14T22:05:43.653+0000] {logging_mixin.py:137} INFO - [2024-10-14T22:05:43.652+0000] {manager.py:504} INFO - Created Permission View: can delete on DAG:dag_with_two_tasks
[2024-10-14T22:05:43.659+0000] {logging_mixin.py:137} INFO - [2024-10-14T22:05:43.659+0000] {manager.py:504} INFO - Created Permission View: can edit on DAG:dag_with_two_tasks
[2024-10-14T22:05:43.660+0000] {logging_mixin.py:137} INFO - [2024-10-14T22:05:43.660+0000] {dag.py:2676} INFO - Sync 1 DAGs
[2024-10-14T22:05:43.807+0000] {logging_mixin.py:137} INFO - [2024-10-14T22:05:43.807+0000] {dag.py:2697} INFO - Creating ORM DAG for dag_with_two_tasks
[2024-10-14T22:05:43.832+0000] {logging_mixin.py:137} INFO - [2024-10-14T22:05:43.832+0000] {dag.py:3427} INFO - Setting next_dagrun for dag_with_two_tasks to 2024-10-10T00:00:00+00:00, run_after=2024-10-11T00:00:00+00:00
[2024-10-14T22:05:43.852+0000] {processor.py:175} INFO - Processing /opt/airflow/dags/first_dag.py took 0.430 seconds
[2024-10-14T22:05:44.813+0000] {processor.py:153} INFO - Started process (PID=37372) to work on /opt/airflow/dags/first_dag.py
[2024-10-14T22:05:44.815+0000] {processor.py:743} INFO - Processing file /opt/airflow/dags/first_dag.py for tasks to queue
[2024-10-14T22:05:44.819+0000] {logging_mixin.py:137} INFO - [2024-10-14T22:05:44.818+0000] {dagbag.py:538} INFO - Filling up the DagBag from /opt/airflow/dags/first_dag.py
[2024-10-14T22:05:44.850+0000] {processor.py:753} INFO - DAG(s) dict_keys(['dag_with_two_tasks']) retrieved from /opt/airflow/dags/first_dag.py
[2024-10-14T22:05:44.901+0000] {logging_mixin.py:137} INFO - [2024-10-14T22:05:44.901+0000] {dag.py:2676} INFO - Sync 1 DAGs
[2024-10-14T22:05:44.959+0000] {logging_mixin.py:137} INFO - [2024-10-14T22:05:44.959+0000] {dag.py:3427} INFO - Setting next_dagrun for dag_with_two_tasks to 2024-10-10T00:00:00+00:00, run_after=2024-10-11T00:00:00+00:00
[2024-10-14T22:05:44.991+0000] {processor.py:175} INFO - Processing /opt/airflow/dags/first_dag.py took 0.184 seconds
[2024-10-14T22:06:15.131+0000] {processor.py:153} INFO - Started process (PID=37468) to work on /opt/airflow/dags/first_dag.py
[2024-10-14T22:06:15.132+0000] {processor.py:743} INFO - Processing file /opt/airflow/dags/first_dag.py for tasks to queue
[2024-10-14T22:06:15.133+0000] {logging_mixin.py:137} INFO - [2024-10-14T22:06:15.133+0000] {dagbag.py:538} INFO - Filling up the DagBag from /opt/airflow/dags/first_dag.py
[2024-10-14T22:06:15.161+0000] {processor.py:753} INFO - DAG(s) dict_keys(['dag_with_two_tasks']) retrieved from /opt/airflow/dags/first_dag.py
[2024-10-14T22:06:15.252+0000] {logging_mixin.py:137} INFO - [2024-10-14T22:06:15.252+0000] {dag.py:2676} INFO - Sync 1 DAGs
[2024-10-14T22:06:15.294+0000] {logging_mixin.py:137} INFO - [2024-10-14T22:06:15.294+0000] {dag.py:3427} INFO - Setting next_dagrun for dag_with_two_tasks to 2024-10-10T00:00:00+00:00, run_after=2024-10-11T00:00:00+00:00
[2024-10-14T22:06:15.357+0000] {processor.py:175} INFO - Processing /opt/airflow/dags/first_dag.py took 0.231 seconds
[2024-10-14T22:06:45.836+0000] {processor.py:153} INFO - Started process (PID=37570) to work on /opt/airflow/dags/first_dag.py
[2024-10-14T22:06:45.837+0000] {processor.py:743} INFO - Processing file /opt/airflow/dags/first_dag.py for tasks to queue
[2024-10-14T22:06:45.838+0000] {logging_mixin.py:137} INFO - [2024-10-14T22:06:45.838+0000] {dagbag.py:538} INFO - Filling up the DagBag from /opt/airflow/dags/first_dag.py
[2024-10-14T22:06:45.864+0000] {processor.py:753} INFO - DAG(s) dict_keys(['dag_with_two_tasks']) retrieved from /opt/airflow/dags/first_dag.py
[2024-10-14T22:06:45.905+0000] {logging_mixin.py:137} INFO - [2024-10-14T22:06:45.905+0000] {dag.py:2676} INFO - Sync 1 DAGs
[2024-10-14T22:06:45.942+0000] {logging_mixin.py:137} INFO - [2024-10-14T22:06:45.942+0000] {dag.py:3427} INFO - Setting next_dagrun for dag_with_two_tasks to 2024-10-10T00:00:00+00:00, run_after=2024-10-11T00:00:00+00:00
[2024-10-14T22:06:45.965+0000] {processor.py:175} INFO - Processing /opt/airflow/dags/first_dag.py took 0.133 seconds
[2024-10-14T22:07:16.596+0000] {processor.py:153} INFO - Started process (PID=37657) to work on /opt/airflow/dags/first_dag.py
[2024-10-14T22:07:16.598+0000] {processor.py:743} INFO - Processing file /opt/airflow/dags/first_dag.py for tasks to queue
[2024-10-14T22:07:16.600+0000] {logging_mixin.py:137} INFO - [2024-10-14T22:07:16.599+0000] {dagbag.py:538} INFO - Filling up the DagBag from /opt/airflow/dags/first_dag.py
[2024-10-14T22:07:16.623+0000] {processor.py:753} INFO - DAG(s) dict_keys(['dag_with_two_tasks']) retrieved from /opt/airflow/dags/first_dag.py
[2024-10-14T22:07:16.662+0000] {logging_mixin.py:137} INFO - [2024-10-14T22:07:16.662+0000] {dag.py:2676} INFO - Sync 1 DAGs
[2024-10-14T22:07:16.695+0000] {logging_mixin.py:137} INFO - [2024-10-14T22:07:16.694+0000] {dag.py:3427} INFO - Setting next_dagrun for dag_with_two_tasks to 2024-10-10T00:00:00+00:00, run_after=2024-10-11T00:00:00+00:00
[2024-10-14T22:07:16.714+0000] {processor.py:175} INFO - Processing /opt/airflow/dags/first_dag.py took 0.124 seconds
[2024-10-14T22:07:47.081+0000] {processor.py:153} INFO - Started process (PID=37768) to work on /opt/airflow/dags/first_dag.py
[2024-10-14T22:07:47.082+0000] {processor.py:743} INFO - Processing file /opt/airflow/dags/first_dag.py for tasks to queue
[2024-10-14T22:07:47.083+0000] {logging_mixin.py:137} INFO - [2024-10-14T22:07:47.083+0000] {dagbag.py:538} INFO - Filling up the DagBag from /opt/airflow/dags/first_dag.py
[2024-10-14T22:07:47.107+0000] {processor.py:753} INFO - DAG(s) dict_keys(['dag_with_two_tasks']) retrieved from /opt/airflow/dags/first_dag.py
[2024-10-14T22:07:47.150+0000] {logging_mixin.py:137} INFO - [2024-10-14T22:07:47.149+0000] {dag.py:2676} INFO - Sync 1 DAGs
[2024-10-14T22:07:47.180+0000] {logging_mixin.py:137} INFO - [2024-10-14T22:07:47.180+0000] {dag.py:3427} INFO - Setting next_dagrun for dag_with_two_tasks to 2024-10-10T00:00:00+00:00, run_after=2024-10-11T00:00:00+00:00
[2024-10-14T22:07:47.201+0000] {processor.py:175} INFO - Processing /opt/airflow/dags/first_dag.py took 0.124 seconds
[2024-10-14T22:08:18.018+0000] {processor.py:153} INFO - Started process (PID=37855) to work on /opt/airflow/dags/first_dag.py
[2024-10-14T22:08:18.020+0000] {processor.py:743} INFO - Processing file /opt/airflow/dags/first_dag.py for tasks to queue
[2024-10-14T22:08:18.021+0000] {logging_mixin.py:137} INFO - [2024-10-14T22:08:18.021+0000] {dagbag.py:538} INFO - Filling up the DagBag from /opt/airflow/dags/first_dag.py
[2024-10-14T22:08:18.049+0000] {processor.py:753} INFO - DAG(s) dict_keys(['dag_with_two_tasks']) retrieved from /opt/airflow/dags/first_dag.py
[2024-10-14T22:08:18.102+0000] {logging_mixin.py:137} INFO - [2024-10-14T22:08:18.102+0000] {dag.py:2676} INFO - Sync 1 DAGs
[2024-10-14T22:08:18.142+0000] {logging_mixin.py:137} INFO - [2024-10-14T22:08:18.142+0000] {dag.py:3427} INFO - Setting next_dagrun for dag_with_two_tasks to 2024-10-10T00:00:00+00:00, run_after=2024-10-11T00:00:00+00:00
[2024-10-14T22:08:18.165+0000] {processor.py:175} INFO - Processing /opt/airflow/dags/first_dag.py took 0.151 seconds
[2024-10-14T22:08:48.328+0000] {processor.py:153} INFO - Started process (PID=37966) to work on /opt/airflow/dags/first_dag.py
[2024-10-14T22:08:48.330+0000] {processor.py:743} INFO - Processing file /opt/airflow/dags/first_dag.py for tasks to queue
[2024-10-14T22:08:48.331+0000] {logging_mixin.py:137} INFO - [2024-10-14T22:08:48.331+0000] {dagbag.py:538} INFO - Filling up the DagBag from /opt/airflow/dags/first_dag.py
[2024-10-14T22:08:48.356+0000] {processor.py:753} INFO - DAG(s) dict_keys(['dag_with_two_tasks']) retrieved from /opt/airflow/dags/first_dag.py
[2024-10-14T22:08:48.397+0000] {logging_mixin.py:137} INFO - [2024-10-14T22:08:48.397+0000] {dag.py:2676} INFO - Sync 1 DAGs
[2024-10-14T22:08:48.427+0000] {logging_mixin.py:137} INFO - [2024-10-14T22:08:48.426+0000] {dag.py:3427} INFO - Setting next_dagrun for dag_with_two_tasks to 2024-10-10T00:00:00+00:00, run_after=2024-10-11T00:00:00+00:00
[2024-10-14T22:08:48.448+0000] {processor.py:175} INFO - Processing /opt/airflow/dags/first_dag.py took 0.124 seconds
[2024-10-14T22:08:59.446+0000] {processor.py:153} INFO - Started process (PID=38025) to work on /opt/airflow/dags/first_dag.py
[2024-10-14T22:08:59.448+0000] {processor.py:743} INFO - Processing file /opt/airflow/dags/first_dag.py for tasks to queue
[2024-10-14T22:08:59.449+0000] {logging_mixin.py:137} INFO - [2024-10-14T22:08:59.449+0000] {dagbag.py:538} INFO - Filling up the DagBag from /opt/airflow/dags/first_dag.py
[2024-10-14T22:08:59.477+0000] {processor.py:753} INFO - DAG(s) dict_keys(['dag_with_two_tasks']) retrieved from /opt/airflow/dags/first_dag.py
[2024-10-14T22:08:59.516+0000] {logging_mixin.py:137} INFO - [2024-10-14T22:08:59.516+0000] {dag.py:2676} INFO - Sync 1 DAGs
[2024-10-14T22:08:59.546+0000] {logging_mixin.py:137} INFO - [2024-10-14T22:08:59.546+0000] {dag.py:3427} INFO - Setting next_dagrun for dag_with_two_tasks to 2024-10-10T00:00:00+00:00, run_after=2024-10-11T00:00:00+00:00
[2024-10-14T22:08:59.568+0000] {processor.py:175} INFO - Processing /opt/airflow/dags/first_dag.py took 0.126 seconds
[2024-10-14T22:09:02.472+0000] {processor.py:153} INFO - Started process (PID=38026) to work on /opt/airflow/dags/first_dag.py
[2024-10-14T22:09:02.474+0000] {processor.py:743} INFO - Processing file /opt/airflow/dags/first_dag.py for tasks to queue
[2024-10-14T22:09:02.475+0000] {logging_mixin.py:137} INFO - [2024-10-14T22:09:02.475+0000] {dagbag.py:538} INFO - Filling up the DagBag from /opt/airflow/dags/first_dag.py
[2024-10-14T22:09:02.507+0000] {processor.py:753} INFO - DAG(s) dict_keys(['dag_with_two_tasks']) retrieved from /opt/airflow/dags/first_dag.py
[2024-10-14T22:09:02.551+0000] {logging_mixin.py:137} INFO - [2024-10-14T22:09:02.550+0000] {dag.py:2676} INFO - Sync 1 DAGs
[2024-10-14T22:09:02.585+0000] {logging_mixin.py:137} INFO - [2024-10-14T22:09:02.585+0000] {dag.py:3427} INFO - Setting next_dagrun for dag_with_two_tasks to 2024-10-10T00:00:00+00:00, run_after=2024-10-11T00:00:00+00:00
[2024-10-14T22:09:02.608+0000] {processor.py:175} INFO - Processing /opt/airflow/dags/first_dag.py took 0.141 seconds
[2024-10-14T22:09:33.580+0000] {processor.py:153} INFO - Started process (PID=38113) to work on /opt/airflow/dags/first_dag.py
[2024-10-14T22:09:33.581+0000] {processor.py:743} INFO - Processing file /opt/airflow/dags/first_dag.py for tasks to queue
[2024-10-14T22:09:33.582+0000] {logging_mixin.py:137} INFO - [2024-10-14T22:09:33.582+0000] {dagbag.py:538} INFO - Filling up the DagBag from /opt/airflow/dags/first_dag.py
[2024-10-14T22:09:33.603+0000] {processor.py:753} INFO - DAG(s) dict_keys(['dag_with_two_tasks']) retrieved from /opt/airflow/dags/first_dag.py
[2024-10-14T22:09:33.651+0000] {logging_mixin.py:137} INFO - [2024-10-14T22:09:33.651+0000] {dag.py:2676} INFO - Sync 1 DAGs
[2024-10-14T22:09:33.689+0000] {logging_mixin.py:137} INFO - [2024-10-14T22:09:33.688+0000] {dag.py:3427} INFO - Setting next_dagrun for dag_with_two_tasks to 2024-10-10T00:00:00+00:00, run_after=2024-10-11T00:00:00+00:00
[2024-10-14T22:09:33.710+0000] {processor.py:175} INFO - Processing /opt/airflow/dags/first_dag.py took 0.133 seconds
[2024-10-14T22:10:04.217+0000] {processor.py:153} INFO - Started process (PID=38223) to work on /opt/airflow/dags/first_dag.py
[2024-10-14T22:10:04.219+0000] {processor.py:743} INFO - Processing file /opt/airflow/dags/first_dag.py for tasks to queue
[2024-10-14T22:10:04.220+0000] {logging_mixin.py:137} INFO - [2024-10-14T22:10:04.220+0000] {dagbag.py:538} INFO - Filling up the DagBag from /opt/airflow/dags/first_dag.py
[2024-10-14T22:10:04.245+0000] {processor.py:753} INFO - DAG(s) dict_keys(['dag_with_two_tasks']) retrieved from /opt/airflow/dags/first_dag.py
[2024-10-14T22:10:04.289+0000] {logging_mixin.py:137} INFO - [2024-10-14T22:10:04.289+0000] {dag.py:2676} INFO - Sync 1 DAGs
[2024-10-14T22:10:04.318+0000] {logging_mixin.py:137} INFO - [2024-10-14T22:10:04.318+0000] {dag.py:3427} INFO - Setting next_dagrun for dag_with_two_tasks to 2024-10-10T00:00:00+00:00, run_after=2024-10-11T00:00:00+00:00
[2024-10-14T22:10:04.338+0000] {processor.py:175} INFO - Processing /opt/airflow/dags/first_dag.py took 0.125 seconds
[2024-10-14T22:10:34.790+0000] {processor.py:153} INFO - Started process (PID=38310) to work on /opt/airflow/dags/first_dag.py
[2024-10-14T22:10:34.791+0000] {processor.py:743} INFO - Processing file /opt/airflow/dags/first_dag.py for tasks to queue
[2024-10-14T22:10:34.794+0000] {logging_mixin.py:137} INFO - [2024-10-14T22:10:34.794+0000] {dagbag.py:538} INFO - Filling up the DagBag from /opt/airflow/dags/first_dag.py
[2024-10-14T22:10:34.839+0000] {processor.py:753} INFO - DAG(s) dict_keys(['dag_with_two_tasks']) retrieved from /opt/airflow/dags/first_dag.py
[2024-10-14T22:10:34.910+0000] {logging_mixin.py:137} INFO - [2024-10-14T22:10:34.910+0000] {dag.py:2676} INFO - Sync 1 DAGs
[2024-10-14T22:10:34.969+0000] {logging_mixin.py:137} INFO - [2024-10-14T22:10:34.969+0000] {dag.py:3427} INFO - Setting next_dagrun for dag_with_two_tasks to 2024-10-10T00:00:00+00:00, run_after=2024-10-11T00:00:00+00:00
[2024-10-14T22:10:35.011+0000] {processor.py:175} INFO - Processing /opt/airflow/dags/first_dag.py took 0.226 seconds
[2024-10-14T22:11:05.386+0000] {processor.py:153} INFO - Started process (PID=38421) to work on /opt/airflow/dags/first_dag.py
[2024-10-14T22:11:05.387+0000] {processor.py:743} INFO - Processing file /opt/airflow/dags/first_dag.py for tasks to queue
[2024-10-14T22:11:05.388+0000] {logging_mixin.py:137} INFO - [2024-10-14T22:11:05.388+0000] {dagbag.py:538} INFO - Filling up the DagBag from /opt/airflow/dags/first_dag.py
[2024-10-14T22:11:05.414+0000] {processor.py:753} INFO - DAG(s) dict_keys(['dag_with_two_tasks']) retrieved from /opt/airflow/dags/first_dag.py
[2024-10-14T22:11:05.474+0000] {logging_mixin.py:137} INFO - [2024-10-14T22:11:05.474+0000] {dag.py:2676} INFO - Sync 1 DAGs
[2024-10-14T22:11:05.504+0000] {logging_mixin.py:137} INFO - [2024-10-14T22:11:05.504+0000] {dag.py:3427} INFO - Setting next_dagrun for dag_with_two_tasks to 2024-10-10T00:00:00+00:00, run_after=2024-10-11T00:00:00+00:00
[2024-10-14T22:11:05.523+0000] {processor.py:175} INFO - Processing /opt/airflow/dags/first_dag.py took 0.142 seconds
[2024-10-14T22:11:36.094+0000] {processor.py:153} INFO - Started process (PID=38508) to work on /opt/airflow/dags/first_dag.py
[2024-10-14T22:11:36.095+0000] {processor.py:743} INFO - Processing file /opt/airflow/dags/first_dag.py for tasks to queue
[2024-10-14T22:11:36.097+0000] {logging_mixin.py:137} INFO - [2024-10-14T22:11:36.096+0000] {dagbag.py:538} INFO - Filling up the DagBag from /opt/airflow/dags/first_dag.py
[2024-10-14T22:11:36.124+0000] {processor.py:753} INFO - DAG(s) dict_keys(['dag_with_two_tasks']) retrieved from /opt/airflow/dags/first_dag.py
[2024-10-14T22:11:36.170+0000] {logging_mixin.py:137} INFO - [2024-10-14T22:11:36.170+0000] {dag.py:2676} INFO - Sync 1 DAGs
[2024-10-14T22:11:36.202+0000] {logging_mixin.py:137} INFO - [2024-10-14T22:11:36.201+0000] {dag.py:3427} INFO - Setting next_dagrun for dag_with_two_tasks to 2024-10-10T00:00:00+00:00, run_after=2024-10-11T00:00:00+00:00
[2024-10-14T22:11:36.221+0000] {processor.py:175} INFO - Processing /opt/airflow/dags/first_dag.py took 0.132 seconds
[2024-10-14T22:12:06.502+0000] {processor.py:153} INFO - Started process (PID=38595) to work on /opt/airflow/dags/first_dag.py
[2024-10-14T22:12:06.504+0000] {processor.py:743} INFO - Processing file /opt/airflow/dags/first_dag.py for tasks to queue
[2024-10-14T22:12:06.505+0000] {logging_mixin.py:137} INFO - [2024-10-14T22:12:06.505+0000] {dagbag.py:538} INFO - Filling up the DagBag from /opt/airflow/dags/first_dag.py
[2024-10-14T22:12:06.525+0000] {processor.py:753} INFO - DAG(s) dict_keys(['dag_with_two_tasks']) retrieved from /opt/airflow/dags/first_dag.py
[2024-10-14T22:12:06.563+0000] {logging_mixin.py:137} INFO - [2024-10-14T22:12:06.563+0000] {dag.py:2676} INFO - Sync 1 DAGs
[2024-10-14T22:12:06.592+0000] {logging_mixin.py:137} INFO - [2024-10-14T22:12:06.592+0000] {dag.py:3427} INFO - Setting next_dagrun for dag_with_two_tasks to 2024-10-14T00:00:00+00:00, run_after=2024-10-15T00:00:00+00:00
[2024-10-14T22:12:06.609+0000] {processor.py:175} INFO - Processing /opt/airflow/dags/first_dag.py took 0.110 seconds
[2024-10-14T22:12:36.808+0000] {processor.py:153} INFO - Started process (PID=38706) to work on /opt/airflow/dags/first_dag.py
[2024-10-14T22:12:36.810+0000] {processor.py:743} INFO - Processing file /opt/airflow/dags/first_dag.py for tasks to queue
[2024-10-14T22:12:36.811+0000] {logging_mixin.py:137} INFO - [2024-10-14T22:12:36.811+0000] {dagbag.py:538} INFO - Filling up the DagBag from /opt/airflow/dags/first_dag.py
[2024-10-14T22:12:36.835+0000] {processor.py:753} INFO - DAG(s) dict_keys(['dag_with_two_tasks']) retrieved from /opt/airflow/dags/first_dag.py
[2024-10-14T22:12:36.875+0000] {logging_mixin.py:137} INFO - [2024-10-14T22:12:36.874+0000] {dag.py:2676} INFO - Sync 1 DAGs
[2024-10-14T22:12:36.903+0000] {logging_mixin.py:137} INFO - [2024-10-14T22:12:36.903+0000] {dag.py:3427} INFO - Setting next_dagrun for dag_with_two_tasks to 2024-10-14T00:00:00+00:00, run_after=2024-10-15T00:00:00+00:00
[2024-10-14T22:12:36.920+0000] {processor.py:175} INFO - Processing /opt/airflow/dags/first_dag.py took 0.116 seconds
[2024-10-14T22:13:07.146+0000] {processor.py:153} INFO - Started process (PID=38793) to work on /opt/airflow/dags/first_dag.py
[2024-10-14T22:13:07.147+0000] {processor.py:743} INFO - Processing file /opt/airflow/dags/first_dag.py for tasks to queue
[2024-10-14T22:13:07.149+0000] {logging_mixin.py:137} INFO - [2024-10-14T22:13:07.148+0000] {dagbag.py:538} INFO - Filling up the DagBag from /opt/airflow/dags/first_dag.py
[2024-10-14T22:13:07.173+0000] {processor.py:753} INFO - DAG(s) dict_keys(['dag_with_two_tasks']) retrieved from /opt/airflow/dags/first_dag.py
[2024-10-14T22:13:07.212+0000] {logging_mixin.py:137} INFO - [2024-10-14T22:13:07.212+0000] {dag.py:2676} INFO - Sync 1 DAGs
[2024-10-14T22:13:07.252+0000] {logging_mixin.py:137} INFO - [2024-10-14T22:13:07.252+0000] {dag.py:3427} INFO - Setting next_dagrun for dag_with_two_tasks to 2024-10-14T00:00:00+00:00, run_after=2024-10-15T00:00:00+00:00
[2024-10-14T22:13:07.322+0000] {processor.py:175} INFO - Processing /opt/airflow/dags/first_dag.py took 0.180 seconds
[2024-10-14T23:06:49.320+0000] {processor.py:153} INFO - Started process (PID=38830) to work on /opt/airflow/dags/first_dag.py
[2024-10-14T23:06:49.323+0000] {processor.py:743} INFO - Processing file /opt/airflow/dags/first_dag.py for tasks to queue
[2024-10-14T23:06:49.326+0000] {logging_mixin.py:137} INFO - [2024-10-14T23:06:49.325+0000] {dagbag.py:538} INFO - Filling up the DagBag from /opt/airflow/dags/first_dag.py
[2024-10-14T23:06:50.255+0000] {processor.py:753} INFO - DAG(s) dict_keys(['dag_with_two_tasks']) retrieved from /opt/airflow/dags/first_dag.py
[2024-10-14T23:06:50.307+0000] {logging_mixin.py:137} INFO - [2024-10-14T23:06:50.306+0000] {dag.py:2676} INFO - Sync 1 DAGs
[2024-10-14T23:06:50.360+0000] {logging_mixin.py:137} INFO - [2024-10-14T23:06:50.360+0000] {dag.py:3427} INFO - Setting next_dagrun for dag_with_two_tasks to 2024-10-14T00:00:00+00:00, run_after=2024-10-15T00:00:00+00:00
[2024-10-14T23:06:50.392+0000] {processor.py:175} INFO - Processing /opt/airflow/dags/first_dag.py took 1.078 seconds
