[2024-10-16T09:40:10.933+0000] {taskinstance.py:1087} INFO - Dependencies all met for <TaskInstance: exchange_rate_usd_rus_dag.insert_rate scheduled__2024-09-06T00:00:00+00:00 [queued]>
[2024-10-16T09:40:10.959+0000] {taskinstance.py:1087} INFO - Dependencies all met for <TaskInstance: exchange_rate_usd_rus_dag.insert_rate scheduled__2024-09-06T00:00:00+00:00 [queued]>
[2024-10-16T09:40:10.960+0000] {taskinstance.py:1283} INFO - 
--------------------------------------------------------------------------------
[2024-10-16T09:40:10.961+0000] {taskinstance.py:1284} INFO - Starting attempt 1 of 1
[2024-10-16T09:40:10.962+0000] {taskinstance.py:1285} INFO - 
--------------------------------------------------------------------------------
[2024-10-16T09:40:10.992+0000] {taskinstance.py:1304} INFO - Executing <Task(PostgresOperator): insert_rate> on 2024-09-06 00:00:00+00:00
[2024-10-16T09:40:11.000+0000] {standard_task_runner.py:55} INFO - Started process 4245 to run task
[2024-10-16T09:40:11.006+0000] {standard_task_runner.py:82} INFO - Running: ['***', 'tasks', 'run', 'exchange_rate_usd_rus_dag', 'insert_rate', 'scheduled__2024-09-06T00:00:00+00:00', '--job-id', '374', '--raw', '--subdir', 'DAGS_FOLDER/RUS_DAG.py', '--cfg-path', '/tmp/tmpt_odp85f']
[2024-10-16T09:40:11.008+0000] {standard_task_runner.py:83} INFO - Job 374: Subtask insert_rate
[2024-10-16T09:40:11.145+0000] {task_command.py:389} INFO - Running <TaskInstance: exchange_rate_usd_rus_dag.insert_rate scheduled__2024-09-06T00:00:00+00:00 [running]> on host 63ee4fa64e74
[2024-10-16T09:40:11.238+0000] {warnings.py:110} WARNING - /home/***/.local/lib/python3.7/site-packages/***/utils/context.py:205: AirflowContextDeprecationWarning: Accessing 'execution_date' from the template is deprecated and will be removed in a future version. Please use 'data_interval_start' or 'logical_date' instead.
  warnings.warn(_create_deprecation_warning(key, self._deprecation_replacements[key]))

[2024-10-16T09:40:11.364+0000] {taskinstance.py:1513} INFO - Exporting the following env vars:
AIRFLOW_CTX_DAG_OWNER=***
AIRFLOW_CTX_DAG_ID=exchange_rate_usd_rus_dag
AIRFLOW_CTX_TASK_ID=insert_rate
AIRFLOW_CTX_EXECUTION_DATE=2024-09-06T00:00:00+00:00
AIRFLOW_CTX_TRY_NUMBER=1
AIRFLOW_CTX_DAG_RUN_ID=scheduled__2024-09-06T00:00:00+00:00
[2024-10-16T09:40:11.366+0000] {sql.py:253} INFO - Executing: INSERT INTO
    currency_exchange_rates
VALUES ('USD', 'RUS', None, '2024-09-06')
ON CONFLICT (base, currency, date) DO
    UPDATE
        SET rate = excluded.rate;
[2024-10-16T09:40:11.388+0000] {base.py:73} INFO - Using connection ID 'postgres_default' for task execution.
[2024-10-16T09:40:11.852+0000] {base.py:73} INFO - Using connection ID 'postgres_default' for task execution.
[2024-10-16T09:40:11.869+0000] {sql.py:364} INFO - Running statement: INSERT INTO
    currency_exchange_rates
VALUES ('USD', 'RUS', None, '2024-09-06')
ON CONFLICT (base, currency, date) DO
    UPDATE
        SET rate = excluded.rate;, parameters: None
[2024-10-16T09:40:11.875+0000] {taskinstance.py:1772} ERROR - Task failed with exception
Traceback (most recent call last):
  File "/home/airflow/.local/lib/python3.7/site-packages/airflow/providers/common/sql/operators/sql.py", line 261, in execute
    return_last=self.return_last,
  File "/home/airflow/.local/lib/python3.7/site-packages/airflow/providers/common/sql/hooks/sql.py", line 338, in run
    self._run_command(cur, sql_statement, parameters)
  File "/home/airflow/.local/lib/python3.7/site-packages/airflow/providers/common/sql/hooks/sql.py", line 369, in _run_command
    cur.execute(sql_statement)
psycopg2.errors.UndefinedColumn: column "none" does not exist
LINE 3: VALUES ('USD', 'RUS', None, '2024-09-06')
                              ^

[2024-10-16T09:40:11.890+0000] {taskinstance.py:1327} INFO - Marking task as FAILED. dag_id=exchange_rate_usd_rus_dag, task_id=insert_rate, execution_date=20240906T000000, start_date=20241016T094010, end_date=20241016T094011
[2024-10-16T09:40:11.910+0000] {standard_task_runner.py:105} ERROR - Failed to execute job 374 for task insert_rate (column "none" does not exist
LINE 3: VALUES ('USD', 'RUS', None, '2024-09-06')
                              ^
; 4245)
[2024-10-16T09:40:11.924+0000] {local_task_job.py:159} INFO - Task exited with return code 1
[2024-10-16T09:40:11.957+0000] {taskinstance.py:2582} INFO - 0 downstream tasks scheduled from follow-on schedule check
[2024-10-16T09:49:55.913+0000] {taskinstance.py:1087} INFO - Dependencies all met for <TaskInstance: exchange_rate_usd_rus_dag.insert_rate scheduled__2024-09-06T00:00:00+00:00 [queued]>
[2024-10-16T09:49:55.931+0000] {taskinstance.py:1087} INFO - Dependencies all met for <TaskInstance: exchange_rate_usd_rus_dag.insert_rate scheduled__2024-09-06T00:00:00+00:00 [queued]>
[2024-10-16T09:49:55.932+0000] {taskinstance.py:1283} INFO - 
--------------------------------------------------------------------------------
[2024-10-16T09:49:55.933+0000] {taskinstance.py:1284} INFO - Starting attempt 1 of 1
[2024-10-16T09:49:55.934+0000] {taskinstance.py:1285} INFO - 
--------------------------------------------------------------------------------
[2024-10-16T09:49:55.959+0000] {taskinstance.py:1304} INFO - Executing <Task(PostgresOperator): insert_rate> on 2024-09-06 00:00:00+00:00
[2024-10-16T09:49:55.965+0000] {standard_task_runner.py:55} INFO - Started process 7083 to run task
[2024-10-16T09:49:55.971+0000] {standard_task_runner.py:82} INFO - Running: ['***', 'tasks', 'run', 'exchange_rate_usd_rus_dag', 'insert_rate', 'scheduled__2024-09-06T00:00:00+00:00', '--job-id', '1242', '--raw', '--subdir', 'DAGS_FOLDER/RUS_DAG.py', '--cfg-path', '/tmp/tmp1djrwhci']
[2024-10-16T09:49:55.972+0000] {standard_task_runner.py:83} INFO - Job 1242: Subtask insert_rate
[2024-10-16T09:49:56.080+0000] {task_command.py:389} INFO - Running <TaskInstance: exchange_rate_usd_rus_dag.insert_rate scheduled__2024-09-06T00:00:00+00:00 [running]> on host 63ee4fa64e74
[2024-10-16T09:49:56.138+0000] {warnings.py:110} WARNING - /home/***/.local/lib/python3.7/site-packages/***/utils/context.py:205: AirflowContextDeprecationWarning: Accessing 'execution_date' from the template is deprecated and will be removed in a future version. Please use 'data_interval_start' or 'logical_date' instead.
  warnings.warn(_create_deprecation_warning(key, self._deprecation_replacements[key]))

[2024-10-16T09:49:56.216+0000] {taskinstance.py:1513} INFO - Exporting the following env vars:
AIRFLOW_CTX_DAG_OWNER=***
AIRFLOW_CTX_DAG_ID=exchange_rate_usd_rus_dag
AIRFLOW_CTX_TASK_ID=insert_rate
AIRFLOW_CTX_EXECUTION_DATE=2024-09-06T00:00:00+00:00
AIRFLOW_CTX_TRY_NUMBER=1
AIRFLOW_CTX_DAG_RUN_ID=scheduled__2024-09-06T00:00:00+00:00
[2024-10-16T09:49:56.218+0000] {sql.py:253} INFO - Executing: INSERT INTO
    currency_exchange_rates
VALUES ('USD', 'RUB', 90.28211845, '2024-09-06')
ON CONFLICT (base, currency, date) DO
    UPDATE
        SET rate = excluded.rate;
[2024-10-16T09:49:56.233+0000] {base.py:73} INFO - Using connection ID 'postgres_default' for task execution.
[2024-10-16T09:49:56.513+0000] {base.py:73} INFO - Using connection ID 'postgres_default' for task execution.
[2024-10-16T09:49:56.524+0000] {sql.py:364} INFO - Running statement: INSERT INTO
    currency_exchange_rates
VALUES ('USD', 'RUB', 90.28211845, '2024-09-06')
ON CONFLICT (base, currency, date) DO
    UPDATE
        SET rate = excluded.rate;, parameters: None
[2024-10-16T09:49:56.527+0000] {sql.py:373} INFO - Rows affected: 1
[2024-10-16T09:49:56.543+0000] {taskinstance.py:1327} INFO - Marking task as SUCCESS. dag_id=exchange_rate_usd_rus_dag, task_id=insert_rate, execution_date=20240906T000000, start_date=20241016T094955, end_date=20241016T094956
[2024-10-16T09:49:56.600+0000] {local_task_job.py:159} INFO - Task exited with return code 0
[2024-10-16T09:49:56.624+0000] {taskinstance.py:2582} INFO - 0 downstream tasks scheduled from follow-on schedule check
