[2024-10-16T09:39:52.313+0000] {taskinstance.py:1087} INFO - Dependencies all met for <TaskInstance: exchange_rate_usd_rus_dag.get_rate scheduled__2024-08-29T00:00:00+00:00 [queued]>
[2024-10-16T09:39:52.333+0000] {taskinstance.py:1087} INFO - Dependencies all met for <TaskInstance: exchange_rate_usd_rus_dag.get_rate scheduled__2024-08-29T00:00:00+00:00 [queued]>
[2024-10-16T09:39:52.334+0000] {taskinstance.py:1283} INFO - 
--------------------------------------------------------------------------------
[2024-10-16T09:39:52.334+0000] {taskinstance.py:1284} INFO - Starting attempt 1 of 1
[2024-10-16T09:39:52.335+0000] {taskinstance.py:1285} INFO - 
--------------------------------------------------------------------------------
[2024-10-16T09:39:52.363+0000] {taskinstance.py:1304} INFO - Executing <Task(CurrencyScoopOperator): get_rate> on 2024-08-29 00:00:00+00:00
[2024-10-16T09:39:52.371+0000] {standard_task_runner.py:55} INFO - Started process 4151 to run task
[2024-10-16T09:39:52.376+0000] {standard_task_runner.py:82} INFO - Running: ['***', 'tasks', 'run', 'exchange_rate_usd_rus_dag', 'get_rate', 'scheduled__2024-08-29T00:00:00+00:00', '--job-id', '338', '--raw', '--subdir', 'DAGS_FOLDER/RUS_DAG.py', '--cfg-path', '/tmp/tmpr0yf_sih']
[2024-10-16T09:39:52.378+0000] {standard_task_runner.py:83} INFO - Job 338: Subtask get_rate
[2024-10-16T09:39:52.478+0000] {task_command.py:389} INFO - Running <TaskInstance: exchange_rate_usd_rus_dag.get_rate scheduled__2024-08-29T00:00:00+00:00 [running]> on host 63ee4fa64e74
[2024-10-16T09:39:52.612+0000] {taskinstance.py:1513} INFO - Exporting the following env vars:
AIRFLOW_CTX_DAG_OWNER=***
AIRFLOW_CTX_DAG_ID=exchange_rate_usd_rus_dag
AIRFLOW_CTX_TASK_ID=get_rate
AIRFLOW_CTX_EXECUTION_DATE=2024-08-29T00:00:00+00:00
AIRFLOW_CTX_TRY_NUMBER=1
AIRFLOW_CTX_DAG_RUN_ID=scheduled__2024-08-29T00:00:00+00:00
[2024-10-16T09:39:52.615+0000] {warnings.py:110} WARNING - /home/***/.local/lib/python3.7/site-packages/***/utils/context.py:205: AirflowContextDeprecationWarning: Accessing 'execution_date' from the template is deprecated and will be removed in a future version. Please use 'data_interval_start' or 'logical_date' instead.
  warnings.warn(_create_deprecation_warning(key, self._deprecation_replacements[key]))

[2024-10-16T09:39:52.634+0000] {base.py:73} INFO - Using connection ID 'cur_scoop_conn_id' for task execution.
[2024-10-16T09:39:53.669+0000] {taskinstance.py:1327} INFO - Marking task as SUCCESS. dag_id=exchange_rate_usd_rus_dag, task_id=get_rate, execution_date=20240829T000000, start_date=20241016T093952, end_date=20241016T093953
[2024-10-16T09:39:53.708+0000] {local_task_job.py:159} INFO - Task exited with return code 0
[2024-10-16T09:39:53.867+0000] {taskinstance.py:2582} INFO - 0 downstream tasks scheduled from follow-on schedule check
[2024-10-16T09:49:41.672+0000] {taskinstance.py:1087} INFO - Dependencies all met for <TaskInstance: exchange_rate_usd_rus_dag.get_rate scheduled__2024-08-29T00:00:00+00:00 [queued]>
[2024-10-16T09:49:41.698+0000] {taskinstance.py:1087} INFO - Dependencies all met for <TaskInstance: exchange_rate_usd_rus_dag.get_rate scheduled__2024-08-29T00:00:00+00:00 [queued]>
[2024-10-16T09:49:41.699+0000] {taskinstance.py:1283} INFO - 
--------------------------------------------------------------------------------
[2024-10-16T09:49:41.700+0000] {taskinstance.py:1284} INFO - Starting attempt 1 of 1
[2024-10-16T09:49:41.701+0000] {taskinstance.py:1285} INFO - 
--------------------------------------------------------------------------------
[2024-10-16T09:49:41.741+0000] {taskinstance.py:1304} INFO - Executing <Task(CurrencyScoopOperator): get_rate> on 2024-08-29 00:00:00+00:00
[2024-10-16T09:49:41.752+0000] {standard_task_runner.py:55} INFO - Started process 6977 to run task
[2024-10-16T09:49:41.761+0000] {standard_task_runner.py:82} INFO - Running: ['***', 'tasks', 'run', 'exchange_rate_usd_rus_dag', 'get_rate', 'scheduled__2024-08-29T00:00:00+00:00', '--job-id', '1201', '--raw', '--subdir', 'DAGS_FOLDER/RUS_DAG.py', '--cfg-path', '/tmp/tmpazfygaqz']
[2024-10-16T09:49:41.762+0000] {standard_task_runner.py:83} INFO - Job 1201: Subtask get_rate
[2024-10-16T09:49:41.934+0000] {task_command.py:389} INFO - Running <TaskInstance: exchange_rate_usd_rus_dag.get_rate scheduled__2024-08-29T00:00:00+00:00 [running]> on host 63ee4fa64e74
[2024-10-16T09:49:42.101+0000] {taskinstance.py:1513} INFO - Exporting the following env vars:
AIRFLOW_CTX_DAG_OWNER=***
AIRFLOW_CTX_DAG_ID=exchange_rate_usd_rus_dag
AIRFLOW_CTX_TASK_ID=get_rate
AIRFLOW_CTX_EXECUTION_DATE=2024-08-29T00:00:00+00:00
AIRFLOW_CTX_TRY_NUMBER=1
AIRFLOW_CTX_DAG_RUN_ID=scheduled__2024-08-29T00:00:00+00:00
[2024-10-16T09:49:42.103+0000] {warnings.py:110} WARNING - /home/***/.local/lib/python3.7/site-packages/***/utils/context.py:205: AirflowContextDeprecationWarning: Accessing 'execution_date' from the template is deprecated and will be removed in a future version. Please use 'data_interval_start' or 'logical_date' instead.
  warnings.warn(_create_deprecation_warning(key, self._deprecation_replacements[key]))

[2024-10-16T09:49:42.122+0000] {base.py:73} INFO - Using connection ID 'cur_scoop_conn_id' for task execution.
[2024-10-16T09:49:44.243+0000] {taskinstance.py:1327} INFO - Marking task as SUCCESS. dag_id=exchange_rate_usd_rus_dag, task_id=get_rate, execution_date=20240829T000000, start_date=20241016T094941, end_date=20241016T094944
[2024-10-16T09:49:44.286+0000] {local_task_job.py:159} INFO - Task exited with return code 0
[2024-10-16T09:49:44.348+0000] {taskinstance.py:2582} INFO - 1 downstream tasks scheduled from follow-on schedule check
