[2024-10-16T09:40:34.554+0000] {taskinstance.py:1087} INFO - Dependencies all met for <TaskInstance: exchange_rate_usd_rus_dag.get_rate scheduled__2024-10-01T00:00:00+00:00 [queued]>
[2024-10-16T09:40:34.570+0000] {taskinstance.py:1087} INFO - Dependencies all met for <TaskInstance: exchange_rate_usd_rus_dag.get_rate scheduled__2024-10-01T00:00:00+00:00 [queued]>
[2024-10-16T09:40:34.571+0000] {taskinstance.py:1283} INFO - 
--------------------------------------------------------------------------------
[2024-10-16T09:40:34.572+0000] {taskinstance.py:1284} INFO - Starting attempt 1 of 1
[2024-10-16T09:40:34.573+0000] {taskinstance.py:1285} INFO - 
--------------------------------------------------------------------------------
[2024-10-16T09:40:34.598+0000] {taskinstance.py:1304} INFO - Executing <Task(CurrencyScoopOperator): get_rate> on 2024-10-01 00:00:00+00:00
[2024-10-16T09:40:34.605+0000] {standard_task_runner.py:55} INFO - Started process 4407 to run task
[2024-10-16T09:40:34.612+0000] {standard_task_runner.py:82} INFO - Running: ['***', 'tasks', 'run', 'exchange_rate_usd_rus_dag', 'get_rate', 'scheduled__2024-10-01T00:00:00+00:00', '--job-id', '437', '--raw', '--subdir', 'DAGS_FOLDER/RUS_DAG.py', '--cfg-path', '/tmp/tmpfv40f51e']
[2024-10-16T09:40:34.614+0000] {standard_task_runner.py:83} INFO - Job 437: Subtask get_rate
[2024-10-16T09:40:34.746+0000] {task_command.py:389} INFO - Running <TaskInstance: exchange_rate_usd_rus_dag.get_rate scheduled__2024-10-01T00:00:00+00:00 [running]> on host 63ee4fa64e74
[2024-10-16T09:40:34.892+0000] {taskinstance.py:1513} INFO - Exporting the following env vars:
AIRFLOW_CTX_DAG_OWNER=***
AIRFLOW_CTX_DAG_ID=exchange_rate_usd_rus_dag
AIRFLOW_CTX_TASK_ID=get_rate
AIRFLOW_CTX_EXECUTION_DATE=2024-10-01T00:00:00+00:00
AIRFLOW_CTX_TRY_NUMBER=1
AIRFLOW_CTX_DAG_RUN_ID=scheduled__2024-10-01T00:00:00+00:00
[2024-10-16T09:40:34.894+0000] {warnings.py:110} WARNING - /home/***/.local/lib/python3.7/site-packages/***/utils/context.py:205: AirflowContextDeprecationWarning: Accessing 'execution_date' from the template is deprecated and will be removed in a future version. Please use 'data_interval_start' or 'logical_date' instead.
  warnings.warn(_create_deprecation_warning(key, self._deprecation_replacements[key]))

[2024-10-16T09:40:34.911+0000] {base.py:73} INFO - Using connection ID 'cur_scoop_conn_id' for task execution.
[2024-10-16T09:40:35.352+0000] {taskinstance.py:1327} INFO - Marking task as SUCCESS. dag_id=exchange_rate_usd_rus_dag, task_id=get_rate, execution_date=20241001T000000, start_date=20241016T094034, end_date=20241016T094035
[2024-10-16T09:40:35.409+0000] {local_task_job.py:159} INFO - Task exited with return code 0
[2024-10-16T09:40:35.583+0000] {taskinstance.py:2582} INFO - 0 downstream tasks scheduled from follow-on schedule check
[2024-10-16T09:50:19.765+0000] {taskinstance.py:1087} INFO - Dependencies all met for <TaskInstance: exchange_rate_usd_rus_dag.get_rate scheduled__2024-10-01T00:00:00+00:00 [queued]>
[2024-10-16T09:50:19.778+0000] {taskinstance.py:1087} INFO - Dependencies all met for <TaskInstance: exchange_rate_usd_rus_dag.get_rate scheduled__2024-10-01T00:00:00+00:00 [queued]>
[2024-10-16T09:50:19.779+0000] {taskinstance.py:1283} INFO - 
--------------------------------------------------------------------------------
[2024-10-16T09:50:19.780+0000] {taskinstance.py:1284} INFO - Starting attempt 1 of 1
[2024-10-16T09:50:19.780+0000] {taskinstance.py:1285} INFO - 
--------------------------------------------------------------------------------
[2024-10-16T09:50:19.798+0000] {taskinstance.py:1304} INFO - Executing <Task(CurrencyScoopOperator): get_rate> on 2024-10-01 00:00:00+00:00
[2024-10-16T09:50:19.804+0000] {standard_task_runner.py:55} INFO - Started process 7248 to run task
[2024-10-16T09:50:19.809+0000] {standard_task_runner.py:82} INFO - Running: ['***', 'tasks', 'run', 'exchange_rate_usd_rus_dag', 'get_rate', 'scheduled__2024-10-01T00:00:00+00:00', '--job-id', '1301', '--raw', '--subdir', 'DAGS_FOLDER/RUS_DAG.py', '--cfg-path', '/tmp/tmp982tpm3a']
[2024-10-16T09:50:19.810+0000] {standard_task_runner.py:83} INFO - Job 1301: Subtask get_rate
[2024-10-16T09:50:19.913+0000] {task_command.py:389} INFO - Running <TaskInstance: exchange_rate_usd_rus_dag.get_rate scheduled__2024-10-01T00:00:00+00:00 [running]> on host 63ee4fa64e74
[2024-10-16T09:50:20.046+0000] {taskinstance.py:1513} INFO - Exporting the following env vars:
AIRFLOW_CTX_DAG_OWNER=***
AIRFLOW_CTX_DAG_ID=exchange_rate_usd_rus_dag
AIRFLOW_CTX_TASK_ID=get_rate
AIRFLOW_CTX_EXECUTION_DATE=2024-10-01T00:00:00+00:00
AIRFLOW_CTX_TRY_NUMBER=1
AIRFLOW_CTX_DAG_RUN_ID=scheduled__2024-10-01T00:00:00+00:00
[2024-10-16T09:50:20.049+0000] {warnings.py:110} WARNING - /home/***/.local/lib/python3.7/site-packages/***/utils/context.py:205: AirflowContextDeprecationWarning: Accessing 'execution_date' from the template is deprecated and will be removed in a future version. Please use 'data_interval_start' or 'logical_date' instead.
  warnings.warn(_create_deprecation_warning(key, self._deprecation_replacements[key]))

[2024-10-16T09:50:20.063+0000] {base.py:73} INFO - Using connection ID 'cur_scoop_conn_id' for task execution.
[2024-10-16T09:50:22.838+0000] {taskinstance.py:1327} INFO - Marking task as SUCCESS. dag_id=exchange_rate_usd_rus_dag, task_id=get_rate, execution_date=20241001T000000, start_date=20241016T095019, end_date=20241016T095022
[2024-10-16T09:50:23.015+0000] {local_task_job.py:159} INFO - Task exited with return code 0
[2024-10-16T09:50:23.060+0000] {taskinstance.py:2582} INFO - 1 downstream tasks scheduled from follow-on schedule check
