[2024-10-16T10:07:26.049+0000] {taskinstance.py:1087} INFO - Dependencies all met for <TaskInstance: exchange_rate_usd_kzt_dag.get_rate scheduled__2024-09-08T00:00:00+00:00 [queued]>
[2024-10-16T10:07:26.073+0000] {taskinstance.py:1087} INFO - Dependencies all met for <TaskInstance: exchange_rate_usd_kzt_dag.get_rate scheduled__2024-09-08T00:00:00+00:00 [queued]>
[2024-10-16T10:07:26.074+0000] {taskinstance.py:1283} INFO - 
--------------------------------------------------------------------------------
[2024-10-16T10:07:26.075+0000] {taskinstance.py:1284} INFO - Starting attempt 1 of 1
[2024-10-16T10:07:26.075+0000] {taskinstance.py:1285} INFO - 
--------------------------------------------------------------------------------
[2024-10-16T10:07:26.108+0000] {taskinstance.py:1304} INFO - Executing <Task(CurrencyScoopOperator): get_rate> on 2024-09-08 00:00:00+00:00
[2024-10-16T10:07:26.115+0000] {standard_task_runner.py:55} INFO - Started process 12077 to run task
[2024-10-16T10:07:26.123+0000] {standard_task_runner.py:82} INFO - Running: ['***', 'tasks', 'run', 'exchange_rate_usd_kzt_dag', 'get_rate', 'scheduled__2024-09-08T00:00:00+00:00', '--job-id', '2780', '--raw', '--subdir', 'DAGS_FOLDER/exchange_rates/__init__.py', '--cfg-path', '/tmp/tmppn26dmjz']
[2024-10-16T10:07:26.124+0000] {standard_task_runner.py:83} INFO - Job 2780: Subtask get_rate
[2024-10-16T10:07:26.327+0000] {task_command.py:389} INFO - Running <TaskInstance: exchange_rate_usd_kzt_dag.get_rate scheduled__2024-09-08T00:00:00+00:00 [running]> on host 63ee4fa64e74
[2024-10-16T10:07:26.540+0000] {taskinstance.py:1513} INFO - Exporting the following env vars:
AIRFLOW_CTX_DAG_OWNER=***
AIRFLOW_CTX_DAG_ID=exchange_rate_usd_kzt_dag
AIRFLOW_CTX_TASK_ID=get_rate
AIRFLOW_CTX_EXECUTION_DATE=2024-09-08T00:00:00+00:00
AIRFLOW_CTX_TRY_NUMBER=1
AIRFLOW_CTX_DAG_RUN_ID=scheduled__2024-09-08T00:00:00+00:00
[2024-10-16T10:07:26.544+0000] {warnings.py:110} WARNING - /home/***/.local/lib/python3.7/site-packages/***/utils/context.py:205: AirflowContextDeprecationWarning: Accessing 'execution_date' from the template is deprecated and will be removed in a future version. Please use 'data_interval_start' or 'logical_date' instead.
  warnings.warn(_create_deprecation_warning(key, self._deprecation_replacements[key]))

[2024-10-16T10:07:26.562+0000] {base.py:73} INFO - Using connection ID 'cur_scoop_conn_id' for task execution.
[2024-10-16T10:07:29.360+0000] {taskinstance.py:1327} INFO - Marking task as SUCCESS. dag_id=exchange_rate_usd_kzt_dag, task_id=get_rate, execution_date=20240908T000000, start_date=20241016T100726, end_date=20241016T100729
[2024-10-16T10:07:29.627+0000] {local_task_job.py:159} INFO - Task exited with return code 0
[2024-10-16T10:07:29.682+0000] {taskinstance.py:2582} INFO - 1 downstream tasks scheduled from follow-on schedule check
