[2024-10-16T09:40:23.230+0000] {taskinstance.py:1087} INFO - Dependencies all met for <TaskInstance: exchange_rate_usd_rus_dag.get_rate scheduled__2024-09-24T00:00:00+00:00 [queued]>
[2024-10-16T09:40:23.252+0000] {taskinstance.py:1087} INFO - Dependencies all met for <TaskInstance: exchange_rate_usd_rus_dag.get_rate scheduled__2024-09-24T00:00:00+00:00 [queued]>
[2024-10-16T09:40:23.254+0000] {taskinstance.py:1283} INFO - 
--------------------------------------------------------------------------------
[2024-10-16T09:40:23.255+0000] {taskinstance.py:1284} INFO - Starting attempt 1 of 1
[2024-10-16T09:40:23.256+0000] {taskinstance.py:1285} INFO - 
--------------------------------------------------------------------------------
[2024-10-16T09:40:23.279+0000] {taskinstance.py:1304} INFO - Executing <Task(CurrencyScoopOperator): get_rate> on 2024-09-24 00:00:00+00:00
[2024-10-16T09:40:23.286+0000] {standard_task_runner.py:55} INFO - Started process 4340 to run task
[2024-10-16T09:40:23.292+0000] {standard_task_runner.py:82} INFO - Running: ['***', 'tasks', 'run', 'exchange_rate_usd_rus_dag', 'get_rate', 'scheduled__2024-09-24T00:00:00+00:00', '--job-id', '410', '--raw', '--subdir', 'DAGS_FOLDER/RUS_DAG.py', '--cfg-path', '/tmp/tmpxjkgfkbb']
[2024-10-16T09:40:23.294+0000] {standard_task_runner.py:83} INFO - Job 410: Subtask get_rate
[2024-10-16T09:40:23.394+0000] {task_command.py:389} INFO - Running <TaskInstance: exchange_rate_usd_rus_dag.get_rate scheduled__2024-09-24T00:00:00+00:00 [running]> on host 63ee4fa64e74
[2024-10-16T09:40:23.486+0000] {taskinstance.py:1513} INFO - Exporting the following env vars:
AIRFLOW_CTX_DAG_OWNER=***
AIRFLOW_CTX_DAG_ID=exchange_rate_usd_rus_dag
AIRFLOW_CTX_TASK_ID=get_rate
AIRFLOW_CTX_EXECUTION_DATE=2024-09-24T00:00:00+00:00
AIRFLOW_CTX_TRY_NUMBER=1
AIRFLOW_CTX_DAG_RUN_ID=scheduled__2024-09-24T00:00:00+00:00
[2024-10-16T09:40:23.489+0000] {warnings.py:110} WARNING - /home/***/.local/lib/python3.7/site-packages/***/utils/context.py:205: AirflowContextDeprecationWarning: Accessing 'execution_date' from the template is deprecated and will be removed in a future version. Please use 'data_interval_start' or 'logical_date' instead.
  warnings.warn(_create_deprecation_warning(key, self._deprecation_replacements[key]))

[2024-10-16T09:40:23.501+0000] {base.py:73} INFO - Using connection ID 'cur_scoop_conn_id' for task execution.
[2024-10-16T09:40:23.894+0000] {taskinstance.py:1327} INFO - Marking task as SUCCESS. dag_id=exchange_rate_usd_rus_dag, task_id=get_rate, execution_date=20240924T000000, start_date=20241016T094023, end_date=20241016T094023
[2024-10-16T09:40:23.967+0000] {local_task_job.py:159} INFO - Task exited with return code 0
[2024-10-16T09:40:24.020+0000] {taskinstance.py:2582} INFO - 0 downstream tasks scheduled from follow-on schedule check
[2024-10-16T09:50:11.151+0000] {taskinstance.py:1087} INFO - Dependencies all met for <TaskInstance: exchange_rate_usd_rus_dag.get_rate scheduled__2024-09-24T00:00:00+00:00 [queued]>
[2024-10-16T09:50:11.168+0000] {taskinstance.py:1087} INFO - Dependencies all met for <TaskInstance: exchange_rate_usd_rus_dag.get_rate scheduled__2024-09-24T00:00:00+00:00 [queued]>
[2024-10-16T09:50:11.169+0000] {taskinstance.py:1283} INFO - 
--------------------------------------------------------------------------------
[2024-10-16T09:50:11.170+0000] {taskinstance.py:1284} INFO - Starting attempt 1 of 1
[2024-10-16T09:50:11.171+0000] {taskinstance.py:1285} INFO - 
--------------------------------------------------------------------------------
[2024-10-16T09:50:11.193+0000] {taskinstance.py:1304} INFO - Executing <Task(CurrencyScoopOperator): get_rate> on 2024-09-24 00:00:00+00:00
[2024-10-16T09:50:11.198+0000] {standard_task_runner.py:55} INFO - Started process 7188 to run task
[2024-10-16T09:50:11.203+0000] {standard_task_runner.py:82} INFO - Running: ['***', 'tasks', 'run', 'exchange_rate_usd_rus_dag', 'get_rate', 'scheduled__2024-09-24T00:00:00+00:00', '--job-id', '1283', '--raw', '--subdir', 'DAGS_FOLDER/RUS_DAG.py', '--cfg-path', '/tmp/tmpbo3g8hqq']
[2024-10-16T09:50:11.205+0000] {standard_task_runner.py:83} INFO - Job 1283: Subtask get_rate
[2024-10-16T09:50:11.309+0000] {task_command.py:389} INFO - Running <TaskInstance: exchange_rate_usd_rus_dag.get_rate scheduled__2024-09-24T00:00:00+00:00 [running]> on host 63ee4fa64e74
[2024-10-16T09:50:11.420+0000] {taskinstance.py:1513} INFO - Exporting the following env vars:
AIRFLOW_CTX_DAG_OWNER=***
AIRFLOW_CTX_DAG_ID=exchange_rate_usd_rus_dag
AIRFLOW_CTX_TASK_ID=get_rate
AIRFLOW_CTX_EXECUTION_DATE=2024-09-24T00:00:00+00:00
AIRFLOW_CTX_TRY_NUMBER=1
AIRFLOW_CTX_DAG_RUN_ID=scheduled__2024-09-24T00:00:00+00:00
[2024-10-16T09:50:11.422+0000] {warnings.py:110} WARNING - /home/***/.local/lib/python3.7/site-packages/***/utils/context.py:205: AirflowContextDeprecationWarning: Accessing 'execution_date' from the template is deprecated and will be removed in a future version. Please use 'data_interval_start' or 'logical_date' instead.
  warnings.warn(_create_deprecation_warning(key, self._deprecation_replacements[key]))

[2024-10-16T09:50:11.445+0000] {base.py:73} INFO - Using connection ID 'cur_scoop_conn_id' for task execution.
[2024-10-16T09:50:13.152+0000] {taskinstance.py:1327} INFO - Marking task as SUCCESS. dag_id=exchange_rate_usd_rus_dag, task_id=get_rate, execution_date=20240924T000000, start_date=20241016T095011, end_date=20241016T095013
[2024-10-16T09:50:13.228+0000] {local_task_job.py:159} INFO - Task exited with return code 0
[2024-10-16T09:50:13.256+0000] {taskinstance.py:2582} INFO - 1 downstream tasks scheduled from follow-on schedule check
