[2024-10-15T21:59:39.931+0000] {taskinstance.py:1087} INFO - Dependencies all met for <TaskInstance: exchange_rate_usd_kzt_dag.create_table_task manual__2024-10-15T21:59:38.106909+00:00 [queued]>
[2024-10-15T21:59:39.946+0000] {taskinstance.py:1087} INFO - Dependencies all met for <TaskInstance: exchange_rate_usd_kzt_dag.create_table_task manual__2024-10-15T21:59:38.106909+00:00 [queued]>
[2024-10-15T21:59:39.947+0000] {taskinstance.py:1283} INFO - 
--------------------------------------------------------------------------------
[2024-10-15T21:59:39.947+0000] {taskinstance.py:1284} INFO - Starting attempt 1 of 1
[2024-10-15T21:59:39.948+0000] {taskinstance.py:1285} INFO - 
--------------------------------------------------------------------------------
[2024-10-15T21:59:39.967+0000] {taskinstance.py:1304} INFO - Executing <Task(PostgresOperator): create_table_task> on 2024-10-15 21:59:38.106909+00:00
[2024-10-15T21:59:39.972+0000] {standard_task_runner.py:55} INFO - Started process 73509 to run task
[2024-10-15T21:59:39.977+0000] {standard_task_runner.py:82} INFO - Running: ['***', 'tasks', 'run', 'exchange_rate_usd_kzt_dag', 'create_table_task', 'manual__2024-10-15T21:59:38.106909+00:00', '--job-id', '30', '--raw', '--subdir', 'DAGS_FOLDER/exchange_rates/__init__.py', '--cfg-path', '/tmp/tmp2yc7qzwf']
[2024-10-15T21:59:39.978+0000] {standard_task_runner.py:83} INFO - Job 30: Subtask create_table_task
[2024-10-15T21:59:40.052+0000] {task_command.py:389} INFO - Running <TaskInstance: exchange_rate_usd_kzt_dag.create_table_task manual__2024-10-15T21:59:38.106909+00:00 [running]> on host 63ee4fa64e74
[2024-10-15T21:59:40.125+0000] {taskinstance.py:1513} INFO - Exporting the following env vars:
AIRFLOW_CTX_DAG_OWNER=***
AIRFLOW_CTX_DAG_ID=exchange_rate_usd_kzt_dag
AIRFLOW_CTX_TASK_ID=create_table_task
AIRFLOW_CTX_EXECUTION_DATE=2024-10-15T21:59:38.106909+00:00
AIRFLOW_CTX_TRY_NUMBER=1
AIRFLOW_CTX_DAG_RUN_ID=manual__2024-10-15T21:59:38.106909+00:00
[2024-10-15T21:59:40.126+0000] {sql.py:253} INFO - Executing: CREATE TABLE IF NOT EXISTS currency_exchange_rates (
    base VARCHAR(3) NOT NULL,
    currency VARCHAR(3) NOT NULL,
    rate NUMERIC(12, 3) NOT NULL,
    date DATE NOT NULL,
    UNIQUE (base, currency, date)
);
[2024-10-15T21:59:40.135+0000] {base.py:73} INFO - Using connection ID 'postgres_default' for task execution.
[2024-10-15T21:59:40.360+0000] {base.py:73} INFO - Using connection ID 'postgres_default' for task execution.
[2024-10-15T22:01:56.810+0000] {taskinstance.py:1772} ERROR - Task failed with exception
Traceback (most recent call last):
  File "/home/airflow/.local/lib/python3.7/site-packages/airflow/providers/common/sql/operators/sql.py", line 261, in execute
    return_last=self.return_last,
  File "/home/airflow/.local/lib/python3.7/site-packages/airflow/providers/common/sql/hooks/sql.py", line 331, in run
    with closing(self.get_conn()) as conn:
  File "/home/airflow/.local/lib/python3.7/site-packages/airflow/providers/postgres/hooks/postgres.py", line 144, in get_conn
    self.conn = psycopg2.connect(**conn_args)
  File "/home/airflow/.local/lib/python3.7/site-packages/psycopg2/__init__.py", line 122, in connect
    conn = _connect(dsn, connection_factory=connection_factory, **kwasync)
psycopg2.OperationalError: connection to server at "172.17.0.3", port 15432 failed: Connection timed out
	Is the server running on that host and accepting TCP/IP connections?

[2024-10-15T22:01:56.825+0000] {taskinstance.py:1327} INFO - Marking task as FAILED. dag_id=exchange_rate_usd_kzt_dag, task_id=create_table_task, execution_date=20241015T215938, start_date=20241015T215939, end_date=20241015T220156
[2024-10-15T22:01:56.845+0000] {standard_task_runner.py:105} ERROR - Failed to execute job 30 for task create_table_task (connection to server at "172.17.0.3", port 15432 failed: Connection timed out
	Is the server running on that host and accepting TCP/IP connections?
; 73509)
[2024-10-15T22:01:56.857+0000] {local_task_job.py:159} INFO - Task exited with return code 1
[2024-10-15T22:01:56.890+0000] {taskinstance.py:2582} INFO - 0 downstream tasks scheduled from follow-on schedule check
