[2024-10-16T09:55:52.362+0000] {taskinstance.py:1087} INFO - Dependencies all met for <TaskInstance: exchange_rate_usd_kzt_dag.insert_rate scheduled__2024-06-11T00:00:00+00:00 [queued]>
[2024-10-16T09:55:52.373+0000] {taskinstance.py:1087} INFO - Dependencies all met for <TaskInstance: exchange_rate_usd_kzt_dag.insert_rate scheduled__2024-06-11T00:00:00+00:00 [queued]>
[2024-10-16T09:55:52.374+0000] {taskinstance.py:1283} INFO - 
--------------------------------------------------------------------------------
[2024-10-16T09:55:52.374+0000] {taskinstance.py:1284} INFO - Starting attempt 1 of 1
[2024-10-16T09:55:52.375+0000] {taskinstance.py:1285} INFO - 
--------------------------------------------------------------------------------
[2024-10-16T09:55:52.391+0000] {taskinstance.py:1304} INFO - Executing <Task(PostgresOperator): insert_rate> on 2024-06-11 00:00:00+00:00
[2024-10-16T09:55:52.396+0000] {standard_task_runner.py:55} INFO - Started process 8887 to run task
[2024-10-16T09:55:52.400+0000] {standard_task_runner.py:82} INFO - Running: ['***', 'tasks', 'run', 'exchange_rate_usd_kzt_dag', 'insert_rate', 'scheduled__2024-06-11T00:00:00+00:00', '--job-id', '1810', '--raw', '--subdir', 'DAGS_FOLDER/exchange_rates/__init__.py', '--cfg-path', '/tmp/tmpyk0ks6p5']
[2024-10-16T09:55:52.401+0000] {standard_task_runner.py:83} INFO - Job 1810: Subtask insert_rate
[2024-10-16T09:55:52.484+0000] {task_command.py:389} INFO - Running <TaskInstance: exchange_rate_usd_kzt_dag.insert_rate scheduled__2024-06-11T00:00:00+00:00 [running]> on host 63ee4fa64e74
[2024-10-16T09:55:52.529+0000] {warnings.py:110} WARNING - /home/***/.local/lib/python3.7/site-packages/***/utils/context.py:205: AirflowContextDeprecationWarning: Accessing 'execution_date' from the template is deprecated and will be removed in a future version. Please use 'data_interval_start' or 'logical_date' instead.
  warnings.warn(_create_deprecation_warning(key, self._deprecation_replacements[key]))

[2024-10-16T09:55:52.587+0000] {taskinstance.py:1513} INFO - Exporting the following env vars:
AIRFLOW_CTX_DAG_OWNER=***
AIRFLOW_CTX_DAG_ID=exchange_rate_usd_kzt_dag
AIRFLOW_CTX_TASK_ID=insert_rate
AIRFLOW_CTX_EXECUTION_DATE=2024-06-11T00:00:00+00:00
AIRFLOW_CTX_TRY_NUMBER=1
AIRFLOW_CTX_DAG_RUN_ID=scheduled__2024-06-11T00:00:00+00:00
[2024-10-16T09:55:52.588+0000] {sql.py:253} INFO - Executing: INSERT INTO
    currency_exchange_rates
VALUES ('USD', 'KZT', 450.74947724, '2024-06-11')
ON CONFLICT (base, currency, date) DO
    UPDATE
        SET rate = excluded.rate;
[2024-10-16T09:55:52.598+0000] {base.py:73} INFO - Using connection ID 'postgres_default' for task execution.
[2024-10-16T09:55:52.832+0000] {base.py:73} INFO - Using connection ID 'postgres_default' for task execution.
[2024-10-16T09:55:52.841+0000] {sql.py:364} INFO - Running statement: INSERT INTO
    currency_exchange_rates
VALUES ('USD', 'KZT', 450.74947724, '2024-06-11')
ON CONFLICT (base, currency, date) DO
    UPDATE
        SET rate = excluded.rate;, parameters: None
[2024-10-16T09:55:52.843+0000] {sql.py:373} INFO - Rows affected: 1
[2024-10-16T09:55:52.857+0000] {taskinstance.py:1327} INFO - Marking task as SUCCESS. dag_id=exchange_rate_usd_kzt_dag, task_id=insert_rate, execution_date=20240611T000000, start_date=20241016T095552, end_date=20241016T095552
[2024-10-16T09:55:52.953+0000] {local_task_job.py:159} INFO - Task exited with return code 0
[2024-10-16T09:55:52.974+0000] {taskinstance.py:2582} INFO - 0 downstream tasks scheduled from follow-on schedule check
[2024-10-16T10:05:55.398+0000] {taskinstance.py:1087} INFO - Dependencies all met for <TaskInstance: exchange_rate_usd_kzt_dag.insert_rate scheduled__2024-06-11T00:00:00+00:00 [queued]>
[2024-10-16T10:05:55.408+0000] {taskinstance.py:1087} INFO - Dependencies all met for <TaskInstance: exchange_rate_usd_kzt_dag.insert_rate scheduled__2024-06-11T00:00:00+00:00 [queued]>
[2024-10-16T10:05:55.409+0000] {taskinstance.py:1283} INFO - 
--------------------------------------------------------------------------------
[2024-10-16T10:05:55.409+0000] {taskinstance.py:1284} INFO - Starting attempt 1 of 1
[2024-10-16T10:05:55.410+0000] {taskinstance.py:1285} INFO - 
--------------------------------------------------------------------------------
[2024-10-16T10:05:55.424+0000] {taskinstance.py:1304} INFO - Executing <Task(PostgresOperator): insert_rate> on 2024-06-11 00:00:00+00:00
[2024-10-16T10:05:55.428+0000] {standard_task_runner.py:55} INFO - Started process 11437 to run task
[2024-10-16T10:05:55.432+0000] {standard_task_runner.py:82} INFO - Running: ['***', 'tasks', 'run', 'exchange_rate_usd_kzt_dag', 'insert_rate', 'scheduled__2024-06-11T00:00:00+00:00', '--job-id', '2532', '--raw', '--subdir', 'DAGS_FOLDER/exchange_rates/__init__.py', '--cfg-path', '/tmp/tmpt8b2vvxo']
[2024-10-16T10:05:55.433+0000] {standard_task_runner.py:83} INFO - Job 2532: Subtask insert_rate
[2024-10-16T10:05:55.509+0000] {task_command.py:389} INFO - Running <TaskInstance: exchange_rate_usd_kzt_dag.insert_rate scheduled__2024-06-11T00:00:00+00:00 [running]> on host 63ee4fa64e74
[2024-10-16T10:05:55.547+0000] {warnings.py:110} WARNING - /home/***/.local/lib/python3.7/site-packages/***/utils/context.py:205: AirflowContextDeprecationWarning: Accessing 'execution_date' from the template is deprecated and will be removed in a future version. Please use 'data_interval_start' or 'logical_date' instead.
  warnings.warn(_create_deprecation_warning(key, self._deprecation_replacements[key]))

[2024-10-16T10:05:55.602+0000] {taskinstance.py:1513} INFO - Exporting the following env vars:
AIRFLOW_CTX_DAG_OWNER=***
AIRFLOW_CTX_DAG_ID=exchange_rate_usd_kzt_dag
AIRFLOW_CTX_TASK_ID=insert_rate
AIRFLOW_CTX_EXECUTION_DATE=2024-06-11T00:00:00+00:00
AIRFLOW_CTX_TRY_NUMBER=1
AIRFLOW_CTX_DAG_RUN_ID=scheduled__2024-06-11T00:00:00+00:00
[2024-10-16T10:05:55.603+0000] {sql.py:253} INFO - Executing: INSERT INTO
    currency_exchange_rates
VALUES ('USD', 'KZT', 450.74947724, '2024-06-11')
ON CONFLICT (base, currency, date) DO
    UPDATE
        SET rate = excluded.rate;
[2024-10-16T10:05:55.613+0000] {base.py:73} INFO - Using connection ID 'postgres_default' for task execution.
[2024-10-16T10:05:55.841+0000] {base.py:73} INFO - Using connection ID 'postgres_default' for task execution.
[2024-10-16T10:05:55.854+0000] {sql.py:364} INFO - Running statement: INSERT INTO
    currency_exchange_rates
VALUES ('USD', 'KZT', 450.74947724, '2024-06-11')
ON CONFLICT (base, currency, date) DO
    UPDATE
        SET rate = excluded.rate;, parameters: None
[2024-10-16T10:05:55.856+0000] {sql.py:373} INFO - Rows affected: 1
[2024-10-16T10:05:55.869+0000] {taskinstance.py:1327} INFO - Marking task as SUCCESS. dag_id=exchange_rate_usd_kzt_dag, task_id=insert_rate, execution_date=20240611T000000, start_date=20241016T100555, end_date=20241016T100555
[2024-10-16T10:05:55.898+0000] {local_task_job.py:159} INFO - Task exited with return code 0
[2024-10-16T10:05:55.918+0000] {taskinstance.py:2582} INFO - 0 downstream tasks scheduled from follow-on schedule check
