[2024-10-16T09:54:12.759+0000] {taskinstance.py:1087} INFO - Dependencies all met for <TaskInstance: exchange_rate_usd_kzt_dag.get_rate scheduled__2024-02-20T00:00:00+00:00 [queued]>
[2024-10-16T09:54:12.772+0000] {taskinstance.py:1087} INFO - Dependencies all met for <TaskInstance: exchange_rate_usd_kzt_dag.get_rate scheduled__2024-02-20T00:00:00+00:00 [queued]>
[2024-10-16T09:54:12.772+0000] {taskinstance.py:1283} INFO - 
--------------------------------------------------------------------------------
[2024-10-16T09:54:12.773+0000] {taskinstance.py:1284} INFO - Starting attempt 1 of 1
[2024-10-16T09:54:12.773+0000] {taskinstance.py:1285} INFO - 
--------------------------------------------------------------------------------
[2024-10-16T09:54:12.791+0000] {taskinstance.py:1304} INFO - Executing <Task(CurrencyScoopOperator): get_rate> on 2024-02-20 00:00:00+00:00
[2024-10-16T09:54:12.796+0000] {standard_task_runner.py:55} INFO - Started process 8076 to run task
[2024-10-16T09:54:12.800+0000] {standard_task_runner.py:82} INFO - Running: ['***', 'tasks', 'run', 'exchange_rate_usd_kzt_dag', 'get_rate', 'scheduled__2024-02-20T00:00:00+00:00', '--job-id', '1500', '--raw', '--subdir', 'DAGS_FOLDER/exchange_rates/__init__.py', '--cfg-path', '/tmp/tmpi23k4x93']
[2024-10-16T09:54:12.801+0000] {standard_task_runner.py:83} INFO - Job 1500: Subtask get_rate
[2024-10-16T09:54:12.882+0000] {task_command.py:389} INFO - Running <TaskInstance: exchange_rate_usd_kzt_dag.get_rate scheduled__2024-02-20T00:00:00+00:00 [running]> on host 63ee4fa64e74
[2024-10-16T09:54:12.999+0000] {taskinstance.py:1513} INFO - Exporting the following env vars:
AIRFLOW_CTX_DAG_OWNER=***
AIRFLOW_CTX_DAG_ID=exchange_rate_usd_kzt_dag
AIRFLOW_CTX_TASK_ID=get_rate
AIRFLOW_CTX_EXECUTION_DATE=2024-02-20T00:00:00+00:00
AIRFLOW_CTX_TRY_NUMBER=1
AIRFLOW_CTX_DAG_RUN_ID=scheduled__2024-02-20T00:00:00+00:00
[2024-10-16T09:54:13.001+0000] {warnings.py:110} WARNING - /home/***/.local/lib/python3.7/site-packages/***/utils/context.py:205: AirflowContextDeprecationWarning: Accessing 'execution_date' from the template is deprecated and will be removed in a future version. Please use 'data_interval_start' or 'logical_date' instead.
  warnings.warn(_create_deprecation_warning(key, self._deprecation_replacements[key]))

[2024-10-16T09:54:13.013+0000] {base.py:73} INFO - Using connection ID 'cur_scoop_conn_id' for task execution.
[2024-10-16T09:54:13.439+0000] {taskinstance.py:1327} INFO - Marking task as SUCCESS. dag_id=exchange_rate_usd_kzt_dag, task_id=get_rate, execution_date=20240220T000000, start_date=20241016T095412, end_date=20241016T095413
[2024-10-16T09:54:13.473+0000] {local_task_job.py:159} INFO - Task exited with return code 0
[2024-10-16T09:54:13.508+0000] {taskinstance.py:2582} INFO - 1 downstream tasks scheduled from follow-on schedule check
[2024-10-16T10:04:09.788+0000] {taskinstance.py:1087} INFO - Dependencies all met for <TaskInstance: exchange_rate_usd_kzt_dag.get_rate scheduled__2024-02-20T00:00:00+00:00 [queued]>
[2024-10-16T10:04:09.804+0000] {taskinstance.py:1087} INFO - Dependencies all met for <TaskInstance: exchange_rate_usd_kzt_dag.get_rate scheduled__2024-02-20T00:00:00+00:00 [queued]>
[2024-10-16T10:04:09.805+0000] {taskinstance.py:1283} INFO - 
--------------------------------------------------------------------------------
[2024-10-16T10:04:09.805+0000] {taskinstance.py:1284} INFO - Starting attempt 1 of 1
[2024-10-16T10:04:09.806+0000] {taskinstance.py:1285} INFO - 
--------------------------------------------------------------------------------
[2024-10-16T10:04:09.837+0000] {taskinstance.py:1304} INFO - Executing <Task(CurrencyScoopOperator): get_rate> on 2024-02-20 00:00:00+00:00
[2024-10-16T10:04:09.847+0000] {standard_task_runner.py:55} INFO - Started process 10642 to run task
[2024-10-16T10:04:09.857+0000] {standard_task_runner.py:82} INFO - Running: ['***', 'tasks', 'run', 'exchange_rate_usd_kzt_dag', 'get_rate', 'scheduled__2024-02-20T00:00:00+00:00', '--job-id', '2218', '--raw', '--subdir', 'DAGS_FOLDER/RUS_DAG.py', '--cfg-path', '/tmp/tmppk_2i4fz']
[2024-10-16T10:04:09.859+0000] {standard_task_runner.py:83} INFO - Job 2218: Subtask get_rate
[2024-10-16T10:04:09.987+0000] {task_command.py:389} INFO - Running <TaskInstance: exchange_rate_usd_kzt_dag.get_rate scheduled__2024-02-20T00:00:00+00:00 [running]> on host 63ee4fa64e74
[2024-10-16T10:04:10.121+0000] {taskinstance.py:1513} INFO - Exporting the following env vars:
AIRFLOW_CTX_DAG_OWNER=***
AIRFLOW_CTX_DAG_ID=exchange_rate_usd_kzt_dag
AIRFLOW_CTX_TASK_ID=get_rate
AIRFLOW_CTX_EXECUTION_DATE=2024-02-20T00:00:00+00:00
AIRFLOW_CTX_TRY_NUMBER=1
AIRFLOW_CTX_DAG_RUN_ID=scheduled__2024-02-20T00:00:00+00:00
[2024-10-16T10:04:10.123+0000] {warnings.py:110} WARNING - /home/***/.local/lib/python3.7/site-packages/***/utils/context.py:205: AirflowContextDeprecationWarning: Accessing 'execution_date' from the template is deprecated and will be removed in a future version. Please use 'data_interval_start' or 'logical_date' instead.
  warnings.warn(_create_deprecation_warning(key, self._deprecation_replacements[key]))

[2024-10-16T10:04:10.143+0000] {base.py:73} INFO - Using connection ID 'cur_scoop_conn_id' for task execution.
[2024-10-16T10:04:12.981+0000] {taskinstance.py:1327} INFO - Marking task as SUCCESS. dag_id=exchange_rate_usd_kzt_dag, task_id=get_rate, execution_date=20240220T000000, start_date=20241016T100409, end_date=20241016T100412
[2024-10-16T10:04:13.030+0000] {local_task_job.py:159} INFO - Task exited with return code 0
[2024-10-16T10:04:13.059+0000] {taskinstance.py:2582} INFO - 1 downstream tasks scheduled from follow-on schedule check
