[2024-10-16T09:40:34.558+0000] {taskinstance.py:1087} INFO - Dependencies all met for <TaskInstance: exchange_rate_usd_rus_dag.get_rate scheduled__2024-10-02T00:00:00+00:00 [queued]>
[2024-10-16T09:40:34.578+0000] {taskinstance.py:1087} INFO - Dependencies all met for <TaskInstance: exchange_rate_usd_rus_dag.get_rate scheduled__2024-10-02T00:00:00+00:00 [queued]>
[2024-10-16T09:40:34.579+0000] {taskinstance.py:1283} INFO - 
--------------------------------------------------------------------------------
[2024-10-16T09:40:34.580+0000] {taskinstance.py:1284} INFO - Starting attempt 1 of 1
[2024-10-16T09:40:34.580+0000] {taskinstance.py:1285} INFO - 
--------------------------------------------------------------------------------
[2024-10-16T09:40:34.605+0000] {taskinstance.py:1304} INFO - Executing <Task(CurrencyScoopOperator): get_rate> on 2024-10-02 00:00:00+00:00
[2024-10-16T09:40:34.614+0000] {standard_task_runner.py:55} INFO - Started process 4409 to run task
[2024-10-16T09:40:34.621+0000] {standard_task_runner.py:82} INFO - Running: ['***', 'tasks', 'run', 'exchange_rate_usd_rus_dag', 'get_rate', 'scheduled__2024-10-02T00:00:00+00:00', '--job-id', '439', '--raw', '--subdir', 'DAGS_FOLDER/RUS_DAG.py', '--cfg-path', '/tmp/tmp3zgulto5']
[2024-10-16T09:40:34.622+0000] {standard_task_runner.py:83} INFO - Job 439: Subtask get_rate
[2024-10-16T09:40:34.749+0000] {task_command.py:389} INFO - Running <TaskInstance: exchange_rate_usd_rus_dag.get_rate scheduled__2024-10-02T00:00:00+00:00 [running]> on host 63ee4fa64e74
[2024-10-16T09:40:34.893+0000] {taskinstance.py:1513} INFO - Exporting the following env vars:
AIRFLOW_CTX_DAG_OWNER=***
AIRFLOW_CTX_DAG_ID=exchange_rate_usd_rus_dag
AIRFLOW_CTX_TASK_ID=get_rate
AIRFLOW_CTX_EXECUTION_DATE=2024-10-02T00:00:00+00:00
AIRFLOW_CTX_TRY_NUMBER=1
AIRFLOW_CTX_DAG_RUN_ID=scheduled__2024-10-02T00:00:00+00:00
[2024-10-16T09:40:34.897+0000] {warnings.py:110} WARNING - /home/***/.local/lib/python3.7/site-packages/***/utils/context.py:205: AirflowContextDeprecationWarning: Accessing 'execution_date' from the template is deprecated and will be removed in a future version. Please use 'data_interval_start' or 'logical_date' instead.
  warnings.warn(_create_deprecation_warning(key, self._deprecation_replacements[key]))

[2024-10-16T09:40:34.914+0000] {base.py:73} INFO - Using connection ID 'cur_scoop_conn_id' for task execution.
[2024-10-16T09:40:37.632+0000] {taskinstance.py:1327} INFO - Marking task as SUCCESS. dag_id=exchange_rate_usd_rus_dag, task_id=get_rate, execution_date=20241002T000000, start_date=20241016T094034, end_date=20241016T094037
[2024-10-16T09:40:37.680+0000] {local_task_job.py:159} INFO - Task exited with return code 0
[2024-10-16T09:40:37.732+0000] {taskinstance.py:2582} INFO - 1 downstream tasks scheduled from follow-on schedule check
[2024-10-16T09:50:20.187+0000] {taskinstance.py:1087} INFO - Dependencies all met for <TaskInstance: exchange_rate_usd_rus_dag.get_rate scheduled__2024-10-02T00:00:00+00:00 [queued]>
[2024-10-16T09:50:20.200+0000] {taskinstance.py:1087} INFO - Dependencies all met for <TaskInstance: exchange_rate_usd_rus_dag.get_rate scheduled__2024-10-02T00:00:00+00:00 [queued]>
[2024-10-16T09:50:20.200+0000] {taskinstance.py:1283} INFO - 
--------------------------------------------------------------------------------
[2024-10-16T09:50:20.201+0000] {taskinstance.py:1284} INFO - Starting attempt 1 of 1
[2024-10-16T09:50:20.202+0000] {taskinstance.py:1285} INFO - 
--------------------------------------------------------------------------------
[2024-10-16T09:50:20.223+0000] {taskinstance.py:1304} INFO - Executing <Task(CurrencyScoopOperator): get_rate> on 2024-10-02 00:00:00+00:00
[2024-10-16T09:50:20.232+0000] {standard_task_runner.py:55} INFO - Started process 7252 to run task
[2024-10-16T09:50:20.238+0000] {standard_task_runner.py:82} INFO - Running: ['***', 'tasks', 'run', 'exchange_rate_usd_rus_dag', 'get_rate', 'scheduled__2024-10-02T00:00:00+00:00', '--job-id', '1302', '--raw', '--subdir', 'DAGS_FOLDER/RUS_DAG.py', '--cfg-path', '/tmp/tmp5w_zdriv']
[2024-10-16T09:50:20.240+0000] {standard_task_runner.py:83} INFO - Job 1302: Subtask get_rate
[2024-10-16T09:50:20.345+0000] {task_command.py:389} INFO - Running <TaskInstance: exchange_rate_usd_rus_dag.get_rate scheduled__2024-10-02T00:00:00+00:00 [running]> on host 63ee4fa64e74
[2024-10-16T09:50:20.455+0000] {taskinstance.py:1513} INFO - Exporting the following env vars:
AIRFLOW_CTX_DAG_OWNER=***
AIRFLOW_CTX_DAG_ID=exchange_rate_usd_rus_dag
AIRFLOW_CTX_TASK_ID=get_rate
AIRFLOW_CTX_EXECUTION_DATE=2024-10-02T00:00:00+00:00
AIRFLOW_CTX_TRY_NUMBER=1
AIRFLOW_CTX_DAG_RUN_ID=scheduled__2024-10-02T00:00:00+00:00
[2024-10-16T09:50:20.457+0000] {warnings.py:110} WARNING - /home/***/.local/lib/python3.7/site-packages/***/utils/context.py:205: AirflowContextDeprecationWarning: Accessing 'execution_date' from the template is deprecated and will be removed in a future version. Please use 'data_interval_start' or 'logical_date' instead.
  warnings.warn(_create_deprecation_warning(key, self._deprecation_replacements[key]))

[2024-10-16T09:50:20.474+0000] {base.py:73} INFO - Using connection ID 'cur_scoop_conn_id' for task execution.
[2024-10-16T09:50:22.199+0000] {taskinstance.py:1327} INFO - Marking task as SUCCESS. dag_id=exchange_rate_usd_rus_dag, task_id=get_rate, execution_date=20241002T000000, start_date=20241016T095020, end_date=20241016T095022
[2024-10-16T09:50:22.481+0000] {local_task_job.py:159} INFO - Task exited with return code 0
[2024-10-16T09:50:22.538+0000] {taskinstance.py:2582} INFO - 1 downstream tasks scheduled from follow-on schedule check
