[2024-10-16T09:57:03.167+0000] {taskinstance.py:1087} INFO - Dependencies all met for <TaskInstance: exchange_rate_usd_kzt_dag.get_rate scheduled__2024-08-18T00:00:00+00:00 [queued]>
[2024-10-16T09:57:03.179+0000] {taskinstance.py:1087} INFO - Dependencies all met for <TaskInstance: exchange_rate_usd_kzt_dag.get_rate scheduled__2024-08-18T00:00:00+00:00 [queued]>
[2024-10-16T09:57:03.180+0000] {taskinstance.py:1283} INFO - 
--------------------------------------------------------------------------------
[2024-10-16T09:57:03.180+0000] {taskinstance.py:1284} INFO - Starting attempt 1 of 1
[2024-10-16T09:57:03.181+0000] {taskinstance.py:1285} INFO - 
--------------------------------------------------------------------------------
[2024-10-16T09:57:03.198+0000] {taskinstance.py:1304} INFO - Executing <Task(CurrencyScoopOperator): get_rate> on 2024-08-18 00:00:00+00:00
[2024-10-16T09:57:03.203+0000] {standard_task_runner.py:55} INFO - Started process 9343 to run task
[2024-10-16T09:57:03.211+0000] {standard_task_runner.py:82} INFO - Running: ['***', 'tasks', 'run', 'exchange_rate_usd_kzt_dag', 'get_rate', 'scheduled__2024-08-18T00:00:00+00:00', '--job-id', '1977', '--raw', '--subdir', 'DAGS_FOLDER/exchange_rates/__init__.py', '--cfg-path', '/tmp/tmpztmkf2s_']
[2024-10-16T09:57:03.212+0000] {standard_task_runner.py:83} INFO - Job 1977: Subtask get_rate
[2024-10-16T09:57:03.294+0000] {task_command.py:389} INFO - Running <TaskInstance: exchange_rate_usd_kzt_dag.get_rate scheduled__2024-08-18T00:00:00+00:00 [running]> on host 63ee4fa64e74
[2024-10-16T09:57:03.417+0000] {taskinstance.py:1513} INFO - Exporting the following env vars:
AIRFLOW_CTX_DAG_OWNER=***
AIRFLOW_CTX_DAG_ID=exchange_rate_usd_kzt_dag
AIRFLOW_CTX_TASK_ID=get_rate
AIRFLOW_CTX_EXECUTION_DATE=2024-08-18T00:00:00+00:00
AIRFLOW_CTX_TRY_NUMBER=1
AIRFLOW_CTX_DAG_RUN_ID=scheduled__2024-08-18T00:00:00+00:00
[2024-10-16T09:57:03.419+0000] {warnings.py:110} WARNING - /home/***/.local/lib/python3.7/site-packages/***/utils/context.py:205: AirflowContextDeprecationWarning: Accessing 'execution_date' from the template is deprecated and will be removed in a future version. Please use 'data_interval_start' or 'logical_date' instead.
  warnings.warn(_create_deprecation_warning(key, self._deprecation_replacements[key]))

[2024-10-16T09:57:03.431+0000] {base.py:73} INFO - Using connection ID 'cur_scoop_conn_id' for task execution.
[2024-10-16T09:57:06.389+0000] {taskinstance.py:1327} INFO - Marking task as SUCCESS. dag_id=exchange_rate_usd_kzt_dag, task_id=get_rate, execution_date=20240818T000000, start_date=20241016T095703, end_date=20241016T095706
[2024-10-16T09:57:06.420+0000] {local_task_job.py:159} INFO - Task exited with return code 0
[2024-10-16T09:57:06.451+0000] {taskinstance.py:2582} INFO - 1 downstream tasks scheduled from follow-on schedule check
[2024-10-16T10:07:09.711+0000] {taskinstance.py:1087} INFO - Dependencies all met for <TaskInstance: exchange_rate_usd_kzt_dag.get_rate scheduled__2024-08-18T00:00:00+00:00 [queued]>
[2024-10-16T10:07:09.735+0000] {taskinstance.py:1087} INFO - Dependencies all met for <TaskInstance: exchange_rate_usd_kzt_dag.get_rate scheduled__2024-08-18T00:00:00+00:00 [queued]>
[2024-10-16T10:07:09.736+0000] {taskinstance.py:1283} INFO - 
--------------------------------------------------------------------------------
[2024-10-16T10:07:09.737+0000] {taskinstance.py:1284} INFO - Starting attempt 1 of 1
[2024-10-16T10:07:09.741+0000] {taskinstance.py:1285} INFO - 
--------------------------------------------------------------------------------
[2024-10-16T10:07:09.780+0000] {taskinstance.py:1304} INFO - Executing <Task(CurrencyScoopOperator): get_rate> on 2024-08-18 00:00:00+00:00
[2024-10-16T10:07:09.793+0000] {standard_task_runner.py:55} INFO - Started process 11944 to run task
[2024-10-16T10:07:09.801+0000] {standard_task_runner.py:82} INFO - Running: ['***', 'tasks', 'run', 'exchange_rate_usd_kzt_dag', 'get_rate', 'scheduled__2024-08-18T00:00:00+00:00', '--job-id', '2723', '--raw', '--subdir', 'DAGS_FOLDER/exchange_rates/__init__.py', '--cfg-path', '/tmp/tmpgjgqyi6f']
[2024-10-16T10:07:09.803+0000] {standard_task_runner.py:83} INFO - Job 2723: Subtask get_rate
[2024-10-16T10:07:09.950+0000] {task_command.py:389} INFO - Running <TaskInstance: exchange_rate_usd_kzt_dag.get_rate scheduled__2024-08-18T00:00:00+00:00 [running]> on host 63ee4fa64e74
[2024-10-16T10:07:10.088+0000] {taskinstance.py:1513} INFO - Exporting the following env vars:
AIRFLOW_CTX_DAG_OWNER=***
AIRFLOW_CTX_DAG_ID=exchange_rate_usd_kzt_dag
AIRFLOW_CTX_TASK_ID=get_rate
AIRFLOW_CTX_EXECUTION_DATE=2024-08-18T00:00:00+00:00
AIRFLOW_CTX_TRY_NUMBER=1
AIRFLOW_CTX_DAG_RUN_ID=scheduled__2024-08-18T00:00:00+00:00
[2024-10-16T10:07:10.092+0000] {warnings.py:110} WARNING - /home/***/.local/lib/python3.7/site-packages/***/utils/context.py:205: AirflowContextDeprecationWarning: Accessing 'execution_date' from the template is deprecated and will be removed in a future version. Please use 'data_interval_start' or 'logical_date' instead.
  warnings.warn(_create_deprecation_warning(key, self._deprecation_replacements[key]))

[2024-10-16T10:07:10.109+0000] {base.py:73} INFO - Using connection ID 'cur_scoop_conn_id' for task execution.
[2024-10-16T10:07:10.544+0000] {taskinstance.py:1327} INFO - Marking task as SUCCESS. dag_id=exchange_rate_usd_kzt_dag, task_id=get_rate, execution_date=20240818T000000, start_date=20241016T100709, end_date=20241016T100710
[2024-10-16T10:07:10.600+0000] {local_task_job.py:159} INFO - Task exited with return code 0
[2024-10-16T10:07:10.794+0000] {taskinstance.py:2582} INFO - 0 downstream tasks scheduled from follow-on schedule check
