[2024-10-16T09:47:58.426+0000] {taskinstance.py:1087} INFO - Dependencies all met for <TaskInstance: exchange_rate_usd_rus_dag.insert_rate scheduled__2024-04-27T00:00:00+00:00 [queued]>
[2024-10-16T09:47:58.448+0000] {taskinstance.py:1087} INFO - Dependencies all met for <TaskInstance: exchange_rate_usd_rus_dag.insert_rate scheduled__2024-04-27T00:00:00+00:00 [queued]>
[2024-10-16T09:47:58.449+0000] {taskinstance.py:1283} INFO - 
--------------------------------------------------------------------------------
[2024-10-16T09:47:58.450+0000] {taskinstance.py:1284} INFO - Starting attempt 1 of 1
[2024-10-16T09:47:58.451+0000] {taskinstance.py:1285} INFO - 
--------------------------------------------------------------------------------
[2024-10-16T09:47:58.482+0000] {taskinstance.py:1304} INFO - Executing <Task(PostgresOperator): insert_rate> on 2024-04-27 00:00:00+00:00
[2024-10-16T09:47:58.490+0000] {standard_task_runner.py:55} INFO - Started process 6079 to run task
[2024-10-16T09:47:58.497+0000] {standard_task_runner.py:82} INFO - Running: ['***', 'tasks', 'run', 'exchange_rate_usd_rus_dag', 'insert_rate', 'scheduled__2024-04-27T00:00:00+00:00', '--job-id', '848', '--raw', '--subdir', 'DAGS_FOLDER/RUS_DAG.py', '--cfg-path', '/tmp/tmpwxxr8dwo']
[2024-10-16T09:47:58.498+0000] {standard_task_runner.py:83} INFO - Job 848: Subtask insert_rate
[2024-10-16T09:47:58.604+0000] {task_command.py:389} INFO - Running <TaskInstance: exchange_rate_usd_rus_dag.insert_rate scheduled__2024-04-27T00:00:00+00:00 [running]> on host 63ee4fa64e74
[2024-10-16T09:47:58.668+0000] {warnings.py:110} WARNING - /home/***/.local/lib/python3.7/site-packages/***/utils/context.py:205: AirflowContextDeprecationWarning: Accessing 'execution_date' from the template is deprecated and will be removed in a future version. Please use 'data_interval_start' or 'logical_date' instead.
  warnings.warn(_create_deprecation_warning(key, self._deprecation_replacements[key]))

[2024-10-16T09:47:58.743+0000] {taskinstance.py:1513} INFO - Exporting the following env vars:
AIRFLOW_CTX_DAG_OWNER=***
AIRFLOW_CTX_DAG_ID=exchange_rate_usd_rus_dag
AIRFLOW_CTX_TASK_ID=insert_rate
AIRFLOW_CTX_EXECUTION_DATE=2024-04-27T00:00:00+00:00
AIRFLOW_CTX_TRY_NUMBER=1
AIRFLOW_CTX_DAG_RUN_ID=scheduled__2024-04-27T00:00:00+00:00
[2024-10-16T09:47:58.745+0000] {sql.py:253} INFO - Executing: INSERT INTO
    currency_exchange_rates
VALUES ('USD', 'RUB', 92.10898361, '2024-04-27')
ON CONFLICT (base, currency, date) DO
    UPDATE
        SET rate = excluded.rate;
[2024-10-16T09:47:58.757+0000] {base.py:73} INFO - Using connection ID 'postgres_default' for task execution.
[2024-10-16T09:47:59.067+0000] {base.py:73} INFO - Using connection ID 'postgres_default' for task execution.
[2024-10-16T09:47:59.082+0000] {sql.py:364} INFO - Running statement: INSERT INTO
    currency_exchange_rates
VALUES ('USD', 'RUB', 92.10898361, '2024-04-27')
ON CONFLICT (base, currency, date) DO
    UPDATE
        SET rate = excluded.rate;, parameters: None
[2024-10-16T09:47:59.086+0000] {sql.py:373} INFO - Rows affected: 1
[2024-10-16T09:47:59.116+0000] {taskinstance.py:1327} INFO - Marking task as SUCCESS. dag_id=exchange_rate_usd_rus_dag, task_id=insert_rate, execution_date=20240427T000000, start_date=20241016T094758, end_date=20241016T094759
[2024-10-16T09:47:59.166+0000] {local_task_job.py:159} INFO - Task exited with return code 0
[2024-10-16T09:47:59.199+0000] {taskinstance.py:2582} INFO - 0 downstream tasks scheduled from follow-on schedule check
