[2024-10-16T09:40:07.343+0000] {taskinstance.py:1087} INFO - Dependencies all met for <TaskInstance: exchange_rate_usd_rus_dag.get_rate scheduled__2024-09-09T00:00:00+00:00 [queued]>
[2024-10-16T09:40:07.371+0000] {taskinstance.py:1087} INFO - Dependencies all met for <TaskInstance: exchange_rate_usd_rus_dag.get_rate scheduled__2024-09-09T00:00:00+00:00 [queued]>
[2024-10-16T09:40:07.373+0000] {taskinstance.py:1283} INFO - 
--------------------------------------------------------------------------------
[2024-10-16T09:40:07.374+0000] {taskinstance.py:1284} INFO - Starting attempt 1 of 1
[2024-10-16T09:40:07.375+0000] {taskinstance.py:1285} INFO - 
--------------------------------------------------------------------------------
[2024-10-16T09:40:07.415+0000] {taskinstance.py:1304} INFO - Executing <Task(CurrencyScoopOperator): get_rate> on 2024-09-09 00:00:00+00:00
[2024-10-16T09:40:07.531+0000] {standard_task_runner.py:82} INFO - Running: ['***', 'tasks', 'run', 'exchange_rate_usd_rus_dag', 'get_rate', 'scheduled__2024-09-09T00:00:00+00:00', '--job-id', '365', '--raw', '--subdir', 'DAGS_FOLDER/RUS_DAG.py', '--cfg-path', '/tmp/tmpvnohf1gl']
[2024-10-16T09:40:07.542+0000] {standard_task_runner.py:83} INFO - Job 365: Subtask get_rate
[2024-10-16T09:40:07.432+0000] {standard_task_runner.py:55} INFO - Started process 4228 to run task
[2024-10-16T09:40:07.786+0000] {task_command.py:389} INFO - Running <TaskInstance: exchange_rate_usd_rus_dag.get_rate scheduled__2024-09-09T00:00:00+00:00 [running]> on host 63ee4fa64e74
[2024-10-16T09:40:08.076+0000] {taskinstance.py:1513} INFO - Exporting the following env vars:
AIRFLOW_CTX_DAG_OWNER=***
AIRFLOW_CTX_DAG_ID=exchange_rate_usd_rus_dag
AIRFLOW_CTX_TASK_ID=get_rate
AIRFLOW_CTX_EXECUTION_DATE=2024-09-09T00:00:00+00:00
AIRFLOW_CTX_TRY_NUMBER=1
AIRFLOW_CTX_DAG_RUN_ID=scheduled__2024-09-09T00:00:00+00:00
[2024-10-16T09:40:08.087+0000] {warnings.py:110} WARNING - /home/***/.local/lib/python3.7/site-packages/***/utils/context.py:205: AirflowContextDeprecationWarning: Accessing 'execution_date' from the template is deprecated and will be removed in a future version. Please use 'data_interval_start' or 'logical_date' instead.
  warnings.warn(_create_deprecation_warning(key, self._deprecation_replacements[key]))

[2024-10-16T09:40:08.140+0000] {base.py:73} INFO - Using connection ID 'cur_scoop_conn_id' for task execution.
[2024-10-16T09:40:10.297+0000] {taskinstance.py:1327} INFO - Marking task as SUCCESS. dag_id=exchange_rate_usd_rus_dag, task_id=get_rate, execution_date=20240909T000000, start_date=20241016T094007, end_date=20241016T094010
[2024-10-16T09:40:10.416+0000] {local_task_job.py:159} INFO - Task exited with return code 0
[2024-10-16T09:40:10.494+0000] {taskinstance.py:2582} INFO - 1 downstream tasks scheduled from follow-on schedule check
[2024-10-16T09:49:54.271+0000] {taskinstance.py:1087} INFO - Dependencies all met for <TaskInstance: exchange_rate_usd_rus_dag.get_rate scheduled__2024-09-09T00:00:00+00:00 [queued]>
[2024-10-16T09:49:54.289+0000] {taskinstance.py:1087} INFO - Dependencies all met for <TaskInstance: exchange_rate_usd_rus_dag.get_rate scheduled__2024-09-09T00:00:00+00:00 [queued]>
[2024-10-16T09:49:54.289+0000] {taskinstance.py:1283} INFO - 
--------------------------------------------------------------------------------
[2024-10-16T09:49:54.290+0000] {taskinstance.py:1284} INFO - Starting attempt 1 of 1
[2024-10-16T09:49:54.291+0000] {taskinstance.py:1285} INFO - 
--------------------------------------------------------------------------------
[2024-10-16T09:49:54.316+0000] {taskinstance.py:1304} INFO - Executing <Task(CurrencyScoopOperator): get_rate> on 2024-09-09 00:00:00+00:00
[2024-10-16T09:49:54.324+0000] {standard_task_runner.py:55} INFO - Started process 7068 to run task
[2024-10-16T09:49:54.329+0000] {standard_task_runner.py:82} INFO - Running: ['***', 'tasks', 'run', 'exchange_rate_usd_rus_dag', 'get_rate', 'scheduled__2024-09-09T00:00:00+00:00', '--job-id', '1234', '--raw', '--subdir', 'DAGS_FOLDER/RUS_DAG.py', '--cfg-path', '/tmp/tmp10xypg5g']
[2024-10-16T09:49:54.331+0000] {standard_task_runner.py:83} INFO - Job 1234: Subtask get_rate
[2024-10-16T09:49:54.462+0000] {task_command.py:389} INFO - Running <TaskInstance: exchange_rate_usd_rus_dag.get_rate scheduled__2024-09-09T00:00:00+00:00 [running]> on host 63ee4fa64e74
[2024-10-16T09:49:54.637+0000] {taskinstance.py:1513} INFO - Exporting the following env vars:
AIRFLOW_CTX_DAG_OWNER=***
AIRFLOW_CTX_DAG_ID=exchange_rate_usd_rus_dag
AIRFLOW_CTX_TASK_ID=get_rate
AIRFLOW_CTX_EXECUTION_DATE=2024-09-09T00:00:00+00:00
AIRFLOW_CTX_TRY_NUMBER=1
AIRFLOW_CTX_DAG_RUN_ID=scheduled__2024-09-09T00:00:00+00:00
[2024-10-16T09:49:54.642+0000] {warnings.py:110} WARNING - /home/***/.local/lib/python3.7/site-packages/***/utils/context.py:205: AirflowContextDeprecationWarning: Accessing 'execution_date' from the template is deprecated and will be removed in a future version. Please use 'data_interval_start' or 'logical_date' instead.
  warnings.warn(_create_deprecation_warning(key, self._deprecation_replacements[key]))

[2024-10-16T09:49:54.658+0000] {base.py:73} INFO - Using connection ID 'cur_scoop_conn_id' for task execution.
[2024-10-16T09:49:55.103+0000] {taskinstance.py:1327} INFO - Marking task as SUCCESS. dag_id=exchange_rate_usd_rus_dag, task_id=get_rate, execution_date=20240909T000000, start_date=20241016T094954, end_date=20241016T094955
[2024-10-16T09:49:55.164+0000] {local_task_job.py:159} INFO - Task exited with return code 0
[2024-10-16T09:49:55.207+0000] {taskinstance.py:2582} INFO - 1 downstream tasks scheduled from follow-on schedule check
