[2024-10-14T21:43:59.043+0000] {taskinstance.py:1087} INFO - Dependencies all met for <TaskInstance: first_dag.random_dice scheduled__2024-10-11T00:00:00+00:00 [queued]>
[2024-10-14T21:43:59.099+0000] {taskinstance.py:1087} INFO - Dependencies all met for <TaskInstance: first_dag.random_dice scheduled__2024-10-11T00:00:00+00:00 [queued]>
[2024-10-14T21:43:59.100+0000] {taskinstance.py:1283} INFO - 
--------------------------------------------------------------------------------
[2024-10-14T21:43:59.102+0000] {taskinstance.py:1284} INFO - Starting attempt 1 of 3
[2024-10-14T21:43:59.103+0000] {taskinstance.py:1285} INFO - 
--------------------------------------------------------------------------------
[2024-10-14T21:43:59.153+0000] {taskinstance.py:1304} INFO - Executing <Task(PythonOperator): random_dice> on 2024-10-11 00:00:00+00:00
[2024-10-14T21:43:59.177+0000] {standard_task_runner.py:55} INFO - Started process 20734 to run task
[2024-10-14T21:43:59.232+0000] {standard_task_runner.py:82} INFO - Running: ['***', 'tasks', 'run', 'first_dag', 'random_dice', 'scheduled__2024-10-11T00:00:00+00:00', '--job-id', '5', '--raw', '--subdir', 'DAGS_FOLDER/first_dag.py', '--cfg-path', '/tmp/tmpg92c7wm5']
[2024-10-14T21:43:59.235+0000] {standard_task_runner.py:83} INFO - Job 5: Subtask random_dice
[2024-10-14T21:43:59.939+0000] {task_command.py:389} INFO - Running <TaskInstance: first_dag.random_dice scheduled__2024-10-11T00:00:00+00:00 [running]> on host 63ee4fa64e74
[2024-10-14T21:44:00.525+0000] {taskinstance.py:1513} INFO - Exporting the following env vars:
AIRFLOW_CTX_DAG_OWNER=***
AIRFLOW_CTX_DAG_ID=first_dag
AIRFLOW_CTX_TASK_ID=random_dice
AIRFLOW_CTX_EXECUTION_DATE=2024-10-11T00:00:00+00:00
AIRFLOW_CTX_TRY_NUMBER=1
AIRFLOW_CTX_DAG_RUN_ID=scheduled__2024-10-11T00:00:00+00:00
[2024-10-14T21:44:00.534+0000] {python.py:177} INFO - Done. Returned value was: None
[2024-10-14T21:44:00.567+0000] {taskinstance.py:1327} INFO - Marking task as SUCCESS. dag_id=first_dag, task_id=random_dice, execution_date=20241011T000000, start_date=20241014T214359, end_date=20241014T214400
[2024-10-14T21:44:00.639+0000] {local_task_job.py:159} INFO - Task exited with return code 0
[2024-10-14T21:44:00.677+0000] {taskinstance.py:2582} INFO - 0 downstream tasks scheduled from follow-on schedule check
