[2024-10-16T10:04:54.381+0000] {taskinstance.py:1087} INFO - Dependencies all met for <TaskInstance: exchange_rate_usd_kzt_dag.get_rate scheduled__2024-04-08T00:00:00+00:00 [queued]>
[2024-10-16T10:04:54.411+0000] {taskinstance.py:1087} INFO - Dependencies all met for <TaskInstance: exchange_rate_usd_kzt_dag.get_rate scheduled__2024-04-08T00:00:00+00:00 [queued]>
[2024-10-16T10:04:54.412+0000] {taskinstance.py:1283} INFO - 
--------------------------------------------------------------------------------
[2024-10-16T10:04:54.413+0000] {taskinstance.py:1284} INFO - Starting attempt 1 of 1
[2024-10-16T10:04:54.414+0000] {taskinstance.py:1285} INFO - 
--------------------------------------------------------------------------------
[2024-10-16T10:04:54.449+0000] {taskinstance.py:1304} INFO - Executing <Task(CurrencyScoopOperator): get_rate> on 2024-04-08 00:00:00+00:00
[2024-10-16T10:04:54.458+0000] {standard_task_runner.py:55} INFO - Started process 10974 to run task
[2024-10-16T10:04:54.466+0000] {standard_task_runner.py:82} INFO - Running: ['***', 'tasks', 'run', 'exchange_rate_usd_kzt_dag', 'get_rate', 'scheduled__2024-04-08T00:00:00+00:00', '--job-id', '2349', '--raw', '--subdir', 'DAGS_FOLDER/exchange_rates/__init__.py', '--cfg-path', '/tmp/tmpmh0xfepn']
[2024-10-16T10:04:54.468+0000] {standard_task_runner.py:83} INFO - Job 2349: Subtask get_rate
[2024-10-16T10:04:54.616+0000] {task_command.py:389} INFO - Running <TaskInstance: exchange_rate_usd_kzt_dag.get_rate scheduled__2024-04-08T00:00:00+00:00 [running]> on host 63ee4fa64e74
[2024-10-16T10:04:54.767+0000] {taskinstance.py:1513} INFO - Exporting the following env vars:
AIRFLOW_CTX_DAG_OWNER=***
AIRFLOW_CTX_DAG_ID=exchange_rate_usd_kzt_dag
AIRFLOW_CTX_TASK_ID=get_rate
AIRFLOW_CTX_EXECUTION_DATE=2024-04-08T00:00:00+00:00
AIRFLOW_CTX_TRY_NUMBER=1
AIRFLOW_CTX_DAG_RUN_ID=scheduled__2024-04-08T00:00:00+00:00
[2024-10-16T10:04:54.769+0000] {warnings.py:110} WARNING - /home/***/.local/lib/python3.7/site-packages/***/utils/context.py:205: AirflowContextDeprecationWarning: Accessing 'execution_date' from the template is deprecated and will be removed in a future version. Please use 'data_interval_start' or 'logical_date' instead.
  warnings.warn(_create_deprecation_warning(key, self._deprecation_replacements[key]))

[2024-10-16T10:04:54.784+0000] {base.py:73} INFO - Using connection ID 'cur_scoop_conn_id' for task execution.
[2024-10-16T10:04:57.521+0000] {taskinstance.py:1327} INFO - Marking task as SUCCESS. dag_id=exchange_rate_usd_kzt_dag, task_id=get_rate, execution_date=20240408T000000, start_date=20241016T100454, end_date=20241016T100457
[2024-10-16T10:04:57.736+0000] {local_task_job.py:159} INFO - Task exited with return code 0
[2024-10-16T10:04:57.822+0000] {taskinstance.py:2582} INFO - 1 downstream tasks scheduled from follow-on schedule check
