[2024-10-16T09:48:56.503+0000] {taskinstance.py:1087} INFO - Dependencies all met for <TaskInstance: exchange_rate_usd_rus_dag.get_rate scheduled__2024-07-04T00:00:00+00:00 [queued]>
[2024-10-16T09:48:56.524+0000] {taskinstance.py:1087} INFO - Dependencies all met for <TaskInstance: exchange_rate_usd_rus_dag.get_rate scheduled__2024-07-04T00:00:00+00:00 [queued]>
[2024-10-16T09:48:56.525+0000] {taskinstance.py:1283} INFO - 
--------------------------------------------------------------------------------
[2024-10-16T09:48:56.526+0000] {taskinstance.py:1284} INFO - Starting attempt 1 of 1
[2024-10-16T09:48:56.527+0000] {taskinstance.py:1285} INFO - 
--------------------------------------------------------------------------------
[2024-10-16T09:48:56.558+0000] {taskinstance.py:1304} INFO - Executing <Task(CurrencyScoopOperator): get_rate> on 2024-07-04 00:00:00+00:00
[2024-10-16T09:48:56.565+0000] {standard_task_runner.py:55} INFO - Started process 6542 to run task
[2024-10-16T09:48:56.571+0000] {standard_task_runner.py:82} INFO - Running: ['***', 'tasks', 'run', 'exchange_rate_usd_rus_dag', 'get_rate', 'scheduled__2024-07-04T00:00:00+00:00', '--job-id', '1031', '--raw', '--subdir', 'DAGS_FOLDER/RUS_DAG.py', '--cfg-path', '/tmp/tmprki6ejhd']
[2024-10-16T09:48:56.572+0000] {standard_task_runner.py:83} INFO - Job 1031: Subtask get_rate
[2024-10-16T09:48:56.698+0000] {task_command.py:389} INFO - Running <TaskInstance: exchange_rate_usd_rus_dag.get_rate scheduled__2024-07-04T00:00:00+00:00 [running]> on host 63ee4fa64e74
[2024-10-16T09:48:56.813+0000] {taskinstance.py:1513} INFO - Exporting the following env vars:
AIRFLOW_CTX_DAG_OWNER=***
AIRFLOW_CTX_DAG_ID=exchange_rate_usd_rus_dag
AIRFLOW_CTX_TASK_ID=get_rate
AIRFLOW_CTX_EXECUTION_DATE=2024-07-04T00:00:00+00:00
AIRFLOW_CTX_TRY_NUMBER=1
AIRFLOW_CTX_DAG_RUN_ID=scheduled__2024-07-04T00:00:00+00:00
[2024-10-16T09:48:56.816+0000] {warnings.py:110} WARNING - /home/***/.local/lib/python3.7/site-packages/***/utils/context.py:205: AirflowContextDeprecationWarning: Accessing 'execution_date' from the template is deprecated and will be removed in a future version. Please use 'data_interval_start' or 'logical_date' instead.
  warnings.warn(_create_deprecation_warning(key, self._deprecation_replacements[key]))

[2024-10-16T09:48:56.837+0000] {base.py:73} INFO - Using connection ID 'cur_scoop_conn_id' for task execution.
[2024-10-16T09:48:57.267+0000] {taskinstance.py:1327} INFO - Marking task as SUCCESS. dag_id=exchange_rate_usd_rus_dag, task_id=get_rate, execution_date=20240704T000000, start_date=20241016T094856, end_date=20241016T094857
[2024-10-16T09:48:57.326+0000] {local_task_job.py:159} INFO - Task exited with return code 0
[2024-10-16T09:48:57.372+0000] {taskinstance.py:2582} INFO - 1 downstream tasks scheduled from follow-on schedule check
