[2024-10-16T09:40:36.168+0000] {taskinstance.py:1087} INFO - Dependencies all met for <TaskInstance: exchange_rate_usd_rus_dag.get_rate scheduled__2024-10-06T00:00:00+00:00 [queued]>
[2024-10-16T09:40:36.194+0000] {taskinstance.py:1087} INFO - Dependencies all met for <TaskInstance: exchange_rate_usd_rus_dag.get_rate scheduled__2024-10-06T00:00:00+00:00 [queued]>
[2024-10-16T09:40:36.195+0000] {taskinstance.py:1283} INFO - 
--------------------------------------------------------------------------------
[2024-10-16T09:40:36.196+0000] {taskinstance.py:1284} INFO - Starting attempt 1 of 1
[2024-10-16T09:40:36.197+0000] {taskinstance.py:1285} INFO - 
--------------------------------------------------------------------------------
[2024-10-16T09:40:36.234+0000] {taskinstance.py:1304} INFO - Executing <Task(CurrencyScoopOperator): get_rate> on 2024-10-06 00:00:00+00:00
[2024-10-16T09:40:36.244+0000] {standard_task_runner.py:55} INFO - Started process 4438 to run task
[2024-10-16T09:40:36.252+0000] {standard_task_runner.py:82} INFO - Running: ['***', 'tasks', 'run', 'exchange_rate_usd_rus_dag', 'get_rate', 'scheduled__2024-10-06T00:00:00+00:00', '--job-id', '446', '--raw', '--subdir', 'DAGS_FOLDER/RUS_DAG.py', '--cfg-path', '/tmp/tmp824cf8_3']
[2024-10-16T09:40:36.253+0000] {standard_task_runner.py:83} INFO - Job 446: Subtask get_rate
[2024-10-16T09:40:36.425+0000] {task_command.py:389} INFO - Running <TaskInstance: exchange_rate_usd_rus_dag.get_rate scheduled__2024-10-06T00:00:00+00:00 [running]> on host 63ee4fa64e74
[2024-10-16T09:40:36.586+0000] {taskinstance.py:1513} INFO - Exporting the following env vars:
AIRFLOW_CTX_DAG_OWNER=***
AIRFLOW_CTX_DAG_ID=exchange_rate_usd_rus_dag
AIRFLOW_CTX_TASK_ID=get_rate
AIRFLOW_CTX_EXECUTION_DATE=2024-10-06T00:00:00+00:00
AIRFLOW_CTX_TRY_NUMBER=1
AIRFLOW_CTX_DAG_RUN_ID=scheduled__2024-10-06T00:00:00+00:00
[2024-10-16T09:40:36.588+0000] {warnings.py:110} WARNING - /home/***/.local/lib/python3.7/site-packages/***/utils/context.py:205: AirflowContextDeprecationWarning: Accessing 'execution_date' from the template is deprecated and will be removed in a future version. Please use 'data_interval_start' or 'logical_date' instead.
  warnings.warn(_create_deprecation_warning(key, self._deprecation_replacements[key]))

[2024-10-16T09:40:36.602+0000] {base.py:73} INFO - Using connection ID 'cur_scoop_conn_id' for task execution.
[2024-10-16T09:40:38.539+0000] {taskinstance.py:1327} INFO - Marking task as SUCCESS. dag_id=exchange_rate_usd_rus_dag, task_id=get_rate, execution_date=20241006T000000, start_date=20241016T094036, end_date=20241016T094038
[2024-10-16T09:40:38.654+0000] {local_task_job.py:159} INFO - Task exited with return code 0
[2024-10-16T09:40:38.700+0000] {taskinstance.py:2582} INFO - 1 downstream tasks scheduled from follow-on schedule check
[2024-10-16T09:50:22.332+0000] {taskinstance.py:1087} INFO - Dependencies all met for <TaskInstance: exchange_rate_usd_rus_dag.get_rate scheduled__2024-10-06T00:00:00+00:00 [queued]>
[2024-10-16T09:50:22.347+0000] {taskinstance.py:1087} INFO - Dependencies all met for <TaskInstance: exchange_rate_usd_rus_dag.get_rate scheduled__2024-10-06T00:00:00+00:00 [queued]>
[2024-10-16T09:50:22.348+0000] {taskinstance.py:1283} INFO - 
--------------------------------------------------------------------------------
[2024-10-16T09:50:22.349+0000] {taskinstance.py:1284} INFO - Starting attempt 1 of 1
[2024-10-16T09:50:22.350+0000] {taskinstance.py:1285} INFO - 
--------------------------------------------------------------------------------
[2024-10-16T09:50:22.378+0000] {taskinstance.py:1304} INFO - Executing <Task(CurrencyScoopOperator): get_rate> on 2024-10-06 00:00:00+00:00
[2024-10-16T09:50:22.388+0000] {standard_task_runner.py:55} INFO - Started process 7260 to run task
[2024-10-16T09:50:22.395+0000] {standard_task_runner.py:82} INFO - Running: ['***', 'tasks', 'run', 'exchange_rate_usd_rus_dag', 'get_rate', 'scheduled__2024-10-06T00:00:00+00:00', '--job-id', '1308', '--raw', '--subdir', 'DAGS_FOLDER/RUS_DAG.py', '--cfg-path', '/tmp/tmp4979v3lj']
[2024-10-16T09:50:22.399+0000] {standard_task_runner.py:83} INFO - Job 1308: Subtask get_rate
[2024-10-16T09:50:22.531+0000] {task_command.py:389} INFO - Running <TaskInstance: exchange_rate_usd_rus_dag.get_rate scheduled__2024-10-06T00:00:00+00:00 [running]> on host 63ee4fa64e74
[2024-10-16T09:50:22.694+0000] {taskinstance.py:1513} INFO - Exporting the following env vars:
AIRFLOW_CTX_DAG_OWNER=***
AIRFLOW_CTX_DAG_ID=exchange_rate_usd_rus_dag
AIRFLOW_CTX_TASK_ID=get_rate
AIRFLOW_CTX_EXECUTION_DATE=2024-10-06T00:00:00+00:00
AIRFLOW_CTX_TRY_NUMBER=1
AIRFLOW_CTX_DAG_RUN_ID=scheduled__2024-10-06T00:00:00+00:00
[2024-10-16T09:50:22.697+0000] {warnings.py:110} WARNING - /home/***/.local/lib/python3.7/site-packages/***/utils/context.py:205: AirflowContextDeprecationWarning: Accessing 'execution_date' from the template is deprecated and will be removed in a future version. Please use 'data_interval_start' or 'logical_date' instead.
  warnings.warn(_create_deprecation_warning(key, self._deprecation_replacements[key]))

[2024-10-16T09:50:22.713+0000] {base.py:73} INFO - Using connection ID 'cur_scoop_conn_id' for task execution.
[2024-10-16T09:50:23.738+0000] {taskinstance.py:1327} INFO - Marking task as SUCCESS. dag_id=exchange_rate_usd_rus_dag, task_id=get_rate, execution_date=20241006T000000, start_date=20241016T095022, end_date=20241016T095023
[2024-10-16T09:50:23.807+0000] {local_task_job.py:159} INFO - Task exited with return code 0
[2024-10-16T09:50:23.865+0000] {taskinstance.py:2582} INFO - 1 downstream tasks scheduled from follow-on schedule check
