[2024-10-16T09:45:59.131+0000] {taskinstance.py:1087} INFO - Dependencies all met for <TaskInstance: exchange_rate_usd_rus_dag.insert_rate scheduled__2024-01-03T00:00:00+00:00 [queued]>
[2024-10-16T09:45:59.155+0000] {taskinstance.py:1087} INFO - Dependencies all met for <TaskInstance: exchange_rate_usd_rus_dag.insert_rate scheduled__2024-01-03T00:00:00+00:00 [queued]>
[2024-10-16T09:45:59.156+0000] {taskinstance.py:1283} INFO - 
--------------------------------------------------------------------------------
[2024-10-16T09:45:59.158+0000] {taskinstance.py:1284} INFO - Starting attempt 1 of 1
[2024-10-16T09:45:59.159+0000] {taskinstance.py:1285} INFO - 
--------------------------------------------------------------------------------
[2024-10-16T09:45:59.197+0000] {taskinstance.py:1304} INFO - Executing <Task(PostgresOperator): insert_rate> on 2024-01-03 00:00:00+00:00
[2024-10-16T09:45:59.209+0000] {standard_task_runner.py:55} INFO - Started process 5182 to run task
[2024-10-16T09:45:59.217+0000] {standard_task_runner.py:82} INFO - Running: ['***', 'tasks', 'run', 'exchange_rate_usd_rus_dag', 'insert_rate', 'scheduled__2024-01-03T00:00:00+00:00', '--job-id', '505', '--raw', '--subdir', 'DAGS_FOLDER/RUS_DAG.py', '--cfg-path', '/tmp/tmpb_9jdfrm']
[2024-10-16T09:45:59.219+0000] {standard_task_runner.py:83} INFO - Job 505: Subtask insert_rate
[2024-10-16T09:45:59.382+0000] {task_command.py:389} INFO - Running <TaskInstance: exchange_rate_usd_rus_dag.insert_rate scheduled__2024-01-03T00:00:00+00:00 [running]> on host 63ee4fa64e74
[2024-10-16T09:45:59.461+0000] {warnings.py:110} WARNING - /home/***/.local/lib/python3.7/site-packages/***/utils/context.py:205: AirflowContextDeprecationWarning: Accessing 'execution_date' from the template is deprecated and will be removed in a future version. Please use 'data_interval_start' or 'logical_date' instead.
  warnings.warn(_create_deprecation_warning(key, self._deprecation_replacements[key]))

[2024-10-16T09:45:59.563+0000] {taskinstance.py:1513} INFO - Exporting the following env vars:
AIRFLOW_CTX_DAG_OWNER=***
AIRFLOW_CTX_DAG_ID=exchange_rate_usd_rus_dag
AIRFLOW_CTX_TASK_ID=insert_rate
AIRFLOW_CTX_EXECUTION_DATE=2024-01-03T00:00:00+00:00
AIRFLOW_CTX_TRY_NUMBER=1
AIRFLOW_CTX_DAG_RUN_ID=scheduled__2024-01-03T00:00:00+00:00
[2024-10-16T09:45:59.567+0000] {sql.py:253} INFO - Executing: INSERT INTO
    currency_exchange_rates
VALUES ('USD', 'RUB', 91.95540832, '2024-01-03')
ON CONFLICT (base, currency, date) DO
    UPDATE
        SET rate = excluded.rate;
[2024-10-16T09:45:59.582+0000] {base.py:73} INFO - Using connection ID 'postgres_default' for task execution.
[2024-10-16T09:46:00.059+0000] {base.py:73} INFO - Using connection ID 'postgres_default' for task execution.
[2024-10-16T09:46:00.074+0000] {sql.py:364} INFO - Running statement: INSERT INTO
    currency_exchange_rates
VALUES ('USD', 'RUB', 91.95540832, '2024-01-03')
ON CONFLICT (base, currency, date) DO
    UPDATE
        SET rate = excluded.rate;, parameters: None
[2024-10-16T09:46:00.080+0000] {sql.py:373} INFO - Rows affected: 1
[2024-10-16T09:46:00.100+0000] {taskinstance.py:1327} INFO - Marking task as SUCCESS. dag_id=exchange_rate_usd_rus_dag, task_id=insert_rate, execution_date=20240103T000000, start_date=20241016T094559, end_date=20241016T094600
[2024-10-16T09:46:00.184+0000] {local_task_job.py:159} INFO - Task exited with return code 0
[2024-10-16T09:46:00.219+0000] {taskinstance.py:2582} INFO - 0 downstream tasks scheduled from follow-on schedule check
