[2024-10-16T09:19:57.761+0000] {processor.py:153} INFO - Started process (PID=2063) to work on /opt/airflow/dags/exchange_rates/RUS_DAG.py
[2024-10-16T09:19:57.762+0000] {processor.py:743} INFO - Processing file /opt/airflow/dags/exchange_rates/RUS_DAG.py for tasks to queue
[2024-10-16T09:19:57.763+0000] {logging_mixin.py:137} INFO - [2024-10-16T09:19:57.763+0000] {dagbag.py:538} INFO - Filling up the DagBag from /opt/airflow/dags/exchange_rates/RUS_DAG.py
[2024-10-16T09:19:57.793+0000] {logging_mixin.py:137} INFO - [2024-10-16T09:19:57.791+0000] {dagbag.py:343} ERROR - Failed to import: /opt/airflow/dags/exchange_rates/RUS_DAG.py
Traceback (most recent call last):
  File "/home/airflow/.local/lib/python3.7/site-packages/airflow/models/dagbag.py", line 339, in parse
    loader.exec_module(new_module)
  File "<frozen importlib._bootstrap_external>", line 728, in exec_module
  File "<frozen importlib._bootstrap>", line 219, in _call_with_frames_removed
  File "/opt/airflow/dags/exchange_rates/RUS_DAG.py", line 6, in <module>
    from .operator import CurrencyScoopOperator
ImportError: attempted relative import with no known parent package
[2024-10-16T09:19:57.793+0000] {processor.py:755} WARNING - No viable dags retrieved from /opt/airflow/dags/exchange_rates/RUS_DAG.py
[2024-10-16T09:19:57.816+0000] {processor.py:175} INFO - Processing /opt/airflow/dags/exchange_rates/RUS_DAG.py took 0.059 seconds
[2024-10-16T09:20:26.482+0000] {processor.py:153} INFO - Started process (PID=2154) to work on /opt/airflow/dags/exchange_rates/RUS_DAG.py
[2024-10-16T09:20:26.483+0000] {processor.py:743} INFO - Processing file /opt/airflow/dags/exchange_rates/RUS_DAG.py for tasks to queue
[2024-10-16T09:20:26.484+0000] {logging_mixin.py:137} INFO - [2024-10-16T09:20:26.484+0000] {dagbag.py:538} INFO - Filling up the DagBag from /opt/airflow/dags/exchange_rates/RUS_DAG.py
[2024-10-16T09:20:26.518+0000] {logging_mixin.py:137} INFO - [2024-10-16T09:20:26.515+0000] {dagbag.py:343} ERROR - Failed to import: /opt/airflow/dags/exchange_rates/RUS_DAG.py
Traceback (most recent call last):
  File "/home/airflow/.local/lib/python3.7/site-packages/airflow/models/dagbag.py", line 339, in parse
    loader.exec_module(new_module)
  File "<frozen importlib._bootstrap_external>", line 728, in exec_module
  File "<frozen importlib._bootstrap>", line 219, in _call_with_frames_removed
  File "/opt/airflow/dags/exchange_rates/RUS_DAG.py", line 6, in <module>
    from .operator import CurrencyScoopOperator
ImportError: attempted relative import with no known parent package
[2024-10-16T09:20:26.518+0000] {processor.py:755} WARNING - No viable dags retrieved from /opt/airflow/dags/exchange_rates/RUS_DAG.py
[2024-10-16T09:20:26.541+0000] {processor.py:175} INFO - Processing /opt/airflow/dags/exchange_rates/RUS_DAG.py took 0.063 seconds
