[2024-10-16T09:45:57.643+0000] {taskinstance.py:1087} INFO - Dependencies all met for <TaskInstance: exchange_rate_usd_rus_dag.get_rate scheduled__2024-01-08T00:00:00+00:00 [queued]>
[2024-10-16T09:45:57.665+0000] {taskinstance.py:1087} INFO - Dependencies all met for <TaskInstance: exchange_rate_usd_rus_dag.get_rate scheduled__2024-01-08T00:00:00+00:00 [queued]>
[2024-10-16T09:45:57.667+0000] {taskinstance.py:1283} INFO - 
--------------------------------------------------------------------------------
[2024-10-16T09:45:57.668+0000] {taskinstance.py:1284} INFO - Starting attempt 1 of 1
[2024-10-16T09:45:57.668+0000] {taskinstance.py:1285} INFO - 
--------------------------------------------------------------------------------
[2024-10-16T09:45:57.701+0000] {taskinstance.py:1304} INFO - Executing <Task(CurrencyScoopOperator): get_rate> on 2024-01-08 00:00:00+00:00
[2024-10-16T09:45:57.710+0000] {standard_task_runner.py:55} INFO - Started process 5162 to run task
[2024-10-16T09:45:57.718+0000] {standard_task_runner.py:82} INFO - Running: ['***', 'tasks', 'run', 'exchange_rate_usd_rus_dag', 'get_rate', 'scheduled__2024-01-08T00:00:00+00:00', '--job-id', '497', '--raw', '--subdir', 'DAGS_FOLDER/RUS_DAG.py', '--cfg-path', '/tmp/tmpmpw6u97b']
[2024-10-16T09:45:57.719+0000] {standard_task_runner.py:83} INFO - Job 497: Subtask get_rate
[2024-10-16T09:45:57.836+0000] {task_command.py:389} INFO - Running <TaskInstance: exchange_rate_usd_rus_dag.get_rate scheduled__2024-01-08T00:00:00+00:00 [running]> on host 63ee4fa64e74
[2024-10-16T09:45:57.956+0000] {taskinstance.py:1513} INFO - Exporting the following env vars:
AIRFLOW_CTX_DAG_OWNER=***
AIRFLOW_CTX_DAG_ID=exchange_rate_usd_rus_dag
AIRFLOW_CTX_TASK_ID=get_rate
AIRFLOW_CTX_EXECUTION_DATE=2024-01-08T00:00:00+00:00
AIRFLOW_CTX_TRY_NUMBER=1
AIRFLOW_CTX_DAG_RUN_ID=scheduled__2024-01-08T00:00:00+00:00
[2024-10-16T09:45:57.958+0000] {warnings.py:110} WARNING - /home/***/.local/lib/python3.7/site-packages/***/utils/context.py:205: AirflowContextDeprecationWarning: Accessing 'execution_date' from the template is deprecated and will be removed in a future version. Please use 'data_interval_start' or 'logical_date' instead.
  warnings.warn(_create_deprecation_warning(key, self._deprecation_replacements[key]))

[2024-10-16T09:45:57.970+0000] {base.py:73} INFO - Using connection ID 'cur_scoop_conn_id' for task execution.
[2024-10-16T09:45:58.416+0000] {taskinstance.py:1327} INFO - Marking task as SUCCESS. dag_id=exchange_rate_usd_rus_dag, task_id=get_rate, execution_date=20240108T000000, start_date=20241016T094557, end_date=20241016T094558
[2024-10-16T09:45:58.553+0000] {local_task_job.py:159} INFO - Task exited with return code 0
[2024-10-16T09:45:58.606+0000] {taskinstance.py:2582} INFO - 1 downstream tasks scheduled from follow-on schedule check
