[2024-10-16T09:36:18.815+0000] {taskinstance.py:1087} INFO - Dependencies all met for <TaskInstance: exchange_rate_usd_rus_dag.create_table_task scheduled__2024-01-04T00:00:00+00:00 [queued]>
[2024-10-16T09:36:18.847+0000] {taskinstance.py:1087} INFO - Dependencies all met for <TaskInstance: exchange_rate_usd_rus_dag.create_table_task scheduled__2024-01-04T00:00:00+00:00 [queued]>
[2024-10-16T09:36:18.848+0000] {taskinstance.py:1283} INFO - 
--------------------------------------------------------------------------------
[2024-10-16T09:36:18.849+0000] {taskinstance.py:1284} INFO - Starting attempt 1 of 1
[2024-10-16T09:36:18.849+0000] {taskinstance.py:1285} INFO - 
--------------------------------------------------------------------------------
[2024-10-16T09:36:19.117+0000] {taskinstance.py:1304} INFO - Executing <Task(PostgresOperator): create_table_task> on 2024-01-04 00:00:00+00:00
[2024-10-16T09:36:19.143+0000] {standard_task_runner.py:55} INFO - Started process 3259 to run task
[2024-10-16T09:36:19.151+0000] {standard_task_runner.py:82} INFO - Running: ['***', 'tasks', 'run', 'exchange_rate_usd_rus_dag', 'create_table_task', 'scheduled__2024-01-04T00:00:00+00:00', '--job-id', '95', '--raw', '--subdir', 'DAGS_FOLDER/RUS_DAG.py', '--cfg-path', '/tmp/tmp1c3m8zrj']
[2024-10-16T09:36:19.156+0000] {standard_task_runner.py:83} INFO - Job 95: Subtask create_table_task
[2024-10-16T09:36:19.304+0000] {task_command.py:389} INFO - Running <TaskInstance: exchange_rate_usd_rus_dag.create_table_task scheduled__2024-01-04T00:00:00+00:00 [running]> on host 63ee4fa64e74
[2024-10-16T09:36:19.378+0000] {abstractoperator.py:596} ERROR - Exception rendering Jinja template for task 'create_table_task', field 'sql'. Template: 'sql/create_table.sql'
Traceback (most recent call last):
  File "/home/airflow/.local/lib/python3.7/site-packages/airflow/models/abstractoperator.py", line 589, in _do_render_template_fields
    seen_oids,
  File "/home/airflow/.local/lib/python3.7/site-packages/airflow/models/abstractoperator.py", line 640, in render_template
    template = jinja_env.get_template(value)
  File "/home/airflow/.local/lib/python3.7/site-packages/jinja2/environment.py", line 1010, in get_template
    return self._load_template(name, globals)
  File "/home/airflow/.local/lib/python3.7/site-packages/jinja2/environment.py", line 969, in _load_template
    template = self.loader.load(self, name, self.make_globals(globals))
  File "/home/airflow/.local/lib/python3.7/site-packages/jinja2/loaders.py", line 126, in load
    source, filename, uptodate = self.get_source(environment, name)
  File "/home/airflow/.local/lib/python3.7/site-packages/jinja2/loaders.py", line 218, in get_source
    raise TemplateNotFound(template)
jinja2.exceptions.TemplateNotFound: sql/create_table.sql
[2024-10-16T09:36:19.382+0000] {taskinstance.py:1772} ERROR - Task failed with exception
Traceback (most recent call last):
  File "/home/airflow/.local/lib/python3.7/site-packages/airflow/models/taskinstance.py", line 1378, in _run_raw_task
    self._execute_task_with_callbacks(context, test_mode)
  File "/home/airflow/.local/lib/python3.7/site-packages/airflow/models/taskinstance.py", line 1497, in _execute_task_with_callbacks
    task_orig = self.render_templates(context=context)
  File "/home/airflow/.local/lib/python3.7/site-packages/airflow/models/taskinstance.py", line 2119, in render_templates
    original_task.render_template_fields(context)
  File "/home/airflow/.local/lib/python3.7/site-packages/airflow/models/baseoperator.py", line 1196, in render_template_fields
    self._do_render_template_fields(self, self.template_fields, context, jinja_env, set())
  File "/home/airflow/.local/lib/python3.7/site-packages/airflow/utils/session.py", line 75, in wrapper
    return func(*args, session=session, **kwargs)
  File "/home/airflow/.local/lib/python3.7/site-packages/airflow/models/abstractoperator.py", line 589, in _do_render_template_fields
    seen_oids,
  File "/home/airflow/.local/lib/python3.7/site-packages/airflow/models/abstractoperator.py", line 640, in render_template
    template = jinja_env.get_template(value)
  File "/home/airflow/.local/lib/python3.7/site-packages/jinja2/environment.py", line 1010, in get_template
    return self._load_template(name, globals)
  File "/home/airflow/.local/lib/python3.7/site-packages/jinja2/environment.py", line 969, in _load_template
    template = self.loader.load(self, name, self.make_globals(globals))
  File "/home/airflow/.local/lib/python3.7/site-packages/jinja2/loaders.py", line 126, in load
    source, filename, uptodate = self.get_source(environment, name)
  File "/home/airflow/.local/lib/python3.7/site-packages/jinja2/loaders.py", line 218, in get_source
    raise TemplateNotFound(template)
jinja2.exceptions.TemplateNotFound: sql/create_table.sql
[2024-10-16T09:36:19.400+0000] {taskinstance.py:1327} INFO - Marking task as FAILED. dag_id=exchange_rate_usd_rus_dag, task_id=create_table_task, execution_date=20240104T000000, start_date=20241016T093618, end_date=20241016T093619
[2024-10-16T09:36:19.423+0000] {standard_task_runner.py:105} ERROR - Failed to execute job 95 for task create_table_task (sql/create_table.sql; 3259)
[2024-10-16T09:36:19.454+0000] {local_task_job.py:159} INFO - Task exited with return code 1
[2024-10-16T09:36:19.559+0000] {taskinstance.py:2582} INFO - 0 downstream tasks scheduled from follow-on schedule check
[2024-10-16T09:45:54.228+0000] {taskinstance.py:1087} INFO - Dependencies all met for <TaskInstance: exchange_rate_usd_rus_dag.create_table_task scheduled__2024-01-04T00:00:00+00:00 [queued]>
[2024-10-16T09:45:54.258+0000] {taskinstance.py:1087} INFO - Dependencies all met for <TaskInstance: exchange_rate_usd_rus_dag.create_table_task scheduled__2024-01-04T00:00:00+00:00 [queued]>
[2024-10-16T09:45:54.261+0000] {taskinstance.py:1283} INFO - 
--------------------------------------------------------------------------------
[2024-10-16T09:45:54.261+0000] {taskinstance.py:1284} INFO - Starting attempt 1 of 1
[2024-10-16T09:45:54.262+0000] {taskinstance.py:1285} INFO - 
--------------------------------------------------------------------------------
[2024-10-16T09:45:54.322+0000] {taskinstance.py:1304} INFO - Executing <Task(PostgresOperator): create_table_task> on 2024-01-04 00:00:00+00:00
[2024-10-16T09:45:54.339+0000] {standard_task_runner.py:55} INFO - Started process 5113 to run task
[2024-10-16T09:45:54.349+0000] {standard_task_runner.py:82} INFO - Running: ['***', 'tasks', 'run', 'exchange_rate_usd_rus_dag', 'create_table_task', 'scheduled__2024-01-04T00:00:00+00:00', '--job-id', '480', '--raw', '--subdir', 'DAGS_FOLDER/RUS_DAG.py', '--cfg-path', '/tmp/tmpstp4bvgl']
[2024-10-16T09:45:54.351+0000] {standard_task_runner.py:83} INFO - Job 480: Subtask create_table_task
[2024-10-16T09:45:54.538+0000] {task_command.py:389} INFO - Running <TaskInstance: exchange_rate_usd_rus_dag.create_table_task scheduled__2024-01-04T00:00:00+00:00 [running]> on host 63ee4fa64e74
[2024-10-16T09:45:54.731+0000] {taskinstance.py:1513} INFO - Exporting the following env vars:
AIRFLOW_CTX_DAG_OWNER=***
AIRFLOW_CTX_DAG_ID=exchange_rate_usd_rus_dag
AIRFLOW_CTX_TASK_ID=create_table_task
AIRFLOW_CTX_EXECUTION_DATE=2024-01-04T00:00:00+00:00
AIRFLOW_CTX_TRY_NUMBER=1
AIRFLOW_CTX_DAG_RUN_ID=scheduled__2024-01-04T00:00:00+00:00
[2024-10-16T09:45:54.735+0000] {sql.py:253} INFO - Executing: CREATE TABLE IF NOT EXISTS currency_exchange_rates (
    base VARCHAR(3) NOT NULL,
    currency VARCHAR(3) NOT NULL,
    rate NUMERIC(12, 3) NOT NULL,
    date DATE NOT NULL,
    UNIQUE (base, currency, date)
);
[2024-10-16T09:45:54.761+0000] {base.py:73} INFO - Using connection ID 'postgres_default' for task execution.
[2024-10-16T09:45:55.210+0000] {base.py:73} INFO - Using connection ID 'postgres_default' for task execution.
[2024-10-16T09:45:55.225+0000] {sql.py:364} INFO - Running statement: CREATE TABLE IF NOT EXISTS currency_exchange_rates (
    base VARCHAR(3) NOT NULL,
    currency VARCHAR(3) NOT NULL,
    rate NUMERIC(12, 3) NOT NULL,
    date DATE NOT NULL,
    UNIQUE (base, currency, date)
);, parameters: None
[2024-10-16T09:45:55.252+0000] {taskinstance.py:1327} INFO - Marking task as SUCCESS. dag_id=exchange_rate_usd_rus_dag, task_id=create_table_task, execution_date=20240104T000000, start_date=20241016T094554, end_date=20241016T094555
[2024-10-16T09:45:55.319+0000] {local_task_job.py:159} INFO - Task exited with return code 0
[2024-10-16T09:45:55.387+0000] {taskinstance.py:2582} INFO - 1 downstream tasks scheduled from follow-on schedule check
