[2024-10-15T22:10:52.923+0000] {taskinstance.py:1087} INFO - Dependencies all met for <TaskInstance: exchange_rate_usd_kzt_dag.create_table_task manual__2024-10-15T22:10:51.177648+00:00 [queued]>
[2024-10-15T22:10:52.940+0000] {taskinstance.py:1087} INFO - Dependencies all met for <TaskInstance: exchange_rate_usd_kzt_dag.create_table_task manual__2024-10-15T22:10:51.177648+00:00 [queued]>
[2024-10-15T22:10:52.941+0000] {taskinstance.py:1283} INFO - 
--------------------------------------------------------------------------------
[2024-10-15T22:10:52.941+0000] {taskinstance.py:1284} INFO - Starting attempt 1 of 1
[2024-10-15T22:10:52.941+0000] {taskinstance.py:1285} INFO - 
--------------------------------------------------------------------------------
[2024-10-15T22:10:52.964+0000] {taskinstance.py:1304} INFO - Executing <Task(PostgresOperator): create_table_task> on 2024-10-15 22:10:51.177648+00:00
[2024-10-15T22:10:52.971+0000] {standard_task_runner.py:55} INFO - Started process 74832 to run task
[2024-10-15T22:10:52.976+0000] {standard_task_runner.py:82} INFO - Running: ['***', 'tasks', 'run', 'exchange_rate_usd_kzt_dag', 'create_table_task', 'manual__2024-10-15T22:10:51.177648+00:00', '--job-id', '32', '--raw', '--subdir', 'DAGS_FOLDER/exchange_rates/__init__.py', '--cfg-path', '/tmp/tmp__t5mh80']
[2024-10-15T22:10:52.978+0000] {standard_task_runner.py:83} INFO - Job 32: Subtask create_table_task
[2024-10-15T22:10:53.172+0000] {task_command.py:389} INFO - Running <TaskInstance: exchange_rate_usd_kzt_dag.create_table_task manual__2024-10-15T22:10:51.177648+00:00 [running]> on host 63ee4fa64e74
[2024-10-15T22:10:53.268+0000] {taskinstance.py:1513} INFO - Exporting the following env vars:
AIRFLOW_CTX_DAG_OWNER=***
AIRFLOW_CTX_DAG_ID=exchange_rate_usd_kzt_dag
AIRFLOW_CTX_TASK_ID=create_table_task
AIRFLOW_CTX_EXECUTION_DATE=2024-10-15T22:10:51.177648+00:00
AIRFLOW_CTX_TRY_NUMBER=1
AIRFLOW_CTX_DAG_RUN_ID=manual__2024-10-15T22:10:51.177648+00:00
[2024-10-15T22:10:53.269+0000] {sql.py:253} INFO - Executing: CREATE TABLE IF NOT EXISTS currency_exchange_rates (
    base VARCHAR(3) NOT NULL,
    currency VARCHAR(3) NOT NULL,
    rate NUMERIC(12, 3) NOT NULL,
    date DATE NOT NULL,
    UNIQUE (base, currency, date)
);
[2024-10-15T22:10:53.281+0000] {base.py:73} INFO - Using connection ID 'postgres_default' for task execution.
[2024-10-15T22:10:53.515+0000] {base.py:73} INFO - Using connection ID 'postgres_default' for task execution.
[2024-10-15T22:13:08.561+0000] {taskinstance.py:1772} ERROR - Task failed with exception
Traceback (most recent call last):
  File "/home/airflow/.local/lib/python3.7/site-packages/airflow/providers/common/sql/operators/sql.py", line 261, in execute
    return_last=self.return_last,
  File "/home/airflow/.local/lib/python3.7/site-packages/airflow/providers/common/sql/hooks/sql.py", line 331, in run
    with closing(self.get_conn()) as conn:
  File "/home/airflow/.local/lib/python3.7/site-packages/airflow/providers/postgres/hooks/postgres.py", line 144, in get_conn
    self.conn = psycopg2.connect(**conn_args)
  File "/home/airflow/.local/lib/python3.7/site-packages/psycopg2/__init__.py", line 122, in connect
    conn = _connect(dsn, connection_factory=connection_factory, **kwasync)
psycopg2.OperationalError: connection to server at "172.17.0.2", port 15432 failed: Connection timed out
	Is the server running on that host and accepting TCP/IP connections?

[2024-10-15T22:13:08.572+0000] {taskinstance.py:1327} INFO - Marking task as FAILED. dag_id=exchange_rate_usd_kzt_dag, task_id=create_table_task, execution_date=20241015T221051, start_date=20241015T221052, end_date=20241015T221308
[2024-10-15T22:13:08.586+0000] {standard_task_runner.py:105} ERROR - Failed to execute job 32 for task create_table_task (connection to server at "172.17.0.2", port 15432 failed: Connection timed out
	Is the server running on that host and accepting TCP/IP connections?
; 74832)
[2024-10-15T22:13:08.629+0000] {local_task_job.py:159} INFO - Task exited with return code 1
[2024-10-15T22:13:08.654+0000] {taskinstance.py:2582} INFO - 0 downstream tasks scheduled from follow-on schedule check
