[2024-10-16T09:39:54.393+0000] {taskinstance.py:1087} INFO - Dependencies all met for <TaskInstance: exchange_rate_usd_rus_dag.create_table_task scheduled__2024-09-08T00:00:00+00:00 [queued]>
[2024-10-16T09:39:54.413+0000] {taskinstance.py:1087} INFO - Dependencies all met for <TaskInstance: exchange_rate_usd_rus_dag.create_table_task scheduled__2024-09-08T00:00:00+00:00 [queued]>
[2024-10-16T09:39:54.415+0000] {taskinstance.py:1283} INFO - 
--------------------------------------------------------------------------------
[2024-10-16T09:39:54.415+0000] {taskinstance.py:1284} INFO - Starting attempt 1 of 1
[2024-10-16T09:39:54.416+0000] {taskinstance.py:1285} INFO - 
--------------------------------------------------------------------------------
[2024-10-16T09:39:54.456+0000] {taskinstance.py:1304} INFO - Executing <Task(PostgresOperator): create_table_task> on 2024-09-08 00:00:00+00:00
[2024-10-16T09:39:54.523+0000] {standard_task_runner.py:55} INFO - Started process 4172 to run task
[2024-10-16T09:39:54.549+0000] {standard_task_runner.py:82} INFO - Running: ['***', 'tasks', 'run', 'exchange_rate_usd_rus_dag', 'create_table_task', 'scheduled__2024-09-08T00:00:00+00:00', '--job-id', '347', '--raw', '--subdir', 'DAGS_FOLDER/RUS_DAG.py', '--cfg-path', '/tmp/tmpeiqf1llj']
[2024-10-16T09:39:54.555+0000] {standard_task_runner.py:83} INFO - Job 347: Subtask create_table_task
[2024-10-16T09:39:54.773+0000] {task_command.py:389} INFO - Running <TaskInstance: exchange_rate_usd_rus_dag.create_table_task scheduled__2024-09-08T00:00:00+00:00 [running]> on host 63ee4fa64e74
[2024-10-16T09:39:56.013+0000] {taskinstance.py:1513} INFO - Exporting the following env vars:
AIRFLOW_CTX_DAG_OWNER=***
AIRFLOW_CTX_DAG_ID=exchange_rate_usd_rus_dag
AIRFLOW_CTX_TASK_ID=create_table_task
AIRFLOW_CTX_EXECUTION_DATE=2024-09-08T00:00:00+00:00
AIRFLOW_CTX_TRY_NUMBER=1
AIRFLOW_CTX_DAG_RUN_ID=scheduled__2024-09-08T00:00:00+00:00
[2024-10-16T09:39:56.668+0000] {sql.py:253} INFO - Executing: CREATE TABLE IF NOT EXISTS currency_exchange_rates (
    base VARCHAR(3) NOT NULL,
    currency VARCHAR(3) NOT NULL,
    rate NUMERIC(12, 3) NOT NULL,
    date DATE NOT NULL,
    UNIQUE (base, currency, date)
);
[2024-10-16T09:39:57.768+0000] {base.py:73} INFO - Using connection ID 'postgres_default' for task execution.
[2024-10-16T09:39:59.230+0000] {base.py:73} INFO - Using connection ID 'postgres_default' for task execution.
[2024-10-16T09:39:59.248+0000] {sql.py:364} INFO - Running statement: CREATE TABLE IF NOT EXISTS currency_exchange_rates (
    base VARCHAR(3) NOT NULL,
    currency VARCHAR(3) NOT NULL,
    rate NUMERIC(12, 3) NOT NULL,
    date DATE NOT NULL,
    UNIQUE (base, currency, date)
);, parameters: None
[2024-10-16T09:39:59.277+0000] {taskinstance.py:1327} INFO - Marking task as SUCCESS. dag_id=exchange_rate_usd_rus_dag, task_id=create_table_task, execution_date=20240908T000000, start_date=20241016T093954, end_date=20241016T093959
[2024-10-16T09:39:59.361+0000] {local_task_job.py:159} INFO - Task exited with return code 0
[2024-10-16T09:39:59.449+0000] {taskinstance.py:2582} INFO - 1 downstream tasks scheduled from follow-on schedule check
[2024-10-16T09:49:51.730+0000] {taskinstance.py:1087} INFO - Dependencies all met for <TaskInstance: exchange_rate_usd_rus_dag.create_table_task scheduled__2024-09-08T00:00:00+00:00 [queued]>
[2024-10-16T09:49:51.747+0000] {taskinstance.py:1087} INFO - Dependencies all met for <TaskInstance: exchange_rate_usd_rus_dag.create_table_task scheduled__2024-09-08T00:00:00+00:00 [queued]>
[2024-10-16T09:49:51.747+0000] {taskinstance.py:1283} INFO - 
--------------------------------------------------------------------------------
[2024-10-16T09:49:51.748+0000] {taskinstance.py:1284} INFO - Starting attempt 1 of 1
[2024-10-16T09:49:51.749+0000] {taskinstance.py:1285} INFO - 
--------------------------------------------------------------------------------
[2024-10-16T09:49:51.772+0000] {taskinstance.py:1304} INFO - Executing <Task(PostgresOperator): create_table_task> on 2024-09-08 00:00:00+00:00
[2024-10-16T09:49:51.778+0000] {standard_task_runner.py:55} INFO - Started process 7029 to run task
[2024-10-16T09:49:51.784+0000] {standard_task_runner.py:82} INFO - Running: ['***', 'tasks', 'run', 'exchange_rate_usd_rus_dag', 'create_table_task', 'scheduled__2024-09-08T00:00:00+00:00', '--job-id', '1223', '--raw', '--subdir', 'DAGS_FOLDER/RUS_DAG.py', '--cfg-path', '/tmp/tmp4uouy09y']
[2024-10-16T09:49:51.785+0000] {standard_task_runner.py:83} INFO - Job 1223: Subtask create_table_task
[2024-10-16T09:49:51.908+0000] {task_command.py:389} INFO - Running <TaskInstance: exchange_rate_usd_rus_dag.create_table_task scheduled__2024-09-08T00:00:00+00:00 [running]> on host 63ee4fa64e74
[2024-10-16T09:49:52.035+0000] {taskinstance.py:1513} INFO - Exporting the following env vars:
AIRFLOW_CTX_DAG_OWNER=***
AIRFLOW_CTX_DAG_ID=exchange_rate_usd_rus_dag
AIRFLOW_CTX_TASK_ID=create_table_task
AIRFLOW_CTX_EXECUTION_DATE=2024-09-08T00:00:00+00:00
AIRFLOW_CTX_TRY_NUMBER=1
AIRFLOW_CTX_DAG_RUN_ID=scheduled__2024-09-08T00:00:00+00:00
[2024-10-16T09:49:52.037+0000] {sql.py:253} INFO - Executing: CREATE TABLE IF NOT EXISTS currency_exchange_rates (
    base VARCHAR(3) NOT NULL,
    currency VARCHAR(3) NOT NULL,
    rate NUMERIC(12, 3) NOT NULL,
    date DATE NOT NULL,
    UNIQUE (base, currency, date)
);
[2024-10-16T09:49:52.050+0000] {base.py:73} INFO - Using connection ID 'postgres_default' for task execution.
[2024-10-16T09:49:52.462+0000] {base.py:73} INFO - Using connection ID 'postgres_default' for task execution.
[2024-10-16T09:49:52.473+0000] {sql.py:364} INFO - Running statement: CREATE TABLE IF NOT EXISTS currency_exchange_rates (
    base VARCHAR(3) NOT NULL,
    currency VARCHAR(3) NOT NULL,
    rate NUMERIC(12, 3) NOT NULL,
    date DATE NOT NULL,
    UNIQUE (base, currency, date)
);, parameters: None
[2024-10-16T09:49:52.493+0000] {taskinstance.py:1327} INFO - Marking task as SUCCESS. dag_id=exchange_rate_usd_rus_dag, task_id=create_table_task, execution_date=20240908T000000, start_date=20241016T094951, end_date=20241016T094952
[2024-10-16T09:49:52.577+0000] {local_task_job.py:159} INFO - Task exited with return code 0
[2024-10-16T09:49:52.638+0000] {taskinstance.py:2582} INFO - 1 downstream tasks scheduled from follow-on schedule check
