[2024-10-16T09:54:36.023+0000] {taskinstance.py:1087} INFO - Dependencies all met for <TaskInstance: exchange_rate_usd_kzt_dag.get_rate scheduled__2024-03-14T00:00:00+00:00 [queued]>
[2024-10-16T09:54:36.036+0000] {taskinstance.py:1087} INFO - Dependencies all met for <TaskInstance: exchange_rate_usd_kzt_dag.get_rate scheduled__2024-03-14T00:00:00+00:00 [queued]>
[2024-10-16T09:54:36.038+0000] {taskinstance.py:1283} INFO - 
--------------------------------------------------------------------------------
[2024-10-16T09:54:36.041+0000] {taskinstance.py:1284} INFO - Starting attempt 1 of 1
[2024-10-16T09:54:36.042+0000] {taskinstance.py:1285} INFO - 
--------------------------------------------------------------------------------
[2024-10-16T09:54:36.060+0000] {taskinstance.py:1304} INFO - Executing <Task(CurrencyScoopOperator): get_rate> on 2024-03-14 00:00:00+00:00
[2024-10-16T09:54:36.065+0000] {standard_task_runner.py:55} INFO - Started process 8219 to run task
[2024-10-16T09:54:36.071+0000] {standard_task_runner.py:82} INFO - Running: ['***', 'tasks', 'run', 'exchange_rate_usd_kzt_dag', 'get_rate', 'scheduled__2024-03-14T00:00:00+00:00', '--job-id', '1546', '--raw', '--subdir', 'DAGS_FOLDER/exchange_rates/__init__.py', '--cfg-path', '/tmp/tmpeno07xiz']
[2024-10-16T09:54:36.074+0000] {standard_task_runner.py:83} INFO - Job 1546: Subtask get_rate
[2024-10-16T09:54:36.184+0000] {task_command.py:389} INFO - Running <TaskInstance: exchange_rate_usd_kzt_dag.get_rate scheduled__2024-03-14T00:00:00+00:00 [running]> on host 63ee4fa64e74
[2024-10-16T09:54:36.358+0000] {taskinstance.py:1513} INFO - Exporting the following env vars:
AIRFLOW_CTX_DAG_OWNER=***
AIRFLOW_CTX_DAG_ID=exchange_rate_usd_kzt_dag
AIRFLOW_CTX_TASK_ID=get_rate
AIRFLOW_CTX_EXECUTION_DATE=2024-03-14T00:00:00+00:00
AIRFLOW_CTX_TRY_NUMBER=1
AIRFLOW_CTX_DAG_RUN_ID=scheduled__2024-03-14T00:00:00+00:00
[2024-10-16T09:54:36.361+0000] {warnings.py:110} WARNING - /home/***/.local/lib/python3.7/site-packages/***/utils/context.py:205: AirflowContextDeprecationWarning: Accessing 'execution_date' from the template is deprecated and will be removed in a future version. Please use 'data_interval_start' or 'logical_date' instead.
  warnings.warn(_create_deprecation_warning(key, self._deprecation_replacements[key]))

[2024-10-16T09:54:36.382+0000] {base.py:73} INFO - Using connection ID 'cur_scoop_conn_id' for task execution.
[2024-10-16T09:54:36.833+0000] {taskinstance.py:1327} INFO - Marking task as SUCCESS. dag_id=exchange_rate_usd_kzt_dag, task_id=get_rate, execution_date=20240314T000000, start_date=20241016T095436, end_date=20241016T095436
[2024-10-16T09:54:36.909+0000] {local_task_job.py:159} INFO - Task exited with return code 0
[2024-10-16T09:54:36.965+0000] {taskinstance.py:2582} INFO - 1 downstream tasks scheduled from follow-on schedule check
[2024-10-16T10:04:34.084+0000] {taskinstance.py:1087} INFO - Dependencies all met for <TaskInstance: exchange_rate_usd_kzt_dag.get_rate scheduled__2024-03-14T00:00:00+00:00 [queued]>
[2024-10-16T10:04:34.103+0000] {taskinstance.py:1087} INFO - Dependencies all met for <TaskInstance: exchange_rate_usd_kzt_dag.get_rate scheduled__2024-03-14T00:00:00+00:00 [queued]>
[2024-10-16T10:04:34.104+0000] {taskinstance.py:1283} INFO - 
--------------------------------------------------------------------------------
[2024-10-16T10:04:34.104+0000] {taskinstance.py:1284} INFO - Starting attempt 1 of 1
[2024-10-16T10:04:34.105+0000] {taskinstance.py:1285} INFO - 
--------------------------------------------------------------------------------
[2024-10-16T10:04:34.134+0000] {taskinstance.py:1304} INFO - Executing <Task(CurrencyScoopOperator): get_rate> on 2024-03-14 00:00:00+00:00
[2024-10-16T10:04:34.142+0000] {standard_task_runner.py:55} INFO - Started process 10833 to run task
[2024-10-16T10:04:34.149+0000] {standard_task_runner.py:82} INFO - Running: ['***', 'tasks', 'run', 'exchange_rate_usd_kzt_dag', 'get_rate', 'scheduled__2024-03-14T00:00:00+00:00', '--job-id', '2290', '--raw', '--subdir', 'DAGS_FOLDER/exchange_rates/__init__.py', '--cfg-path', '/tmp/tmpoffn4cb3']
[2024-10-16T10:04:34.150+0000] {standard_task_runner.py:83} INFO - Job 2290: Subtask get_rate
[2024-10-16T10:04:34.265+0000] {task_command.py:389} INFO - Running <TaskInstance: exchange_rate_usd_kzt_dag.get_rate scheduled__2024-03-14T00:00:00+00:00 [running]> on host 63ee4fa64e74
[2024-10-16T10:04:34.429+0000] {taskinstance.py:1513} INFO - Exporting the following env vars:
AIRFLOW_CTX_DAG_OWNER=***
AIRFLOW_CTX_DAG_ID=exchange_rate_usd_kzt_dag
AIRFLOW_CTX_TASK_ID=get_rate
AIRFLOW_CTX_EXECUTION_DATE=2024-03-14T00:00:00+00:00
AIRFLOW_CTX_TRY_NUMBER=1
AIRFLOW_CTX_DAG_RUN_ID=scheduled__2024-03-14T00:00:00+00:00
[2024-10-16T10:04:34.432+0000] {warnings.py:110} WARNING - /home/***/.local/lib/python3.7/site-packages/***/utils/context.py:205: AirflowContextDeprecationWarning: Accessing 'execution_date' from the template is deprecated and will be removed in a future version. Please use 'data_interval_start' or 'logical_date' instead.
  warnings.warn(_create_deprecation_warning(key, self._deprecation_replacements[key]))

[2024-10-16T10:04:34.456+0000] {base.py:73} INFO - Using connection ID 'cur_scoop_conn_id' for task execution.
[2024-10-16T10:04:35.851+0000] {taskinstance.py:1327} INFO - Marking task as SUCCESS. dag_id=exchange_rate_usd_kzt_dag, task_id=get_rate, execution_date=20240314T000000, start_date=20241016T100434, end_date=20241016T100435
[2024-10-16T10:04:36.137+0000] {local_task_job.py:159} INFO - Task exited with return code 0
[2024-10-16T10:04:36.198+0000] {taskinstance.py:2582} INFO - 1 downstream tasks scheduled from follow-on schedule check
