[2024-10-16T09:47:29.854+0000] {taskinstance.py:1087} INFO - Dependencies all met for <TaskInstance: exchange_rate_usd_rus_dag.insert_rate scheduled__2024-04-02T00:00:00+00:00 [queued]>
[2024-10-16T09:47:29.920+0000] {taskinstance.py:1087} INFO - Dependencies all met for <TaskInstance: exchange_rate_usd_rus_dag.insert_rate scheduled__2024-04-02T00:00:00+00:00 [queued]>
[2024-10-16T09:47:29.923+0000] {taskinstance.py:1283} INFO - 
--------------------------------------------------------------------------------
[2024-10-16T09:47:29.926+0000] {taskinstance.py:1284} INFO - Starting attempt 1 of 1
[2024-10-16T09:47:29.932+0000] {taskinstance.py:1285} INFO - 
--------------------------------------------------------------------------------
[2024-10-16T09:47:29.997+0000] {taskinstance.py:1304} INFO - Executing <Task(PostgresOperator): insert_rate> on 2024-04-02 00:00:00+00:00
[2024-10-16T09:47:30.008+0000] {standard_task_runner.py:55} INFO - Started process 5895 to run task
[2024-10-16T09:47:30.021+0000] {standard_task_runner.py:82} INFO - Running: ['***', 'tasks', 'run', 'exchange_rate_usd_rus_dag', 'insert_rate', 'scheduled__2024-04-02T00:00:00+00:00', '--job-id', '777', '--raw', '--subdir', 'DAGS_FOLDER/RUS_DAG.py', '--cfg-path', '/tmp/tmpmvweq2tk']
[2024-10-16T09:47:30.029+0000] {standard_task_runner.py:83} INFO - Job 777: Subtask insert_rate
[2024-10-16T09:47:30.355+0000] {task_command.py:389} INFO - Running <TaskInstance: exchange_rate_usd_rus_dag.insert_rate scheduled__2024-04-02T00:00:00+00:00 [running]> on host 63ee4fa64e74
[2024-10-16T09:47:30.484+0000] {taskinstance.py:1081} INFO - Dependencies not met for <TaskInstance: exchange_rate_usd_rus_dag.insert_rate scheduled__2024-04-02T00:00:00+00:00 [running]>, dependency 'Task Instance Not Running' FAILED: Task is in the running state
[2024-10-16T09:47:30.530+0000] {taskinstance.py:1081} INFO - Dependencies not met for <TaskInstance: exchange_rate_usd_rus_dag.insert_rate scheduled__2024-04-02T00:00:00+00:00 [running]>, dependency 'Task Instance State' FAILED: Task is in the 'running' state.
[2024-10-16T09:47:30.537+0000] {local_task_job.py:98} INFO - Task is not able to be run
[2024-10-16T09:47:30.615+0000] {warnings.py:110} WARNING - /home/***/.local/lib/python3.7/site-packages/***/utils/context.py:205: AirflowContextDeprecationWarning: Accessing 'execution_date' from the template is deprecated and will be removed in a future version. Please use 'data_interval_start' or 'logical_date' instead.
  warnings.warn(_create_deprecation_warning(key, self._deprecation_replacements[key]))

[2024-10-16T09:47:30.913+0000] {taskinstance.py:1513} INFO - Exporting the following env vars:
AIRFLOW_CTX_DAG_OWNER=***
AIRFLOW_CTX_DAG_ID=exchange_rate_usd_rus_dag
AIRFLOW_CTX_TASK_ID=insert_rate
AIRFLOW_CTX_EXECUTION_DATE=2024-04-02T00:00:00+00:00
AIRFLOW_CTX_TRY_NUMBER=1
AIRFLOW_CTX_DAG_RUN_ID=scheduled__2024-04-02T00:00:00+00:00
[2024-10-16T09:47:30.916+0000] {sql.py:253} INFO - Executing: INSERT INTO
    currency_exchange_rates
VALUES ('USD', 'RUB', 91.63038447, '2024-04-02')
ON CONFLICT (base, currency, date) DO
    UPDATE
        SET rate = excluded.rate;
[2024-10-16T09:47:30.937+0000] {base.py:73} INFO - Using connection ID 'postgres_default' for task execution.
[2024-10-16T09:47:31.477+0000] {base.py:73} INFO - Using connection ID 'postgres_default' for task execution.
[2024-10-16T09:47:31.494+0000] {sql.py:364} INFO - Running statement: INSERT INTO
    currency_exchange_rates
VALUES ('USD', 'RUB', 91.63038447, '2024-04-02')
ON CONFLICT (base, currency, date) DO
    UPDATE
        SET rate = excluded.rate;, parameters: None
[2024-10-16T09:47:31.497+0000] {sql.py:373} INFO - Rows affected: 1
[2024-10-16T09:47:31.522+0000] {taskinstance.py:1327} INFO - Marking task as SUCCESS. dag_id=exchange_rate_usd_rus_dag, task_id=insert_rate, execution_date=20240402T000000, start_date=20241016T094729, end_date=20241016T094731
[2024-10-16T09:47:31.560+0000] {local_task_job.py:159} INFO - Task exited with return code 0
[2024-10-16T09:47:31.595+0000] {taskinstance.py:2582} INFO - 0 downstream tasks scheduled from follow-on schedule check
