[2024-10-16T00:21:36.032+0000] {taskinstance.py:1087} INFO - Dependencies all met for <TaskInstance: dag_with_two_tasks.even_only scheduled__2024-10-15T00:00:00+00:00 [queued]>
[2024-10-16T00:21:36.060+0000] {taskinstance.py:1087} INFO - Dependencies all met for <TaskInstance: dag_with_two_tasks.even_only scheduled__2024-10-15T00:00:00+00:00 [queued]>
[2024-10-16T00:21:36.061+0000] {taskinstance.py:1283} INFO - 
--------------------------------------------------------------------------------
[2024-10-16T00:21:36.062+0000] {taskinstance.py:1284} INFO - Starting attempt 1 of 1
[2024-10-16T00:21:36.063+0000] {taskinstance.py:1285} INFO - 
--------------------------------------------------------------------------------
[2024-10-16T00:21:36.102+0000] {taskinstance.py:1304} INFO - Executing <Task(PythonOperator): even_only> on 2024-10-15 00:00:00+00:00
[2024-10-16T00:21:36.112+0000] {standard_task_runner.py:55} INFO - Started process 76123 to run task
[2024-10-16T00:21:36.120+0000] {standard_task_runner.py:82} INFO - Running: ['***', 'tasks', 'run', 'dag_with_two_tasks', 'even_only', 'scheduled__2024-10-15T00:00:00+00:00', '--job-id', '36', '--raw', '--subdir', 'DAGS_FOLDER/first_dag.py', '--cfg-path', '/tmp/tmpsguwzrxi']
[2024-10-16T00:21:36.122+0000] {standard_task_runner.py:83} INFO - Job 36: Subtask even_only
[2024-10-16T00:21:36.324+0000] {task_command.py:389} INFO - Running <TaskInstance: dag_with_two_tasks.even_only scheduled__2024-10-15T00:00:00+00:00 [running]> on host 63ee4fa64e74
[2024-10-16T00:21:36.497+0000] {taskinstance.py:1513} INFO - Exporting the following env vars:
AIRFLOW_CTX_DAG_OWNER=***
AIRFLOW_CTX_DAG_ID=dag_with_two_tasks
AIRFLOW_CTX_TASK_ID=even_only
AIRFLOW_CTX_EXECUTION_DATE=2024-10-15T00:00:00+00:00
AIRFLOW_CTX_TRY_NUMBER=1
AIRFLOW_CTX_DAG_RUN_ID=scheduled__2024-10-15T00:00:00+00:00
[2024-10-16T00:21:36.500+0000] {warnings.py:110} WARNING - /home/***/.local/lib/python3.7/site-packages/***/utils/context.py:205: AirflowContextDeprecationWarning: Accessing 'execution_date' from the template is deprecated and will be removed in a future version. Please use 'data_interval_start' or 'logical_date' instead.
  warnings.warn(_create_deprecation_warning(key, self._deprecation_replacements[key]))

[2024-10-16T00:21:36.502+0000] {taskinstance.py:1772} ERROR - Task failed with exception
Traceback (most recent call last):
  File "/home/airflow/.local/lib/python3.7/site-packages/airflow/operators/python.py", line 175, in execute
    return_value = self.execute_callable()
  File "/home/airflow/.local/lib/python3.7/site-packages/airflow/operators/python.py", line 192, in execute_callable
    return self.python_callable(*self.op_args, **self.op_kwargs)
  File "/opt/airflow/dags/first_dag.py", line 17, in even_only
    raise ValueError(f'Odd day: {execution_date}')
ValueError: Odd day: 2024-10-15T00:00:00+00:00
[2024-10-16T00:21:36.522+0000] {taskinstance.py:1327} INFO - Marking task as FAILED. dag_id=dag_with_two_tasks, task_id=even_only, execution_date=20241015T000000, start_date=20241016T002136, end_date=20241016T002136
[2024-10-16T00:21:36.543+0000] {standard_task_runner.py:105} ERROR - Failed to execute job 36 for task even_only (Odd day: 2024-10-15T00:00:00+00:00; 76123)
[2024-10-16T00:21:36.587+0000] {local_task_job.py:159} INFO - Task exited with return code 1
[2024-10-16T00:21:36.639+0000] {taskinstance.py:2582} INFO - 0 downstream tasks scheduled from follow-on schedule check
