[2024-10-16T09:55:47.750+0000] {taskinstance.py:1087} INFO - Dependencies all met for <TaskInstance: exchange_rate_usd_kzt_dag.create_table_task scheduled__2024-06-10T00:00:00+00:00 [queued]>
[2024-10-16T09:55:47.774+0000] {taskinstance.py:1087} INFO - Dependencies all met for <TaskInstance: exchange_rate_usd_kzt_dag.create_table_task scheduled__2024-06-10T00:00:00+00:00 [queued]>
[2024-10-16T09:55:47.775+0000] {taskinstance.py:1283} INFO - 
--------------------------------------------------------------------------------
[2024-10-16T09:55:47.776+0000] {taskinstance.py:1284} INFO - Starting attempt 1 of 1
[2024-10-16T09:55:47.777+0000] {taskinstance.py:1285} INFO - 
--------------------------------------------------------------------------------
[2024-10-16T09:55:47.815+0000] {taskinstance.py:1304} INFO - Executing <Task(PostgresOperator): create_table_task> on 2024-06-10 00:00:00+00:00
[2024-10-16T09:55:47.823+0000] {standard_task_runner.py:55} INFO - Started process 8853 to run task
[2024-10-16T09:55:47.836+0000] {standard_task_runner.py:82} INFO - Running: ['***', 'tasks', 'run', 'exchange_rate_usd_kzt_dag', 'create_table_task', 'scheduled__2024-06-10T00:00:00+00:00', '--job-id', '1790', '--raw', '--subdir', 'DAGS_FOLDER/exchange_rates/__init__.py', '--cfg-path', '/tmp/tmpbjvf451e']
[2024-10-16T09:55:47.838+0000] {standard_task_runner.py:83} INFO - Job 1790: Subtask create_table_task
[2024-10-16T09:55:48.039+0000] {task_command.py:389} INFO - Running <TaskInstance: exchange_rate_usd_kzt_dag.create_table_task scheduled__2024-06-10T00:00:00+00:00 [running]> on host 63ee4fa64e74
[2024-10-16T09:55:48.231+0000] {taskinstance.py:1513} INFO - Exporting the following env vars:
AIRFLOW_CTX_DAG_OWNER=***
AIRFLOW_CTX_DAG_ID=exchange_rate_usd_kzt_dag
AIRFLOW_CTX_TASK_ID=create_table_task
AIRFLOW_CTX_EXECUTION_DATE=2024-06-10T00:00:00+00:00
AIRFLOW_CTX_TRY_NUMBER=1
AIRFLOW_CTX_DAG_RUN_ID=scheduled__2024-06-10T00:00:00+00:00
[2024-10-16T09:55:48.234+0000] {sql.py:253} INFO - Executing: CREATE TABLE IF NOT EXISTS currency_exchange_rates (
    base VARCHAR(3) NOT NULL,
    currency VARCHAR(3) NOT NULL,
    rate NUMERIC(12, 3) NOT NULL,
    date DATE NOT NULL,
    UNIQUE (base, currency, date)
);
[2024-10-16T09:55:48.258+0000] {base.py:73} INFO - Using connection ID 'postgres_default' for task execution.
[2024-10-16T09:55:48.767+0000] {base.py:73} INFO - Using connection ID 'postgres_default' for task execution.
[2024-10-16T09:55:48.783+0000] {sql.py:364} INFO - Running statement: CREATE TABLE IF NOT EXISTS currency_exchange_rates (
    base VARCHAR(3) NOT NULL,
    currency VARCHAR(3) NOT NULL,
    rate NUMERIC(12, 3) NOT NULL,
    date DATE NOT NULL,
    UNIQUE (base, currency, date)
);, parameters: None
[2024-10-16T09:55:48.815+0000] {taskinstance.py:1327} INFO - Marking task as SUCCESS. dag_id=exchange_rate_usd_kzt_dag, task_id=create_table_task, execution_date=20240610T000000, start_date=20241016T095547, end_date=20241016T095548
[2024-10-16T09:55:48.981+0000] {local_task_job.py:159} INFO - Task exited with return code 0
[2024-10-16T09:55:49.057+0000] {taskinstance.py:2582} INFO - 1 downstream tasks scheduled from follow-on schedule check
[2024-10-16T10:05:50.313+0000] {taskinstance.py:1087} INFO - Dependencies all met for <TaskInstance: exchange_rate_usd_kzt_dag.create_table_task scheduled__2024-06-10T00:00:00+00:00 [queued]>
[2024-10-16T10:05:50.326+0000] {taskinstance.py:1087} INFO - Dependencies all met for <TaskInstance: exchange_rate_usd_kzt_dag.create_table_task scheduled__2024-06-10T00:00:00+00:00 [queued]>
[2024-10-16T10:05:50.327+0000] {taskinstance.py:1283} INFO - 
--------------------------------------------------------------------------------
[2024-10-16T10:05:50.327+0000] {taskinstance.py:1284} INFO - Starting attempt 1 of 1
[2024-10-16T10:05:50.328+0000] {taskinstance.py:1285} INFO - 
--------------------------------------------------------------------------------
[2024-10-16T10:05:50.345+0000] {taskinstance.py:1304} INFO - Executing <Task(PostgresOperator): create_table_task> on 2024-06-10 00:00:00+00:00
[2024-10-16T10:05:50.350+0000] {standard_task_runner.py:55} INFO - Started process 11412 to run task
[2024-10-16T10:05:50.354+0000] {standard_task_runner.py:82} INFO - Running: ['***', 'tasks', 'run', 'exchange_rate_usd_kzt_dag', 'create_table_task', 'scheduled__2024-06-10T00:00:00+00:00', '--job-id', '2519', '--raw', '--subdir', 'DAGS_FOLDER/exchange_rates/__init__.py', '--cfg-path', '/tmp/tmpzznzokgz']
[2024-10-16T10:05:50.355+0000] {standard_task_runner.py:83} INFO - Job 2519: Subtask create_table_task
[2024-10-16T10:05:50.450+0000] {task_command.py:389} INFO - Running <TaskInstance: exchange_rate_usd_kzt_dag.create_table_task scheduled__2024-06-10T00:00:00+00:00 [running]> on host 63ee4fa64e74
[2024-10-16T10:05:50.545+0000] {taskinstance.py:1513} INFO - Exporting the following env vars:
AIRFLOW_CTX_DAG_OWNER=***
AIRFLOW_CTX_DAG_ID=exchange_rate_usd_kzt_dag
AIRFLOW_CTX_TASK_ID=create_table_task
AIRFLOW_CTX_EXECUTION_DATE=2024-06-10T00:00:00+00:00
AIRFLOW_CTX_TRY_NUMBER=1
AIRFLOW_CTX_DAG_RUN_ID=scheduled__2024-06-10T00:00:00+00:00
[2024-10-16T10:05:50.548+0000] {sql.py:253} INFO - Executing: CREATE TABLE IF NOT EXISTS currency_exchange_rates (
    base VARCHAR(3) NOT NULL,
    currency VARCHAR(3) NOT NULL,
    rate NUMERIC(12, 3) NOT NULL,
    date DATE NOT NULL,
    UNIQUE (base, currency, date)
);
[2024-10-16T10:05:50.562+0000] {base.py:73} INFO - Using connection ID 'postgres_default' for task execution.
[2024-10-16T10:05:50.851+0000] {base.py:73} INFO - Using connection ID 'postgres_default' for task execution.
[2024-10-16T10:05:50.865+0000] {sql.py:364} INFO - Running statement: CREATE TABLE IF NOT EXISTS currency_exchange_rates (
    base VARCHAR(3) NOT NULL,
    currency VARCHAR(3) NOT NULL,
    rate NUMERIC(12, 3) NOT NULL,
    date DATE NOT NULL,
    UNIQUE (base, currency, date)
);, parameters: None
[2024-10-16T10:05:50.887+0000] {taskinstance.py:1327} INFO - Marking task as SUCCESS. dag_id=exchange_rate_usd_kzt_dag, task_id=create_table_task, execution_date=20240610T000000, start_date=20241016T100550, end_date=20241016T100550
[2024-10-16T10:05:50.985+0000] {local_task_job.py:159} INFO - Task exited with return code 0
[2024-10-16T10:05:51.021+0000] {taskinstance.py:2582} INFO - 1 downstream tasks scheduled from follow-on schedule check
