[2024-10-16T09:55:33.253+0000] {taskinstance.py:1087} INFO - Dependencies all met for <TaskInstance: exchange_rate_usd_kzt_dag.get_rate scheduled__2024-05-21T00:00:00+00:00 [queued]>
[2024-10-16T09:55:33.274+0000] {taskinstance.py:1087} INFO - Dependencies all met for <TaskInstance: exchange_rate_usd_kzt_dag.get_rate scheduled__2024-05-21T00:00:00+00:00 [queued]>
[2024-10-16T09:55:33.275+0000] {taskinstance.py:1283} INFO - 
--------------------------------------------------------------------------------
[2024-10-16T09:55:33.276+0000] {taskinstance.py:1284} INFO - Starting attempt 1 of 1
[2024-10-16T09:55:33.276+0000] {taskinstance.py:1285} INFO - 
--------------------------------------------------------------------------------
[2024-10-16T09:55:33.317+0000] {taskinstance.py:1304} INFO - Executing <Task(CurrencyScoopOperator): get_rate> on 2024-05-21 00:00:00+00:00
[2024-10-16T09:55:33.330+0000] {standard_task_runner.py:55} INFO - Started process 8719 to run task
[2024-10-16T09:55:33.339+0000] {standard_task_runner.py:82} INFO - Running: ['***', 'tasks', 'run', 'exchange_rate_usd_kzt_dag', 'get_rate', 'scheduled__2024-05-21T00:00:00+00:00', '--job-id', '1743', '--raw', '--subdir', 'DAGS_FOLDER/exchange_rates/__init__.py', '--cfg-path', '/tmp/tmpbp2416yq']
[2024-10-16T09:55:33.343+0000] {standard_task_runner.py:83} INFO - Job 1743: Subtask get_rate
[2024-10-16T09:55:33.554+0000] {task_command.py:389} INFO - Running <TaskInstance: exchange_rate_usd_kzt_dag.get_rate scheduled__2024-05-21T00:00:00+00:00 [running]> on host 63ee4fa64e74
[2024-10-16T09:55:33.694+0000] {taskinstance.py:1513} INFO - Exporting the following env vars:
AIRFLOW_CTX_DAG_OWNER=***
AIRFLOW_CTX_DAG_ID=exchange_rate_usd_kzt_dag
AIRFLOW_CTX_TASK_ID=get_rate
AIRFLOW_CTX_EXECUTION_DATE=2024-05-21T00:00:00+00:00
AIRFLOW_CTX_TRY_NUMBER=1
AIRFLOW_CTX_DAG_RUN_ID=scheduled__2024-05-21T00:00:00+00:00
[2024-10-16T09:55:33.698+0000] {warnings.py:110} WARNING - /home/***/.local/lib/python3.7/site-packages/***/utils/context.py:205: AirflowContextDeprecationWarning: Accessing 'execution_date' from the template is deprecated and will be removed in a future version. Please use 'data_interval_start' or 'logical_date' instead.
  warnings.warn(_create_deprecation_warning(key, self._deprecation_replacements[key]))

[2024-10-16T09:55:33.715+0000] {base.py:73} INFO - Using connection ID 'cur_scoop_conn_id' for task execution.
[2024-10-16T09:55:34.905+0000] {taskinstance.py:1327} INFO - Marking task as SUCCESS. dag_id=exchange_rate_usd_kzt_dag, task_id=get_rate, execution_date=20240521T000000, start_date=20241016T095533, end_date=20241016T095534
[2024-10-16T09:55:34.942+0000] {local_task_job.py:159} INFO - Task exited with return code 0
[2024-10-16T09:55:35.072+0000] {taskinstance.py:2582} INFO - 0 downstream tasks scheduled from follow-on schedule check
[2024-10-16T10:05:37.357+0000] {taskinstance.py:1087} INFO - Dependencies all met for <TaskInstance: exchange_rate_usd_kzt_dag.get_rate scheduled__2024-05-21T00:00:00+00:00 [queued]>
[2024-10-16T10:05:37.375+0000] {taskinstance.py:1087} INFO - Dependencies all met for <TaskInstance: exchange_rate_usd_kzt_dag.get_rate scheduled__2024-05-21T00:00:00+00:00 [queued]>
[2024-10-16T10:05:37.376+0000] {taskinstance.py:1283} INFO - 
--------------------------------------------------------------------------------
[2024-10-16T10:05:37.377+0000] {taskinstance.py:1284} INFO - Starting attempt 1 of 1
[2024-10-16T10:05:37.381+0000] {taskinstance.py:1285} INFO - 
--------------------------------------------------------------------------------
[2024-10-16T10:05:37.411+0000] {taskinstance.py:1304} INFO - Executing <Task(CurrencyScoopOperator): get_rate> on 2024-05-21 00:00:00+00:00
[2024-10-16T10:05:37.419+0000] {standard_task_runner.py:55} INFO - Started process 11305 to run task
[2024-10-16T10:05:37.426+0000] {standard_task_runner.py:82} INFO - Running: ['***', 'tasks', 'run', 'exchange_rate_usd_kzt_dag', 'get_rate', 'scheduled__2024-05-21T00:00:00+00:00', '--job-id', '2477', '--raw', '--subdir', 'DAGS_FOLDER/exchange_rates/__init__.py', '--cfg-path', '/tmp/tmpmm_3cjgy']
[2024-10-16T10:05:37.431+0000] {standard_task_runner.py:83} INFO - Job 2477: Subtask get_rate
[2024-10-16T10:05:37.554+0000] {task_command.py:389} INFO - Running <TaskInstance: exchange_rate_usd_kzt_dag.get_rate scheduled__2024-05-21T00:00:00+00:00 [running]> on host 63ee4fa64e74
[2024-10-16T10:05:37.667+0000] {taskinstance.py:1513} INFO - Exporting the following env vars:
AIRFLOW_CTX_DAG_OWNER=***
AIRFLOW_CTX_DAG_ID=exchange_rate_usd_kzt_dag
AIRFLOW_CTX_TASK_ID=get_rate
AIRFLOW_CTX_EXECUTION_DATE=2024-05-21T00:00:00+00:00
AIRFLOW_CTX_TRY_NUMBER=1
AIRFLOW_CTX_DAG_RUN_ID=scheduled__2024-05-21T00:00:00+00:00
[2024-10-16T10:05:37.670+0000] {warnings.py:110} WARNING - /home/***/.local/lib/python3.7/site-packages/***/utils/context.py:205: AirflowContextDeprecationWarning: Accessing 'execution_date' from the template is deprecated and will be removed in a future version. Please use 'data_interval_start' or 'logical_date' instead.
  warnings.warn(_create_deprecation_warning(key, self._deprecation_replacements[key]))

[2024-10-16T10:05:37.686+0000] {base.py:73} INFO - Using connection ID 'cur_scoop_conn_id' for task execution.
[2024-10-16T10:05:39.736+0000] {taskinstance.py:1327} INFO - Marking task as SUCCESS. dag_id=exchange_rate_usd_kzt_dag, task_id=get_rate, execution_date=20240521T000000, start_date=20241016T100537, end_date=20241016T100539
[2024-10-16T10:05:39.837+0000] {local_task_job.py:159} INFO - Task exited with return code 0
[2024-10-16T10:05:39.952+0000] {taskinstance.py:2582} INFO - 1 downstream tasks scheduled from follow-on schedule check
