[2024-10-16T09:54:13.277+0000] {taskinstance.py:1087} INFO - Dependencies all met for <TaskInstance: exchange_rate_usd_kzt_dag.get_rate scheduled__2024-02-21T00:00:00+00:00 [queued]>
[2024-10-16T09:54:13.291+0000] {taskinstance.py:1087} INFO - Dependencies all met for <TaskInstance: exchange_rate_usd_kzt_dag.get_rate scheduled__2024-02-21T00:00:00+00:00 [queued]>
[2024-10-16T09:54:13.292+0000] {taskinstance.py:1283} INFO - 
--------------------------------------------------------------------------------
[2024-10-16T09:54:13.293+0000] {taskinstance.py:1284} INFO - Starting attempt 1 of 1
[2024-10-16T09:54:13.293+0000] {taskinstance.py:1285} INFO - 
--------------------------------------------------------------------------------
[2024-10-16T09:54:13.316+0000] {taskinstance.py:1304} INFO - Executing <Task(CurrencyScoopOperator): get_rate> on 2024-02-21 00:00:00+00:00
[2024-10-16T09:54:13.323+0000] {standard_task_runner.py:55} INFO - Started process 8081 to run task
[2024-10-16T09:54:13.330+0000] {standard_task_runner.py:82} INFO - Running: ['***', 'tasks', 'run', 'exchange_rate_usd_kzt_dag', 'get_rate', 'scheduled__2024-02-21T00:00:00+00:00', '--job-id', '1502', '--raw', '--subdir', 'DAGS_FOLDER/exchange_rates/__init__.py', '--cfg-path', '/tmp/tmp1dfeeu4z']
[2024-10-16T09:54:13.331+0000] {standard_task_runner.py:83} INFO - Job 1502: Subtask get_rate
[2024-10-16T09:54:13.466+0000] {task_command.py:389} INFO - Running <TaskInstance: exchange_rate_usd_kzt_dag.get_rate scheduled__2024-02-21T00:00:00+00:00 [running]> on host 63ee4fa64e74
[2024-10-16T09:54:13.577+0000] {taskinstance.py:1513} INFO - Exporting the following env vars:
AIRFLOW_CTX_DAG_OWNER=***
AIRFLOW_CTX_DAG_ID=exchange_rate_usd_kzt_dag
AIRFLOW_CTX_TASK_ID=get_rate
AIRFLOW_CTX_EXECUTION_DATE=2024-02-21T00:00:00+00:00
AIRFLOW_CTX_TRY_NUMBER=1
AIRFLOW_CTX_DAG_RUN_ID=scheduled__2024-02-21T00:00:00+00:00
[2024-10-16T09:54:13.581+0000] {warnings.py:110} WARNING - /home/***/.local/lib/python3.7/site-packages/***/utils/context.py:205: AirflowContextDeprecationWarning: Accessing 'execution_date' from the template is deprecated and will be removed in a future version. Please use 'data_interval_start' or 'logical_date' instead.
  warnings.warn(_create_deprecation_warning(key, self._deprecation_replacements[key]))

[2024-10-16T09:54:13.594+0000] {base.py:73} INFO - Using connection ID 'cur_scoop_conn_id' for task execution.
[2024-10-16T09:54:14.009+0000] {taskinstance.py:1327} INFO - Marking task as SUCCESS. dag_id=exchange_rate_usd_kzt_dag, task_id=get_rate, execution_date=20240221T000000, start_date=20241016T095413, end_date=20241016T095414
[2024-10-16T09:54:14.048+0000] {local_task_job.py:159} INFO - Task exited with return code 0
[2024-10-16T09:54:14.076+0000] {taskinstance.py:2582} INFO - 1 downstream tasks scheduled from follow-on schedule check
[2024-10-16T10:04:10.241+0000] {taskinstance.py:1087} INFO - Dependencies all met for <TaskInstance: exchange_rate_usd_kzt_dag.get_rate scheduled__2024-02-21T00:00:00+00:00 [queued]>
[2024-10-16T10:04:10.258+0000] {taskinstance.py:1087} INFO - Dependencies all met for <TaskInstance: exchange_rate_usd_kzt_dag.get_rate scheduled__2024-02-21T00:00:00+00:00 [queued]>
[2024-10-16T10:04:10.261+0000] {taskinstance.py:1283} INFO - 
--------------------------------------------------------------------------------
[2024-10-16T10:04:10.262+0000] {taskinstance.py:1284} INFO - Starting attempt 1 of 1
[2024-10-16T10:04:10.262+0000] {taskinstance.py:1285} INFO - 
--------------------------------------------------------------------------------
[2024-10-16T10:04:10.283+0000] {taskinstance.py:1304} INFO - Executing <Task(CurrencyScoopOperator): get_rate> on 2024-02-21 00:00:00+00:00
[2024-10-16T10:04:10.290+0000] {standard_task_runner.py:55} INFO - Started process 10646 to run task
[2024-10-16T10:04:10.297+0000] {standard_task_runner.py:82} INFO - Running: ['***', 'tasks', 'run', 'exchange_rate_usd_kzt_dag', 'get_rate', 'scheduled__2024-02-21T00:00:00+00:00', '--job-id', '2221', '--raw', '--subdir', 'DAGS_FOLDER/RUS_DAG.py', '--cfg-path', '/tmp/tmprl5ux1hx']
[2024-10-16T10:04:10.300+0000] {standard_task_runner.py:83} INFO - Job 2221: Subtask get_rate
[2024-10-16T10:04:10.421+0000] {task_command.py:389} INFO - Running <TaskInstance: exchange_rate_usd_kzt_dag.get_rate scheduled__2024-02-21T00:00:00+00:00 [running]> on host 63ee4fa64e74
[2024-10-16T10:04:10.531+0000] {taskinstance.py:1513} INFO - Exporting the following env vars:
AIRFLOW_CTX_DAG_OWNER=***
AIRFLOW_CTX_DAG_ID=exchange_rate_usd_kzt_dag
AIRFLOW_CTX_TASK_ID=get_rate
AIRFLOW_CTX_EXECUTION_DATE=2024-02-21T00:00:00+00:00
AIRFLOW_CTX_TRY_NUMBER=1
AIRFLOW_CTX_DAG_RUN_ID=scheduled__2024-02-21T00:00:00+00:00
[2024-10-16T10:04:10.534+0000] {warnings.py:110} WARNING - /home/***/.local/lib/python3.7/site-packages/***/utils/context.py:205: AirflowContextDeprecationWarning: Accessing 'execution_date' from the template is deprecated and will be removed in a future version. Please use 'data_interval_start' or 'logical_date' instead.
  warnings.warn(_create_deprecation_warning(key, self._deprecation_replacements[key]))

[2024-10-16T10:04:10.549+0000] {base.py:73} INFO - Using connection ID 'cur_scoop_conn_id' for task execution.
[2024-10-16T10:04:11.007+0000] {taskinstance.py:1327} INFO - Marking task as SUCCESS. dag_id=exchange_rate_usd_kzt_dag, task_id=get_rate, execution_date=20240221T000000, start_date=20241016T100410, end_date=20241016T100411
[2024-10-16T10:04:11.047+0000] {local_task_job.py:159} INFO - Task exited with return code 0
[2024-10-16T10:04:11.078+0000] {taskinstance.py:2582} INFO - 1 downstream tasks scheduled from follow-on schedule check
