[2024-10-15T22:18:57.302+0000] {taskinstance.py:1087} INFO - Dependencies all met for <TaskInstance: exchange_rate_usd_kzt_dag.create_table_task manual__2024-10-15T22:18:55.762980+00:00 [queued]>
[2024-10-15T22:18:57.316+0000] {taskinstance.py:1087} INFO - Dependencies all met for <TaskInstance: exchange_rate_usd_kzt_dag.create_table_task manual__2024-10-15T22:18:55.762980+00:00 [queued]>
[2024-10-15T22:18:57.317+0000] {taskinstance.py:1283} INFO - 
--------------------------------------------------------------------------------
[2024-10-15T22:18:57.317+0000] {taskinstance.py:1284} INFO - Starting attempt 1 of 1
[2024-10-15T22:18:57.318+0000] {taskinstance.py:1285} INFO - 
--------------------------------------------------------------------------------
[2024-10-15T22:18:57.333+0000] {taskinstance.py:1304} INFO - Executing <Task(PostgresOperator): create_table_task> on 2024-10-15 22:18:55.762980+00:00
[2024-10-15T22:18:57.338+0000] {standard_task_runner.py:55} INFO - Started process 75793 to run task
[2024-10-15T22:18:57.343+0000] {standard_task_runner.py:82} INFO - Running: ['***', 'tasks', 'run', 'exchange_rate_usd_kzt_dag', 'create_table_task', 'manual__2024-10-15T22:18:55.762980+00:00', '--job-id', '33', '--raw', '--subdir', 'DAGS_FOLDER/exchange_rates/__init__.py', '--cfg-path', '/tmp/tmp_o3ww867']
[2024-10-15T22:18:57.344+0000] {standard_task_runner.py:83} INFO - Job 33: Subtask create_table_task
[2024-10-15T22:18:57.415+0000] {task_command.py:389} INFO - Running <TaskInstance: exchange_rate_usd_kzt_dag.create_table_task manual__2024-10-15T22:18:55.762980+00:00 [running]> on host 63ee4fa64e74
[2024-10-15T22:18:57.491+0000] {taskinstance.py:1513} INFO - Exporting the following env vars:
AIRFLOW_CTX_DAG_OWNER=***
AIRFLOW_CTX_DAG_ID=exchange_rate_usd_kzt_dag
AIRFLOW_CTX_TASK_ID=create_table_task
AIRFLOW_CTX_EXECUTION_DATE=2024-10-15T22:18:55.762980+00:00
AIRFLOW_CTX_TRY_NUMBER=1
AIRFLOW_CTX_DAG_RUN_ID=manual__2024-10-15T22:18:55.762980+00:00
[2024-10-15T22:18:57.494+0000] {sql.py:253} INFO - Executing: CREATE TABLE IF NOT EXISTS currency_exchange_rates (
    base VARCHAR(3) NOT NULL,
    currency VARCHAR(3) NOT NULL,
    rate NUMERIC(12, 3) NOT NULL,
    date DATE NOT NULL,
    UNIQUE (base, currency, date)
);
[2024-10-15T22:18:57.505+0000] {base.py:73} INFO - Using connection ID 'postgres_default' for task execution.
[2024-10-15T22:18:57.745+0000] {base.py:73} INFO - Using connection ID 'postgres_default' for task execution.
[2024-10-15T22:18:57.763+0000] {sql.py:364} INFO - Running statement: CREATE TABLE IF NOT EXISTS currency_exchange_rates (
    base VARCHAR(3) NOT NULL,
    currency VARCHAR(3) NOT NULL,
    rate NUMERIC(12, 3) NOT NULL,
    date DATE NOT NULL,
    UNIQUE (base, currency, date)
);, parameters: None
[2024-10-15T22:18:57.891+0000] {taskinstance.py:1327} INFO - Marking task as SUCCESS. dag_id=exchange_rate_usd_kzt_dag, task_id=create_table_task, execution_date=20241015T221855, start_date=20241015T221857, end_date=20241015T221857
[2024-10-15T22:18:57.933+0000] {local_task_job.py:159} INFO - Task exited with return code 0
[2024-10-15T22:18:57.964+0000] {taskinstance.py:2582} INFO - 1 downstream tasks scheduled from follow-on schedule check
