[2024-10-16T09:49:23.875+0000] {taskinstance.py:1087} INFO - Dependencies all met for <TaskInstance: exchange_rate_usd_rus_dag.get_rate scheduled__2024-08-08T00:00:00+00:00 [queued]>
[2024-10-16T09:49:23.894+0000] {taskinstance.py:1087} INFO - Dependencies all met for <TaskInstance: exchange_rate_usd_rus_dag.get_rate scheduled__2024-08-08T00:00:00+00:00 [queued]>
[2024-10-16T09:49:23.895+0000] {taskinstance.py:1283} INFO - 
--------------------------------------------------------------------------------
[2024-10-16T09:49:23.895+0000] {taskinstance.py:1284} INFO - Starting attempt 1 of 1
[2024-10-16T09:49:23.896+0000] {taskinstance.py:1285} INFO - 
--------------------------------------------------------------------------------
[2024-10-16T09:49:23.918+0000] {taskinstance.py:1304} INFO - Executing <Task(CurrencyScoopOperator): get_rate> on 2024-08-08 00:00:00+00:00
[2024-10-16T09:49:23.924+0000] {standard_task_runner.py:55} INFO - Started process 6802 to run task
[2024-10-16T09:49:23.930+0000] {standard_task_runner.py:82} INFO - Running: ['***', 'tasks', 'run', 'exchange_rate_usd_rus_dag', 'get_rate', 'scheduled__2024-08-08T00:00:00+00:00', '--job-id', '1137', '--raw', '--subdir', 'DAGS_FOLDER/RUS_DAG.py', '--cfg-path', '/tmp/tmp1u7adtw2']
[2024-10-16T09:49:23.931+0000] {standard_task_runner.py:83} INFO - Job 1137: Subtask get_rate
[2024-10-16T09:49:24.037+0000] {task_command.py:389} INFO - Running <TaskInstance: exchange_rate_usd_rus_dag.get_rate scheduled__2024-08-08T00:00:00+00:00 [running]> on host 63ee4fa64e74
[2024-10-16T09:49:24.151+0000] {taskinstance.py:1513} INFO - Exporting the following env vars:
AIRFLOW_CTX_DAG_OWNER=***
AIRFLOW_CTX_DAG_ID=exchange_rate_usd_rus_dag
AIRFLOW_CTX_TASK_ID=get_rate
AIRFLOW_CTX_EXECUTION_DATE=2024-08-08T00:00:00+00:00
AIRFLOW_CTX_TRY_NUMBER=1
AIRFLOW_CTX_DAG_RUN_ID=scheduled__2024-08-08T00:00:00+00:00
[2024-10-16T09:49:24.154+0000] {warnings.py:110} WARNING - /home/***/.local/lib/python3.7/site-packages/***/utils/context.py:205: AirflowContextDeprecationWarning: Accessing 'execution_date' from the template is deprecated and will be removed in a future version. Please use 'data_interval_start' or 'logical_date' instead.
  warnings.warn(_create_deprecation_warning(key, self._deprecation_replacements[key]))

[2024-10-16T09:49:24.169+0000] {base.py:73} INFO - Using connection ID 'cur_scoop_conn_id' for task execution.
[2024-10-16T09:49:26.179+0000] {taskinstance.py:1327} INFO - Marking task as SUCCESS. dag_id=exchange_rate_usd_rus_dag, task_id=get_rate, execution_date=20240808T000000, start_date=20241016T094923, end_date=20241016T094926
[2024-10-16T09:49:26.205+0000] {local_task_job.py:159} INFO - Task exited with return code 0
[2024-10-16T09:49:26.237+0000] {taskinstance.py:2582} INFO - 1 downstream tasks scheduled from follow-on schedule check
