[2024-10-16T09:57:14.606+0000] {taskinstance.py:1087} INFO - Dependencies all met for <TaskInstance: exchange_rate_usd_kzt_dag.get_rate scheduled__2024-08-25T00:00:00+00:00 [queued]>
[2024-10-16T09:57:14.625+0000] {taskinstance.py:1087} INFO - Dependencies all met for <TaskInstance: exchange_rate_usd_kzt_dag.get_rate scheduled__2024-08-25T00:00:00+00:00 [queued]>
[2024-10-16T09:57:14.626+0000] {taskinstance.py:1283} INFO - 
--------------------------------------------------------------------------------
[2024-10-16T09:57:14.627+0000] {taskinstance.py:1284} INFO - Starting attempt 1 of 1
[2024-10-16T09:57:14.628+0000] {taskinstance.py:1285} INFO - 
--------------------------------------------------------------------------------
[2024-10-16T09:57:14.667+0000] {taskinstance.py:1304} INFO - Executing <Task(CurrencyScoopOperator): get_rate> on 2024-08-25 00:00:00+00:00
[2024-10-16T09:57:14.677+0000] {standard_task_runner.py:55} INFO - Started process 9416 to run task
[2024-10-16T09:57:14.688+0000] {standard_task_runner.py:82} INFO - Running: ['***', 'tasks', 'run', 'exchange_rate_usd_kzt_dag', 'get_rate', 'scheduled__2024-08-25T00:00:00+00:00', '--job-id', '2001', '--raw', '--subdir', 'DAGS_FOLDER/exchange_rates/__init__.py', '--cfg-path', '/tmp/tmpfqsp_kav']
[2024-10-16T09:57:14.691+0000] {standard_task_runner.py:83} INFO - Job 2001: Subtask get_rate
[2024-10-16T09:57:14.843+0000] {task_command.py:389} INFO - Running <TaskInstance: exchange_rate_usd_kzt_dag.get_rate scheduled__2024-08-25T00:00:00+00:00 [running]> on host 63ee4fa64e74
[2024-10-16T09:57:15.086+0000] {taskinstance.py:1513} INFO - Exporting the following env vars:
AIRFLOW_CTX_DAG_OWNER=***
AIRFLOW_CTX_DAG_ID=exchange_rate_usd_kzt_dag
AIRFLOW_CTX_TASK_ID=get_rate
AIRFLOW_CTX_EXECUTION_DATE=2024-08-25T00:00:00+00:00
AIRFLOW_CTX_TRY_NUMBER=1
AIRFLOW_CTX_DAG_RUN_ID=scheduled__2024-08-25T00:00:00+00:00
[2024-10-16T09:57:15.095+0000] {warnings.py:110} WARNING - /home/***/.local/lib/python3.7/site-packages/***/utils/context.py:205: AirflowContextDeprecationWarning: Accessing 'execution_date' from the template is deprecated and will be removed in a future version. Please use 'data_interval_start' or 'logical_date' instead.
  warnings.warn(_create_deprecation_warning(key, self._deprecation_replacements[key]))

[2024-10-16T09:57:15.119+0000] {base.py:73} INFO - Using connection ID 'cur_scoop_conn_id' for task execution.
[2024-10-16T09:57:16.968+0000] {taskinstance.py:1327} INFO - Marking task as SUCCESS. dag_id=exchange_rate_usd_kzt_dag, task_id=get_rate, execution_date=20240825T000000, start_date=20241016T095714, end_date=20241016T095716
[2024-10-16T09:57:17.058+0000] {local_task_job.py:159} INFO - Task exited with return code 0
[2024-10-16T09:57:17.113+0000] {taskinstance.py:2582} INFO - 1 downstream tasks scheduled from follow-on schedule check
[2024-10-16T10:07:12.003+0000] {taskinstance.py:1087} INFO - Dependencies all met for <TaskInstance: exchange_rate_usd_kzt_dag.get_rate scheduled__2024-08-25T00:00:00+00:00 [queued]>
[2024-10-16T10:07:12.019+0000] {taskinstance.py:1087} INFO - Dependencies all met for <TaskInstance: exchange_rate_usd_kzt_dag.get_rate scheduled__2024-08-25T00:00:00+00:00 [queued]>
[2024-10-16T10:07:12.021+0000] {taskinstance.py:1283} INFO - 
--------------------------------------------------------------------------------
[2024-10-16T10:07:12.022+0000] {taskinstance.py:1284} INFO - Starting attempt 1 of 1
[2024-10-16T10:07:12.022+0000] {taskinstance.py:1285} INFO - 
--------------------------------------------------------------------------------
[2024-10-16T10:07:12.042+0000] {taskinstance.py:1304} INFO - Executing <Task(CurrencyScoopOperator): get_rate> on 2024-08-25 00:00:00+00:00
[2024-10-16T10:07:12.050+0000] {standard_task_runner.py:55} INFO - Started process 11965 to run task
[2024-10-16T10:07:12.056+0000] {standard_task_runner.py:82} INFO - Running: ['***', 'tasks', 'run', 'exchange_rate_usd_kzt_dag', 'get_rate', 'scheduled__2024-08-25T00:00:00+00:00', '--job-id', '2737', '--raw', '--subdir', 'DAGS_FOLDER/exchange_rates/__init__.py', '--cfg-path', '/tmp/tmpg8tnqr1g']
[2024-10-16T10:07:12.060+0000] {standard_task_runner.py:83} INFO - Job 2737: Subtask get_rate
[2024-10-16T10:07:12.193+0000] {task_command.py:389} INFO - Running <TaskInstance: exchange_rate_usd_kzt_dag.get_rate scheduled__2024-08-25T00:00:00+00:00 [running]> on host 63ee4fa64e74
[2024-10-16T10:07:12.388+0000] {taskinstance.py:1513} INFO - Exporting the following env vars:
AIRFLOW_CTX_DAG_OWNER=***
AIRFLOW_CTX_DAG_ID=exchange_rate_usd_kzt_dag
AIRFLOW_CTX_TASK_ID=get_rate
AIRFLOW_CTX_EXECUTION_DATE=2024-08-25T00:00:00+00:00
AIRFLOW_CTX_TRY_NUMBER=1
AIRFLOW_CTX_DAG_RUN_ID=scheduled__2024-08-25T00:00:00+00:00
[2024-10-16T10:07:12.395+0000] {warnings.py:110} WARNING - /home/***/.local/lib/python3.7/site-packages/***/utils/context.py:205: AirflowContextDeprecationWarning: Accessing 'execution_date' from the template is deprecated and will be removed in a future version. Please use 'data_interval_start' or 'logical_date' instead.
  warnings.warn(_create_deprecation_warning(key, self._deprecation_replacements[key]))

[2024-10-16T10:07:12.428+0000] {base.py:73} INFO - Using connection ID 'cur_scoop_conn_id' for task execution.
[2024-10-16T10:07:14.207+0000] {taskinstance.py:1327} INFO - Marking task as SUCCESS. dag_id=exchange_rate_usd_kzt_dag, task_id=get_rate, execution_date=20240825T000000, start_date=20241016T100712, end_date=20241016T100714
[2024-10-16T10:07:14.463+0000] {local_task_job.py:159} INFO - Task exited with return code 0
[2024-10-16T10:07:14.522+0000] {taskinstance.py:2582} INFO - 1 downstream tasks scheduled from follow-on schedule check
