[2024-10-16T09:57:28.728+0000] {taskinstance.py:1087} INFO - Dependencies all met for <TaskInstance: exchange_rate_usd_kzt_dag.get_rate scheduled__2024-09-06T00:00:00+00:00 [queued]>
[2024-10-16T09:57:28.752+0000] {taskinstance.py:1087} INFO - Dependencies all met for <TaskInstance: exchange_rate_usd_kzt_dag.get_rate scheduled__2024-09-06T00:00:00+00:00 [queued]>
[2024-10-16T09:57:28.752+0000] {taskinstance.py:1283} INFO - 
--------------------------------------------------------------------------------
[2024-10-16T09:57:28.753+0000] {taskinstance.py:1284} INFO - Starting attempt 1 of 1
[2024-10-16T09:57:28.754+0000] {taskinstance.py:1285} INFO - 
--------------------------------------------------------------------------------
[2024-10-16T09:57:28.780+0000] {taskinstance.py:1304} INFO - Executing <Task(CurrencyScoopOperator): get_rate> on 2024-09-06 00:00:00+00:00
[2024-10-16T09:57:28.788+0000] {standard_task_runner.py:55} INFO - Started process 9520 to run task
[2024-10-16T09:57:28.795+0000] {standard_task_runner.py:82} INFO - Running: ['***', 'tasks', 'run', 'exchange_rate_usd_kzt_dag', 'get_rate', 'scheduled__2024-09-06T00:00:00+00:00', '--job-id', '2042', '--raw', '--subdir', 'DAGS_FOLDER/exchange_rates/__init__.py', '--cfg-path', '/tmp/tmpu65_3vw2']
[2024-10-16T09:57:28.797+0000] {standard_task_runner.py:83} INFO - Job 2042: Subtask get_rate
[2024-10-16T09:57:28.919+0000] {task_command.py:389} INFO - Running <TaskInstance: exchange_rate_usd_kzt_dag.get_rate scheduled__2024-09-06T00:00:00+00:00 [running]> on host 63ee4fa64e74
[2024-10-16T09:57:29.041+0000] {taskinstance.py:1513} INFO - Exporting the following env vars:
AIRFLOW_CTX_DAG_OWNER=***
AIRFLOW_CTX_DAG_ID=exchange_rate_usd_kzt_dag
AIRFLOW_CTX_TASK_ID=get_rate
AIRFLOW_CTX_EXECUTION_DATE=2024-09-06T00:00:00+00:00
AIRFLOW_CTX_TRY_NUMBER=1
AIRFLOW_CTX_DAG_RUN_ID=scheduled__2024-09-06T00:00:00+00:00
[2024-10-16T09:57:29.043+0000] {warnings.py:110} WARNING - /home/***/.local/lib/python3.7/site-packages/***/utils/context.py:205: AirflowContextDeprecationWarning: Accessing 'execution_date' from the template is deprecated and will be removed in a future version. Please use 'data_interval_start' or 'logical_date' instead.
  warnings.warn(_create_deprecation_warning(key, self._deprecation_replacements[key]))

[2024-10-16T09:57:29.065+0000] {base.py:73} INFO - Using connection ID 'cur_scoop_conn_id' for task execution.
[2024-10-16T09:57:31.713+0000] {taskinstance.py:1327} INFO - Marking task as SUCCESS. dag_id=exchange_rate_usd_kzt_dag, task_id=get_rate, execution_date=20240906T000000, start_date=20241016T095728, end_date=20241016T095731
[2024-10-16T09:57:31.781+0000] {local_task_job.py:159} INFO - Task exited with return code 0
[2024-10-16T09:57:31.815+0000] {taskinstance.py:2582} INFO - 1 downstream tasks scheduled from follow-on schedule check
[2024-10-16T10:07:25.506+0000] {taskinstance.py:1087} INFO - Dependencies all met for <TaskInstance: exchange_rate_usd_kzt_dag.get_rate scheduled__2024-09-06T00:00:00+00:00 [queued]>
[2024-10-16T10:07:25.520+0000] {taskinstance.py:1087} INFO - Dependencies all met for <TaskInstance: exchange_rate_usd_kzt_dag.get_rate scheduled__2024-09-06T00:00:00+00:00 [queued]>
[2024-10-16T10:07:25.520+0000] {taskinstance.py:1283} INFO - 
--------------------------------------------------------------------------------
[2024-10-16T10:07:25.521+0000] {taskinstance.py:1284} INFO - Starting attempt 1 of 1
[2024-10-16T10:07:25.522+0000] {taskinstance.py:1285} INFO - 
--------------------------------------------------------------------------------
[2024-10-16T10:07:25.542+0000] {taskinstance.py:1304} INFO - Executing <Task(CurrencyScoopOperator): get_rate> on 2024-09-06 00:00:00+00:00
[2024-10-16T10:07:25.549+0000] {standard_task_runner.py:55} INFO - Started process 12073 to run task
[2024-10-16T10:07:25.556+0000] {standard_task_runner.py:82} INFO - Running: ['***', 'tasks', 'run', 'exchange_rate_usd_kzt_dag', 'get_rate', 'scheduled__2024-09-06T00:00:00+00:00', '--job-id', '2776', '--raw', '--subdir', 'DAGS_FOLDER/exchange_rates/__init__.py', '--cfg-path', '/tmp/tmp4ml86_0p']
[2024-10-16T10:07:25.557+0000] {standard_task_runner.py:83} INFO - Job 2776: Subtask get_rate
[2024-10-16T10:07:25.689+0000] {task_command.py:389} INFO - Running <TaskInstance: exchange_rate_usd_kzt_dag.get_rate scheduled__2024-09-06T00:00:00+00:00 [running]> on host 63ee4fa64e74
[2024-10-16T10:07:25.833+0000] {taskinstance.py:1513} INFO - Exporting the following env vars:
AIRFLOW_CTX_DAG_OWNER=***
AIRFLOW_CTX_DAG_ID=exchange_rate_usd_kzt_dag
AIRFLOW_CTX_TASK_ID=get_rate
AIRFLOW_CTX_EXECUTION_DATE=2024-09-06T00:00:00+00:00
AIRFLOW_CTX_TRY_NUMBER=1
AIRFLOW_CTX_DAG_RUN_ID=scheduled__2024-09-06T00:00:00+00:00
[2024-10-16T10:07:25.835+0000] {warnings.py:110} WARNING - /home/***/.local/lib/python3.7/site-packages/***/utils/context.py:205: AirflowContextDeprecationWarning: Accessing 'execution_date' from the template is deprecated and will be removed in a future version. Please use 'data_interval_start' or 'logical_date' instead.
  warnings.warn(_create_deprecation_warning(key, self._deprecation_replacements[key]))

[2024-10-16T10:07:25.851+0000] {base.py:73} INFO - Using connection ID 'cur_scoop_conn_id' for task execution.
[2024-10-16T10:07:27.295+0000] {taskinstance.py:1327} INFO - Marking task as SUCCESS. dag_id=exchange_rate_usd_kzt_dag, task_id=get_rate, execution_date=20240906T000000, start_date=20241016T100725, end_date=20241016T100727
[2024-10-16T10:07:27.369+0000] {local_task_job.py:159} INFO - Task exited with return code 0
[2024-10-16T10:07:27.421+0000] {taskinstance.py:2582} INFO - 1 downstream tasks scheduled from follow-on schedule check
