[2024-10-16T09:40:14.585+0000] {taskinstance.py:1087} INFO - Dependencies all met for <TaskInstance: exchange_rate_usd_rus_dag.insert_rate scheduled__2024-09-13T00:00:00+00:00 [queued]>
[2024-10-16T09:40:14.597+0000] {taskinstance.py:1087} INFO - Dependencies all met for <TaskInstance: exchange_rate_usd_rus_dag.insert_rate scheduled__2024-09-13T00:00:00+00:00 [queued]>
[2024-10-16T09:40:14.597+0000] {taskinstance.py:1283} INFO - 
--------------------------------------------------------------------------------
[2024-10-16T09:40:14.598+0000] {taskinstance.py:1284} INFO - Starting attempt 1 of 1
[2024-10-16T09:40:14.598+0000] {taskinstance.py:1285} INFO - 
--------------------------------------------------------------------------------
[2024-10-16T09:40:14.613+0000] {taskinstance.py:1304} INFO - Executing <Task(PostgresOperator): insert_rate> on 2024-09-13 00:00:00+00:00
[2024-10-16T09:40:14.620+0000] {standard_task_runner.py:55} INFO - Started process 4257 to run task
[2024-10-16T09:40:14.625+0000] {standard_task_runner.py:82} INFO - Running: ['***', 'tasks', 'run', 'exchange_rate_usd_rus_dag', 'insert_rate', 'scheduled__2024-09-13T00:00:00+00:00', '--job-id', '380', '--raw', '--subdir', 'DAGS_FOLDER/RUS_DAG.py', '--cfg-path', '/tmp/tmphc9k87nw']
[2024-10-16T09:40:14.626+0000] {standard_task_runner.py:83} INFO - Job 380: Subtask insert_rate
[2024-10-16T09:40:14.703+0000] {task_command.py:389} INFO - Running <TaskInstance: exchange_rate_usd_rus_dag.insert_rate scheduled__2024-09-13T00:00:00+00:00 [running]> on host 63ee4fa64e74
[2024-10-16T09:40:14.743+0000] {warnings.py:110} WARNING - /home/***/.local/lib/python3.7/site-packages/***/utils/context.py:205: AirflowContextDeprecationWarning: Accessing 'execution_date' from the template is deprecated and will be removed in a future version. Please use 'data_interval_start' or 'logical_date' instead.
  warnings.warn(_create_deprecation_warning(key, self._deprecation_replacements[key]))

[2024-10-16T09:40:14.794+0000] {taskinstance.py:1513} INFO - Exporting the following env vars:
AIRFLOW_CTX_DAG_OWNER=***
AIRFLOW_CTX_DAG_ID=exchange_rate_usd_rus_dag
AIRFLOW_CTX_TASK_ID=insert_rate
AIRFLOW_CTX_EXECUTION_DATE=2024-09-13T00:00:00+00:00
AIRFLOW_CTX_TRY_NUMBER=1
AIRFLOW_CTX_DAG_RUN_ID=scheduled__2024-09-13T00:00:00+00:00
[2024-10-16T09:40:14.795+0000] {sql.py:253} INFO - Executing: INSERT INTO
    currency_exchange_rates
VALUES ('USD', 'RUS', None, '2024-09-13')
ON CONFLICT (base, currency, date) DO
    UPDATE
        SET rate = excluded.rate;
[2024-10-16T09:40:14.806+0000] {base.py:73} INFO - Using connection ID 'postgres_default' for task execution.
[2024-10-16T09:40:15.014+0000] {base.py:73} INFO - Using connection ID 'postgres_default' for task execution.
[2024-10-16T09:40:15.026+0000] {sql.py:364} INFO - Running statement: INSERT INTO
    currency_exchange_rates
VALUES ('USD', 'RUS', None, '2024-09-13')
ON CONFLICT (base, currency, date) DO
    UPDATE
        SET rate = excluded.rate;, parameters: None
[2024-10-16T09:40:15.030+0000] {taskinstance.py:1772} ERROR - Task failed with exception
Traceback (most recent call last):
  File "/home/airflow/.local/lib/python3.7/site-packages/airflow/providers/common/sql/operators/sql.py", line 261, in execute
    return_last=self.return_last,
  File "/home/airflow/.local/lib/python3.7/site-packages/airflow/providers/common/sql/hooks/sql.py", line 338, in run
    self._run_command(cur, sql_statement, parameters)
  File "/home/airflow/.local/lib/python3.7/site-packages/airflow/providers/common/sql/hooks/sql.py", line 369, in _run_command
    cur.execute(sql_statement)
psycopg2.errors.UndefinedColumn: column "none" does not exist
LINE 3: VALUES ('USD', 'RUS', None, '2024-09-13')
                              ^

[2024-10-16T09:40:15.039+0000] {taskinstance.py:1327} INFO - Marking task as FAILED. dag_id=exchange_rate_usd_rus_dag, task_id=insert_rate, execution_date=20240913T000000, start_date=20241016T094014, end_date=20241016T094015
[2024-10-16T09:40:15.051+0000] {standard_task_runner.py:105} ERROR - Failed to execute job 380 for task insert_rate (column "none" does not exist
LINE 3: VALUES ('USD', 'RUS', None, '2024-09-13')
                              ^
; 4257)
[2024-10-16T09:40:15.094+0000] {local_task_job.py:159} INFO - Task exited with return code 1
[2024-10-16T09:40:15.112+0000] {taskinstance.py:2582} INFO - 0 downstream tasks scheduled from follow-on schedule check
[2024-10-16T09:49:59.095+0000] {taskinstance.py:1087} INFO - Dependencies all met for <TaskInstance: exchange_rate_usd_rus_dag.insert_rate scheduled__2024-09-13T00:00:00+00:00 [queued]>
[2024-10-16T09:49:59.107+0000] {taskinstance.py:1087} INFO - Dependencies all met for <TaskInstance: exchange_rate_usd_rus_dag.insert_rate scheduled__2024-09-13T00:00:00+00:00 [queued]>
[2024-10-16T09:49:59.108+0000] {taskinstance.py:1283} INFO - 
--------------------------------------------------------------------------------
[2024-10-16T09:49:59.109+0000] {taskinstance.py:1284} INFO - Starting attempt 1 of 1
[2024-10-16T09:49:59.109+0000] {taskinstance.py:1285} INFO - 
--------------------------------------------------------------------------------
[2024-10-16T09:49:59.127+0000] {taskinstance.py:1304} INFO - Executing <Task(PostgresOperator): insert_rate> on 2024-09-13 00:00:00+00:00
[2024-10-16T09:49:59.132+0000] {standard_task_runner.py:55} INFO - Started process 7098 to run task
[2024-10-16T09:49:59.137+0000] {standard_task_runner.py:82} INFO - Running: ['***', 'tasks', 'run', 'exchange_rate_usd_rus_dag', 'insert_rate', 'scheduled__2024-09-13T00:00:00+00:00', '--job-id', '1251', '--raw', '--subdir', 'DAGS_FOLDER/RUS_DAG.py', '--cfg-path', '/tmp/tmpv0tcb0wx']
[2024-10-16T09:49:59.138+0000] {standard_task_runner.py:83} INFO - Job 1251: Subtask insert_rate
[2024-10-16T09:49:59.223+0000] {task_command.py:389} INFO - Running <TaskInstance: exchange_rate_usd_rus_dag.insert_rate scheduled__2024-09-13T00:00:00+00:00 [running]> on host 63ee4fa64e74
[2024-10-16T09:49:59.272+0000] {warnings.py:110} WARNING - /home/***/.local/lib/python3.7/site-packages/***/utils/context.py:205: AirflowContextDeprecationWarning: Accessing 'execution_date' from the template is deprecated and will be removed in a future version. Please use 'data_interval_start' or 'logical_date' instead.
  warnings.warn(_create_deprecation_warning(key, self._deprecation_replacements[key]))

[2024-10-16T09:49:59.338+0000] {taskinstance.py:1513} INFO - Exporting the following env vars:
AIRFLOW_CTX_DAG_OWNER=***
AIRFLOW_CTX_DAG_ID=exchange_rate_usd_rus_dag
AIRFLOW_CTX_TASK_ID=insert_rate
AIRFLOW_CTX_EXECUTION_DATE=2024-09-13T00:00:00+00:00
AIRFLOW_CTX_TRY_NUMBER=1
AIRFLOW_CTX_DAG_RUN_ID=scheduled__2024-09-13T00:00:00+00:00
[2024-10-16T09:49:59.340+0000] {sql.py:253} INFO - Executing: INSERT INTO
    currency_exchange_rates
VALUES ('USD', 'RUB', 89.88756591, '2024-09-13')
ON CONFLICT (base, currency, date) DO
    UPDATE
        SET rate = excluded.rate;
[2024-10-16T09:49:59.352+0000] {base.py:73} INFO - Using connection ID 'postgres_default' for task execution.
[2024-10-16T09:49:59.627+0000] {base.py:73} INFO - Using connection ID 'postgres_default' for task execution.
[2024-10-16T09:49:59.639+0000] {sql.py:364} INFO - Running statement: INSERT INTO
    currency_exchange_rates
VALUES ('USD', 'RUB', 89.88756591, '2024-09-13')
ON CONFLICT (base, currency, date) DO
    UPDATE
        SET rate = excluded.rate;, parameters: None
[2024-10-16T09:49:59.643+0000] {sql.py:373} INFO - Rows affected: 1
[2024-10-16T09:49:59.660+0000] {taskinstance.py:1327} INFO - Marking task as SUCCESS. dag_id=exchange_rate_usd_rus_dag, task_id=insert_rate, execution_date=20240913T000000, start_date=20241016T094959, end_date=20241016T094959
[2024-10-16T09:49:59.687+0000] {local_task_job.py:159} INFO - Task exited with return code 0
[2024-10-16T09:49:59.715+0000] {taskinstance.py:2582} INFO - 0 downstream tasks scheduled from follow-on schedule check
