[2024-10-16T09:54:06.637+0000] {taskinstance.py:1087} INFO - Dependencies all met for <TaskInstance: exchange_rate_usd_kzt_dag.insert_rate scheduled__2024-02-09T00:00:00+00:00 [queued]>
[2024-10-16T09:54:06.656+0000] {taskinstance.py:1087} INFO - Dependencies all met for <TaskInstance: exchange_rate_usd_kzt_dag.insert_rate scheduled__2024-02-09T00:00:00+00:00 [queued]>
[2024-10-16T09:54:06.656+0000] {taskinstance.py:1283} INFO - 
--------------------------------------------------------------------------------
[2024-10-16T09:54:06.657+0000] {taskinstance.py:1284} INFO - Starting attempt 1 of 1
[2024-10-16T09:54:06.658+0000] {taskinstance.py:1285} INFO - 
--------------------------------------------------------------------------------
[2024-10-16T09:54:06.683+0000] {taskinstance.py:1304} INFO - Executing <Task(PostgresOperator): insert_rate> on 2024-02-09 00:00:00+00:00
[2024-10-16T09:54:06.691+0000] {standard_task_runner.py:55} INFO - Started process 8043 to run task
[2024-10-16T09:54:06.697+0000] {standard_task_runner.py:82} INFO - Running: ['***', 'tasks', 'run', 'exchange_rate_usd_kzt_dag', 'insert_rate', 'scheduled__2024-02-09T00:00:00+00:00', '--job-id', '1482', '--raw', '--subdir', 'DAGS_FOLDER/exchange_rates/__init__.py', '--cfg-path', '/tmp/tmplss6ea8g']
[2024-10-16T09:54:06.699+0000] {standard_task_runner.py:83} INFO - Job 1482: Subtask insert_rate
[2024-10-16T09:54:06.820+0000] {task_command.py:389} INFO - Running <TaskInstance: exchange_rate_usd_kzt_dag.insert_rate scheduled__2024-02-09T00:00:00+00:00 [running]> on host 63ee4fa64e74
[2024-10-16T09:54:06.880+0000] {warnings.py:110} WARNING - /home/***/.local/lib/python3.7/site-packages/***/utils/context.py:205: AirflowContextDeprecationWarning: Accessing 'execution_date' from the template is deprecated and will be removed in a future version. Please use 'data_interval_start' or 'logical_date' instead.
  warnings.warn(_create_deprecation_warning(key, self._deprecation_replacements[key]))

[2024-10-16T09:54:06.950+0000] {taskinstance.py:1513} INFO - Exporting the following env vars:
AIRFLOW_CTX_DAG_OWNER=***
AIRFLOW_CTX_DAG_ID=exchange_rate_usd_kzt_dag
AIRFLOW_CTX_TASK_ID=insert_rate
AIRFLOW_CTX_EXECUTION_DATE=2024-02-09T00:00:00+00:00
AIRFLOW_CTX_TRY_NUMBER=1
AIRFLOW_CTX_DAG_RUN_ID=scheduled__2024-02-09T00:00:00+00:00
[2024-10-16T09:54:06.952+0000] {sql.py:253} INFO - Executing: INSERT INTO
    currency_exchange_rates
VALUES ('USD', 'KZT', 446.6522837, '2024-02-09')
ON CONFLICT (base, currency, date) DO
    UPDATE
        SET rate = excluded.rate;
[2024-10-16T09:54:06.967+0000] {base.py:73} INFO - Using connection ID 'postgres_default' for task execution.
[2024-10-16T09:54:07.231+0000] {base.py:73} INFO - Using connection ID 'postgres_default' for task execution.
[2024-10-16T09:54:07.242+0000] {sql.py:364} INFO - Running statement: INSERT INTO
    currency_exchange_rates
VALUES ('USD', 'KZT', 446.6522837, '2024-02-09')
ON CONFLICT (base, currency, date) DO
    UPDATE
        SET rate = excluded.rate;, parameters: None
[2024-10-16T09:54:07.245+0000] {sql.py:373} INFO - Rows affected: 1
[2024-10-16T09:54:07.263+0000] {taskinstance.py:1327} INFO - Marking task as SUCCESS. dag_id=exchange_rate_usd_kzt_dag, task_id=insert_rate, execution_date=20240209T000000, start_date=20241016T095406, end_date=20241016T095407
[2024-10-16T09:54:07.328+0000] {local_task_job.py:159} INFO - Task exited with return code 0
[2024-10-16T09:54:07.355+0000] {taskinstance.py:2582} INFO - 0 downstream tasks scheduled from follow-on schedule check
[2024-10-16T10:04:07.681+0000] {taskinstance.py:1087} INFO - Dependencies all met for <TaskInstance: exchange_rate_usd_kzt_dag.insert_rate scheduled__2024-02-09T00:00:00+00:00 [queued]>
[2024-10-16T10:04:07.705+0000] {taskinstance.py:1087} INFO - Dependencies all met for <TaskInstance: exchange_rate_usd_kzt_dag.insert_rate scheduled__2024-02-09T00:00:00+00:00 [queued]>
[2024-10-16T10:04:07.707+0000] {taskinstance.py:1283} INFO - 
--------------------------------------------------------------------------------
[2024-10-16T10:04:07.709+0000] {taskinstance.py:1284} INFO - Starting attempt 1 of 1
[2024-10-16T10:04:07.710+0000] {taskinstance.py:1285} INFO - 
--------------------------------------------------------------------------------
[2024-10-16T10:04:07.747+0000] {taskinstance.py:1304} INFO - Executing <Task(PostgresOperator): insert_rate> on 2024-02-09 00:00:00+00:00
[2024-10-16T10:04:07.757+0000] {standard_task_runner.py:55} INFO - Started process 10623 to run task
[2024-10-16T10:04:07.771+0000] {standard_task_runner.py:82} INFO - Running: ['***', 'tasks', 'run', 'exchange_rate_usd_kzt_dag', 'insert_rate', 'scheduled__2024-02-09T00:00:00+00:00', '--job-id', '2206', '--raw', '--subdir', 'DAGS_FOLDER/exchange_rates/__init__.py', '--cfg-path', '/tmp/tmp0e43kez0']
[2024-10-16T10:04:07.773+0000] {standard_task_runner.py:83} INFO - Job 2206: Subtask insert_rate
[2024-10-16T10:04:07.968+0000] {task_command.py:389} INFO - Running <TaskInstance: exchange_rate_usd_kzt_dag.insert_rate scheduled__2024-02-09T00:00:00+00:00 [running]> on host 63ee4fa64e74
[2024-10-16T10:04:08.060+0000] {warnings.py:110} WARNING - /home/***/.local/lib/python3.7/site-packages/***/utils/context.py:205: AirflowContextDeprecationWarning: Accessing 'execution_date' from the template is deprecated and will be removed in a future version. Please use 'data_interval_start' or 'logical_date' instead.
  warnings.warn(_create_deprecation_warning(key, self._deprecation_replacements[key]))

[2024-10-16T10:04:08.235+0000] {taskinstance.py:1513} INFO - Exporting the following env vars:
AIRFLOW_CTX_DAG_OWNER=***
AIRFLOW_CTX_DAG_ID=exchange_rate_usd_kzt_dag
AIRFLOW_CTX_TASK_ID=insert_rate
AIRFLOW_CTX_EXECUTION_DATE=2024-02-09T00:00:00+00:00
AIRFLOW_CTX_TRY_NUMBER=1
AIRFLOW_CTX_DAG_RUN_ID=scheduled__2024-02-09T00:00:00+00:00
[2024-10-16T10:04:08.243+0000] {sql.py:253} INFO - Executing: INSERT INTO
    currency_exchange_rates
VALUES ('USD', 'KZT', 446.6522837, '2024-02-09')
ON CONFLICT (base, currency, date) DO
    UPDATE
        SET rate = excluded.rate;
[2024-10-16T10:04:08.278+0000] {base.py:73} INFO - Using connection ID 'postgres_default' for task execution.
[2024-10-16T10:04:08.768+0000] {base.py:73} INFO - Using connection ID 'postgres_default' for task execution.
[2024-10-16T10:04:08.789+0000] {sql.py:364} INFO - Running statement: INSERT INTO
    currency_exchange_rates
VALUES ('USD', 'KZT', 446.6522837, '2024-02-09')
ON CONFLICT (base, currency, date) DO
    UPDATE
        SET rate = excluded.rate;, parameters: None
[2024-10-16T10:04:08.798+0000] {sql.py:373} INFO - Rows affected: 1
[2024-10-16T10:04:08.833+0000] {taskinstance.py:1327} INFO - Marking task as SUCCESS. dag_id=exchange_rate_usd_kzt_dag, task_id=insert_rate, execution_date=20240209T000000, start_date=20241016T100407, end_date=20241016T100408
[2024-10-16T10:04:08.908+0000] {local_task_job.py:159} INFO - Task exited with return code 0
[2024-10-16T10:04:08.950+0000] {taskinstance.py:2582} INFO - 0 downstream tasks scheduled from follow-on schedule check
