[2024-10-14T21:44:12.190+0000] {taskinstance.py:1087} INFO - Dependencies all met for <TaskInstance: first_dag.random_dice scheduled__2024-10-13T00:00:00+00:00 [queued]>
[2024-10-14T21:44:12.204+0000] {taskinstance.py:1087} INFO - Dependencies all met for <TaskInstance: first_dag.random_dice scheduled__2024-10-13T00:00:00+00:00 [queued]>
[2024-10-14T21:44:12.205+0000] {taskinstance.py:1283} INFO - 
--------------------------------------------------------------------------------
[2024-10-14T21:44:12.205+0000] {taskinstance.py:1284} INFO - Starting attempt 2 of 3
[2024-10-14T21:44:12.206+0000] {taskinstance.py:1285} INFO - 
--------------------------------------------------------------------------------
[2024-10-14T21:44:12.225+0000] {taskinstance.py:1304} INFO - Executing <Task(PythonOperator): random_dice> on 2024-10-13 00:00:00+00:00
[2024-10-14T21:44:12.230+0000] {standard_task_runner.py:55} INFO - Started process 20764 to run task
[2024-10-14T21:44:12.235+0000] {standard_task_runner.py:82} INFO - Running: ['***', 'tasks', 'run', 'first_dag', 'random_dice', 'scheduled__2024-10-13T00:00:00+00:00', '--job-id', '8', '--raw', '--subdir', 'DAGS_FOLDER/first_dag.py', '--cfg-path', '/tmp/tmp_jw_bks6']
[2024-10-14T21:44:12.236+0000] {standard_task_runner.py:83} INFO - Job 8: Subtask random_dice
[2024-10-14T21:44:12.312+0000] {task_command.py:389} INFO - Running <TaskInstance: first_dag.random_dice scheduled__2024-10-13T00:00:00+00:00 [running]> on host 63ee4fa64e74
[2024-10-14T21:44:12.386+0000] {taskinstance.py:1513} INFO - Exporting the following env vars:
AIRFLOW_CTX_DAG_OWNER=***
AIRFLOW_CTX_DAG_ID=first_dag
AIRFLOW_CTX_TASK_ID=random_dice
AIRFLOW_CTX_EXECUTION_DATE=2024-10-13T00:00:00+00:00
AIRFLOW_CTX_TRY_NUMBER=2
AIRFLOW_CTX_DAG_RUN_ID=scheduled__2024-10-13T00:00:00+00:00
[2024-10-14T21:44:12.389+0000] {python.py:177} INFO - Done. Returned value was: None
[2024-10-14T21:44:12.407+0000] {taskinstance.py:1327} INFO - Marking task as SUCCESS. dag_id=first_dag, task_id=random_dice, execution_date=20241013T000000, start_date=20241014T214412, end_date=20241014T214412
[2024-10-14T21:44:12.454+0000] {local_task_job.py:159} INFO - Task exited with return code 0
[2024-10-14T21:44:12.475+0000] {taskinstance.py:2582} INFO - 0 downstream tasks scheduled from follow-on schedule check
