[2024-10-16T09:56:56.844+0000] {taskinstance.py:1087} INFO - Dependencies all met for <TaskInstance: exchange_rate_usd_kzt_dag.get_rate scheduled__2024-08-05T00:00:00+00:00 [queued]>
[2024-10-16T09:56:56.883+0000] {taskinstance.py:1087} INFO - Dependencies all met for <TaskInstance: exchange_rate_usd_kzt_dag.get_rate scheduled__2024-08-05T00:00:00+00:00 [queued]>
[2024-10-16T09:56:56.884+0000] {taskinstance.py:1283} INFO - 
--------------------------------------------------------------------------------
[2024-10-16T09:56:56.888+0000] {taskinstance.py:1284} INFO - Starting attempt 1 of 1
[2024-10-16T09:56:56.890+0000] {taskinstance.py:1285} INFO - 
--------------------------------------------------------------------------------
[2024-10-16T09:56:56.942+0000] {taskinstance.py:1304} INFO - Executing <Task(CurrencyScoopOperator): get_rate> on 2024-08-05 00:00:00+00:00
[2024-10-16T09:56:56.957+0000] {standard_task_runner.py:55} INFO - Started process 9291 to run task
[2024-10-16T09:56:56.967+0000] {standard_task_runner.py:82} INFO - Running: ['***', 'tasks', 'run', 'exchange_rate_usd_kzt_dag', 'get_rate', 'scheduled__2024-08-05T00:00:00+00:00', '--job-id', '1958', '--raw', '--subdir', 'DAGS_FOLDER/RUS_DAG.py', '--cfg-path', '/tmp/tmpk0sah8so']
[2024-10-16T09:56:56.969+0000] {standard_task_runner.py:83} INFO - Job 1958: Subtask get_rate
[2024-10-16T09:56:57.130+0000] {task_command.py:389} INFO - Running <TaskInstance: exchange_rate_usd_kzt_dag.get_rate scheduled__2024-08-05T00:00:00+00:00 [running]> on host 63ee4fa64e74
[2024-10-16T09:56:57.301+0000] {taskinstance.py:1513} INFO - Exporting the following env vars:
AIRFLOW_CTX_DAG_OWNER=***
AIRFLOW_CTX_DAG_ID=exchange_rate_usd_kzt_dag
AIRFLOW_CTX_TASK_ID=get_rate
AIRFLOW_CTX_EXECUTION_DATE=2024-08-05T00:00:00+00:00
AIRFLOW_CTX_TRY_NUMBER=1
AIRFLOW_CTX_DAG_RUN_ID=scheduled__2024-08-05T00:00:00+00:00
[2024-10-16T09:56:57.303+0000] {warnings.py:110} WARNING - /home/***/.local/lib/python3.7/site-packages/***/utils/context.py:205: AirflowContextDeprecationWarning: Accessing 'execution_date' from the template is deprecated and will be removed in a future version. Please use 'data_interval_start' or 'logical_date' instead.
  warnings.warn(_create_deprecation_warning(key, self._deprecation_replacements[key]))

[2024-10-16T09:56:57.361+0000] {base.py:73} INFO - Using connection ID 'cur_scoop_conn_id' for task execution.
[2024-10-16T09:56:59.413+0000] {taskinstance.py:1327} INFO - Marking task as SUCCESS. dag_id=exchange_rate_usd_kzt_dag, task_id=get_rate, execution_date=20240805T000000, start_date=20241016T095656, end_date=20241016T095659
[2024-10-16T09:56:59.470+0000] {local_task_job.py:159} INFO - Task exited with return code 0
[2024-10-16T09:56:59.535+0000] {taskinstance.py:2582} INFO - 1 downstream tasks scheduled from follow-on schedule check
[2024-10-16T10:06:55.425+0000] {taskinstance.py:1087} INFO - Dependencies all met for <TaskInstance: exchange_rate_usd_kzt_dag.get_rate scheduled__2024-08-05T00:00:00+00:00 [queued]>
[2024-10-16T10:06:55.441+0000] {taskinstance.py:1087} INFO - Dependencies all met for <TaskInstance: exchange_rate_usd_kzt_dag.get_rate scheduled__2024-08-05T00:00:00+00:00 [queued]>
[2024-10-16T10:06:55.442+0000] {taskinstance.py:1283} INFO - 
--------------------------------------------------------------------------------
[2024-10-16T10:06:55.443+0000] {taskinstance.py:1284} INFO - Starting attempt 1 of 1
[2024-10-16T10:06:55.443+0000] {taskinstance.py:1285} INFO - 
--------------------------------------------------------------------------------
[2024-10-16T10:06:55.470+0000] {taskinstance.py:1304} INFO - Executing <Task(CurrencyScoopOperator): get_rate> on 2024-08-05 00:00:00+00:00
[2024-10-16T10:06:55.477+0000] {standard_task_runner.py:55} INFO - Started process 11836 to run task
[2024-10-16T10:06:55.490+0000] {standard_task_runner.py:82} INFO - Running: ['***', 'tasks', 'run', 'exchange_rate_usd_kzt_dag', 'get_rate', 'scheduled__2024-08-05T00:00:00+00:00', '--job-id', '2682', '--raw', '--subdir', 'DAGS_FOLDER/exchange_rates/__init__.py', '--cfg-path', '/tmp/tmpu45db7t2']
[2024-10-16T10:06:55.495+0000] {standard_task_runner.py:83} INFO - Job 2682: Subtask get_rate
[2024-10-16T10:06:55.640+0000] {task_command.py:389} INFO - Running <TaskInstance: exchange_rate_usd_kzt_dag.get_rate scheduled__2024-08-05T00:00:00+00:00 [running]> on host 63ee4fa64e74
[2024-10-16T10:06:55.798+0000] {taskinstance.py:1513} INFO - Exporting the following env vars:
AIRFLOW_CTX_DAG_OWNER=***
AIRFLOW_CTX_DAG_ID=exchange_rate_usd_kzt_dag
AIRFLOW_CTX_TASK_ID=get_rate
AIRFLOW_CTX_EXECUTION_DATE=2024-08-05T00:00:00+00:00
AIRFLOW_CTX_TRY_NUMBER=1
AIRFLOW_CTX_DAG_RUN_ID=scheduled__2024-08-05T00:00:00+00:00
[2024-10-16T10:06:55.800+0000] {warnings.py:110} WARNING - /home/***/.local/lib/python3.7/site-packages/***/utils/context.py:205: AirflowContextDeprecationWarning: Accessing 'execution_date' from the template is deprecated and will be removed in a future version. Please use 'data_interval_start' or 'logical_date' instead.
  warnings.warn(_create_deprecation_warning(key, self._deprecation_replacements[key]))

[2024-10-16T10:06:55.818+0000] {base.py:73} INFO - Using connection ID 'cur_scoop_conn_id' for task execution.
[2024-10-16T10:06:57.454+0000] {taskinstance.py:1327} INFO - Marking task as SUCCESS. dag_id=exchange_rate_usd_kzt_dag, task_id=get_rate, execution_date=20240805T000000, start_date=20241016T100655, end_date=20241016T100657
[2024-10-16T10:06:57.520+0000] {local_task_job.py:159} INFO - Task exited with return code 0
[2024-10-16T10:06:57.565+0000] {taskinstance.py:2582} INFO - 1 downstream tasks scheduled from follow-on schedule check
