[2024-10-16T09:49:08.676+0000] {taskinstance.py:1087} INFO - Dependencies all met for <TaskInstance: exchange_rate_usd_rus_dag.insert_rate scheduled__2024-07-14T00:00:00+00:00 [queued]>
[2024-10-16T09:49:08.696+0000] {taskinstance.py:1087} INFO - Dependencies all met for <TaskInstance: exchange_rate_usd_rus_dag.insert_rate scheduled__2024-07-14T00:00:00+00:00 [queued]>
[2024-10-16T09:49:08.700+0000] {taskinstance.py:1283} INFO - 
--------------------------------------------------------------------------------
[2024-10-16T09:49:08.700+0000] {taskinstance.py:1284} INFO - Starting attempt 1 of 1
[2024-10-16T09:49:08.701+0000] {taskinstance.py:1285} INFO - 
--------------------------------------------------------------------------------
[2024-10-16T09:49:08.735+0000] {taskinstance.py:1304} INFO - Executing <Task(PostgresOperator): insert_rate> on 2024-07-14 00:00:00+00:00
[2024-10-16T09:49:08.742+0000] {standard_task_runner.py:55} INFO - Started process 6668 to run task
[2024-10-16T09:49:08.749+0000] {standard_task_runner.py:82} INFO - Running: ['***', 'tasks', 'run', 'exchange_rate_usd_rus_dag', 'insert_rate', 'scheduled__2024-07-14T00:00:00+00:00', '--job-id', '1083', '--raw', '--subdir', 'DAGS_FOLDER/RUS_DAG.py', '--cfg-path', '/tmp/tmp_3mplcq2']
[2024-10-16T09:49:08.753+0000] {standard_task_runner.py:83} INFO - Job 1083: Subtask insert_rate
[2024-10-16T09:49:08.891+0000] {task_command.py:389} INFO - Running <TaskInstance: exchange_rate_usd_rus_dag.insert_rate scheduled__2024-07-14T00:00:00+00:00 [running]> on host 63ee4fa64e74
[2024-10-16T09:49:08.966+0000] {warnings.py:110} WARNING - /home/***/.local/lib/python3.7/site-packages/***/utils/context.py:205: AirflowContextDeprecationWarning: Accessing 'execution_date' from the template is deprecated and will be removed in a future version. Please use 'data_interval_start' or 'logical_date' instead.
  warnings.warn(_create_deprecation_warning(key, self._deprecation_replacements[key]))

[2024-10-16T09:49:09.066+0000] {taskinstance.py:1513} INFO - Exporting the following env vars:
AIRFLOW_CTX_DAG_OWNER=***
AIRFLOW_CTX_DAG_ID=exchange_rate_usd_rus_dag
AIRFLOW_CTX_TASK_ID=insert_rate
AIRFLOW_CTX_EXECUTION_DATE=2024-07-14T00:00:00+00:00
AIRFLOW_CTX_TRY_NUMBER=1
AIRFLOW_CTX_DAG_RUN_ID=scheduled__2024-07-14T00:00:00+00:00
[2024-10-16T09:49:09.068+0000] {sql.py:253} INFO - Executing: INSERT INTO
    currency_exchange_rates
VALUES ('USD', 'RUB', 87.72474393, '2024-07-14')
ON CONFLICT (base, currency, date) DO
    UPDATE
        SET rate = excluded.rate;
[2024-10-16T09:49:09.086+0000] {base.py:73} INFO - Using connection ID 'postgres_default' for task execution.
[2024-10-16T09:49:09.500+0000] {base.py:73} INFO - Using connection ID 'postgres_default' for task execution.
[2024-10-16T09:49:09.512+0000] {sql.py:364} INFO - Running statement: INSERT INTO
    currency_exchange_rates
VALUES ('USD', 'RUB', 87.72474393, '2024-07-14')
ON CONFLICT (base, currency, date) DO
    UPDATE
        SET rate = excluded.rate;, parameters: None
[2024-10-16T09:49:09.515+0000] {sql.py:373} INFO - Rows affected: 1
[2024-10-16T09:49:09.535+0000] {taskinstance.py:1327} INFO - Marking task as SUCCESS. dag_id=exchange_rate_usd_rus_dag, task_id=insert_rate, execution_date=20240714T000000, start_date=20241016T094908, end_date=20241016T094909
[2024-10-16T09:49:09.676+0000] {local_task_job.py:159} INFO - Task exited with return code 0
[2024-10-16T09:49:09.709+0000] {taskinstance.py:2582} INFO - 0 downstream tasks scheduled from follow-on schedule check
