[2024-10-16T09:48:41.342+0000] {taskinstance.py:1087} INFO - Dependencies all met for <TaskInstance: exchange_rate_usd_rus_dag.insert_rate scheduled__2024-06-10T00:00:00+00:00 [queued]>
[2024-10-16T09:48:41.355+0000] {taskinstance.py:1087} INFO - Dependencies all met for <TaskInstance: exchange_rate_usd_rus_dag.insert_rate scheduled__2024-06-10T00:00:00+00:00 [queued]>
[2024-10-16T09:48:41.356+0000] {taskinstance.py:1283} INFO - 
--------------------------------------------------------------------------------
[2024-10-16T09:48:41.356+0000] {taskinstance.py:1284} INFO - Starting attempt 1 of 1
[2024-10-16T09:48:41.357+0000] {taskinstance.py:1285} INFO - 
--------------------------------------------------------------------------------
[2024-10-16T09:48:41.381+0000] {taskinstance.py:1304} INFO - Executing <Task(PostgresOperator): insert_rate> on 2024-06-10 00:00:00+00:00
[2024-10-16T09:48:41.387+0000] {standard_task_runner.py:55} INFO - Started process 6420 to run task
[2024-10-16T09:48:41.393+0000] {standard_task_runner.py:82} INFO - Running: ['***', 'tasks', 'run', 'exchange_rate_usd_rus_dag', 'insert_rate', 'scheduled__2024-06-10T00:00:00+00:00', '--job-id', '982', '--raw', '--subdir', 'DAGS_FOLDER/RUS_DAG.py', '--cfg-path', '/tmp/tmpmwghh0yg']
[2024-10-16T09:48:41.394+0000] {standard_task_runner.py:83} INFO - Job 982: Subtask insert_rate
[2024-10-16T09:48:41.559+0000] {task_command.py:389} INFO - Running <TaskInstance: exchange_rate_usd_rus_dag.insert_rate scheduled__2024-06-10T00:00:00+00:00 [running]> on host 63ee4fa64e74
[2024-10-16T09:48:41.629+0000] {warnings.py:110} WARNING - /home/***/.local/lib/python3.7/site-packages/***/utils/context.py:205: AirflowContextDeprecationWarning: Accessing 'execution_date' from the template is deprecated and will be removed in a future version. Please use 'data_interval_start' or 'logical_date' instead.
  warnings.warn(_create_deprecation_warning(key, self._deprecation_replacements[key]))

[2024-10-16T09:48:41.731+0000] {taskinstance.py:1513} INFO - Exporting the following env vars:
AIRFLOW_CTX_DAG_OWNER=***
AIRFLOW_CTX_DAG_ID=exchange_rate_usd_rus_dag
AIRFLOW_CTX_TASK_ID=insert_rate
AIRFLOW_CTX_EXECUTION_DATE=2024-06-10T00:00:00+00:00
AIRFLOW_CTX_TRY_NUMBER=1
AIRFLOW_CTX_DAG_RUN_ID=scheduled__2024-06-10T00:00:00+00:00
[2024-10-16T09:48:41.733+0000] {sql.py:253} INFO - Executing: INSERT INTO
    currency_exchange_rates
VALUES ('USD', 'RUB', 89.80374253, '2024-06-10')
ON CONFLICT (base, currency, date) DO
    UPDATE
        SET rate = excluded.rate;
[2024-10-16T09:48:41.748+0000] {base.py:73} INFO - Using connection ID 'postgres_default' for task execution.
[2024-10-16T09:48:42.137+0000] {base.py:73} INFO - Using connection ID 'postgres_default' for task execution.
[2024-10-16T09:48:42.150+0000] {sql.py:364} INFO - Running statement: INSERT INTO
    currency_exchange_rates
VALUES ('USD', 'RUB', 89.80374253, '2024-06-10')
ON CONFLICT (base, currency, date) DO
    UPDATE
        SET rate = excluded.rate;, parameters: None
[2024-10-16T09:48:42.154+0000] {sql.py:373} INFO - Rows affected: 1
[2024-10-16T09:48:42.172+0000] {taskinstance.py:1327} INFO - Marking task as SUCCESS. dag_id=exchange_rate_usd_rus_dag, task_id=insert_rate, execution_date=20240610T000000, start_date=20241016T094841, end_date=20241016T094842
[2024-10-16T09:48:42.353+0000] {local_task_job.py:159} INFO - Task exited with return code 0
[2024-10-16T09:48:42.399+0000] {taskinstance.py:2582} INFO - 0 downstream tasks scheduled from follow-on schedule check
