[2024-10-16T09:46:30.042+0000] {taskinstance.py:1087} INFO - Dependencies all met for <TaskInstance: exchange_rate_usd_rus_dag.insert_rate scheduled__2024-02-10T00:00:00+00:00 [queued]>
[2024-10-16T09:46:30.057+0000] {taskinstance.py:1087} INFO - Dependencies all met for <TaskInstance: exchange_rate_usd_rus_dag.insert_rate scheduled__2024-02-10T00:00:00+00:00 [queued]>
[2024-10-16T09:46:30.057+0000] {taskinstance.py:1283} INFO - 
--------------------------------------------------------------------------------
[2024-10-16T09:46:30.058+0000] {taskinstance.py:1284} INFO - Starting attempt 1 of 1
[2024-10-16T09:46:30.059+0000] {taskinstance.py:1285} INFO - 
--------------------------------------------------------------------------------
[2024-10-16T09:46:30.079+0000] {taskinstance.py:1304} INFO - Executing <Task(PostgresOperator): insert_rate> on 2024-02-10 00:00:00+00:00
[2024-10-16T09:46:30.085+0000] {standard_task_runner.py:55} INFO - Started process 5443 to run task
[2024-10-16T09:46:30.090+0000] {standard_task_runner.py:82} INFO - Running: ['***', 'tasks', 'run', 'exchange_rate_usd_rus_dag', 'insert_rate', 'scheduled__2024-02-10T00:00:00+00:00', '--job-id', '615', '--raw', '--subdir', 'DAGS_FOLDER/RUS_DAG.py', '--cfg-path', '/tmp/tmp65ud_4as']
[2024-10-16T09:46:30.092+0000] {standard_task_runner.py:83} INFO - Job 615: Subtask insert_rate
[2024-10-16T09:46:30.192+0000] {task_command.py:389} INFO - Running <TaskInstance: exchange_rate_usd_rus_dag.insert_rate scheduled__2024-02-10T00:00:00+00:00 [running]> on host 63ee4fa64e74
[2024-10-16T09:46:30.251+0000] {warnings.py:110} WARNING - /home/***/.local/lib/python3.7/site-packages/***/utils/context.py:205: AirflowContextDeprecationWarning: Accessing 'execution_date' from the template is deprecated and will be removed in a future version. Please use 'data_interval_start' or 'logical_date' instead.
  warnings.warn(_create_deprecation_warning(key, self._deprecation_replacements[key]))

[2024-10-16T09:46:30.338+0000] {taskinstance.py:1513} INFO - Exporting the following env vars:
AIRFLOW_CTX_DAG_OWNER=***
AIRFLOW_CTX_DAG_ID=exchange_rate_usd_rus_dag
AIRFLOW_CTX_TASK_ID=insert_rate
AIRFLOW_CTX_EXECUTION_DATE=2024-02-10T00:00:00+00:00
AIRFLOW_CTX_TRY_NUMBER=1
AIRFLOW_CTX_DAG_RUN_ID=scheduled__2024-02-10T00:00:00+00:00
[2024-10-16T09:46:30.340+0000] {sql.py:253} INFO - Executing: INSERT INTO
    currency_exchange_rates
VALUES ('USD', 'RUB', 90.99327343, '2024-02-10')
ON CONFLICT (base, currency, date) DO
    UPDATE
        SET rate = excluded.rate;
[2024-10-16T09:46:30.355+0000] {base.py:73} INFO - Using connection ID 'postgres_default' for task execution.
[2024-10-16T09:46:30.735+0000] {base.py:73} INFO - Using connection ID 'postgres_default' for task execution.
[2024-10-16T09:46:30.747+0000] {sql.py:364} INFO - Running statement: INSERT INTO
    currency_exchange_rates
VALUES ('USD', 'RUB', 90.99327343, '2024-02-10')
ON CONFLICT (base, currency, date) DO
    UPDATE
        SET rate = excluded.rate;, parameters: None
[2024-10-16T09:46:30.750+0000] {sql.py:373} INFO - Rows affected: 1
[2024-10-16T09:46:30.764+0000] {taskinstance.py:1327} INFO - Marking task as SUCCESS. dag_id=exchange_rate_usd_rus_dag, task_id=insert_rate, execution_date=20240210T000000, start_date=20241016T094630, end_date=20241016T094630
[2024-10-16T09:46:30.805+0000] {local_task_job.py:159} INFO - Task exited with return code 0
[2024-10-16T09:46:30.829+0000] {taskinstance.py:2582} INFO - 0 downstream tasks scheduled from follow-on schedule check
