[2024-10-16T09:56:16.633+0000] {taskinstance.py:1087} INFO - Dependencies all met for <TaskInstance: exchange_rate_usd_kzt_dag.create_table_task scheduled__2024-07-07T00:00:00+00:00 [queued]>
[2024-10-16T09:56:16.650+0000] {taskinstance.py:1087} INFO - Dependencies all met for <TaskInstance: exchange_rate_usd_kzt_dag.create_table_task scheduled__2024-07-07T00:00:00+00:00 [queued]>
[2024-10-16T09:56:16.651+0000] {taskinstance.py:1283} INFO - 
--------------------------------------------------------------------------------
[2024-10-16T09:56:16.651+0000] {taskinstance.py:1284} INFO - Starting attempt 1 of 1
[2024-10-16T09:56:16.652+0000] {taskinstance.py:1285} INFO - 
--------------------------------------------------------------------------------
[2024-10-16T09:56:16.678+0000] {taskinstance.py:1304} INFO - Executing <Task(PostgresOperator): create_table_task> on 2024-07-07 00:00:00+00:00
[2024-10-16T09:56:16.684+0000] {standard_task_runner.py:55} INFO - Started process 9038 to run task
[2024-10-16T09:56:16.691+0000] {standard_task_runner.py:82} INFO - Running: ['***', 'tasks', 'run', 'exchange_rate_usd_kzt_dag', 'create_table_task', 'scheduled__2024-07-07T00:00:00+00:00', '--job-id', '1868', '--raw', '--subdir', 'DAGS_FOLDER/exchange_rates/__init__.py', '--cfg-path', '/tmp/tmpl2o3d4ko']
[2024-10-16T09:56:16.692+0000] {standard_task_runner.py:83} INFO - Job 1868: Subtask create_table_task
[2024-10-16T09:56:16.811+0000] {task_command.py:389} INFO - Running <TaskInstance: exchange_rate_usd_kzt_dag.create_table_task scheduled__2024-07-07T00:00:00+00:00 [running]> on host 63ee4fa64e74
[2024-10-16T09:56:16.936+0000] {taskinstance.py:1513} INFO - Exporting the following env vars:
AIRFLOW_CTX_DAG_OWNER=***
AIRFLOW_CTX_DAG_ID=exchange_rate_usd_kzt_dag
AIRFLOW_CTX_TASK_ID=create_table_task
AIRFLOW_CTX_EXECUTION_DATE=2024-07-07T00:00:00+00:00
AIRFLOW_CTX_TRY_NUMBER=1
AIRFLOW_CTX_DAG_RUN_ID=scheduled__2024-07-07T00:00:00+00:00
[2024-10-16T09:56:16.937+0000] {sql.py:253} INFO - Executing: CREATE TABLE IF NOT EXISTS currency_exchange_rates (
    base VARCHAR(3) NOT NULL,
    currency VARCHAR(3) NOT NULL,
    rate NUMERIC(12, 3) NOT NULL,
    date DATE NOT NULL,
    UNIQUE (base, currency, date)
);
[2024-10-16T09:56:16.955+0000] {base.py:73} INFO - Using connection ID 'postgres_default' for task execution.
[2024-10-16T09:56:17.442+0000] {base.py:73} INFO - Using connection ID 'postgres_default' for task execution.
[2024-10-16T09:56:17.472+0000] {sql.py:364} INFO - Running statement: CREATE TABLE IF NOT EXISTS currency_exchange_rates (
    base VARCHAR(3) NOT NULL,
    currency VARCHAR(3) NOT NULL,
    rate NUMERIC(12, 3) NOT NULL,
    date DATE NOT NULL,
    UNIQUE (base, currency, date)
);, parameters: None
[2024-10-16T09:56:17.490+0000] {taskinstance.py:1327} INFO - Marking task as SUCCESS. dag_id=exchange_rate_usd_kzt_dag, task_id=create_table_task, execution_date=20240707T000000, start_date=20241016T095616, end_date=20241016T095617
[2024-10-16T09:56:17.529+0000] {local_task_job.py:159} INFO - Task exited with return code 0
[2024-10-16T09:56:17.575+0000] {taskinstance.py:2582} INFO - 0 downstream tasks scheduled from follow-on schedule check
[2024-10-16T10:06:14.882+0000] {taskinstance.py:1087} INFO - Dependencies all met for <TaskInstance: exchange_rate_usd_kzt_dag.create_table_task scheduled__2024-07-07T00:00:00+00:00 [queued]>
[2024-10-16T10:06:14.900+0000] {taskinstance.py:1087} INFO - Dependencies all met for <TaskInstance: exchange_rate_usd_kzt_dag.create_table_task scheduled__2024-07-07T00:00:00+00:00 [queued]>
[2024-10-16T10:06:14.901+0000] {taskinstance.py:1283} INFO - 
--------------------------------------------------------------------------------
[2024-10-16T10:06:14.902+0000] {taskinstance.py:1284} INFO - Starting attempt 1 of 1
[2024-10-16T10:06:14.902+0000] {taskinstance.py:1285} INFO - 
--------------------------------------------------------------------------------
[2024-10-16T10:06:14.933+0000] {taskinstance.py:1304} INFO - Executing <Task(PostgresOperator): create_table_task> on 2024-07-07 00:00:00+00:00
[2024-10-16T10:06:14.943+0000] {standard_task_runner.py:55} INFO - Started process 11618 to run task
[2024-10-16T10:06:14.949+0000] {standard_task_runner.py:82} INFO - Running: ['***', 'tasks', 'run', 'exchange_rate_usd_kzt_dag', 'create_table_task', 'scheduled__2024-07-07T00:00:00+00:00', '--job-id', '2596', '--raw', '--subdir', 'DAGS_FOLDER/RUS_DAG.py', '--cfg-path', '/tmp/tmp7d0vgq8b']
[2024-10-16T10:06:14.951+0000] {standard_task_runner.py:83} INFO - Job 2596: Subtask create_table_task
[2024-10-16T10:06:15.064+0000] {task_command.py:389} INFO - Running <TaskInstance: exchange_rate_usd_kzt_dag.create_table_task scheduled__2024-07-07T00:00:00+00:00 [running]> on host 63ee4fa64e74
[2024-10-16T10:06:15.115+0000] {abstractoperator.py:596} ERROR - Exception rendering Jinja template for task 'create_table_task', field 'sql'. Template: 'sql/create_table.sql'
Traceback (most recent call last):
  File "/home/airflow/.local/lib/python3.7/site-packages/airflow/models/abstractoperator.py", line 589, in _do_render_template_fields
    seen_oids,
  File "/home/airflow/.local/lib/python3.7/site-packages/airflow/models/abstractoperator.py", line 640, in render_template
    template = jinja_env.get_template(value)
  File "/home/airflow/.local/lib/python3.7/site-packages/jinja2/environment.py", line 1010, in get_template
    return self._load_template(name, globals)
  File "/home/airflow/.local/lib/python3.7/site-packages/jinja2/environment.py", line 969, in _load_template
    template = self.loader.load(self, name, self.make_globals(globals))
  File "/home/airflow/.local/lib/python3.7/site-packages/jinja2/loaders.py", line 126, in load
    source, filename, uptodate = self.get_source(environment, name)
  File "/home/airflow/.local/lib/python3.7/site-packages/jinja2/loaders.py", line 218, in get_source
    raise TemplateNotFound(template)
jinja2.exceptions.TemplateNotFound: sql/create_table.sql
[2024-10-16T10:06:15.117+0000] {taskinstance.py:1772} ERROR - Task failed with exception
Traceback (most recent call last):
  File "/home/airflow/.local/lib/python3.7/site-packages/airflow/models/taskinstance.py", line 1378, in _run_raw_task
    self._execute_task_with_callbacks(context, test_mode)
  File "/home/airflow/.local/lib/python3.7/site-packages/airflow/models/taskinstance.py", line 1497, in _execute_task_with_callbacks
    task_orig = self.render_templates(context=context)
  File "/home/airflow/.local/lib/python3.7/site-packages/airflow/models/taskinstance.py", line 2119, in render_templates
    original_task.render_template_fields(context)
  File "/home/airflow/.local/lib/python3.7/site-packages/airflow/models/baseoperator.py", line 1196, in render_template_fields
    self._do_render_template_fields(self, self.template_fields, context, jinja_env, set())
  File "/home/airflow/.local/lib/python3.7/site-packages/airflow/utils/session.py", line 75, in wrapper
    return func(*args, session=session, **kwargs)
  File "/home/airflow/.local/lib/python3.7/site-packages/airflow/models/abstractoperator.py", line 589, in _do_render_template_fields
    seen_oids,
  File "/home/airflow/.local/lib/python3.7/site-packages/airflow/models/abstractoperator.py", line 640, in render_template
    template = jinja_env.get_template(value)
  File "/home/airflow/.local/lib/python3.7/site-packages/jinja2/environment.py", line 1010, in get_template
    return self._load_template(name, globals)
  File "/home/airflow/.local/lib/python3.7/site-packages/jinja2/environment.py", line 969, in _load_template
    template = self.loader.load(self, name, self.make_globals(globals))
  File "/home/airflow/.local/lib/python3.7/site-packages/jinja2/loaders.py", line 126, in load
    source, filename, uptodate = self.get_source(environment, name)
  File "/home/airflow/.local/lib/python3.7/site-packages/jinja2/loaders.py", line 218, in get_source
    raise TemplateNotFound(template)
jinja2.exceptions.TemplateNotFound: sql/create_table.sql
[2024-10-16T10:06:15.130+0000] {taskinstance.py:1327} INFO - Marking task as FAILED. dag_id=exchange_rate_usd_kzt_dag, task_id=create_table_task, execution_date=20240707T000000, start_date=20241016T100614, end_date=20241016T100615
[2024-10-16T10:06:15.146+0000] {standard_task_runner.py:105} ERROR - Failed to execute job 2596 for task create_table_task (sql/create_table.sql; 11618)
[2024-10-16T10:06:15.172+0000] {local_task_job.py:159} INFO - Task exited with return code 1
[2024-10-16T10:06:15.262+0000] {taskinstance.py:2582} INFO - 0 downstream tasks scheduled from follow-on schedule check
