[2024-10-16T09:54:04.156+0000] {taskinstance.py:1087} INFO - Dependencies all met for <TaskInstance: exchange_rate_usd_kzt_dag.insert_rate scheduled__2024-02-03T00:00:00+00:00 [queued]>
[2024-10-16T09:54:04.177+0000] {taskinstance.py:1087} INFO - Dependencies all met for <TaskInstance: exchange_rate_usd_kzt_dag.insert_rate scheduled__2024-02-03T00:00:00+00:00 [queued]>
[2024-10-16T09:54:04.181+0000] {taskinstance.py:1283} INFO - 
--------------------------------------------------------------------------------
[2024-10-16T09:54:04.181+0000] {taskinstance.py:1284} INFO - Starting attempt 1 of 1
[2024-10-16T09:54:04.182+0000] {taskinstance.py:1285} INFO - 
--------------------------------------------------------------------------------
[2024-10-16T09:54:04.210+0000] {taskinstance.py:1304} INFO - Executing <Task(PostgresOperator): insert_rate> on 2024-02-03 00:00:00+00:00
[2024-10-16T09:54:04.218+0000] {standard_task_runner.py:55} INFO - Started process 8011 to run task
[2024-10-16T09:54:04.224+0000] {standard_task_runner.py:82} INFO - Running: ['***', 'tasks', 'run', 'exchange_rate_usd_kzt_dag', 'insert_rate', 'scheduled__2024-02-03T00:00:00+00:00', '--job-id', '1474', '--raw', '--subdir', 'DAGS_FOLDER/exchange_rates/__init__.py', '--cfg-path', '/tmp/tmp1nd93z54']
[2024-10-16T09:54:04.225+0000] {standard_task_runner.py:83} INFO - Job 1474: Subtask insert_rate
[2024-10-16T09:54:04.359+0000] {task_command.py:389} INFO - Running <TaskInstance: exchange_rate_usd_kzt_dag.insert_rate scheduled__2024-02-03T00:00:00+00:00 [running]> on host 63ee4fa64e74
[2024-10-16T09:54:04.428+0000] {warnings.py:110} WARNING - /home/***/.local/lib/python3.7/site-packages/***/utils/context.py:205: AirflowContextDeprecationWarning: Accessing 'execution_date' from the template is deprecated and will be removed in a future version. Please use 'data_interval_start' or 'logical_date' instead.
  warnings.warn(_create_deprecation_warning(key, self._deprecation_replacements[key]))

[2024-10-16T09:54:04.540+0000] {taskinstance.py:1513} INFO - Exporting the following env vars:
AIRFLOW_CTX_DAG_OWNER=***
AIRFLOW_CTX_DAG_ID=exchange_rate_usd_kzt_dag
AIRFLOW_CTX_TASK_ID=insert_rate
AIRFLOW_CTX_EXECUTION_DATE=2024-02-03T00:00:00+00:00
AIRFLOW_CTX_TRY_NUMBER=1
AIRFLOW_CTX_DAG_RUN_ID=scheduled__2024-02-03T00:00:00+00:00
[2024-10-16T09:54:04.547+0000] {sql.py:253} INFO - Executing: INSERT INTO
    currency_exchange_rates
VALUES ('USD', 'KZT', 451.69669258, '2024-02-03')
ON CONFLICT (base, currency, date) DO
    UPDATE
        SET rate = excluded.rate;
[2024-10-16T09:54:04.564+0000] {base.py:73} INFO - Using connection ID 'postgres_default' for task execution.
[2024-10-16T09:54:04.913+0000] {base.py:73} INFO - Using connection ID 'postgres_default' for task execution.
[2024-10-16T09:54:04.946+0000] {sql.py:364} INFO - Running statement: INSERT INTO
    currency_exchange_rates
VALUES ('USD', 'KZT', 451.69669258, '2024-02-03')
ON CONFLICT (base, currency, date) DO
    UPDATE
        SET rate = excluded.rate;, parameters: None
[2024-10-16T09:54:04.953+0000] {sql.py:373} INFO - Rows affected: 1
[2024-10-16T09:54:04.971+0000] {taskinstance.py:1327} INFO - Marking task as SUCCESS. dag_id=exchange_rate_usd_kzt_dag, task_id=insert_rate, execution_date=20240203T000000, start_date=20241016T095404, end_date=20241016T095404
[2024-10-16T09:54:05.024+0000] {local_task_job.py:159} INFO - Task exited with return code 0
[2024-10-16T09:54:05.052+0000] {taskinstance.py:2582} INFO - 0 downstream tasks scheduled from follow-on schedule check
[2024-10-16T10:03:58.274+0000] {taskinstance.py:1087} INFO - Dependencies all met for <TaskInstance: exchange_rate_usd_kzt_dag.insert_rate scheduled__2024-02-03T00:00:00+00:00 [queued]>
[2024-10-16T10:03:58.286+0000] {taskinstance.py:1087} INFO - Dependencies all met for <TaskInstance: exchange_rate_usd_kzt_dag.insert_rate scheduled__2024-02-03T00:00:00+00:00 [queued]>
[2024-10-16T10:03:58.286+0000] {taskinstance.py:1283} INFO - 
--------------------------------------------------------------------------------
[2024-10-16T10:03:58.287+0000] {taskinstance.py:1284} INFO - Starting attempt 1 of 1
[2024-10-16T10:03:58.288+0000] {taskinstance.py:1285} INFO - 
--------------------------------------------------------------------------------
[2024-10-16T10:03:58.303+0000] {taskinstance.py:1304} INFO - Executing <Task(PostgresOperator): insert_rate> on 2024-02-03 00:00:00+00:00
[2024-10-16T10:03:58.308+0000] {standard_task_runner.py:55} INFO - Started process 10535 to run task
[2024-10-16T10:03:58.312+0000] {standard_task_runner.py:82} INFO - Running: ['***', 'tasks', 'run', 'exchange_rate_usd_kzt_dag', 'insert_rate', 'scheduled__2024-02-03T00:00:00+00:00', '--job-id', '2178', '--raw', '--subdir', 'DAGS_FOLDER/exchange_rates/__init__.py', '--cfg-path', '/tmp/tmp9zn5seqi']
[2024-10-16T10:03:58.313+0000] {standard_task_runner.py:83} INFO - Job 2178: Subtask insert_rate
[2024-10-16T10:03:58.396+0000] {task_command.py:389} INFO - Running <TaskInstance: exchange_rate_usd_kzt_dag.insert_rate scheduled__2024-02-03T00:00:00+00:00 [running]> on host 63ee4fa64e74
[2024-10-16T10:03:58.440+0000] {warnings.py:110} WARNING - /home/***/.local/lib/python3.7/site-packages/***/utils/context.py:205: AirflowContextDeprecationWarning: Accessing 'execution_date' from the template is deprecated and will be removed in a future version. Please use 'data_interval_start' or 'logical_date' instead.
  warnings.warn(_create_deprecation_warning(key, self._deprecation_replacements[key]))

[2024-10-16T10:03:58.501+0000] {taskinstance.py:1513} INFO - Exporting the following env vars:
AIRFLOW_CTX_DAG_OWNER=***
AIRFLOW_CTX_DAG_ID=exchange_rate_usd_kzt_dag
AIRFLOW_CTX_TASK_ID=insert_rate
AIRFLOW_CTX_EXECUTION_DATE=2024-02-03T00:00:00+00:00
AIRFLOW_CTX_TRY_NUMBER=1
AIRFLOW_CTX_DAG_RUN_ID=scheduled__2024-02-03T00:00:00+00:00
[2024-10-16T10:03:58.502+0000] {sql.py:253} INFO - Executing: INSERT INTO
    currency_exchange_rates
VALUES ('USD', 'KZT', 451.69669258, '2024-02-03')
ON CONFLICT (base, currency, date) DO
    UPDATE
        SET rate = excluded.rate;
[2024-10-16T10:03:58.515+0000] {base.py:73} INFO - Using connection ID 'postgres_default' for task execution.
[2024-10-16T10:03:58.760+0000] {base.py:73} INFO - Using connection ID 'postgres_default' for task execution.
[2024-10-16T10:03:58.768+0000] {sql.py:364} INFO - Running statement: INSERT INTO
    currency_exchange_rates
VALUES ('USD', 'KZT', 451.69669258, '2024-02-03')
ON CONFLICT (base, currency, date) DO
    UPDATE
        SET rate = excluded.rate;, parameters: None
[2024-10-16T10:03:58.770+0000] {sql.py:373} INFO - Rows affected: 1
[2024-10-16T10:03:58.782+0000] {taskinstance.py:1327} INFO - Marking task as SUCCESS. dag_id=exchange_rate_usd_kzt_dag, task_id=insert_rate, execution_date=20240203T000000, start_date=20241016T100358, end_date=20241016T100358
[2024-10-16T10:03:58.818+0000] {local_task_job.py:159} INFO - Task exited with return code 0
[2024-10-16T10:03:58.836+0000] {taskinstance.py:2582} INFO - 0 downstream tasks scheduled from follow-on schedule check
