[2024-10-16T09:55:44.094+0000] {taskinstance.py:1087} INFO - Dependencies all met for <TaskInstance: exchange_rate_usd_kzt_dag.get_rate scheduled__2024-05-27T00:00:00+00:00 [queued]>
[2024-10-16T09:55:44.107+0000] {taskinstance.py:1087} INFO - Dependencies all met for <TaskInstance: exchange_rate_usd_kzt_dag.get_rate scheduled__2024-05-27T00:00:00+00:00 [queued]>
[2024-10-16T09:55:44.108+0000] {taskinstance.py:1283} INFO - 
--------------------------------------------------------------------------------
[2024-10-16T09:55:44.108+0000] {taskinstance.py:1284} INFO - Starting attempt 1 of 1
[2024-10-16T09:55:44.109+0000] {taskinstance.py:1285} INFO - 
--------------------------------------------------------------------------------
[2024-10-16T09:55:44.133+0000] {taskinstance.py:1304} INFO - Executing <Task(CurrencyScoopOperator): get_rate> on 2024-05-27 00:00:00+00:00
[2024-10-16T09:55:44.140+0000] {standard_task_runner.py:55} INFO - Started process 8790 to run task
[2024-10-16T09:55:44.147+0000] {standard_task_runner.py:82} INFO - Running: ['***', 'tasks', 'run', 'exchange_rate_usd_kzt_dag', 'get_rate', 'scheduled__2024-05-27T00:00:00+00:00', '--job-id', '1771', '--raw', '--subdir', 'DAGS_FOLDER/exchange_rates/__init__.py', '--cfg-path', '/tmp/tmp4jdqymff']
[2024-10-16T09:55:44.149+0000] {standard_task_runner.py:83} INFO - Job 1771: Subtask get_rate
[2024-10-16T09:55:44.286+0000] {task_command.py:389} INFO - Running <TaskInstance: exchange_rate_usd_kzt_dag.get_rate scheduled__2024-05-27T00:00:00+00:00 [running]> on host 63ee4fa64e74
[2024-10-16T09:55:44.406+0000] {taskinstance.py:1513} INFO - Exporting the following env vars:
AIRFLOW_CTX_DAG_OWNER=***
AIRFLOW_CTX_DAG_ID=exchange_rate_usd_kzt_dag
AIRFLOW_CTX_TASK_ID=get_rate
AIRFLOW_CTX_EXECUTION_DATE=2024-05-27T00:00:00+00:00
AIRFLOW_CTX_TRY_NUMBER=1
AIRFLOW_CTX_DAG_RUN_ID=scheduled__2024-05-27T00:00:00+00:00
[2024-10-16T09:55:44.409+0000] {warnings.py:110} WARNING - /home/***/.local/lib/python3.7/site-packages/***/utils/context.py:205: AirflowContextDeprecationWarning: Accessing 'execution_date' from the template is deprecated and will be removed in a future version. Please use 'data_interval_start' or 'logical_date' instead.
  warnings.warn(_create_deprecation_warning(key, self._deprecation_replacements[key]))

[2024-10-16T09:55:44.424+0000] {base.py:73} INFO - Using connection ID 'cur_scoop_conn_id' for task execution.
[2024-10-16T09:55:45.647+0000] {taskinstance.py:1327} INFO - Marking task as SUCCESS. dag_id=exchange_rate_usd_kzt_dag, task_id=get_rate, execution_date=20240527T000000, start_date=20241016T095544, end_date=20241016T095545
[2024-10-16T09:55:45.692+0000] {local_task_job.py:159} INFO - Task exited with return code 0
[2024-10-16T09:55:45.742+0000] {taskinstance.py:2582} INFO - 1 downstream tasks scheduled from follow-on schedule check
[2024-10-16T10:05:39.951+0000] {taskinstance.py:1087} INFO - Dependencies all met for <TaskInstance: exchange_rate_usd_kzt_dag.get_rate scheduled__2024-05-27T00:00:00+00:00 [queued]>
[2024-10-16T10:05:39.983+0000] {taskinstance.py:1087} INFO - Dependencies all met for <TaskInstance: exchange_rate_usd_kzt_dag.get_rate scheduled__2024-05-27T00:00:00+00:00 [queued]>
[2024-10-16T10:05:39.984+0000] {taskinstance.py:1283} INFO - 
--------------------------------------------------------------------------------
[2024-10-16T10:05:39.985+0000] {taskinstance.py:1284} INFO - Starting attempt 1 of 1
[2024-10-16T10:05:39.986+0000] {taskinstance.py:1285} INFO - 
--------------------------------------------------------------------------------
[2024-10-16T10:05:40.027+0000] {taskinstance.py:1304} INFO - Executing <Task(CurrencyScoopOperator): get_rate> on 2024-05-27 00:00:00+00:00
[2024-10-16T10:05:40.042+0000] {standard_task_runner.py:55} INFO - Started process 11322 to run task
[2024-10-16T10:05:40.052+0000] {standard_task_runner.py:82} INFO - Running: ['***', 'tasks', 'run', 'exchange_rate_usd_kzt_dag', 'get_rate', 'scheduled__2024-05-27T00:00:00+00:00', '--job-id', '2485', '--raw', '--subdir', 'DAGS_FOLDER/exchange_rates/__init__.py', '--cfg-path', '/tmp/tmpja3cg6yc']
[2024-10-16T10:05:40.054+0000] {standard_task_runner.py:83} INFO - Job 2485: Subtask get_rate
[2024-10-16T10:05:40.224+0000] {task_command.py:389} INFO - Running <TaskInstance: exchange_rate_usd_kzt_dag.get_rate scheduled__2024-05-27T00:00:00+00:00 [running]> on host 63ee4fa64e74
[2024-10-16T10:05:40.409+0000] {taskinstance.py:1513} INFO - Exporting the following env vars:
AIRFLOW_CTX_DAG_OWNER=***
AIRFLOW_CTX_DAG_ID=exchange_rate_usd_kzt_dag
AIRFLOW_CTX_TASK_ID=get_rate
AIRFLOW_CTX_EXECUTION_DATE=2024-05-27T00:00:00+00:00
AIRFLOW_CTX_TRY_NUMBER=1
AIRFLOW_CTX_DAG_RUN_ID=scheduled__2024-05-27T00:00:00+00:00
[2024-10-16T10:05:40.417+0000] {warnings.py:110} WARNING - /home/***/.local/lib/python3.7/site-packages/***/utils/context.py:205: AirflowContextDeprecationWarning: Accessing 'execution_date' from the template is deprecated and will be removed in a future version. Please use 'data_interval_start' or 'logical_date' instead.
  warnings.warn(_create_deprecation_warning(key, self._deprecation_replacements[key]))

[2024-10-16T10:05:40.442+0000] {base.py:73} INFO - Using connection ID 'cur_scoop_conn_id' for task execution.
[2024-10-16T10:05:41.810+0000] {taskinstance.py:1327} INFO - Marking task as SUCCESS. dag_id=exchange_rate_usd_kzt_dag, task_id=get_rate, execution_date=20240527T000000, start_date=20241016T100539, end_date=20241016T100541
[2024-10-16T10:05:41.893+0000] {local_task_job.py:159} INFO - Task exited with return code 0
[2024-10-16T10:05:41.969+0000] {taskinstance.py:2582} INFO - 1 downstream tasks scheduled from follow-on schedule check
