[2024-10-14T22:11:39.569+0000] {taskinstance.py:1087} INFO - Dependencies all met for <TaskInstance: dag_with_two_tasks.even_only scheduled__2024-10-12T00:00:00+00:00 [queued]>
[2024-10-14T22:11:39.591+0000] {taskinstance.py:1087} INFO - Dependencies all met for <TaskInstance: dag_with_two_tasks.even_only scheduled__2024-10-12T00:00:00+00:00 [queued]>
[2024-10-14T22:11:39.592+0000] {taskinstance.py:1283} INFO - 
--------------------------------------------------------------------------------
[2024-10-14T22:11:39.593+0000] {taskinstance.py:1284} INFO - Starting attempt 1 of 1
[2024-10-14T22:11:39.594+0000] {taskinstance.py:1285} INFO - 
--------------------------------------------------------------------------------
[2024-10-14T22:11:39.619+0000] {taskinstance.py:1304} INFO - Executing <Task(PythonOperator): even_only> on 2024-10-12 00:00:00+00:00
[2024-10-14T22:11:39.627+0000] {standard_task_runner.py:55} INFO - Started process 24026 to run task
[2024-10-14T22:11:39.634+0000] {standard_task_runner.py:82} INFO - Running: ['***', 'tasks', 'run', 'dag_with_two_tasks', 'even_only', 'scheduled__2024-10-12T00:00:00+00:00', '--job-id', '12', '--raw', '--subdir', 'DAGS_FOLDER/first_dag.py', '--cfg-path', '/tmp/tmpa4zrhqah']
[2024-10-14T22:11:39.635+0000] {standard_task_runner.py:83} INFO - Job 12: Subtask even_only
[2024-10-14T22:11:39.808+0000] {task_command.py:389} INFO - Running <TaskInstance: dag_with_two_tasks.even_only scheduled__2024-10-12T00:00:00+00:00 [running]> on host 63ee4fa64e74
[2024-10-14T22:11:39.986+0000] {taskinstance.py:1513} INFO - Exporting the following env vars:
AIRFLOW_CTX_DAG_OWNER=***
AIRFLOW_CTX_DAG_ID=dag_with_two_tasks
AIRFLOW_CTX_TASK_ID=even_only
AIRFLOW_CTX_EXECUTION_DATE=2024-10-12T00:00:00+00:00
AIRFLOW_CTX_TRY_NUMBER=1
AIRFLOW_CTX_DAG_RUN_ID=scheduled__2024-10-12T00:00:00+00:00
[2024-10-14T22:11:39.989+0000] {warnings.py:110} WARNING - /home/***/.local/lib/python3.7/site-packages/***/utils/context.py:205: AirflowContextDeprecationWarning: Accessing 'execution_date' from the template is deprecated and will be removed in a future version. Please use 'data_interval_start' or 'logical_date' instead.
  warnings.warn(_create_deprecation_warning(key, self._deprecation_replacements[key]))

[2024-10-14T22:11:39.990+0000] {python.py:177} INFO - Done. Returned value was: None
[2024-10-14T22:11:40.013+0000] {taskinstance.py:1327} INFO - Marking task as SUCCESS. dag_id=dag_with_two_tasks, task_id=even_only, execution_date=20241012T000000, start_date=20241014T221139, end_date=20241014T221140
[2024-10-14T22:11:40.059+0000] {local_task_job.py:159} INFO - Task exited with return code 0
[2024-10-14T22:11:40.132+0000] {taskinstance.py:2582} INFO - 1 downstream tasks scheduled from follow-on schedule check
