[2024-10-14T22:11:39.374+0000] {taskinstance.py:1087} INFO - Dependencies all met for <TaskInstance: dag_with_two_tasks.even_only scheduled__2024-10-11T00:00:00+00:00 [queued]>
[2024-10-14T22:11:39.409+0000] {taskinstance.py:1087} INFO - Dependencies all met for <TaskInstance: dag_with_two_tasks.even_only scheduled__2024-10-11T00:00:00+00:00 [queued]>
[2024-10-14T22:11:39.410+0000] {taskinstance.py:1283} INFO - 
--------------------------------------------------------------------------------
[2024-10-14T22:11:39.462+0000] {taskinstance.py:1284} INFO - Starting attempt 1 of 1
[2024-10-14T22:11:39.463+0000] {taskinstance.py:1285} INFO - 
--------------------------------------------------------------------------------
[2024-10-14T22:11:39.490+0000] {taskinstance.py:1304} INFO - Executing <Task(PythonOperator): even_only> on 2024-10-11 00:00:00+00:00
[2024-10-14T22:11:39.496+0000] {standard_task_runner.py:55} INFO - Started process 24025 to run task
[2024-10-14T22:11:39.501+0000] {standard_task_runner.py:82} INFO - Running: ['***', 'tasks', 'run', 'dag_with_two_tasks', 'even_only', 'scheduled__2024-10-11T00:00:00+00:00', '--job-id', '11', '--raw', '--subdir', 'DAGS_FOLDER/first_dag.py', '--cfg-path', '/tmp/tmpq853abok']
[2024-10-14T22:11:39.503+0000] {standard_task_runner.py:83} INFO - Job 11: Subtask even_only
[2024-10-14T22:11:39.626+0000] {task_command.py:389} INFO - Running <TaskInstance: dag_with_two_tasks.even_only scheduled__2024-10-11T00:00:00+00:00 [running]> on host 63ee4fa64e74
[2024-10-14T22:11:39.811+0000] {taskinstance.py:1513} INFO - Exporting the following env vars:
AIRFLOW_CTX_DAG_OWNER=***
AIRFLOW_CTX_DAG_ID=dag_with_two_tasks
AIRFLOW_CTX_TASK_ID=even_only
AIRFLOW_CTX_EXECUTION_DATE=2024-10-11T00:00:00+00:00
AIRFLOW_CTX_TRY_NUMBER=1
AIRFLOW_CTX_DAG_RUN_ID=scheduled__2024-10-11T00:00:00+00:00
[2024-10-14T22:11:39.818+0000] {warnings.py:110} WARNING - /home/***/.local/lib/python3.7/site-packages/***/utils/context.py:205: AirflowContextDeprecationWarning: Accessing 'execution_date' from the template is deprecated and will be removed in a future version. Please use 'data_interval_start' or 'logical_date' instead.
  warnings.warn(_create_deprecation_warning(key, self._deprecation_replacements[key]))

[2024-10-14T22:11:39.822+0000] {taskinstance.py:1772} ERROR - Task failed with exception
Traceback (most recent call last):
  File "/home/airflow/.local/lib/python3.7/site-packages/airflow/operators/python.py", line 175, in execute
    return_value = self.execute_callable()
  File "/home/airflow/.local/lib/python3.7/site-packages/airflow/operators/python.py", line 192, in execute_callable
    return self.python_callable(*self.op_args, **self.op_kwargs)
  File "/opt/airflow/dags/first_dag.py", line 17, in even_only
    raise ValueError(f'Odd day: {execution_date}')
ValueError: Odd day: 2024-10-11T00:00:00+00:00
[2024-10-14T22:11:39.841+0000] {taskinstance.py:1327} INFO - Marking task as FAILED. dag_id=dag_with_two_tasks, task_id=even_only, execution_date=20241011T000000, start_date=20241014T221139, end_date=20241014T221139
[2024-10-14T22:11:39.871+0000] {standard_task_runner.py:105} ERROR - Failed to execute job 11 for task even_only (Odd day: 2024-10-11T00:00:00+00:00; 24025)
[2024-10-14T22:11:39.934+0000] {local_task_job.py:159} INFO - Task exited with return code 1
[2024-10-14T22:11:39.983+0000] {taskinstance.py:2582} INFO - 0 downstream tasks scheduled from follow-on schedule check
