[2024-10-16T09:55:31.070+0000] {taskinstance.py:1087} INFO - Dependencies all met for <TaskInstance: exchange_rate_usd_kzt_dag.get_rate scheduled__2024-05-14T00:00:00+00:00 [queued]>
[2024-10-16T09:55:31.093+0000] {taskinstance.py:1087} INFO - Dependencies all met for <TaskInstance: exchange_rate_usd_kzt_dag.get_rate scheduled__2024-05-14T00:00:00+00:00 [queued]>
[2024-10-16T09:55:31.094+0000] {taskinstance.py:1283} INFO - 
--------------------------------------------------------------------------------
[2024-10-16T09:55:31.095+0000] {taskinstance.py:1284} INFO - Starting attempt 1 of 1
[2024-10-16T09:55:31.095+0000] {taskinstance.py:1285} INFO - 
--------------------------------------------------------------------------------
[2024-10-16T09:55:31.129+0000] {taskinstance.py:1304} INFO - Executing <Task(CurrencyScoopOperator): get_rate> on 2024-05-14 00:00:00+00:00
[2024-10-16T09:55:31.143+0000] {standard_task_runner.py:55} INFO - Started process 8696 to run task
[2024-10-16T09:55:31.156+0000] {standard_task_runner.py:82} INFO - Running: ['***', 'tasks', 'run', 'exchange_rate_usd_kzt_dag', 'get_rate', 'scheduled__2024-05-14T00:00:00+00:00', '--job-id', '1732', '--raw', '--subdir', 'DAGS_FOLDER/exchange_rates/__init__.py', '--cfg-path', '/tmp/tmpca19cgf3']
[2024-10-16T09:55:31.158+0000] {standard_task_runner.py:83} INFO - Job 1732: Subtask get_rate
[2024-10-16T09:55:31.303+0000] {task_command.py:389} INFO - Running <TaskInstance: exchange_rate_usd_kzt_dag.get_rate scheduled__2024-05-14T00:00:00+00:00 [running]> on host 63ee4fa64e74
[2024-10-16T09:55:31.518+0000] {taskinstance.py:1513} INFO - Exporting the following env vars:
AIRFLOW_CTX_DAG_OWNER=***
AIRFLOW_CTX_DAG_ID=exchange_rate_usd_kzt_dag
AIRFLOW_CTX_TASK_ID=get_rate
AIRFLOW_CTX_EXECUTION_DATE=2024-05-14T00:00:00+00:00
AIRFLOW_CTX_TRY_NUMBER=1
AIRFLOW_CTX_DAG_RUN_ID=scheduled__2024-05-14T00:00:00+00:00
[2024-10-16T09:55:31.521+0000] {warnings.py:110} WARNING - /home/***/.local/lib/python3.7/site-packages/***/utils/context.py:205: AirflowContextDeprecationWarning: Accessing 'execution_date' from the template is deprecated and will be removed in a future version. Please use 'data_interval_start' or 'logical_date' instead.
  warnings.warn(_create_deprecation_warning(key, self._deprecation_replacements[key]))

[2024-10-16T09:55:31.537+0000] {base.py:73} INFO - Using connection ID 'cur_scoop_conn_id' for task execution.
[2024-10-16T09:55:32.072+0000] {taskinstance.py:1327} INFO - Marking task as SUCCESS. dag_id=exchange_rate_usd_kzt_dag, task_id=get_rate, execution_date=20240514T000000, start_date=20241016T095531, end_date=20241016T095532
[2024-10-16T09:55:32.194+0000] {local_task_job.py:159} INFO - Task exited with return code 0
[2024-10-16T09:55:32.243+0000] {taskinstance.py:2582} INFO - 1 downstream tasks scheduled from follow-on schedule check
[2024-10-16T10:05:24.388+0000] {taskinstance.py:1087} INFO - Dependencies all met for <TaskInstance: exchange_rate_usd_kzt_dag.get_rate scheduled__2024-05-14T00:00:00+00:00 [queued]>
[2024-10-16T10:05:24.406+0000] {taskinstance.py:1087} INFO - Dependencies all met for <TaskInstance: exchange_rate_usd_kzt_dag.get_rate scheduled__2024-05-14T00:00:00+00:00 [queued]>
[2024-10-16T10:05:24.407+0000] {taskinstance.py:1283} INFO - 
--------------------------------------------------------------------------------
[2024-10-16T10:05:24.408+0000] {taskinstance.py:1284} INFO - Starting attempt 1 of 1
[2024-10-16T10:05:24.408+0000] {taskinstance.py:1285} INFO - 
--------------------------------------------------------------------------------
[2024-10-16T10:05:24.438+0000] {taskinstance.py:1304} INFO - Executing <Task(CurrencyScoopOperator): get_rate> on 2024-05-14 00:00:00+00:00
[2024-10-16T10:05:24.446+0000] {standard_task_runner.py:55} INFO - Started process 11217 to run task
[2024-10-16T10:05:24.452+0000] {standard_task_runner.py:82} INFO - Running: ['***', 'tasks', 'run', 'exchange_rate_usd_kzt_dag', 'get_rate', 'scheduled__2024-05-14T00:00:00+00:00', '--job-id', '2445', '--raw', '--subdir', 'DAGS_FOLDER/exchange_rates/__init__.py', '--cfg-path', '/tmp/tmpsrbjgtyc']
[2024-10-16T10:05:24.453+0000] {standard_task_runner.py:83} INFO - Job 2445: Subtask get_rate
[2024-10-16T10:05:24.563+0000] {task_command.py:389} INFO - Running <TaskInstance: exchange_rate_usd_kzt_dag.get_rate scheduled__2024-05-14T00:00:00+00:00 [running]> on host 63ee4fa64e74
[2024-10-16T10:05:24.666+0000] {taskinstance.py:1513} INFO - Exporting the following env vars:
AIRFLOW_CTX_DAG_OWNER=***
AIRFLOW_CTX_DAG_ID=exchange_rate_usd_kzt_dag
AIRFLOW_CTX_TASK_ID=get_rate
AIRFLOW_CTX_EXECUTION_DATE=2024-05-14T00:00:00+00:00
AIRFLOW_CTX_TRY_NUMBER=1
AIRFLOW_CTX_DAG_RUN_ID=scheduled__2024-05-14T00:00:00+00:00
[2024-10-16T10:05:24.668+0000] {warnings.py:110} WARNING - /home/***/.local/lib/python3.7/site-packages/***/utils/context.py:205: AirflowContextDeprecationWarning: Accessing 'execution_date' from the template is deprecated and will be removed in a future version. Please use 'data_interval_start' or 'logical_date' instead.
  warnings.warn(_create_deprecation_warning(key, self._deprecation_replacements[key]))

[2024-10-16T10:05:24.683+0000] {base.py:73} INFO - Using connection ID 'cur_scoop_conn_id' for task execution.
[2024-10-16T10:05:25.152+0000] {taskinstance.py:1327} INFO - Marking task as SUCCESS. dag_id=exchange_rate_usd_kzt_dag, task_id=get_rate, execution_date=20240514T000000, start_date=20241016T100524, end_date=20241016T100525
[2024-10-16T10:05:25.223+0000] {local_task_job.py:159} INFO - Task exited with return code 0
[2024-10-16T10:05:25.374+0000] {taskinstance.py:2582} INFO - 0 downstream tasks scheduled from follow-on schedule check
