[2024-10-16T09:40:45.227+0000] {taskinstance.py:1087} INFO - Dependencies all met for <TaskInstance: exchange_rate_usd_rus_dag.get_rate scheduled__2024-10-14T00:00:00+00:00 [queued]>
[2024-10-16T09:40:45.238+0000] {taskinstance.py:1087} INFO - Dependencies all met for <TaskInstance: exchange_rate_usd_rus_dag.get_rate scheduled__2024-10-14T00:00:00+00:00 [queued]>
[2024-10-16T09:40:45.239+0000] {taskinstance.py:1283} INFO - 
--------------------------------------------------------------------------------
[2024-10-16T09:40:45.239+0000] {taskinstance.py:1284} INFO - Starting attempt 1 of 1
[2024-10-16T09:40:45.240+0000] {taskinstance.py:1285} INFO - 
--------------------------------------------------------------------------------
[2024-10-16T09:40:45.254+0000] {taskinstance.py:1304} INFO - Executing <Task(CurrencyScoopOperator): get_rate> on 2024-10-14 00:00:00+00:00
[2024-10-16T09:40:45.261+0000] {standard_task_runner.py:55} INFO - Started process 4489 to run task
[2024-10-16T09:40:45.266+0000] {standard_task_runner.py:82} INFO - Running: ['***', 'tasks', 'run', 'exchange_rate_usd_rus_dag', 'get_rate', 'scheduled__2024-10-14T00:00:00+00:00', '--job-id', '472', '--raw', '--subdir', 'DAGS_FOLDER/RUS_DAG.py', '--cfg-path', '/tmp/tmpdxda7_ms']
[2024-10-16T09:40:45.267+0000] {standard_task_runner.py:83} INFO - Job 472: Subtask get_rate
[2024-10-16T09:40:45.345+0000] {task_command.py:389} INFO - Running <TaskInstance: exchange_rate_usd_rus_dag.get_rate scheduled__2024-10-14T00:00:00+00:00 [running]> on host 63ee4fa64e74
[2024-10-16T09:40:45.435+0000] {taskinstance.py:1513} INFO - Exporting the following env vars:
AIRFLOW_CTX_DAG_OWNER=***
AIRFLOW_CTX_DAG_ID=exchange_rate_usd_rus_dag
AIRFLOW_CTX_TASK_ID=get_rate
AIRFLOW_CTX_EXECUTION_DATE=2024-10-14T00:00:00+00:00
AIRFLOW_CTX_TRY_NUMBER=1
AIRFLOW_CTX_DAG_RUN_ID=scheduled__2024-10-14T00:00:00+00:00
[2024-10-16T09:40:45.436+0000] {warnings.py:110} WARNING - /home/***/.local/lib/python3.7/site-packages/***/utils/context.py:205: AirflowContextDeprecationWarning: Accessing 'execution_date' from the template is deprecated and will be removed in a future version. Please use 'data_interval_start' or 'logical_date' instead.
  warnings.warn(_create_deprecation_warning(key, self._deprecation_replacements[key]))

[2024-10-16T09:40:45.446+0000] {base.py:73} INFO - Using connection ID 'cur_scoop_conn_id' for task execution.
[2024-10-16T09:40:46.932+0000] {taskinstance.py:1327} INFO - Marking task as SUCCESS. dag_id=exchange_rate_usd_rus_dag, task_id=get_rate, execution_date=20241014T000000, start_date=20241016T094045, end_date=20241016T094046
[2024-10-16T09:40:46.979+0000] {local_task_job.py:159} INFO - Task exited with return code 0
[2024-10-16T09:40:47.004+0000] {taskinstance.py:2582} INFO - 1 downstream tasks scheduled from follow-on schedule check
[2024-10-16T09:50:32.614+0000] {taskinstance.py:1087} INFO - Dependencies all met for <TaskInstance: exchange_rate_usd_rus_dag.get_rate scheduled__2024-10-14T00:00:00+00:00 [queued]>
[2024-10-16T09:50:32.626+0000] {taskinstance.py:1087} INFO - Dependencies all met for <TaskInstance: exchange_rate_usd_rus_dag.get_rate scheduled__2024-10-14T00:00:00+00:00 [queued]>
[2024-10-16T09:50:32.627+0000] {taskinstance.py:1283} INFO - 
--------------------------------------------------------------------------------
[2024-10-16T09:50:32.627+0000] {taskinstance.py:1284} INFO - Starting attempt 1 of 1
[2024-10-16T09:50:32.628+0000] {taskinstance.py:1285} INFO - 
--------------------------------------------------------------------------------
[2024-10-16T09:50:32.643+0000] {taskinstance.py:1304} INFO - Executing <Task(CurrencyScoopOperator): get_rate> on 2024-10-14 00:00:00+00:00
[2024-10-16T09:50:32.648+0000] {standard_task_runner.py:55} INFO - Started process 7344 to run task
[2024-10-16T09:50:32.653+0000] {standard_task_runner.py:82} INFO - Running: ['***', 'tasks', 'run', 'exchange_rate_usd_rus_dag', 'get_rate', 'scheduled__2024-10-14T00:00:00+00:00', '--job-id', '1338', '--raw', '--subdir', 'DAGS_FOLDER/RUS_DAG.py', '--cfg-path', '/tmp/tmpg43eh7tl']
[2024-10-16T09:50:32.654+0000] {standard_task_runner.py:83} INFO - Job 1338: Subtask get_rate
[2024-10-16T09:50:32.741+0000] {task_command.py:389} INFO - Running <TaskInstance: exchange_rate_usd_rus_dag.get_rate scheduled__2024-10-14T00:00:00+00:00 [running]> on host 63ee4fa64e74
[2024-10-16T09:50:32.834+0000] {taskinstance.py:1513} INFO - Exporting the following env vars:
AIRFLOW_CTX_DAG_OWNER=***
AIRFLOW_CTX_DAG_ID=exchange_rate_usd_rus_dag
AIRFLOW_CTX_TASK_ID=get_rate
AIRFLOW_CTX_EXECUTION_DATE=2024-10-14T00:00:00+00:00
AIRFLOW_CTX_TRY_NUMBER=1
AIRFLOW_CTX_DAG_RUN_ID=scheduled__2024-10-14T00:00:00+00:00
[2024-10-16T09:50:32.836+0000] {warnings.py:110} WARNING - /home/***/.local/lib/python3.7/site-packages/***/utils/context.py:205: AirflowContextDeprecationWarning: Accessing 'execution_date' from the template is deprecated and will be removed in a future version. Please use 'data_interval_start' or 'logical_date' instead.
  warnings.warn(_create_deprecation_warning(key, self._deprecation_replacements[key]))

[2024-10-16T09:50:32.846+0000] {base.py:73} INFO - Using connection ID 'cur_scoop_conn_id' for task execution.
[2024-10-16T09:50:34.819+0000] {taskinstance.py:1327} INFO - Marking task as SUCCESS. dag_id=exchange_rate_usd_rus_dag, task_id=get_rate, execution_date=20241014T000000, start_date=20241016T095032, end_date=20241016T095034
[2024-10-16T09:50:34.854+0000] {local_task_job.py:159} INFO - Task exited with return code 0
[2024-10-16T09:50:34.882+0000] {taskinstance.py:2582} INFO - 1 downstream tasks scheduled from follow-on schedule check
