[2024-10-16T09:56:38.714+0000] {taskinstance.py:1087} INFO - Dependencies all met for <TaskInstance: exchange_rate_usd_kzt_dag.create_table_task scheduled__2024-07-27T00:00:00+00:00 [queued]>
[2024-10-16T09:56:38.729+0000] {taskinstance.py:1087} INFO - Dependencies all met for <TaskInstance: exchange_rate_usd_kzt_dag.create_table_task scheduled__2024-07-27T00:00:00+00:00 [queued]>
[2024-10-16T09:56:38.730+0000] {taskinstance.py:1283} INFO - 
--------------------------------------------------------------------------------
[2024-10-16T09:56:38.730+0000] {taskinstance.py:1284} INFO - Starting attempt 1 of 1
[2024-10-16T09:56:38.731+0000] {taskinstance.py:1285} INFO - 
--------------------------------------------------------------------------------
[2024-10-16T09:56:38.836+0000] {taskinstance.py:1304} INFO - Executing <Task(PostgresOperator): create_table_task> on 2024-07-27 00:00:00+00:00
[2024-10-16T09:56:38.842+0000] {standard_task_runner.py:55} INFO - Started process 9170 to run task
[2024-10-16T09:56:38.847+0000] {standard_task_runner.py:82} INFO - Running: ['***', 'tasks', 'run', 'exchange_rate_usd_kzt_dag', 'create_table_task', 'scheduled__2024-07-27T00:00:00+00:00', '--job-id', '1914', '--raw', '--subdir', 'DAGS_FOLDER/exchange_rates/__init__.py', '--cfg-path', '/tmp/tmpihibloik']
[2024-10-16T09:56:38.849+0000] {standard_task_runner.py:83} INFO - Job 1914: Subtask create_table_task
[2024-10-16T09:56:38.976+0000] {task_command.py:389} INFO - Running <TaskInstance: exchange_rate_usd_kzt_dag.create_table_task scheduled__2024-07-27T00:00:00+00:00 [running]> on host 63ee4fa64e74
[2024-10-16T09:56:39.137+0000] {taskinstance.py:1513} INFO - Exporting the following env vars:
AIRFLOW_CTX_DAG_OWNER=***
AIRFLOW_CTX_DAG_ID=exchange_rate_usd_kzt_dag
AIRFLOW_CTX_TASK_ID=create_table_task
AIRFLOW_CTX_EXECUTION_DATE=2024-07-27T00:00:00+00:00
AIRFLOW_CTX_TRY_NUMBER=1
AIRFLOW_CTX_DAG_RUN_ID=scheduled__2024-07-27T00:00:00+00:00
[2024-10-16T09:56:39.139+0000] {sql.py:253} INFO - Executing: CREATE TABLE IF NOT EXISTS currency_exchange_rates (
    base VARCHAR(3) NOT NULL,
    currency VARCHAR(3) NOT NULL,
    rate NUMERIC(12, 3) NOT NULL,
    date DATE NOT NULL,
    UNIQUE (base, currency, date)
);
[2024-10-16T09:56:39.160+0000] {base.py:73} INFO - Using connection ID 'postgres_default' for task execution.
[2024-10-16T09:56:39.516+0000] {base.py:73} INFO - Using connection ID 'postgres_default' for task execution.
[2024-10-16T09:56:39.525+0000] {sql.py:364} INFO - Running statement: CREATE TABLE IF NOT EXISTS currency_exchange_rates (
    base VARCHAR(3) NOT NULL,
    currency VARCHAR(3) NOT NULL,
    rate NUMERIC(12, 3) NOT NULL,
    date DATE NOT NULL,
    UNIQUE (base, currency, date)
);, parameters: None
[2024-10-16T09:56:39.544+0000] {taskinstance.py:1327} INFO - Marking task as SUCCESS. dag_id=exchange_rate_usd_kzt_dag, task_id=create_table_task, execution_date=20240727T000000, start_date=20241016T095638, end_date=20241016T095639
[2024-10-16T09:56:39.600+0000] {local_task_job.py:159} INFO - Task exited with return code 0
[2024-10-16T09:56:39.645+0000] {taskinstance.py:2582} INFO - 1 downstream tasks scheduled from follow-on schedule check
[2024-10-16T10:06:30.978+0000] {taskinstance.py:1087} INFO - Dependencies all met for <TaskInstance: exchange_rate_usd_kzt_dag.create_table_task scheduled__2024-07-27T00:00:00+00:00 [queued]>
[2024-10-16T10:06:30.992+0000] {taskinstance.py:1087} INFO - Dependencies all met for <TaskInstance: exchange_rate_usd_kzt_dag.create_table_task scheduled__2024-07-27T00:00:00+00:00 [queued]>
[2024-10-16T10:06:30.993+0000] {taskinstance.py:1283} INFO - 
--------------------------------------------------------------------------------
[2024-10-16T10:06:30.994+0000] {taskinstance.py:1284} INFO - Starting attempt 1 of 1
[2024-10-16T10:06:30.994+0000] {taskinstance.py:1285} INFO - 
--------------------------------------------------------------------------------
[2024-10-16T10:06:31.021+0000] {taskinstance.py:1304} INFO - Executing <Task(PostgresOperator): create_table_task> on 2024-07-27 00:00:00+00:00
[2024-10-16T10:06:31.028+0000] {standard_task_runner.py:55} INFO - Started process 11733 to run task
[2024-10-16T10:06:31.035+0000] {standard_task_runner.py:82} INFO - Running: ['***', 'tasks', 'run', 'exchange_rate_usd_kzt_dag', 'create_table_task', 'scheduled__2024-07-27T00:00:00+00:00', '--job-id', '2643', '--raw', '--subdir', 'DAGS_FOLDER/exchange_rates/__init__.py', '--cfg-path', '/tmp/tmpc41ru5qe']
[2024-10-16T10:06:31.037+0000] {standard_task_runner.py:83} INFO - Job 2643: Subtask create_table_task
[2024-10-16T10:06:31.346+0000] {task_command.py:389} INFO - Running <TaskInstance: exchange_rate_usd_kzt_dag.create_table_task scheduled__2024-07-27T00:00:00+00:00 [running]> on host 63ee4fa64e74
[2024-10-16T10:06:34.816+0000] {taskinstance.py:1513} INFO - Exporting the following env vars:
AIRFLOW_CTX_DAG_OWNER=***
AIRFLOW_CTX_DAG_ID=exchange_rate_usd_kzt_dag
AIRFLOW_CTX_TASK_ID=create_table_task
AIRFLOW_CTX_EXECUTION_DATE=2024-07-27T00:00:00+00:00
AIRFLOW_CTX_TRY_NUMBER=1
AIRFLOW_CTX_DAG_RUN_ID=scheduled__2024-07-27T00:00:00+00:00
[2024-10-16T10:06:35.158+0000] {sql.py:253} INFO - Executing: CREATE TABLE IF NOT EXISTS currency_exchange_rates (
    base VARCHAR(3) NOT NULL,
    currency VARCHAR(3) NOT NULL,
    rate NUMERIC(12, 3) NOT NULL,
    date DATE NOT NULL,
    UNIQUE (base, currency, date)
);
[2024-10-16T10:06:35.407+0000] {base.py:73} INFO - Using connection ID 'postgres_default' for task execution.
[2024-10-16T10:06:37.983+0000] {base.py:73} INFO - Using connection ID 'postgres_default' for task execution.
[2024-10-16T10:06:38.049+0000] {sql.py:364} INFO - Running statement: CREATE TABLE IF NOT EXISTS currency_exchange_rates (
    base VARCHAR(3) NOT NULL,
    currency VARCHAR(3) NOT NULL,
    rate NUMERIC(12, 3) NOT NULL,
    date DATE NOT NULL,
    UNIQUE (base, currency, date)
);, parameters: None
[2024-10-16T10:06:38.104+0000] {taskinstance.py:1327} INFO - Marking task as SUCCESS. dag_id=exchange_rate_usd_kzt_dag, task_id=create_table_task, execution_date=20240727T000000, start_date=20241016T100630, end_date=20241016T100638
[2024-10-16T10:06:38.192+0000] {local_task_job.py:159} INFO - Task exited with return code 0
[2024-10-16T10:06:38.478+0000] {taskinstance.py:2582} INFO - 0 downstream tasks scheduled from follow-on schedule check
