[2024-10-16T09:48:12.185+0000] {taskinstance.py:1087} INFO - Dependencies all met for <TaskInstance: exchange_rate_usd_rus_dag.get_rate scheduled__2024-05-12T00:00:00+00:00 [queued]>
[2024-10-16T09:48:12.206+0000] {taskinstance.py:1087} INFO - Dependencies all met for <TaskInstance: exchange_rate_usd_rus_dag.get_rate scheduled__2024-05-12T00:00:00+00:00 [queued]>
[2024-10-16T09:48:12.207+0000] {taskinstance.py:1283} INFO - 
--------------------------------------------------------------------------------
[2024-10-16T09:48:12.208+0000] {taskinstance.py:1284} INFO - Starting attempt 1 of 1
[2024-10-16T09:48:12.209+0000] {taskinstance.py:1285} INFO - 
--------------------------------------------------------------------------------
[2024-10-16T09:48:12.245+0000] {taskinstance.py:1304} INFO - Executing <Task(CurrencyScoopOperator): get_rate> on 2024-05-12 00:00:00+00:00
[2024-10-16T09:48:12.257+0000] {standard_task_runner.py:55} INFO - Started process 6173 to run task
[2024-10-16T09:48:12.264+0000] {standard_task_runner.py:82} INFO - Running: ['***', 'tasks', 'run', 'exchange_rate_usd_rus_dag', 'get_rate', 'scheduled__2024-05-12T00:00:00+00:00', '--job-id', '882', '--raw', '--subdir', 'DAGS_FOLDER/RUS_DAG.py', '--cfg-path', '/tmp/tmp5bvw74hz']
[2024-10-16T09:48:12.266+0000] {standard_task_runner.py:83} INFO - Job 882: Subtask get_rate
[2024-10-16T09:48:12.417+0000] {task_command.py:389} INFO - Running <TaskInstance: exchange_rate_usd_rus_dag.get_rate scheduled__2024-05-12T00:00:00+00:00 [running]> on host 63ee4fa64e74
[2024-10-16T09:48:12.594+0000] {taskinstance.py:1513} INFO - Exporting the following env vars:
AIRFLOW_CTX_DAG_OWNER=***
AIRFLOW_CTX_DAG_ID=exchange_rate_usd_rus_dag
AIRFLOW_CTX_TASK_ID=get_rate
AIRFLOW_CTX_EXECUTION_DATE=2024-05-12T00:00:00+00:00
AIRFLOW_CTX_TRY_NUMBER=1
AIRFLOW_CTX_DAG_RUN_ID=scheduled__2024-05-12T00:00:00+00:00
[2024-10-16T09:48:12.596+0000] {warnings.py:110} WARNING - /home/***/.local/lib/python3.7/site-packages/***/utils/context.py:205: AirflowContextDeprecationWarning: Accessing 'execution_date' from the template is deprecated and will be removed in a future version. Please use 'data_interval_start' or 'logical_date' instead.
  warnings.warn(_create_deprecation_warning(key, self._deprecation_replacements[key]))

[2024-10-16T09:48:12.613+0000] {base.py:73} INFO - Using connection ID 'cur_scoop_conn_id' for task execution.
[2024-10-16T09:48:13.109+0000] {taskinstance.py:1327} INFO - Marking task as SUCCESS. dag_id=exchange_rate_usd_rus_dag, task_id=get_rate, execution_date=20240512T000000, start_date=20241016T094812, end_date=20241016T094813
[2024-10-16T09:48:13.393+0000] {local_task_job.py:159} INFO - Task exited with return code 0
[2024-10-16T09:48:13.455+0000] {taskinstance.py:2582} INFO - 1 downstream tasks scheduled from follow-on schedule check
