[2024-10-16T09:56:27.045+0000] {taskinstance.py:1087} INFO - Dependencies all met for <TaskInstance: exchange_rate_usd_kzt_dag.get_rate scheduled__2024-07-16T00:00:00+00:00 [queued]>
[2024-10-16T09:56:27.059+0000] {taskinstance.py:1087} INFO - Dependencies all met for <TaskInstance: exchange_rate_usd_kzt_dag.get_rate scheduled__2024-07-16T00:00:00+00:00 [queued]>
[2024-10-16T09:56:27.060+0000] {taskinstance.py:1283} INFO - 
--------------------------------------------------------------------------------
[2024-10-16T09:56:27.061+0000] {taskinstance.py:1284} INFO - Starting attempt 1 of 1
[2024-10-16T09:56:27.061+0000] {taskinstance.py:1285} INFO - 
--------------------------------------------------------------------------------
[2024-10-16T09:56:27.081+0000] {taskinstance.py:1304} INFO - Executing <Task(CurrencyScoopOperator): get_rate> on 2024-07-16 00:00:00+00:00
[2024-10-16T09:56:27.086+0000] {standard_task_runner.py:55} INFO - Started process 9103 to run task
[2024-10-16T09:56:27.091+0000] {standard_task_runner.py:82} INFO - Running: ['***', 'tasks', 'run', 'exchange_rate_usd_kzt_dag', 'get_rate', 'scheduled__2024-07-16T00:00:00+00:00', '--job-id', '1892', '--raw', '--subdir', 'DAGS_FOLDER/RUS_DAG.py', '--cfg-path', '/tmp/tmpm19egxdg']
[2024-10-16T09:56:27.092+0000] {standard_task_runner.py:83} INFO - Job 1892: Subtask get_rate
[2024-10-16T09:56:27.207+0000] {task_command.py:389} INFO - Running <TaskInstance: exchange_rate_usd_kzt_dag.get_rate scheduled__2024-07-16T00:00:00+00:00 [running]> on host 63ee4fa64e74
[2024-10-16T09:56:27.346+0000] {taskinstance.py:1513} INFO - Exporting the following env vars:
AIRFLOW_CTX_DAG_OWNER=***
AIRFLOW_CTX_DAG_ID=exchange_rate_usd_kzt_dag
AIRFLOW_CTX_TASK_ID=get_rate
AIRFLOW_CTX_EXECUTION_DATE=2024-07-16T00:00:00+00:00
AIRFLOW_CTX_TRY_NUMBER=1
AIRFLOW_CTX_DAG_RUN_ID=scheduled__2024-07-16T00:00:00+00:00
[2024-10-16T09:56:27.350+0000] {warnings.py:110} WARNING - /home/***/.local/lib/python3.7/site-packages/***/utils/context.py:205: AirflowContextDeprecationWarning: Accessing 'execution_date' from the template is deprecated and will be removed in a future version. Please use 'data_interval_start' or 'logical_date' instead.
  warnings.warn(_create_deprecation_warning(key, self._deprecation_replacements[key]))

[2024-10-16T09:56:27.377+0000] {base.py:73} INFO - Using connection ID 'cur_scoop_conn_id' for task execution.
[2024-10-16T09:56:29.221+0000] {taskinstance.py:1327} INFO - Marking task as SUCCESS. dag_id=exchange_rate_usd_kzt_dag, task_id=get_rate, execution_date=20240716T000000, start_date=20241016T095627, end_date=20241016T095629
[2024-10-16T09:56:29.279+0000] {local_task_job.py:159} INFO - Task exited with return code 0
[2024-10-16T09:56:29.322+0000] {taskinstance.py:2582} INFO - 1 downstream tasks scheduled from follow-on schedule check
[2024-10-16T10:06:28.231+0000] {taskinstance.py:1087} INFO - Dependencies all met for <TaskInstance: exchange_rate_usd_kzt_dag.get_rate scheduled__2024-07-16T00:00:00+00:00 [queued]>
[2024-10-16T10:06:28.256+0000] {taskinstance.py:1087} INFO - Dependencies all met for <TaskInstance: exchange_rate_usd_kzt_dag.get_rate scheduled__2024-07-16T00:00:00+00:00 [queued]>
[2024-10-16T10:06:28.257+0000] {taskinstance.py:1283} INFO - 
--------------------------------------------------------------------------------
[2024-10-16T10:06:28.259+0000] {taskinstance.py:1284} INFO - Starting attempt 1 of 1
[2024-10-16T10:06:28.260+0000] {taskinstance.py:1285} INFO - 
--------------------------------------------------------------------------------
[2024-10-16T10:06:28.294+0000] {taskinstance.py:1304} INFO - Executing <Task(CurrencyScoopOperator): get_rate> on 2024-07-16 00:00:00+00:00
[2024-10-16T10:06:28.306+0000] {standard_task_runner.py:55} INFO - Started process 11707 to run task
[2024-10-16T10:06:28.315+0000] {standard_task_runner.py:82} INFO - Running: ['***', 'tasks', 'run', 'exchange_rate_usd_kzt_dag', 'get_rate', 'scheduled__2024-07-16T00:00:00+00:00', '--job-id', '2629', '--raw', '--subdir', 'DAGS_FOLDER/exchange_rates/__init__.py', '--cfg-path', '/tmp/tmp8nn8nkx6']
[2024-10-16T10:06:28.320+0000] {standard_task_runner.py:83} INFO - Job 2629: Subtask get_rate
[2024-10-16T10:06:28.492+0000] {task_command.py:389} INFO - Running <TaskInstance: exchange_rate_usd_kzt_dag.get_rate scheduled__2024-07-16T00:00:00+00:00 [running]> on host 63ee4fa64e74
[2024-10-16T10:06:28.701+0000] {taskinstance.py:1513} INFO - Exporting the following env vars:
AIRFLOW_CTX_DAG_OWNER=***
AIRFLOW_CTX_DAG_ID=exchange_rate_usd_kzt_dag
AIRFLOW_CTX_TASK_ID=get_rate
AIRFLOW_CTX_EXECUTION_DATE=2024-07-16T00:00:00+00:00
AIRFLOW_CTX_TRY_NUMBER=1
AIRFLOW_CTX_DAG_RUN_ID=scheduled__2024-07-16T00:00:00+00:00
[2024-10-16T10:06:28.704+0000] {warnings.py:110} WARNING - /home/***/.local/lib/python3.7/site-packages/***/utils/context.py:205: AirflowContextDeprecationWarning: Accessing 'execution_date' from the template is deprecated and will be removed in a future version. Please use 'data_interval_start' or 'logical_date' instead.
  warnings.warn(_create_deprecation_warning(key, self._deprecation_replacements[key]))

[2024-10-16T10:06:28.727+0000] {base.py:73} INFO - Using connection ID 'cur_scoop_conn_id' for task execution.
[2024-10-16T10:06:29.225+0000] {taskinstance.py:1327} INFO - Marking task as SUCCESS. dag_id=exchange_rate_usd_kzt_dag, task_id=get_rate, execution_date=20240716T000000, start_date=20241016T100628, end_date=20241016T100629
[2024-10-16T10:06:29.296+0000] {local_task_job.py:159} INFO - Task exited with return code 0
[2024-10-16T10:06:29.339+0000] {taskinstance.py:2582} INFO - 1 downstream tasks scheduled from follow-on schedule check
