[2024-10-16T09:55:03.189+0000] {taskinstance.py:1087} INFO - Dependencies all met for <TaskInstance: exchange_rate_usd_kzt_dag.get_rate scheduled__2024-04-19T00:00:00+00:00 [queued]>
[2024-10-16T09:55:03.220+0000] {taskinstance.py:1087} INFO - Dependencies all met for <TaskInstance: exchange_rate_usd_kzt_dag.get_rate scheduled__2024-04-19T00:00:00+00:00 [queued]>
[2024-10-16T09:55:03.223+0000] {taskinstance.py:1283} INFO - 
--------------------------------------------------------------------------------
[2024-10-16T09:55:03.224+0000] {taskinstance.py:1284} INFO - Starting attempt 1 of 1
[2024-10-16T09:55:03.225+0000] {taskinstance.py:1285} INFO - 
--------------------------------------------------------------------------------
[2024-10-16T09:55:03.281+0000] {taskinstance.py:1304} INFO - Executing <Task(CurrencyScoopOperator): get_rate> on 2024-04-19 00:00:00+00:00
[2024-10-16T09:55:03.303+0000] {standard_task_runner.py:55} INFO - Started process 8482 to run task
[2024-10-16T09:55:03.317+0000] {standard_task_runner.py:82} INFO - Running: ['***', 'tasks', 'run', 'exchange_rate_usd_kzt_dag', 'get_rate', 'scheduled__2024-04-19T00:00:00+00:00', '--job-id', '1653', '--raw', '--subdir', 'DAGS_FOLDER/exchange_rates/__init__.py', '--cfg-path', '/tmp/tmpoa16d1k6']
[2024-10-16T09:55:03.320+0000] {standard_task_runner.py:83} INFO - Job 1653: Subtask get_rate
[2024-10-16T09:55:03.534+0000] {task_command.py:389} INFO - Running <TaskInstance: exchange_rate_usd_kzt_dag.get_rate scheduled__2024-04-19T00:00:00+00:00 [running]> on host 63ee4fa64e74
[2024-10-16T09:55:03.756+0000] {taskinstance.py:1513} INFO - Exporting the following env vars:
AIRFLOW_CTX_DAG_OWNER=***
AIRFLOW_CTX_DAG_ID=exchange_rate_usd_kzt_dag
AIRFLOW_CTX_TASK_ID=get_rate
AIRFLOW_CTX_EXECUTION_DATE=2024-04-19T00:00:00+00:00
AIRFLOW_CTX_TRY_NUMBER=1
AIRFLOW_CTX_DAG_RUN_ID=scheduled__2024-04-19T00:00:00+00:00
[2024-10-16T09:55:03.759+0000] {warnings.py:110} WARNING - /home/***/.local/lib/python3.7/site-packages/***/utils/context.py:205: AirflowContextDeprecationWarning: Accessing 'execution_date' from the template is deprecated and will be removed in a future version. Please use 'data_interval_start' or 'logical_date' instead.
  warnings.warn(_create_deprecation_warning(key, self._deprecation_replacements[key]))

[2024-10-16T09:55:03.776+0000] {base.py:73} INFO - Using connection ID 'cur_scoop_conn_id' for task execution.
[2024-10-16T09:55:06.421+0000] {taskinstance.py:1327} INFO - Marking task as SUCCESS. dag_id=exchange_rate_usd_kzt_dag, task_id=get_rate, execution_date=20240419T000000, start_date=20241016T095503, end_date=20241016T095506
[2024-10-16T09:55:06.482+0000] {local_task_job.py:159} INFO - Task exited with return code 0
[2024-10-16T09:55:06.573+0000] {taskinstance.py:2582} INFO - 0 downstream tasks scheduled from follow-on schedule check
[2024-10-16T10:05:06.693+0000] {taskinstance.py:1087} INFO - Dependencies all met for <TaskInstance: exchange_rate_usd_kzt_dag.get_rate scheduled__2024-04-19T00:00:00+00:00 [queued]>
[2024-10-16T10:05:06.713+0000] {taskinstance.py:1087} INFO - Dependencies all met for <TaskInstance: exchange_rate_usd_kzt_dag.get_rate scheduled__2024-04-19T00:00:00+00:00 [queued]>
[2024-10-16T10:05:06.715+0000] {taskinstance.py:1283} INFO - 
--------------------------------------------------------------------------------
[2024-10-16T10:05:06.715+0000] {taskinstance.py:1284} INFO - Starting attempt 1 of 1
[2024-10-16T10:05:06.716+0000] {taskinstance.py:1285} INFO - 
--------------------------------------------------------------------------------
[2024-10-16T10:05:06.756+0000] {taskinstance.py:1304} INFO - Executing <Task(CurrencyScoopOperator): get_rate> on 2024-04-19 00:00:00+00:00
[2024-10-16T10:05:06.766+0000] {standard_task_runner.py:55} INFO - Started process 11074 to run task
[2024-10-16T10:05:06.773+0000] {standard_task_runner.py:82} INFO - Running: ['***', 'tasks', 'run', 'exchange_rate_usd_kzt_dag', 'get_rate', 'scheduled__2024-04-19T00:00:00+00:00', '--job-id', '2385', '--raw', '--subdir', 'DAGS_FOLDER/exchange_rates/__init__.py', '--cfg-path', '/tmp/tmpebtk6iw1']
[2024-10-16T10:05:06.775+0000] {standard_task_runner.py:83} INFO - Job 2385: Subtask get_rate
[2024-10-16T10:05:06.924+0000] {task_command.py:389} INFO - Running <TaskInstance: exchange_rate_usd_kzt_dag.get_rate scheduled__2024-04-19T00:00:00+00:00 [running]> on host 63ee4fa64e74
[2024-10-16T10:05:07.091+0000] {taskinstance.py:1513} INFO - Exporting the following env vars:
AIRFLOW_CTX_DAG_OWNER=***
AIRFLOW_CTX_DAG_ID=exchange_rate_usd_kzt_dag
AIRFLOW_CTX_TASK_ID=get_rate
AIRFLOW_CTX_EXECUTION_DATE=2024-04-19T00:00:00+00:00
AIRFLOW_CTX_TRY_NUMBER=1
AIRFLOW_CTX_DAG_RUN_ID=scheduled__2024-04-19T00:00:00+00:00
[2024-10-16T10:05:07.093+0000] {warnings.py:110} WARNING - /home/***/.local/lib/python3.7/site-packages/***/utils/context.py:205: AirflowContextDeprecationWarning: Accessing 'execution_date' from the template is deprecated and will be removed in a future version. Please use 'data_interval_start' or 'logical_date' instead.
  warnings.warn(_create_deprecation_warning(key, self._deprecation_replacements[key]))

[2024-10-16T10:05:07.117+0000] {base.py:73} INFO - Using connection ID 'cur_scoop_conn_id' for task execution.
[2024-10-16T10:05:08.430+0000] {taskinstance.py:1327} INFO - Marking task as SUCCESS. dag_id=exchange_rate_usd_kzt_dag, task_id=get_rate, execution_date=20240419T000000, start_date=20241016T100506, end_date=20241016T100508
[2024-10-16T10:05:08.877+0000] {local_task_job.py:159} INFO - Task exited with return code 0
[2024-10-16T10:05:08.953+0000] {taskinstance.py:2582} INFO - 1 downstream tasks scheduled from follow-on schedule check
