[2024-10-15T22:19:03.354+0000] {taskinstance.py:1087} INFO - Dependencies all met for <TaskInstance: exchange_rate_usd_kzt_dag.insert_rate manual__2024-10-15T22:18:55.762980+00:00 [queued]>
[2024-10-15T22:19:03.374+0000] {taskinstance.py:1087} INFO - Dependencies all met for <TaskInstance: exchange_rate_usd_kzt_dag.insert_rate manual__2024-10-15T22:18:55.762980+00:00 [queued]>
[2024-10-15T22:19:03.375+0000] {taskinstance.py:1283} INFO - 
--------------------------------------------------------------------------------
[2024-10-15T22:19:03.375+0000] {taskinstance.py:1284} INFO - Starting attempt 1 of 1
[2024-10-15T22:19:03.376+0000] {taskinstance.py:1285} INFO - 
--------------------------------------------------------------------------------
[2024-10-15T22:19:03.400+0000] {taskinstance.py:1304} INFO - Executing <Task(PostgresOperator): insert_rate> on 2024-10-15 22:18:55.762980+00:00
[2024-10-15T22:19:03.404+0000] {standard_task_runner.py:55} INFO - Started process 75797 to run task
[2024-10-15T22:19:03.408+0000] {standard_task_runner.py:82} INFO - Running: ['***', 'tasks', 'run', 'exchange_rate_usd_kzt_dag', 'insert_rate', 'manual__2024-10-15T22:18:55.762980+00:00', '--job-id', '35', '--raw', '--subdir', 'DAGS_FOLDER/exchange_rates/__init__.py', '--cfg-path', '/tmp/tmpdtwt203c']
[2024-10-15T22:19:03.409+0000] {standard_task_runner.py:83} INFO - Job 35: Subtask insert_rate
[2024-10-15T22:19:03.480+0000] {task_command.py:389} INFO - Running <TaskInstance: exchange_rate_usd_kzt_dag.insert_rate manual__2024-10-15T22:18:55.762980+00:00 [running]> on host 63ee4fa64e74
[2024-10-15T22:19:03.530+0000] {warnings.py:110} WARNING - /home/***/.local/lib/python3.7/site-packages/***/utils/context.py:205: AirflowContextDeprecationWarning: Accessing 'execution_date' from the template is deprecated and will be removed in a future version. Please use 'data_interval_start' or 'logical_date' instead.
  warnings.warn(_create_deprecation_warning(key, self._deprecation_replacements[key]))

[2024-10-15T22:19:03.603+0000] {taskinstance.py:1513} INFO - Exporting the following env vars:
AIRFLOW_CTX_DAG_OWNER=***
AIRFLOW_CTX_DAG_ID=exchange_rate_usd_kzt_dag
AIRFLOW_CTX_TASK_ID=insert_rate
AIRFLOW_CTX_EXECUTION_DATE=2024-10-15T22:18:55.762980+00:00
AIRFLOW_CTX_TRY_NUMBER=1
AIRFLOW_CTX_DAG_RUN_ID=manual__2024-10-15T22:18:55.762980+00:00
[2024-10-15T22:19:03.605+0000] {sql.py:253} INFO - Executing: INSERT INTO
    currency_exchange_rates
VALUES ('USD', 'KZT', 487.55667065, '2024-10-15')
ON CONFLICT (base, currency, date) DO
    UPDATE
        SET rate = excluded.rate;
[2024-10-15T22:19:03.621+0000] {base.py:73} INFO - Using connection ID 'postgres_default' for task execution.
[2024-10-15T22:19:03.862+0000] {base.py:73} INFO - Using connection ID 'postgres_default' for task execution.
[2024-10-15T22:19:03.871+0000] {sql.py:364} INFO - Running statement: INSERT INTO
    currency_exchange_rates
VALUES ('USD', 'KZT', 487.55667065, '2024-10-15')
ON CONFLICT (base, currency, date) DO
    UPDATE
        SET rate = excluded.rate;, parameters: None
[2024-10-15T22:19:03.880+0000] {sql.py:373} INFO - Rows affected: 1
[2024-10-15T22:19:03.891+0000] {taskinstance.py:1327} INFO - Marking task as SUCCESS. dag_id=exchange_rate_usd_kzt_dag, task_id=insert_rate, execution_date=20241015T221855, start_date=20241015T221903, end_date=20241015T221903
[2024-10-15T22:19:03.917+0000] {local_task_job.py:159} INFO - Task exited with return code 0
[2024-10-15T22:19:03.936+0000] {taskinstance.py:2582} INFO - 0 downstream tasks scheduled from follow-on schedule check
