[2024-10-16T09:46:13.524+0000] {taskinstance.py:1087} INFO - Dependencies all met for <TaskInstance: exchange_rate_usd_rus_dag.insert_rate scheduled__2024-01-19T00:00:00+00:00 [queued]>
[2024-10-16T09:46:13.542+0000] {taskinstance.py:1087} INFO - Dependencies all met for <TaskInstance: exchange_rate_usd_rus_dag.insert_rate scheduled__2024-01-19T00:00:00+00:00 [queued]>
[2024-10-16T09:46:13.543+0000] {taskinstance.py:1283} INFO - 
--------------------------------------------------------------------------------
[2024-10-16T09:46:13.544+0000] {taskinstance.py:1284} INFO - Starting attempt 1 of 1
[2024-10-16T09:46:13.544+0000] {taskinstance.py:1285} INFO - 
--------------------------------------------------------------------------------
[2024-10-16T09:46:13.570+0000] {taskinstance.py:1304} INFO - Executing <Task(PostgresOperator): insert_rate> on 2024-01-19 00:00:00+00:00
[2024-10-16T09:46:13.578+0000] {standard_task_runner.py:55} INFO - Started process 5301 to run task
[2024-10-16T09:46:13.586+0000] {standard_task_runner.py:82} INFO - Running: ['***', 'tasks', 'run', 'exchange_rate_usd_rus_dag', 'insert_rate', 'scheduled__2024-01-19T00:00:00+00:00', '--job-id', '553', '--raw', '--subdir', 'DAGS_FOLDER/RUS_DAG.py', '--cfg-path', '/tmp/tmp4avpbwo6']
[2024-10-16T09:46:13.587+0000] {standard_task_runner.py:83} INFO - Job 553: Subtask insert_rate
[2024-10-16T09:46:13.716+0000] {task_command.py:389} INFO - Running <TaskInstance: exchange_rate_usd_rus_dag.insert_rate scheduled__2024-01-19T00:00:00+00:00 [running]> on host 63ee4fa64e74
[2024-10-16T09:46:13.798+0000] {warnings.py:110} WARNING - /home/***/.local/lib/python3.7/site-packages/***/utils/context.py:205: AirflowContextDeprecationWarning: Accessing 'execution_date' from the template is deprecated and will be removed in a future version. Please use 'data_interval_start' or 'logical_date' instead.
  warnings.warn(_create_deprecation_warning(key, self._deprecation_replacements[key]))

[2024-10-16T09:46:13.903+0000] {taskinstance.py:1513} INFO - Exporting the following env vars:
AIRFLOW_CTX_DAG_OWNER=***
AIRFLOW_CTX_DAG_ID=exchange_rate_usd_rus_dag
AIRFLOW_CTX_TASK_ID=insert_rate
AIRFLOW_CTX_EXECUTION_DATE=2024-01-19T00:00:00+00:00
AIRFLOW_CTX_TRY_NUMBER=1
AIRFLOW_CTX_DAG_RUN_ID=scheduled__2024-01-19T00:00:00+00:00
[2024-10-16T09:46:13.907+0000] {sql.py:253} INFO - Executing: INSERT INTO
    currency_exchange_rates
VALUES ('USD', 'RUB', 88.15480639, '2024-01-19')
ON CONFLICT (base, currency, date) DO
    UPDATE
        SET rate = excluded.rate;
[2024-10-16T09:46:13.932+0000] {base.py:73} INFO - Using connection ID 'postgres_default' for task execution.
[2024-10-16T09:46:14.389+0000] {base.py:73} INFO - Using connection ID 'postgres_default' for task execution.
[2024-10-16T09:46:14.410+0000] {sql.py:364} INFO - Running statement: INSERT INTO
    currency_exchange_rates
VALUES ('USD', 'RUB', 88.15480639, '2024-01-19')
ON CONFLICT (base, currency, date) DO
    UPDATE
        SET rate = excluded.rate;, parameters: None
[2024-10-16T09:46:14.415+0000] {sql.py:373} INFO - Rows affected: 1
[2024-10-16T09:46:14.446+0000] {taskinstance.py:1327} INFO - Marking task as SUCCESS. dag_id=exchange_rate_usd_rus_dag, task_id=insert_rate, execution_date=20240119T000000, start_date=20241016T094613, end_date=20241016T094614
[2024-10-16T09:46:14.517+0000] {local_task_job.py:159} INFO - Task exited with return code 0
[2024-10-16T09:46:14.562+0000] {taskinstance.py:2582} INFO - 0 downstream tasks scheduled from follow-on schedule check
